<?xml version="1.0" encoding="UTF-8"?>
<!DOCTYPE coverage SYSTEM "https://raw.githubusercontent.com/cobertura/cobertura/master/cobertura/src/site/htdocs/xml/coverage-04.dtd">
<coverage line-rate="0.930246542393265" branch-rate="0" lines-covered="1547" lines-valid="1663" branches-covered="0" branches-valid="0" complexity="0" version="3.6.4" timestamp="2024-02-16 19:39:47.239938">
  <sources>
    <source>/__w/cards/cards/cards</source>
  </sources>
  <packages>
    <package name="cards" line-rate="0.930246542393265" branch-rate="0" complexity="0">
      <classes>
        <class name="apply_statistic_fmt_fn.R" filename="R/apply_statistic_fmt_fn.R" line-rate="0.968253968253968" branch-rate="0" complexity="0">
          <methods>
            <method name="apply_statistic_fmt_fn" signature="" line-rate="1" branch-rate="0" complexity="0">
              <lines>
                <line number="16" hits="10" branch="false"/>
                <line number="17" hits="1" branch="false"/>
                <line number="20" hits="9" branch="false"/>
                <line number="21" hits="9" branch="false"/>
                <line number="22" hits="9" branch="false"/>
                <line number="23" hits="9" branch="false"/>
                <line number="24" hits="9" branch="false"/>
                <line number="25" hits="9" branch="false"/>
                <line number="26" hits="9" branch="false"/>
                <line number="27" hits="9" branch="false"/>
                <line number="28" hits="9" branch="false"/>
                <line number="29" hits="9" branch="false"/>
                <line number="30" hits="9" branch="false"/>
                <line number="31" hits="1" branch="false"/>
                <line number="32" hits="9" branch="false"/>
                <line number="33" hits="9" branch="false"/>
                <line number="34" hits="9" branch="false"/>
                <line number="35" hits="9" branch="false"/>
              </lines>
            </method>
            <method name="alias_as_fmt_fn" signature="" line-rate="0.95" branch-rate="0" complexity="0">
              <lines>
                <line number="67" hits="64" branch="false"/>
                <line number="68" hits="6" branch="false"/>
                <line number="70" hits="58" branch="false"/>
                <line number="71" hits="50" branch="false"/>
                <line number="73" hits="8" branch="false"/>
                <line number="74" hits="8" branch="false"/>
                <line number="76" hits="8" branch="false"/>
                <line number="77" hits="8" branch="false"/>
                <line number="78" hits="8" branch="false"/>
                <line number="79" hits="8" branch="false"/>
                <line number="80" hits="8" branch="false"/>
                <line number="81" hits="8" branch="false"/>
                <line number="82" hits="8" branch="false"/>
                <line number="83" hits="8" branch="false"/>
                <line number="84" hits="8" branch="false"/>
                <line number="85" hits="4" branch="false"/>
                <line number="86" hits="8" branch="false"/>
                <line number="87" hits="8" branch="false"/>
                <line number="89" hits="8" branch="false"/>
                <line number="92" hits="0" branch="false"/>
              </lines>
            </method>
            <method name="label_cards" signature="" line-rate="1" branch-rate="0" complexity="0">
              <lines>
                <line number="118" hits="5091" branch="false"/>
                <line number="120" hits="62" branch="false"/>
                <line number="121" hits="62" branch="false"/>
                <line number="122" hits="62" branch="false"/>
                <line number="123" hits="62" branch="false"/>
                <line number="124" hits="62" branch="false"/>
                <line number="125" hits="62" branch="false"/>
                <line number="129" hits="62" branch="false"/>
                <line number="130" hits="10" branch="false"/>
                <line number="131" hits="10" branch="false"/>
                <line number="132" hits="10" branch="false"/>
                <line number="133" hits="10" branch="false"/>
                <line number="134" hits="10" branch="false"/>
                <line number="135" hits="10" branch="false"/>
                <line number="136" hits="5091" branch="false"/>
                <line number="139" hits="62" branch="false"/>
                <line number="140" hits="5091" branch="false"/>
              </lines>
            </method>
            <method name=".check_fmt_string" signature="" line-rate="0.875" branch-rate="0" complexity="0">
              <lines>
                <line number="165" hits="8" branch="false"/>
                <line number="166" hits="8" branch="false"/>
                <line number="167" hits="8" branch="false"/>
                <line number="168" hits="8" branch="false"/>
                <line number="169" hits="8" branch="false"/>
                <line number="171" hits="8" branch="false"/>
                <line number="172" hits="0" branch="false"/>
                <line number="174" hits="8" branch="false"/>
              </lines>
            </method>
          </methods>
          <lines>
            <line number="16" hits="10" branch="false"/>
            <line number="17" hits="1" branch="false"/>
            <line number="20" hits="9" branch="false"/>
            <line number="21" hits="9" branch="false"/>
            <line number="22" hits="9" branch="false"/>
            <line number="23" hits="9" branch="false"/>
            <line number="24" hits="9" branch="false"/>
            <line number="25" hits="9" branch="false"/>
            <line number="26" hits="9" branch="false"/>
            <line number="27" hits="9" branch="false"/>
            <line number="28" hits="9" branch="false"/>
            <line number="29" hits="9" branch="false"/>
            <line number="30" hits="9" branch="false"/>
            <line number="31" hits="1" branch="false"/>
            <line number="32" hits="9" branch="false"/>
            <line number="33" hits="9" branch="false"/>
            <line number="34" hits="9" branch="false"/>
            <line number="35" hits="9" branch="false"/>
            <line number="67" hits="64" branch="false"/>
            <line number="68" hits="6" branch="false"/>
            <line number="70" hits="58" branch="false"/>
            <line number="71" hits="50" branch="false"/>
            <line number="73" hits="8" branch="false"/>
            <line number="74" hits="8" branch="false"/>
            <line number="76" hits="8" branch="false"/>
            <line number="77" hits="8" branch="false"/>
            <line number="78" hits="8" branch="false"/>
            <line number="79" hits="8" branch="false"/>
            <line number="80" hits="8" branch="false"/>
            <line number="81" hits="8" branch="false"/>
            <line number="82" hits="8" branch="false"/>
            <line number="83" hits="8" branch="false"/>
            <line number="84" hits="8" branch="false"/>
            <line number="85" hits="4" branch="false"/>
            <line number="86" hits="8" branch="false"/>
            <line number="87" hits="8" branch="false"/>
            <line number="89" hits="8" branch="false"/>
            <line number="92" hits="0" branch="false"/>
            <line number="118" hits="5091" branch="false"/>
            <line number="120" hits="62" branch="false"/>
            <line number="121" hits="62" branch="false"/>
            <line number="122" hits="62" branch="false"/>
            <line number="123" hits="62" branch="false"/>
            <line number="124" hits="62" branch="false"/>
            <line number="125" hits="62" branch="false"/>
            <line number="129" hits="62" branch="false"/>
            <line number="130" hits="10" branch="false"/>
            <line number="131" hits="10" branch="false"/>
            <line number="132" hits="10" branch="false"/>
            <line number="133" hits="10" branch="false"/>
            <line number="134" hits="10" branch="false"/>
            <line number="135" hits="10" branch="false"/>
            <line number="136" hits="5091" branch="false"/>
            <line number="139" hits="62" branch="false"/>
            <line number="140" hits="5091" branch="false"/>
            <line number="165" hits="8" branch="false"/>
            <line number="166" hits="8" branch="false"/>
            <line number="167" hits="8" branch="false"/>
            <line number="168" hits="8" branch="false"/>
            <line number="169" hits="8" branch="false"/>
            <line number="171" hits="8" branch="false"/>
            <line number="172" hits="0" branch="false"/>
            <line number="174" hits="8" branch="false"/>
          </lines>
        </class>
        <class name="ard_attributes.R" filename="R/ard_attributes.R" line-rate="1" branch-rate="0" complexity="0">
          <methods>
            <method name="ard_attributes" signature="" line-rate="1" branch-rate="0" complexity="0">
              <lines>
                <line number="28" hits="3" branch="false"/>
                <line number="29" hits="3" branch="false"/>
                <line number="30" hits="3" branch="false"/>
                <line number="33" hits="3" branch="false"/>
                <line number="34" hits="3" branch="false"/>
                <line number="36" hits="3" branch="false"/>
                <line number="37" hits="3" branch="false"/>
                <line number="38" hits="3" branch="false"/>
                <line number="39" hits="3" branch="false"/>
                <line number="41" hits="3" branch="false"/>
                <line number="43" hits="3" branch="false"/>
                <line number="45" hits="3" branch="false"/>
                <line number="46" hits="3" branch="false"/>
                <line number="47" hits="3" branch="false"/>
                <line number="48" hits="3" branch="false"/>
                <line number="49" hits="3" branch="false"/>
                <line number="50" hits="3" branch="false"/>
                <line number="51" hits="3" branch="false"/>
                <line number="52" hits="3" branch="false"/>
                <line number="53" hits="3" branch="false"/>
                <line number="54" hits="3" branch="false"/>
                <line number="55" hits="3" branch="false"/>
                <line number="56" hits="3" branch="false"/>
                <line number="57" hits="3" branch="false"/>
                <line number="58" hits="3" branch="false"/>
                <line number="59" hits="3" branch="false"/>
                <line number="60" hits="3" branch="false"/>
                <line number="61" hits="3" branch="false"/>
              </lines>
            </method>
          </methods>
          <lines>
            <line number="28" hits="3" branch="false"/>
            <line number="29" hits="3" branch="false"/>
            <line number="30" hits="3" branch="false"/>
            <line number="33" hits="3" branch="false"/>
            <line number="34" hits="3" branch="false"/>
            <line number="36" hits="3" branch="false"/>
            <line number="37" hits="3" branch="false"/>
            <line number="38" hits="3" branch="false"/>
            <line number="39" hits="3" branch="false"/>
            <line number="41" hits="3" branch="false"/>
            <line number="43" hits="3" branch="false"/>
            <line number="45" hits="3" branch="false"/>
            <line number="46" hits="3" branch="false"/>
            <line number="47" hits="3" branch="false"/>
            <line number="48" hits="3" branch="false"/>
            <line number="49" hits="3" branch="false"/>
            <line number="50" hits="3" branch="false"/>
            <line number="51" hits="3" branch="false"/>
            <line number="52" hits="3" branch="false"/>
            <line number="53" hits="3" branch="false"/>
            <line number="54" hits="3" branch="false"/>
            <line number="55" hits="3" branch="false"/>
            <line number="56" hits="3" branch="false"/>
            <line number="57" hits="3" branch="false"/>
            <line number="58" hits="3" branch="false"/>
            <line number="59" hits="3" branch="false"/>
            <line number="60" hits="3" branch="false"/>
            <line number="61" hits="3" branch="false"/>
          </lines>
        </class>
        <class name="ard_categorical.R" filename="R/ard_categorical.R" line-rate="0.956395348837209" branch-rate="0" complexity="0">
          <methods>
            <method name="ard_categorical" signature="" line-rate="0.986666666666667" branch-rate="0" complexity="0">
              <lines>
                <line number="82" hits="78" branch="false"/>
                <line number="83" hits="78" branch="false"/>
                <line number="84" hits="78" branch="false"/>
                <line number="85" hits="78" branch="false"/>
                <line number="86" hits="78" branch="false"/>
                <line number="89" hits="78" branch="false"/>
                <line number="90" hits="78" branch="false"/>
                <line number="91" hits="78" branch="false"/>
                <line number="92" hits="78" branch="false"/>
                <line number="93" hits="78" branch="false"/>
                <line number="94" hits="78" branch="false"/>
                <line number="95" hits="78" branch="false"/>
                <line number="96" hits="78" branch="false"/>
                <line number="98" hits="77" branch="false"/>
                <line number="99" hits="77" branch="false"/>
                <line number="100" hits="77" branch="false"/>
                <line number="101" hits="77" branch="false"/>
                <line number="102" hits="77" branch="false"/>
                <line number="103" hits="77" branch="false"/>
                <line number="104" hits="77" branch="false"/>
                <line number="105" hits="77" branch="false"/>
                <line number="106" hits="77" branch="false"/>
                <line number="107" hits="77" branch="false"/>
                <line number="110" hits="77" branch="false"/>
                <line number="111" hits="0" branch="false"/>
                <line number="116" hits="77" branch="false"/>
                <line number="117" hits="77" branch="false"/>
                <line number="118" hits="77" branch="false"/>
                <line number="120" hits="77" branch="false"/>
                <line number="121" hits="76" branch="false"/>
                <line number="123" hits="1" branch="false"/>
                <line number="124" hits="1" branch="false"/>
                <line number="125" hits="1" branch="false"/>
                <line number="126" hits="1" branch="false"/>
                <line number="127" hits="1" branch="false"/>
                <line number="128" hits="1" branch="false"/>
                <line number="129" hits="1" branch="false"/>
                <line number="130" hits="1" branch="false"/>
                <line number="131" hits="1" branch="false"/>
                <line number="132" hits="1" branch="false"/>
                <line number="133" hits="1" branch="false"/>
                <line number="137" hits="77" branch="false"/>
                <line number="138" hits="77" branch="false"/>
                <line number="139" hits="77" branch="false"/>
                <line number="140" hits="77" branch="false"/>
                <line number="141" hits="77" branch="false"/>
                <line number="142" hits="77" branch="false"/>
                <line number="143" hits="77" branch="false"/>
                <line number="144" hits="77" branch="false"/>
                <line number="145" hits="77" branch="false"/>
                <line number="149" hits="75" branch="false"/>
                <line number="150" hits="75" branch="false"/>
                <line number="151" hits="75" branch="false"/>
                <line number="152" hits="75" branch="false"/>
                <line number="153" hits="75" branch="false"/>
                <line number="154" hits="75" branch="false"/>
                <line number="155" hits="75" branch="false"/>
                <line number="158" hits="75" branch="false"/>
                <line number="159" hits="75" branch="false"/>
                <line number="160" hits="75" branch="false"/>
                <line number="161" hits="75" branch="false"/>
                <line number="162" hits="75" branch="false"/>
                <line number="163" hits="75" branch="false"/>
                <line number="164" hits="75" branch="false"/>
                <line number="165" hits="75" branch="false"/>
                <line number="166" hits="75" branch="false"/>
                <line number="167" hits="75" branch="false"/>
                <line number="168" hits="75" branch="false"/>
                <line number="169" hits="75" branch="false"/>
                <line number="170" hits="75" branch="false"/>
                <line number="171" hits="75" branch="false"/>
                <line number="174" hits="75" branch="false"/>
                <line number="175" hits="75" branch="false"/>
                <line number="176" hits="75" branch="false"/>
                <line number="177" hits="75" branch="false"/>
              </lines>
            </method>
            <method name=".calculate_tabulation_statistics" signature="" line-rate="0.987012987012987" branch-rate="0" complexity="0">
              <lines>
                <line number="202" hits="77" branch="false"/>
                <line number="203" hits="77" branch="false"/>
                <line number="205" hits="77" branch="false"/>
                <line number="206" hits="0" branch="false"/>
                <line number="210" hits="77" branch="false"/>
                <line number="211" hits="77" branch="false"/>
                <line number="212" hits="77" branch="false"/>
                <line number="213" hits="77" branch="false"/>
                <line number="214" hits="77" branch="false"/>
                <line number="215" hits="77" branch="false"/>
                <line number="216" hits="77" branch="false"/>
                <line number="217" hits="77" branch="false"/>
                <line number="218" hits="73" branch="false"/>
                <line number="219" hits="77" branch="false"/>
                <line number="220" hits="11" branch="false"/>
                <line number="221" hits="77" branch="false"/>
                <line number="222" hits="77" branch="false"/>
                <line number="223" hits="77" branch="false"/>
                <line number="224" hits="77" branch="false"/>
                <line number="225" hits="77" branch="false"/>
                <line number="226" hits="77" branch="false"/>
                <line number="227" hits="77" branch="false"/>
                <line number="228" hits="77" branch="false"/>
                <line number="229" hits="77" branch="false"/>
                <line number="230" hits="77" branch="false"/>
                <line number="233" hits="75" branch="false"/>
                <line number="234" hits="75" branch="false"/>
                <line number="235" hits="75" branch="false"/>
                <line number="236" hits="75" branch="false"/>
                <line number="237" hits="75" branch="false"/>
                <line number="238" hits="75" branch="false"/>
                <line number="239" hits="75" branch="false"/>
                <line number="240" hits="71" branch="false"/>
                <line number="241" hits="71" branch="false"/>
                <line number="242" hits="27" branch="false"/>
                <line number="243" hits="27" branch="false"/>
                <line number="244" hits="27" branch="false"/>
                <line number="245" hits="27" branch="false"/>
                <line number="246" hits="71" branch="false"/>
                <line number="247" hits="44" branch="false"/>
                <line number="248" hits="44" branch="false"/>
                <line number="249" hits="44" branch="false"/>
                <line number="250" hits="44" branch="false"/>
                <line number="251" hits="71" branch="false"/>
                <line number="252" hits="75" branch="false"/>
                <line number="253" hits="75" branch="false"/>
                <line number="254" hits="55" branch="false"/>
                <line number="255" hits="55" branch="false"/>
                <line number="256" hits="55" branch="false"/>
                <line number="257" hits="55" branch="false"/>
                <line number="258" hits="55" branch="false"/>
                <line number="259" hits="75" branch="false"/>
                <line number="261" hits="75" branch="false"/>
                <line number="262" hits="75" branch="false"/>
                <line number="263" hits="75" branch="false"/>
                <line number="264" hits="75" branch="false"/>
                <line number="265" hits="75" branch="false"/>
                <line number="266" hits="75" branch="false"/>
                <line number="267" hits="75" branch="false"/>
                <line number="268" hits="75" branch="false"/>
                <line number="269" hits="75" branch="false"/>
                <line number="270" hits="75" branch="false"/>
                <line number="271" hits="75" branch="false"/>
                <line number="272" hits="75" branch="false"/>
                <line number="273" hits="75" branch="false"/>
                <line number="274" hits="75" branch="false"/>
                <line number="275" hits="75" branch="false"/>
                <line number="276" hits="75" branch="false"/>
                <line number="277" hits="75" branch="false"/>
                <line number="278" hits="75" branch="false"/>
                <line number="279" hits="75" branch="false"/>
                <line number="280" hits="75" branch="false"/>
                <line number="282" hits="75" branch="false"/>
                <line number="283" hits="75" branch="false"/>
                <line number="284" hits="75" branch="false"/>
                <line number="285" hits="75" branch="false"/>
                <line number="286" hits="75" branch="false"/>
              </lines>
            </method>
            <method name=".check_whether_na_counts" signature="" line-rate="1" branch-rate="0" complexity="0">
              <lines>
                <line number="290" hits="78" branch="false"/>
                <line number="291" hits="78" branch="false"/>
                <line number="292" hits="78" branch="false"/>
                <line number="293" hits="78" branch="false"/>
                <line number="294" hits="1" branch="false"/>
                <line number="295" hits="1" branch="false"/>
                <line number="296" hits="1" branch="false"/>
                <line number="297" hits="1" branch="false"/>
                <line number="298" hits="1" branch="false"/>
                <line number="299" hits="1" branch="false"/>
                <line number="300" hits="78" branch="false"/>
                <line number="301" hits="78" branch="false"/>
                <line number="302" hits="78" branch="false"/>
              </lines>
            </method>
            <method name=".table_as_df" signature="" line-rate="1" branch-rate="0" complexity="0">
              <lines>
                <line number="331" hits="126" branch="false"/>
                <line number="333" hits="126" branch="false"/>
                <line number="334" hits="126" branch="false"/>
                <line number="335" hits="126" branch="false"/>
                <line number="336" hits="126" branch="false"/>
                <line number="337" hits="126" branch="false"/>
                <line number="338" hits="126" branch="false"/>
                <line number="341" hits="126" branch="false"/>
                <line number="342" hits="126" branch="false"/>
                <line number="343" hits="126" branch="false"/>
                <line number="344" hits="126" branch="false"/>
                <line number="345" hits="126" branch="false"/>
                <line number="346" hits="126" branch="false"/>
                <line number="347" hits="126" branch="false"/>
                <line number="348" hits="126" branch="false"/>
                <line number="351" hits="126" branch="false"/>
                <line number="352" hits="126" branch="false"/>
                <line number="353" hits="126" branch="false"/>
                <line number="354" hits="126" branch="false"/>
                <line number="355" hits="126" branch="false"/>
                <line number="356" hits="126" branch="false"/>
                <line number="357" hits="126" branch="false"/>
                <line number="358" hits="126" branch="false"/>
                <line number="359" hits="126" branch="false"/>
                <line number="360" hits="126" branch="false"/>
                <line number="364" hits="126" branch="false"/>
                <line number="365" hits="16" branch="false"/>
                <line number="366" hits="16" branch="false"/>
                <line number="367" hits="16" branch="false"/>
                <line number="368" hits="16" branch="false"/>
                <line number="369" hits="16" branch="false"/>
                <line number="370" hits="16" branch="false"/>
                <line number="373" hits="126" branch="false"/>
              </lines>
            </method>
            <method name=".process_denominator" signature="" line-rate="0.897435897435897" branch-rate="0" complexity="0">
              <lines>
                <line number="393" hits="77" branch="false"/>
                <line number="394" hits="11" branch="false"/>
                <line number="397" hits="66" branch="false"/>
                <line number="398" hits="16" branch="false"/>
                <line number="399" hits="16" branch="false"/>
                <line number="400" hits="16" branch="false"/>
                <line number="401" hits="16" branch="false"/>
                <line number="402" hits="16" branch="false"/>
                <line number="403" hits="16" branch="false"/>
                <line number="406" hits="50" branch="false"/>
                <line number="407" hits="33" branch="false"/>
                <line number="408" hits="33" branch="false"/>
                <line number="409" hits="33" branch="false"/>
                <line number="410" hits="33" branch="false"/>
                <line number="411" hits="33" branch="false"/>
                <line number="412" hits="33" branch="false"/>
                <line number="413" hits="33" branch="false"/>
                <line number="414" hits="33" branch="false"/>
                <line number="415" hits="33" branch="false"/>
                <line number="416" hits="33" branch="false"/>
                <line number="417" hits="33" branch="false"/>
                <line number="418" hits="33" branch="false"/>
                <line number="419" hits="33" branch="false"/>
                <line number="420" hits="33" branch="false"/>
                <line number="421" hits="33" branch="false"/>
                <line number="422" hits="33" branch="false"/>
                <line number="423" hits="33" branch="false"/>
                <line number="424" hits="33" branch="false"/>
                <line number="425" hits="33" branch="false"/>
                <line number="426" hits="33" branch="false"/>
                <line number="429" hits="17" branch="false"/>
                <line number="430" hits="17" branch="false"/>
                <line number="431" hits="17" branch="false"/>
                <line number="432" hits="3" branch="false"/>
                <line number="433" hits="3" branch="false"/>
                <line number="434" hits="3" branch="false"/>
                <line number="435" hits="3" branch="false"/>
                <line number="436" hits="3" branch="false"/>
                <line number="439" hits="14" branch="false"/>
                <line number="440" hits="7" branch="false"/>
                <line number="441" hits="7" branch="false"/>
                <line number="442" hits="7" branch="false"/>
                <line number="443" hits="7" branch="false"/>
                <line number="445" hits="6" branch="false"/>
                <line number="446" hits="6" branch="false"/>
                <line number="447" hits="6" branch="false"/>
                <line number="448" hits="6" branch="false"/>
                <line number="449" hits="6" branch="false"/>
                <line number="450" hits="6" branch="false"/>
                <line number="451" hits="6" branch="false"/>
                <line number="452" hits="6" branch="false"/>
                <line number="453" hits="6" branch="false"/>
                <line number="454" hits="6" branch="false"/>
                <line number="455" hits="6" branch="false"/>
                <line number="456" hits="6" branch="false"/>
                <line number="457" hits="6" branch="false"/>
                <line number="458" hits="6" branch="false"/>
                <line number="461" hits="7" branch="false"/>
                <line number="462" hits="3" branch="false"/>
                <line number="463" hits="3" branch="false"/>
                <line number="464" hits="3" branch="false"/>
                <line number="465" hits="3" branch="false"/>
                <line number="466" hits="3" branch="false"/>
                <line number="467" hits="3" branch="false"/>
                <line number="468" hits="3" branch="false"/>
                <line number="469" hits="3" branch="false"/>
                <line number="470" hits="3" branch="false"/>
                <line number="471" hits="3" branch="false"/>
                <line number="472" hits="3" branch="false"/>
                <line number="475" hits="4" branch="false"/>
                <line number="476" hits="2" branch="false"/>
                <line number="477" hits="2" branch="false"/>
                <line number="478" hits="2" branch="false"/>
                <line number="479" hits="2" branch="false"/>
                <line number="480" hits="2" branch="false"/>
                <line number="481" hits="2" branch="false"/>
                <line number="482" hits="2" branch="false"/>
                <line number="483" hits="2" branch="false"/>
                <line number="484" hits="2" branch="false"/>
                <line number="485" hits="2" branch="false"/>
                <line number="486" hits="2" branch="false"/>
                <line number="487" hits="2" branch="false"/>
                <line number="488" hits="2" branch="false"/>
                <line number="489" hits="2" branch="false"/>
                <line number="490" hits="2" branch="false"/>
                <line number="491" hits="2" branch="false"/>
                <line number="492" hits="2" branch="false"/>
                <line number="493" hits="2" branch="false"/>
                <line number="494" hits="2" branch="false"/>
                <line number="495" hits="2" branch="false"/>
                <line number="498" hits="2" branch="false"/>
                <line number="499" hits="1" branch="false"/>
                <line number="500" hits="1" branch="false"/>
                <line number="501" hits="1" branch="false"/>
                <line number="502" hits="1" branch="false"/>
                <line number="503" hits="1" branch="false"/>
                <line number="506" hits="1" branch="false"/>
                <line number="509" hits="1" branch="false"/>
                <line number="510" hits="1" branch="false"/>
                <line number="512" hits="1" branch="false"/>
                <line number="513" hits="1" branch="false"/>
                <line number="514" hits="1" branch="false"/>
                <line number="515" hits="1" branch="false"/>
                <line number="516" hits="1" branch="false"/>
                <line number="518" hits="0" branch="false"/>
                <line number="519" hits="0" branch="false"/>
                <line number="520" hits="0" branch="false"/>
                <line number="521" hits="0" branch="false"/>
                <line number="524" hits="0" branch="false"/>
                <line number="525" hits="0" branch="false"/>
                <line number="526" hits="0" branch="false"/>
                <line number="527" hits="0" branch="false"/>
                <line number="528" hits="0" branch="false"/>
                <line number="530" hits="0" branch="false"/>
                <line number="531" hits="0" branch="false"/>
                <line number="533" hits="0" branch="false"/>
                <line number="536" hits="64" branch="false"/>
              </lines>
            </method>
            <method name=".check_for_missing_combos_in_denom" signature="" line-rate="0.96551724137931" branch-rate="0" complexity="0">
              <lines>
                <line number="564" hits="7" branch="false"/>
                <line number="565" hits="7" branch="false"/>
                <line number="566" hits="7" branch="false"/>
                <line number="567" hits="7" branch="false"/>
                <line number="568" hits="7" branch="false"/>
                <line number="569" hits="0" branch="false"/>
                <line number="573" hits="7" branch="false"/>
                <line number="574" hits="7" branch="false"/>
                <line number="575" hits="7" branch="false"/>
                <line number="576" hits="7" branch="false"/>
                <line number="577" hits="7" branch="false"/>
                <line number="578" hits="7" branch="false"/>
                <line number="581" hits="7" branch="false"/>
                <line number="582" hits="1" branch="false"/>
                <line number="583" hits="1" branch="false"/>
                <line number="584" hits="1" branch="false"/>
                <line number="585" hits="1" branch="false"/>
                <line number="586" hits="1" branch="false"/>
                <line number="587" hits="1" branch="false"/>
                <line number="588" hits="1" branch="false"/>
                <line number="589" hits="1" branch="false"/>
                <line number="590" hits="1" branch="false"/>
                <line number="591" hits="1" branch="false"/>
                <line number="592" hits="1" branch="false"/>
                <line number="593" hits="1" branch="false"/>
                <line number="594" hits="1" branch="false"/>
                <line number="595" hits="1" branch="false"/>
                <line number="596" hits="1" branch="false"/>
                <line number="597" hits="1" branch="false"/>
              </lines>
            </method>
          </methods>
          <lines>
            <line number="82" hits="78" branch="false"/>
            <line number="83" hits="78" branch="false"/>
            <line number="84" hits="78" branch="false"/>
            <line number="85" hits="78" branch="false"/>
            <line number="86" hits="78" branch="false"/>
            <line number="89" hits="78" branch="false"/>
            <line number="90" hits="78" branch="false"/>
            <line number="91" hits="78" branch="false"/>
            <line number="92" hits="78" branch="false"/>
            <line number="93" hits="78" branch="false"/>
            <line number="94" hits="78" branch="false"/>
            <line number="95" hits="78" branch="false"/>
            <line number="96" hits="78" branch="false"/>
            <line number="98" hits="77" branch="false"/>
            <line number="99" hits="77" branch="false"/>
            <line number="100" hits="77" branch="false"/>
            <line number="101" hits="77" branch="false"/>
            <line number="102" hits="77" branch="false"/>
            <line number="103" hits="77" branch="false"/>
            <line number="104" hits="77" branch="false"/>
            <line number="105" hits="77" branch="false"/>
            <line number="106" hits="77" branch="false"/>
            <line number="107" hits="77" branch="false"/>
            <line number="110" hits="77" branch="false"/>
            <line number="111" hits="0" branch="false"/>
            <line number="116" hits="77" branch="false"/>
            <line number="117" hits="77" branch="false"/>
            <line number="118" hits="77" branch="false"/>
            <line number="120" hits="77" branch="false"/>
            <line number="121" hits="76" branch="false"/>
            <line number="123" hits="1" branch="false"/>
            <line number="124" hits="1" branch="false"/>
            <line number="125" hits="1" branch="false"/>
            <line number="126" hits="1" branch="false"/>
            <line number="127" hits="1" branch="false"/>
            <line number="128" hits="1" branch="false"/>
            <line number="129" hits="1" branch="false"/>
            <line number="130" hits="1" branch="false"/>
            <line number="131" hits="1" branch="false"/>
            <line number="132" hits="1" branch="false"/>
            <line number="133" hits="1" branch="false"/>
            <line number="137" hits="77" branch="false"/>
            <line number="138" hits="77" branch="false"/>
            <line number="139" hits="77" branch="false"/>
            <line number="140" hits="77" branch="false"/>
            <line number="141" hits="77" branch="false"/>
            <line number="142" hits="77" branch="false"/>
            <line number="143" hits="77" branch="false"/>
            <line number="144" hits="77" branch="false"/>
            <line number="145" hits="77" branch="false"/>
            <line number="149" hits="75" branch="false"/>
            <line number="150" hits="75" branch="false"/>
            <line number="151" hits="75" branch="false"/>
            <line number="152" hits="75" branch="false"/>
            <line number="153" hits="75" branch="false"/>
            <line number="154" hits="75" branch="false"/>
            <line number="155" hits="75" branch="false"/>
            <line number="158" hits="75" branch="false"/>
            <line number="159" hits="75" branch="false"/>
            <line number="160" hits="75" branch="false"/>
            <line number="161" hits="75" branch="false"/>
            <line number="162" hits="75" branch="false"/>
            <line number="163" hits="75" branch="false"/>
            <line number="164" hits="75" branch="false"/>
            <line number="165" hits="75" branch="false"/>
            <line number="166" hits="75" branch="false"/>
            <line number="167" hits="75" branch="false"/>
            <line number="168" hits="75" branch="false"/>
            <line number="169" hits="75" branch="false"/>
            <line number="170" hits="75" branch="false"/>
            <line number="171" hits="75" branch="false"/>
            <line number="174" hits="75" branch="false"/>
            <line number="175" hits="75" branch="false"/>
            <line number="176" hits="75" branch="false"/>
            <line number="177" hits="75" branch="false"/>
            <line number="202" hits="77" branch="false"/>
            <line number="203" hits="77" branch="false"/>
            <line number="205" hits="77" branch="false"/>
            <line number="206" hits="0" branch="false"/>
            <line number="210" hits="77" branch="false"/>
            <line number="211" hits="77" branch="false"/>
            <line number="212" hits="77" branch="false"/>
            <line number="213" hits="77" branch="false"/>
            <line number="214" hits="77" branch="false"/>
            <line number="215" hits="77" branch="false"/>
            <line number="216" hits="77" branch="false"/>
            <line number="217" hits="77" branch="false"/>
            <line number="218" hits="73" branch="false"/>
            <line number="219" hits="77" branch="false"/>
            <line number="220" hits="11" branch="false"/>
            <line number="221" hits="77" branch="false"/>
            <line number="222" hits="77" branch="false"/>
            <line number="223" hits="77" branch="false"/>
            <line number="224" hits="77" branch="false"/>
            <line number="225" hits="77" branch="false"/>
            <line number="226" hits="77" branch="false"/>
            <line number="227" hits="77" branch="false"/>
            <line number="228" hits="77" branch="false"/>
            <line number="229" hits="77" branch="false"/>
            <line number="230" hits="77" branch="false"/>
            <line number="233" hits="75" branch="false"/>
            <line number="234" hits="75" branch="false"/>
            <line number="235" hits="75" branch="false"/>
            <line number="236" hits="75" branch="false"/>
            <line number="237" hits="75" branch="false"/>
            <line number="238" hits="75" branch="false"/>
            <line number="239" hits="75" branch="false"/>
            <line number="240" hits="71" branch="false"/>
            <line number="241" hits="71" branch="false"/>
            <line number="242" hits="27" branch="false"/>
            <line number="243" hits="27" branch="false"/>
            <line number="244" hits="27" branch="false"/>
            <line number="245" hits="27" branch="false"/>
            <line number="246" hits="71" branch="false"/>
            <line number="247" hits="44" branch="false"/>
            <line number="248" hits="44" branch="false"/>
            <line number="249" hits="44" branch="false"/>
            <line number="250" hits="44" branch="false"/>
            <line number="251" hits="71" branch="false"/>
            <line number="252" hits="75" branch="false"/>
            <line number="253" hits="75" branch="false"/>
            <line number="254" hits="55" branch="false"/>
            <line number="255" hits="55" branch="false"/>
            <line number="256" hits="55" branch="false"/>
            <line number="257" hits="55" branch="false"/>
            <line number="258" hits="55" branch="false"/>
            <line number="259" hits="75" branch="false"/>
            <line number="261" hits="75" branch="false"/>
            <line number="262" hits="75" branch="false"/>
            <line number="263" hits="75" branch="false"/>
            <line number="264" hits="75" branch="false"/>
            <line number="265" hits="75" branch="false"/>
            <line number="266" hits="75" branch="false"/>
            <line number="267" hits="75" branch="false"/>
            <line number="268" hits="75" branch="false"/>
            <line number="269" hits="75" branch="false"/>
            <line number="270" hits="75" branch="false"/>
            <line number="271" hits="75" branch="false"/>
            <line number="272" hits="75" branch="false"/>
            <line number="273" hits="75" branch="false"/>
            <line number="274" hits="75" branch="false"/>
            <line number="275" hits="75" branch="false"/>
            <line number="276" hits="75" branch="false"/>
            <line number="277" hits="75" branch="false"/>
            <line number="278" hits="75" branch="false"/>
            <line number="279" hits="75" branch="false"/>
            <line number="280" hits="75" branch="false"/>
            <line number="282" hits="75" branch="false"/>
            <line number="283" hits="75" branch="false"/>
            <line number="284" hits="75" branch="false"/>
            <line number="285" hits="75" branch="false"/>
            <line number="286" hits="75" branch="false"/>
            <line number="290" hits="78" branch="false"/>
            <line number="291" hits="78" branch="false"/>
            <line number="292" hits="78" branch="false"/>
            <line number="293" hits="78" branch="false"/>
            <line number="294" hits="1" branch="false"/>
            <line number="295" hits="1" branch="false"/>
            <line number="296" hits="1" branch="false"/>
            <line number="297" hits="1" branch="false"/>
            <line number="298" hits="1" branch="false"/>
            <line number="299" hits="1" branch="false"/>
            <line number="300" hits="78" branch="false"/>
            <line number="301" hits="78" branch="false"/>
            <line number="302" hits="78" branch="false"/>
            <line number="331" hits="126" branch="false"/>
            <line number="333" hits="126" branch="false"/>
            <line number="334" hits="126" branch="false"/>
            <line number="335" hits="126" branch="false"/>
            <line number="336" hits="126" branch="false"/>
            <line number="337" hits="126" branch="false"/>
            <line number="338" hits="126" branch="false"/>
            <line number="341" hits="126" branch="false"/>
            <line number="342" hits="126" branch="false"/>
            <line number="343" hits="126" branch="false"/>
            <line number="344" hits="126" branch="false"/>
            <line number="345" hits="126" branch="false"/>
            <line number="346" hits="126" branch="false"/>
            <line number="347" hits="126" branch="false"/>
            <line number="348" hits="126" branch="false"/>
            <line number="351" hits="126" branch="false"/>
            <line number="352" hits="126" branch="false"/>
            <line number="353" hits="126" branch="false"/>
            <line number="354" hits="126" branch="false"/>
            <line number="355" hits="126" branch="false"/>
            <line number="356" hits="126" branch="false"/>
            <line number="357" hits="126" branch="false"/>
            <line number="358" hits="126" branch="false"/>
            <line number="359" hits="126" branch="false"/>
            <line number="360" hits="126" branch="false"/>
            <line number="364" hits="126" branch="false"/>
            <line number="365" hits="16" branch="false"/>
            <line number="366" hits="16" branch="false"/>
            <line number="367" hits="16" branch="false"/>
            <line number="368" hits="16" branch="false"/>
            <line number="369" hits="16" branch="false"/>
            <line number="370" hits="16" branch="false"/>
            <line number="373" hits="126" branch="false"/>
            <line number="393" hits="77" branch="false"/>
            <line number="394" hits="11" branch="false"/>
            <line number="397" hits="66" branch="false"/>
            <line number="398" hits="16" branch="false"/>
            <line number="399" hits="16" branch="false"/>
            <line number="400" hits="16" branch="false"/>
            <line number="401" hits="16" branch="false"/>
            <line number="402" hits="16" branch="false"/>
            <line number="403" hits="16" branch="false"/>
            <line number="406" hits="50" branch="false"/>
            <line number="407" hits="33" branch="false"/>
            <line number="408" hits="33" branch="false"/>
            <line number="409" hits="33" branch="false"/>
            <line number="410" hits="33" branch="false"/>
            <line number="411" hits="33" branch="false"/>
            <line number="412" hits="33" branch="false"/>
            <line number="413" hits="33" branch="false"/>
            <line number="414" hits="33" branch="false"/>
            <line number="415" hits="33" branch="false"/>
            <line number="416" hits="33" branch="false"/>
            <line number="417" hits="33" branch="false"/>
            <line number="418" hits="33" branch="false"/>
            <line number="419" hits="33" branch="false"/>
            <line number="420" hits="33" branch="false"/>
            <line number="421" hits="33" branch="false"/>
            <line number="422" hits="33" branch="false"/>
            <line number="423" hits="33" branch="false"/>
            <line number="424" hits="33" branch="false"/>
            <line number="425" hits="33" branch="false"/>
            <line number="426" hits="33" branch="false"/>
            <line number="429" hits="17" branch="false"/>
            <line number="430" hits="17" branch="false"/>
            <line number="431" hits="17" branch="false"/>
            <line number="432" hits="3" branch="false"/>
            <line number="433" hits="3" branch="false"/>
            <line number="434" hits="3" branch="false"/>
            <line number="435" hits="3" branch="false"/>
            <line number="436" hits="3" branch="false"/>
            <line number="439" hits="14" branch="false"/>
            <line number="440" hits="7" branch="false"/>
            <line number="441" hits="7" branch="false"/>
            <line number="442" hits="7" branch="false"/>
            <line number="443" hits="7" branch="false"/>
            <line number="445" hits="6" branch="false"/>
            <line number="446" hits="6" branch="false"/>
            <line number="447" hits="6" branch="false"/>
            <line number="448" hits="6" branch="false"/>
            <line number="449" hits="6" branch="false"/>
            <line number="450" hits="6" branch="false"/>
            <line number="451" hits="6" branch="false"/>
            <line number="452" hits="6" branch="false"/>
            <line number="453" hits="6" branch="false"/>
            <line number="454" hits="6" branch="false"/>
            <line number="455" hits="6" branch="false"/>
            <line number="456" hits="6" branch="false"/>
            <line number="457" hits="6" branch="false"/>
            <line number="458" hits="6" branch="false"/>
            <line number="461" hits="7" branch="false"/>
            <line number="462" hits="3" branch="false"/>
            <line number="463" hits="3" branch="false"/>
            <line number="464" hits="3" branch="false"/>
            <line number="465" hits="3" branch="false"/>
            <line number="466" hits="3" branch="false"/>
            <line number="467" hits="3" branch="false"/>
            <line number="468" hits="3" branch="false"/>
            <line number="469" hits="3" branch="false"/>
            <line number="470" hits="3" branch="false"/>
            <line number="471" hits="3" branch="false"/>
            <line number="472" hits="3" branch="false"/>
            <line number="475" hits="4" branch="false"/>
            <line number="476" hits="2" branch="false"/>
            <line number="477" hits="2" branch="false"/>
            <line number="478" hits="2" branch="false"/>
            <line number="479" hits="2" branch="false"/>
            <line number="480" hits="2" branch="false"/>
            <line number="481" hits="2" branch="false"/>
            <line number="482" hits="2" branch="false"/>
            <line number="483" hits="2" branch="false"/>
            <line number="484" hits="2" branch="false"/>
            <line number="485" hits="2" branch="false"/>
            <line number="486" hits="2" branch="false"/>
            <line number="487" hits="2" branch="false"/>
            <line number="488" hits="2" branch="false"/>
            <line number="489" hits="2" branch="false"/>
            <line number="490" hits="2" branch="false"/>
            <line number="491" hits="2" branch="false"/>
            <line number="492" hits="2" branch="false"/>
            <line number="493" hits="2" branch="false"/>
            <line number="494" hits="2" branch="false"/>
            <line number="495" hits="2" branch="false"/>
            <line number="498" hits="2" branch="false"/>
            <line number="499" hits="1" branch="false"/>
            <line number="500" hits="1" branch="false"/>
            <line number="501" hits="1" branch="false"/>
            <line number="502" hits="1" branch="false"/>
            <line number="503" hits="1" branch="false"/>
            <line number="506" hits="1" branch="false"/>
            <line number="509" hits="1" branch="false"/>
            <line number="510" hits="1" branch="false"/>
            <line number="512" hits="1" branch="false"/>
            <line number="513" hits="1" branch="false"/>
            <line number="514" hits="1" branch="false"/>
            <line number="515" hits="1" branch="false"/>
            <line number="516" hits="1" branch="false"/>
            <line number="518" hits="0" branch="false"/>
            <line number="519" hits="0" branch="false"/>
            <line number="520" hits="0" branch="false"/>
            <line number="521" hits="0" branch="false"/>
            <line number="524" hits="0" branch="false"/>
            <line number="525" hits="0" branch="false"/>
            <line number="526" hits="0" branch="false"/>
            <line number="527" hits="0" branch="false"/>
            <line number="528" hits="0" branch="false"/>
            <line number="530" hits="0" branch="false"/>
            <line number="531" hits="0" branch="false"/>
            <line number="533" hits="0" branch="false"/>
            <line number="536" hits="64" branch="false"/>
            <line number="564" hits="7" branch="false"/>
            <line number="565" hits="7" branch="false"/>
            <line number="566" hits="7" branch="false"/>
            <line number="567" hits="7" branch="false"/>
            <line number="568" hits="7" branch="false"/>
            <line number="569" hits="0" branch="false"/>
            <line number="573" hits="7" branch="false"/>
            <line number="574" hits="7" branch="false"/>
            <line number="575" hits="7" branch="false"/>
            <line number="576" hits="7" branch="false"/>
            <line number="577" hits="7" branch="false"/>
            <line number="578" hits="7" branch="false"/>
            <line number="581" hits="7" branch="false"/>
            <line number="582" hits="1" branch="false"/>
            <line number="583" hits="1" branch="false"/>
            <line number="584" hits="1" branch="false"/>
            <line number="585" hits="1" branch="false"/>
            <line number="586" hits="1" branch="false"/>
            <line number="587" hits="1" branch="false"/>
            <line number="588" hits="1" branch="false"/>
            <line number="589" hits="1" branch="false"/>
            <line number="590" hits="1" branch="false"/>
            <line number="591" hits="1" branch="false"/>
            <line number="592" hits="1" branch="false"/>
            <line number="593" hits="1" branch="false"/>
            <line number="594" hits="1" branch="false"/>
            <line number="595" hits="1" branch="false"/>
            <line number="596" hits="1" branch="false"/>
            <line number="597" hits="1" branch="false"/>
          </lines>
        </class>
        <class name="ard_complex.R" filename="R/ard_complex.R" line-rate="1" branch-rate="0" complexity="0">
          <methods>
            <method name="ard_complex" signature="" line-rate="1" branch-rate="0" complexity="0">
              <lines>
                <line number="59" hits="6" branch="false"/>
                <line number="60" hits="6" branch="false"/>
                <line number="61" hits="6" branch="false"/>
                <line number="62" hits="6" branch="false"/>
                <line number="63" hits="6" branch="false"/>
                <line number="66" hits="6" branch="false"/>
                <line number="67" hits="6" branch="false"/>
                <line number="69" hits="6" branch="false"/>
                <line number="70" hits="6" branch="false"/>
                <line number="71" hits="1" branch="false"/>
                <line number="72" hits="1" branch="false"/>
                <line number="79" hits="5" branch="false"/>
                <line number="80" hits="5" branch="false"/>
                <line number="81" hits="5" branch="false"/>
                <line number="82" hits="5" branch="false"/>
                <line number="84" hits="5" branch="false"/>
                <line number="85" hits="5" branch="false"/>
                <line number="86" hits="5" branch="false"/>
                <line number="87" hits="5" branch="false"/>
                <line number="88" hits="5" branch="false"/>
                <line number="89" hits="5" branch="false"/>
                <line number="90" hits="5" branch="false"/>
                <line number="91" hits="5" branch="false"/>
                <line number="93" hits="5" branch="false"/>
                <line number="94" hits="5" branch="false"/>
                <line number="95" hits="5" branch="false"/>
                <line number="96" hits="5" branch="false"/>
                <line number="97" hits="5" branch="false"/>
                <line number="98" hits="5" branch="false"/>
                <line number="99" hits="5" branch="false"/>
                <line number="100" hits="5" branch="false"/>
                <line number="101" hits="5" branch="false"/>
                <line number="102" hits="5" branch="false"/>
              </lines>
            </method>
          </methods>
          <lines>
            <line number="59" hits="6" branch="false"/>
            <line number="60" hits="6" branch="false"/>
            <line number="61" hits="6" branch="false"/>
            <line number="62" hits="6" branch="false"/>
            <line number="63" hits="6" branch="false"/>
            <line number="66" hits="6" branch="false"/>
            <line number="67" hits="6" branch="false"/>
            <line number="69" hits="6" branch="false"/>
            <line number="70" hits="6" branch="false"/>
            <line number="71" hits="1" branch="false"/>
            <line number="72" hits="1" branch="false"/>
            <line number="79" hits="5" branch="false"/>
            <line number="80" hits="5" branch="false"/>
            <line number="81" hits="5" branch="false"/>
            <line number="82" hits="5" branch="false"/>
            <line number="84" hits="5" branch="false"/>
            <line number="85" hits="5" branch="false"/>
            <line number="86" hits="5" branch="false"/>
            <line number="87" hits="5" branch="false"/>
            <line number="88" hits="5" branch="false"/>
            <line number="89" hits="5" branch="false"/>
            <line number="90" hits="5" branch="false"/>
            <line number="91" hits="5" branch="false"/>
            <line number="93" hits="5" branch="false"/>
            <line number="94" hits="5" branch="false"/>
            <line number="95" hits="5" branch="false"/>
            <line number="96" hits="5" branch="false"/>
            <line number="97" hits="5" branch="false"/>
            <line number="98" hits="5" branch="false"/>
            <line number="99" hits="5" branch="false"/>
            <line number="100" hits="5" branch="false"/>
            <line number="101" hits="5" branch="false"/>
            <line number="102" hits="5" branch="false"/>
          </lines>
        </class>
        <class name="ard_continuous.R" filename="R/ard_continuous.R" line-rate="0.97752808988764" branch-rate="0" complexity="0">
          <methods>
            <method name="ard_continuous" signature="" line-rate="0.987179487179487" branch-rate="0" complexity="0">
              <lines>
                <line number="68" hits="60" branch="false"/>
                <line number="69" hits="60" branch="false"/>
                <line number="70" hits="60" branch="false"/>
                <line number="71" hits="60" branch="false"/>
                <line number="72" hits="60" branch="false"/>
                <line number="73" hits="60" branch="false"/>
                <line number="74" hits="60" branch="false"/>
                <line number="77" hits="60" branch="false"/>
                <line number="78" hits="60" branch="false"/>
                <line number="79" hits="60" branch="false"/>
                <line number="80" hits="60" branch="false"/>
                <line number="81" hits="60" branch="false"/>
                <line number="82" hits="60" branch="false"/>
                <line number="84" hits="60" branch="false"/>
                <line number="85" hits="60" branch="false"/>
                <line number="86" hits="60" branch="false"/>
                <line number="87" hits="60" branch="false"/>
                <line number="88" hits="60" branch="false"/>
                <line number="89" hits="60" branch="false"/>
                <line number="90" hits="60" branch="false"/>
                <line number="91" hits="60" branch="false"/>
                <line number="92" hits="60" branch="false"/>
                <line number="93" hits="60" branch="false"/>
                <line number="94" hits="60" branch="false"/>
                <line number="96" hits="60" branch="false"/>
                <line number="97" hits="60" branch="false"/>
                <line number="98" hits="60" branch="false"/>
                <line number="99" hits="60" branch="false"/>
                <line number="100" hits="60" branch="false"/>
                <line number="101" hits="60" branch="false"/>
                <line number="102" hits="60" branch="false"/>
                <line number="103" hits="60" branch="false"/>
                <line number="106" hits="59" branch="false"/>
                <line number="107" hits="0" branch="false"/>
                <line number="111" hits="59" branch="false"/>
                <line number="112" hits="59" branch="false"/>
                <line number="113" hits="59" branch="false"/>
                <line number="114" hits="59" branch="false"/>
                <line number="115" hits="59" branch="false"/>
                <line number="116" hits="59" branch="false"/>
                <line number="117" hits="59" branch="false"/>
                <line number="120" hits="59" branch="false"/>
                <line number="121" hits="59" branch="false"/>
                <line number="122" hits="59" branch="false"/>
                <line number="123" hits="59" branch="false"/>
                <line number="124" hits="59" branch="false"/>
                <line number="125" hits="59" branch="false"/>
                <line number="126" hits="59" branch="false"/>
                <line number="127" hits="59" branch="false"/>
                <line number="128" hits="59" branch="false"/>
                <line number="129" hits="59" branch="false"/>
                <line number="132" hits="59" branch="false"/>
                <line number="133" hits="59" branch="false"/>
                <line number="134" hits="59" branch="false"/>
                <line number="135" hits="59" branch="false"/>
                <line number="138" hits="59" branch="false"/>
                <line number="139" hits="59" branch="false"/>
                <line number="140" hits="59" branch="false"/>
                <line number="141" hits="59" branch="false"/>
                <line number="144" hits="59" branch="false"/>
                <line number="145" hits="59" branch="false"/>
                <line number="146" hits="59" branch="false"/>
                <line number="147" hits="59" branch="false"/>
                <line number="148" hits="59" branch="false"/>
                <line number="149" hits="59" branch="false"/>
                <line number="150" hits="59" branch="false"/>
                <line number="153" hits="59" branch="false"/>
                <line number="154" hits="59" branch="false"/>
                <line number="155" hits="59" branch="false"/>
                <line number="156" hits="59" branch="false"/>
                <line number="157" hits="59" branch="false"/>
                <line number="158" hits="59" branch="false"/>
                <line number="159" hits="59" branch="false"/>
                <line number="160" hits="59" branch="false"/>
                <line number="163" hits="59" branch="false"/>
                <line number="164" hits="59" branch="false"/>
                <line number="165" hits="59" branch="false"/>
                <line number="166" hits="59" branch="false"/>
              </lines>
            </method>
            <method name=".check_no_ard_columns" signature="" line-rate="0.714285714285714" branch-rate="0" complexity="0">
              <lines>
                <line number="191" hits="138" branch="false"/>
                <line number="192" hits="138" branch="false"/>
                <line number="193" hits="138" branch="false"/>
                <line number="194" hits="138" branch="false"/>
                <line number="196" hits="138" branch="false"/>
                <line number="197" hits="0" branch="false"/>
                <line number="198" hits="0" branch="false"/>
              </lines>
            </method>
            <method name=".calculate_stats_as_ard" signature="" line-rate="1" branch-rate="0" complexity="0">
              <lines>
                <line number="235" hits="59" branch="false"/>
                <line number="236" hits="59" branch="false"/>
                <line number="237" hits="59" branch="false"/>
                <line number="238" hits="59" branch="false"/>
                <line number="239" hits="59" branch="false"/>
                <line number="240" hits="59" branch="false"/>
                <line number="241" hits="59" branch="false"/>
                <line number="242" hits="59" branch="false"/>
                <line number="243" hits="59" branch="false"/>
                <line number="244" hits="59" branch="false"/>
                <line number="245" hits="59" branch="false"/>
                <line number="246" hits="59" branch="false"/>
                <line number="247" hits="59" branch="false"/>
                <line number="248" hits="59" branch="false"/>
                <line number="249" hits="59" branch="false"/>
                <line number="250" hits="59" branch="false"/>
                <line number="251" hits="59" branch="false"/>
                <line number="252" hits="59" branch="false"/>
                <line number="253" hits="59" branch="false"/>
                <line number="254" hits="59" branch="false"/>
                <line number="255" hits="59" branch="false"/>
                <line number="256" hits="59" branch="false"/>
                <line number="257" hits="59" branch="false"/>
                <line number="258" hits="59" branch="false"/>
                <line number="259" hits="59" branch="false"/>
                <line number="260" hits="59" branch="false"/>
                <line number="261" hits="59" branch="false"/>
                <line number="262" hits="59" branch="false"/>
                <line number="263" hits="59" branch="false"/>
                <line number="265" hits="59" branch="false"/>
              </lines>
            </method>
            <method name=".lst_results_as_df" signature="" line-rate="0.9375" branch-rate="0" complexity="0">
              <lines>
                <line number="295" hits="1010" branch="false"/>
                <line number="296" hits="0" branch="false"/>
                <line number="297" hits="24" branch="false"/>
                <line number="298" hits="24" branch="false"/>
                <line number="299" hits="24" branch="false"/>
                <line number="300" hits="24" branch="false"/>
                <line number="301" hits="24" branch="false"/>
                <line number="302" hits="24" branch="false"/>
                <line number="303" hits="24" branch="false"/>
                <line number="307" hits="986" branch="false"/>
                <line number="308" hits="986" branch="false"/>
                <line number="309" hits="986" branch="false"/>
                <line number="310" hits="986" branch="false"/>
                <line number="313" hits="1010" branch="false"/>
                <line number="314" hits="1010" branch="false"/>
                <line number="315" hits="1010" branch="false"/>
              </lines>
            </method>
            <method name=".process_nested_list_as_df" signature="" line-rate="1" branch-rate="0" complexity="0">
              <lines>
                <line number="342" hits="268" branch="false"/>
                <line number="343" hits="268" branch="false"/>
                <line number="347" hits="268" branch="false"/>
                <line number="348" hits="138" branch="false"/>
                <line number="349" hits="138" branch="false"/>
                <line number="350" hits="138" branch="false"/>
                <line number="351" hits="138" branch="false"/>
                <line number="352" hits="138" branch="false"/>
                <line number="353" hits="138" branch="false"/>
                <line number="354" hits="138" branch="false"/>
                <line number="355" hits="138" branch="false"/>
                <line number="356" hits="138" branch="false"/>
                <line number="358" hits="138" branch="false"/>
                <line number="359" hits="138" branch="false"/>
                <line number="360" hits="138" branch="false"/>
                <line number="361" hits="138" branch="false"/>
                <line number="363" hits="138" branch="false"/>
                <line number="364" hits="138" branch="false"/>
                <line number="365" hits="138" branch="false"/>
                <line number="366" hits="138" branch="false"/>
                <line number="367" hits="138" branch="false"/>
                <line number="369" hits="138" branch="false"/>
                <line number="370" hits="138" branch="false"/>
                <line number="371" hits="138" branch="false"/>
                <line number="373" hits="138" branch="false"/>
                <line number="376" hits="268" branch="false"/>
                <line number="377" hits="134" branch="false"/>
                <line number="380" hits="268" branch="false"/>
              </lines>
            </method>
            <method name=".default_fmt_fn" signature="" line-rate="1" branch-rate="0" complexity="0">
              <lines>
                <line number="397" hits="134" branch="false"/>
                <line number="398" hits="134" branch="false"/>
                <line number="399" hits="134" branch="false"/>
                <line number="400" hits="134" branch="false"/>
                <line number="401" hits="134" branch="false"/>
                <line number="402" hits="134" branch="false"/>
                <line number="403" hits="134" branch="false"/>
                <line number="404" hits="21" branch="false"/>
                <line number="405" hits="134" branch="false"/>
                <line number="406" hits="134" branch="false"/>
                <line number="407" hits="134" branch="false"/>
                <line number="408" hits="134" branch="false"/>
                <line number="409" hits="134" branch="false"/>
                <line number="410" hits="134" branch="false"/>
                <line number="411" hits="134" branch="false"/>
                <line number="413" hits="134" branch="false"/>
                <line number="414" hits="134" branch="false"/>
                <line number="415" hits="134" branch="false"/>
                <line number="416" hits="134" branch="false"/>
              </lines>
            </method>
          </methods>
          <lines>
            <line number="68" hits="60" branch="false"/>
            <line number="69" hits="60" branch="false"/>
            <line number="70" hits="60" branch="false"/>
            <line number="71" hits="60" branch="false"/>
            <line number="72" hits="60" branch="false"/>
            <line number="73" hits="60" branch="false"/>
            <line number="74" hits="60" branch="false"/>
            <line number="77" hits="60" branch="false"/>
            <line number="78" hits="60" branch="false"/>
            <line number="79" hits="60" branch="false"/>
            <line number="80" hits="60" branch="false"/>
            <line number="81" hits="60" branch="false"/>
            <line number="82" hits="60" branch="false"/>
            <line number="84" hits="60" branch="false"/>
            <line number="85" hits="60" branch="false"/>
            <line number="86" hits="60" branch="false"/>
            <line number="87" hits="60" branch="false"/>
            <line number="88" hits="60" branch="false"/>
            <line number="89" hits="60" branch="false"/>
            <line number="90" hits="60" branch="false"/>
            <line number="91" hits="60" branch="false"/>
            <line number="92" hits="60" branch="false"/>
            <line number="93" hits="60" branch="false"/>
            <line number="94" hits="60" branch="false"/>
            <line number="96" hits="60" branch="false"/>
            <line number="97" hits="60" branch="false"/>
            <line number="98" hits="60" branch="false"/>
            <line number="99" hits="60" branch="false"/>
            <line number="100" hits="60" branch="false"/>
            <line number="101" hits="60" branch="false"/>
            <line number="102" hits="60" branch="false"/>
            <line number="103" hits="60" branch="false"/>
            <line number="106" hits="59" branch="false"/>
            <line number="107" hits="0" branch="false"/>
            <line number="111" hits="59" branch="false"/>
            <line number="112" hits="59" branch="false"/>
            <line number="113" hits="59" branch="false"/>
            <line number="114" hits="59" branch="false"/>
            <line number="115" hits="59" branch="false"/>
            <line number="116" hits="59" branch="false"/>
            <line number="117" hits="59" branch="false"/>
            <line number="120" hits="59" branch="false"/>
            <line number="121" hits="59" branch="false"/>
            <line number="122" hits="59" branch="false"/>
            <line number="123" hits="59" branch="false"/>
            <line number="124" hits="59" branch="false"/>
            <line number="125" hits="59" branch="false"/>
            <line number="126" hits="59" branch="false"/>
            <line number="127" hits="59" branch="false"/>
            <line number="128" hits="59" branch="false"/>
            <line number="129" hits="59" branch="false"/>
            <line number="132" hits="59" branch="false"/>
            <line number="133" hits="59" branch="false"/>
            <line number="134" hits="59" branch="false"/>
            <line number="135" hits="59" branch="false"/>
            <line number="138" hits="59" branch="false"/>
            <line number="139" hits="59" branch="false"/>
            <line number="140" hits="59" branch="false"/>
            <line number="141" hits="59" branch="false"/>
            <line number="144" hits="59" branch="false"/>
            <line number="145" hits="59" branch="false"/>
            <line number="146" hits="59" branch="false"/>
            <line number="147" hits="59" branch="false"/>
            <line number="148" hits="59" branch="false"/>
            <line number="149" hits="59" branch="false"/>
            <line number="150" hits="59" branch="false"/>
            <line number="153" hits="59" branch="false"/>
            <line number="154" hits="59" branch="false"/>
            <line number="155" hits="59" branch="false"/>
            <line number="156" hits="59" branch="false"/>
            <line number="157" hits="59" branch="false"/>
            <line number="158" hits="59" branch="false"/>
            <line number="159" hits="59" branch="false"/>
            <line number="160" hits="59" branch="false"/>
            <line number="163" hits="59" branch="false"/>
            <line number="164" hits="59" branch="false"/>
            <line number="165" hits="59" branch="false"/>
            <line number="166" hits="59" branch="false"/>
            <line number="191" hits="138" branch="false"/>
            <line number="192" hits="138" branch="false"/>
            <line number="193" hits="138" branch="false"/>
            <line number="194" hits="138" branch="false"/>
            <line number="196" hits="138" branch="false"/>
            <line number="197" hits="0" branch="false"/>
            <line number="198" hits="0" branch="false"/>
            <line number="235" hits="59" branch="false"/>
            <line number="236" hits="59" branch="false"/>
            <line number="237" hits="59" branch="false"/>
            <line number="238" hits="59" branch="false"/>
            <line number="239" hits="59" branch="false"/>
            <line number="240" hits="59" branch="false"/>
            <line number="241" hits="59" branch="false"/>
            <line number="242" hits="59" branch="false"/>
            <line number="243" hits="59" branch="false"/>
            <line number="244" hits="59" branch="false"/>
            <line number="245" hits="59" branch="false"/>
            <line number="246" hits="59" branch="false"/>
            <line number="247" hits="59" branch="false"/>
            <line number="248" hits="59" branch="false"/>
            <line number="249" hits="59" branch="false"/>
            <line number="250" hits="59" branch="false"/>
            <line number="251" hits="59" branch="false"/>
            <line number="252" hits="59" branch="false"/>
            <line number="253" hits="59" branch="false"/>
            <line number="254" hits="59" branch="false"/>
            <line number="255" hits="59" branch="false"/>
            <line number="256" hits="59" branch="false"/>
            <line number="257" hits="59" branch="false"/>
            <line number="258" hits="59" branch="false"/>
            <line number="259" hits="59" branch="false"/>
            <line number="260" hits="59" branch="false"/>
            <line number="261" hits="59" branch="false"/>
            <line number="262" hits="59" branch="false"/>
            <line number="263" hits="59" branch="false"/>
            <line number="265" hits="59" branch="false"/>
            <line number="295" hits="1010" branch="false"/>
            <line number="296" hits="0" branch="false"/>
            <line number="297" hits="24" branch="false"/>
            <line number="298" hits="24" branch="false"/>
            <line number="299" hits="24" branch="false"/>
            <line number="300" hits="24" branch="false"/>
            <line number="301" hits="24" branch="false"/>
            <line number="302" hits="24" branch="false"/>
            <line number="303" hits="24" branch="false"/>
            <line number="307" hits="986" branch="false"/>
            <line number="308" hits="986" branch="false"/>
            <line number="309" hits="986" branch="false"/>
            <line number="310" hits="986" branch="false"/>
            <line number="313" hits="1010" branch="false"/>
            <line number="314" hits="1010" branch="false"/>
            <line number="315" hits="1010" branch="false"/>
            <line number="342" hits="268" branch="false"/>
            <line number="343" hits="268" branch="false"/>
            <line number="347" hits="268" branch="false"/>
            <line number="348" hits="138" branch="false"/>
            <line number="349" hits="138" branch="false"/>
            <line number="350" hits="138" branch="false"/>
            <line number="351" hits="138" branch="false"/>
            <line number="352" hits="138" branch="false"/>
            <line number="353" hits="138" branch="false"/>
            <line number="354" hits="138" branch="false"/>
            <line number="355" hits="138" branch="false"/>
            <line number="356" hits="138" branch="false"/>
            <line number="358" hits="138" branch="false"/>
            <line number="359" hits="138" branch="false"/>
            <line number="360" hits="138" branch="false"/>
            <line number="361" hits="138" branch="false"/>
[...]
            <line number="258" hits="2" branch="false"/>
            <line number="259" hits="4" branch="false"/>
            <line number="261" hits="4" branch="false"/>
            <line number="262" hits="0" branch="false"/>
            <line number="263" hits="4" branch="false"/>
            <line number="266" hits="4" branch="false"/>
            <line number="267" hits="4" branch="false"/>
            <line number="268" hits="4" branch="false"/>
            <line number="269" hits="4" branch="false"/>
            <line number="270" hits="4" branch="false"/>
            <line number="273" hits="4" branch="false"/>
            <line number="274" hits="4" branch="false"/>
            <line number="275" hits="4" branch="false"/>
            <line number="276" hits="4" branch="false"/>
            <line number="277" hits="4" branch="false"/>
            <line number="278" hits="4" branch="false"/>
            <line number="279" hits="4" branch="false"/>
            <line number="282" hits="4" branch="false"/>
            <line number="283" hits="4" branch="false"/>
            <line number="311" hits="6" branch="false"/>
            <line number="312" hits="6" branch="false"/>
            <line number="313" hits="6" branch="false"/>
            <line number="314" hits="6" branch="false"/>
            <line number="315" hits="6" branch="false"/>
            <line number="316" hits="6" branch="false"/>
            <line number="317" hits="6" branch="false"/>
            <line number="318" hits="2" branch="false"/>
            <line number="319" hits="2" branch="false"/>
            <line number="320" hits="2" branch="false"/>
            <line number="321" hits="2" branch="false"/>
            <line number="322" hits="2" branch="false"/>
            <line number="323" hits="6" branch="false"/>
            <line number="324" hits="6" branch="false"/>
            <line number="325" hits="6" branch="false"/>
            <line number="326" hits="6" branch="false"/>
            <line number="327" hits="6" branch="false"/>
            <line number="344" hits="23" branch="false"/>
          </lines>
        </class>
        <class name="summary_functions.R" filename="R/summary_functions.R" line-rate="1" branch-rate="0" complexity="0">
          <methods>
            <method name="continuous_variable_summary_fns" signature="" line-rate="1" branch-rate="0" complexity="0">
              <lines>
                <line number="70" hits="47" branch="false"/>
                <line number="73" hits="47" branch="false"/>
                <line number="74" hits="47" branch="false"/>
                <line number="75" hits="47" branch="false"/>
                <line number="76" hits="47" branch="false"/>
                <line number="77" hits="47" branch="false"/>
                <line number="78" hits="47" branch="false"/>
                <line number="79" hits="47" branch="false"/>
                <line number="80" hits="47" branch="false"/>
                <line number="81" hits="47" branch="false"/>
                <line number="82" hits="47" branch="false"/>
                <line number="83" hits="47" branch="false"/>
                <line number="86" hits="47" branch="false"/>
                <line number="87" hits="47" branch="false"/>
              </lines>
            </method>
            <method name="categorical_variable_summary_fns" signature="" line-rate="1" branch-rate="0" complexity="0">
              <lines>
                <line number="94" hits="77" branch="false"/>
                <line number="95" hits="77" branch="false"/>
                <line number="96" hits="77" branch="false"/>
                <line number="98" hits="77" branch="false"/>
                <line number="101" hits="77" branch="false"/>
                <line number="102" hits="77" branch="false"/>
                <line number="103" hits="77" branch="false"/>
                <line number="105" hits="77" branch="false"/>
              </lines>
            </method>
            <method name="missing_variable_summary_fns" signature="" line-rate="1" branch-rate="0" complexity="0">
              <lines>
                <line number="111" hits="6" branch="false"/>
                <line number="113" hits="6" branch="false"/>
                <line number="114" hits="6" branch="false"/>
                <line number="115" hits="6" branch="false"/>
                <line number="116" hits="6" branch="false"/>
                <line number="118" hits="6" branch="false"/>
                <line number="119" hits="6" branch="false"/>
                <line number="120" hits="6" branch="false"/>
                <line number="121" hits="6" branch="false"/>
                <line number="122" hits="6" branch="false"/>
                <line number="123" hits="6" branch="false"/>
                <line number="124" hits="6" branch="false"/>
                <line number="125" hits="6" branch="false"/>
                <line number="126" hits="6" branch="false"/>
                <line number="127" hits="6" branch="false"/>
                <line number="128" hits="6" branch="false"/>
                <line number="129" hits="6" branch="false"/>
                <line number="130" hits="6" branch="false"/>
                <line number="131" hits="6" branch="false"/>
                <line number="132" hits="6" branch="false"/>
                <line number="134" hits="6" branch="false"/>
                <line number="135" hits="6" branch="false"/>
                <line number="136" hits="6" branch="false"/>
              </lines>
            </method>
          </methods>
          <lines>
            <line number="70" hits="47" branch="false"/>
            <line number="73" hits="47" branch="false"/>
            <line number="74" hits="47" branch="false"/>
            <line number="75" hits="47" branch="false"/>
            <line number="76" hits="47" branch="false"/>
            <line number="77" hits="47" branch="false"/>
            <line number="78" hits="47" branch="false"/>
            <line number="79" hits="47" branch="false"/>
            <line number="80" hits="47" branch="false"/>
            <line number="81" hits="47" branch="false"/>
            <line number="82" hits="47" branch="false"/>
            <line number="83" hits="47" branch="false"/>
            <line number="86" hits="47" branch="false"/>
            <line number="87" hits="47" branch="false"/>
            <line number="94" hits="77" branch="false"/>
            <line number="95" hits="77" branch="false"/>
            <line number="96" hits="77" branch="false"/>
            <line number="98" hits="77" branch="false"/>
            <line number="101" hits="77" branch="false"/>
            <line number="102" hits="77" branch="false"/>
            <line number="103" hits="77" branch="false"/>
            <line number="105" hits="77" branch="false"/>
            <line number="111" hits="6" branch="false"/>
            <line number="113" hits="6" branch="false"/>
            <line number="114" hits="6" branch="false"/>
            <line number="115" hits="6" branch="false"/>
            <line number="116" hits="6" branch="false"/>
            <line number="118" hits="6" branch="false"/>
            <line number="119" hits="6" branch="false"/>
            <line number="120" hits="6" branch="false"/>
            <line number="121" hits="6" branch="false"/>
            <line number="122" hits="6" branch="false"/>
            <line number="123" hits="6" branch="false"/>
            <line number="124" hits="6" branch="false"/>
            <line number="125" hits="6" branch="false"/>
            <line number="126" hits="6" branch="false"/>
            <line number="127" hits="6" branch="false"/>
            <line number="128" hits="6" branch="false"/>
            <line number="129" hits="6" branch="false"/>
            <line number="130" hits="6" branch="false"/>
            <line number="131" hits="6" branch="false"/>
            <line number="132" hits="6" branch="false"/>
            <line number="134" hits="6" branch="false"/>
            <line number="135" hits="6" branch="false"/>
            <line number="136" hits="6" branch="false"/>
          </lines>
        </class>
        <class name="tidy_ard_order.R" filename="R/tidy_ard_order.R" line-rate="1" branch-rate="0" complexity="0">
          <methods>
            <method name="tidy_ard_column_order" signature="" line-rate="1" branch-rate="0" complexity="0">
              <lines>
                <line number="32" hits="292" branch="false"/>
                <line number="33" hits="292" branch="false"/>
                <line number="34" hits="292" branch="false"/>
                <line number="36" hits="292" branch="false"/>
                <line number="37" hits="292" branch="false"/>
                <line number="38" hits="292" branch="false"/>
                <line number="39" hits="292" branch="false"/>
                <line number="40" hits="292" branch="false"/>
                <line number="41" hits="292" branch="false"/>
                <line number="42" hits="292" branch="false"/>
                <line number="43" hits="292" branch="false"/>
                <line number="44" hits="292" branch="false"/>
                <line number="45" hits="292" branch="false"/>
                <line number="46" hits="292" branch="false"/>
              </lines>
            </method>
            <method name="tidy_ard_row_order" signature="" line-rate="1" branch-rate="0" complexity="0">
              <lines>
                <line number="53" hits="16" branch="false"/>
                <line number="56" hits="16" branch="false"/>
                <line number="57" hits="16" branch="false"/>
                <line number="58" hits="16" branch="false"/>
                <line number="59" hits="16" branch="false"/>
                <line number="60" hits="16" branch="false"/>
                <line number="61" hits="16" branch="false"/>
                <line number="62" hits="16" branch="false"/>
                <line number="65" hits="16" branch="false"/>
              </lines>
            </method>
          </methods>
          <lines>
            <line number="32" hits="292" branch="false"/>
            <line number="33" hits="292" branch="false"/>
            <line number="34" hits="292" branch="false"/>
            <line number="36" hits="292" branch="false"/>
            <line number="37" hits="292" branch="false"/>
            <line number="38" hits="292" branch="false"/>
            <line number="39" hits="292" branch="false"/>
            <line number="40" hits="292" branch="false"/>
            <line number="41" hits="292" branch="false"/>
            <line number="42" hits="292" branch="false"/>
            <line number="43" hits="292" branch="false"/>
            <line number="44" hits="292" branch="false"/>
            <line number="45" hits="292" branch="false"/>
            <line number="46" hits="292" branch="false"/>
            <line number="53" hits="16" branch="false"/>
            <line number="56" hits="16" branch="false"/>
            <line number="57" hits="16" branch="false"/>
            <line number="58" hits="16" branch="false"/>
            <line number="59" hits="16" branch="false"/>
            <line number="60" hits="16" branch="false"/>
            <line number="61" hits="16" branch="false"/>
            <line number="62" hits="16" branch="false"/>
            <line number="65" hits="16" branch="false"/>
          </lines>
        </class>
        <class name="tidy_as_ard.R" filename="R/tidy_as_ard.R" line-rate="0.710526315789474" branch-rate="0" complexity="0">
          <methods>
            <method name="tidy_as_ard" signature="" line-rate="0.710526315789474" branch-rate="0" complexity="0">
              <lines>
                <line number="64" hits="1" branch="false"/>
                <line number="65" hits="1" branch="false"/>
                <line number="66" hits="1" branch="false"/>
                <line number="67" hits="1" branch="false"/>
                <line number="70" hits="1" branch="false"/>
                <line number="71" hits="1" branch="false"/>
                <line number="72" hits="1" branch="false"/>
                <line number="73" hits="1" branch="false"/>
                <line number="74" hits="1" branch="false"/>
                <line number="75" hits="1" branch="false"/>
                <line number="78" hits="1" branch="false"/>
                <line number="80" hits="1" branch="false"/>
                <line number="81" hits="1" branch="false"/>
                <line number="86" hits="0" branch="false"/>
                <line number="87" hits="0" branch="false"/>
                <line number="88" hits="0" branch="false"/>
                <line number="89" hits="0" branch="false"/>
                <line number="90" hits="0" branch="false"/>
                <line number="91" hits="0" branch="false"/>
                <line number="92" hits="0" branch="false"/>
                <line number="93" hits="0" branch="false"/>
                <line number="94" hits="0" branch="false"/>
                <line number="95" hits="0" branch="false"/>
                <line number="96" hits="0" branch="false"/>
                <line number="100" hits="1" branch="false"/>
                <line number="101" hits="1" branch="false"/>
                <line number="102" hits="1" branch="false"/>
                <line number="103" hits="1" branch="false"/>
                <line number="104" hits="1" branch="false"/>
                <line number="105" hits="1" branch="false"/>
                <line number="106" hits="1" branch="false"/>
                <line number="107" hits="1" branch="false"/>
                <line number="108" hits="1" branch="false"/>
                <line number="109" hits="1" branch="false"/>
                <line number="110" hits="1" branch="false"/>
                <line number="111" hits="1" branch="false"/>
                <line number="112" hits="1" branch="false"/>
                <line number="113" hits="1" branch="false"/>
              </lines>
            </method>
          </methods>
          <lines>
            <line number="64" hits="1" branch="false"/>
            <line number="65" hits="1" branch="false"/>
            <line number="66" hits="1" branch="false"/>
            <line number="67" hits="1" branch="false"/>
            <line number="70" hits="1" branch="false"/>
            <line number="71" hits="1" branch="false"/>
            <line number="72" hits="1" branch="false"/>
            <line number="73" hits="1" branch="false"/>
            <line number="74" hits="1" branch="false"/>
            <line number="75" hits="1" branch="false"/>
            <line number="78" hits="1" branch="false"/>
            <line number="80" hits="1" branch="false"/>
            <line number="81" hits="1" branch="false"/>
            <line number="86" hits="0" branch="false"/>
            <line number="87" hits="0" branch="false"/>
            <line number="88" hits="0" branch="false"/>
            <line number="89" hits="0" branch="false"/>
            <line number="90" hits="0" branch="false"/>
            <line number="91" hits="0" branch="false"/>
            <line number="92" hits="0" branch="false"/>
            <line number="93" hits="0" branch="false"/>
            <line number="94" hits="0" branch="false"/>
            <line number="95" hits="0" branch="false"/>
            <line number="96" hits="0" branch="false"/>
            <line number="100" hits="1" branch="false"/>
            <line number="101" hits="1" branch="false"/>
            <line number="102" hits="1" branch="false"/>
            <line number="103" hits="1" branch="false"/>
            <line number="104" hits="1" branch="false"/>
            <line number="105" hits="1" branch="false"/>
            <line number="106" hits="1" branch="false"/>
            <line number="107" hits="1" branch="false"/>
            <line number="108" hits="1" branch="false"/>
            <line number="109" hits="1" branch="false"/>
            <line number="110" hits="1" branch="false"/>
            <line number="111" hits="1" branch="false"/>
            <line number="112" hits="1" branch="false"/>
            <line number="113" hits="1" branch="false"/>
          </lines>
        </class>
        <class name="utils.R" filename="R/utils.R" line-rate="1" branch-rate="0" complexity="0">
          <methods>
            <method name=".unique_and_sorted" signature="" line-rate="1" branch-rate="0" complexity="0">
              <lines>
                <line number="22" hits="328" branch="false"/>
                <line number="24" hits="328" branch="false"/>
                <line number="25" hits="4" branch="false"/>
                <line number="26" hits="4" branch="false"/>
                <line number="27" hits="4" branch="false"/>
                <line number="28" hits="4" branch="false"/>
                <line number="29" hits="4" branch="false"/>
                <line number="30" hits="4" branch="false"/>
                <line number="31" hits="4" branch="false"/>
                <line number="33" hits="324" branch="false"/>
                <line number="34" hits="10" branch="false"/>
                <line number="35" hits="2" branch="false"/>
                <line number="39" hits="231" branch="false"/>
                <line number="40" hits="81" branch="false"/>
              </lines>
            </method>
            <method name=".is_named_list" signature="" line-rate="1" branch-rate="0" complexity="0">
              <lines>
                <line number="58" hits="2171" branch="false"/>
                <line number="59" hits="1161" branch="false"/>
                <line number="61" hits="1010" branch="false"/>
                <line number="62" hits="1010" branch="false"/>
              </lines>
            </method>
            <method name=".purrr_list_flatten" signature="" line-rate="1" branch-rate="0" complexity="0">
              <lines>
                <line number="81" hits="411" branch="false"/>
                <line number="83" hits="411" branch="false"/>
                <line number="84" hits="278" branch="false"/>
                <line number="85" hits="277" branch="false"/>
                <line number="87" hits="1" branch="false"/>
                <line number="91" hits="411" branch="false"/>
              </lines>
            </method>
          </methods>
          <lines>
            <line number="22" hits="328" branch="false"/>
            <line number="24" hits="328" branch="false"/>
            <line number="25" hits="4" branch="false"/>
            <line number="26" hits="4" branch="false"/>
            <line number="27" hits="4" branch="false"/>
            <line number="28" hits="4" branch="false"/>
            <line number="29" hits="4" branch="false"/>
            <line number="30" hits="4" branch="false"/>
            <line number="31" hits="4" branch="false"/>
            <line number="33" hits="324" branch="false"/>
            <line number="34" hits="10" branch="false"/>
            <line number="35" hits="2" branch="false"/>
            <line number="39" hits="231" branch="false"/>
            <line number="40" hits="81" branch="false"/>
            <line number="58" hits="2171" branch="false"/>
            <line number="59" hits="1161" branch="false"/>
            <line number="61" hits="1010" branch="false"/>
            <line number="62" hits="1010" branch="false"/>
            <line number="81" hits="411" branch="false"/>
            <line number="83" hits="411" branch="false"/>
            <line number="84" hits="278" branch="false"/>
            <line number="85" hits="277" branch="false"/>
            <line number="87" hits="1" branch="false"/>
            <line number="91" hits="411" branch="false"/>
          </lines>
        </class>
      </classes>
    </package>
  </packages>
</coverage>
