<?xml version="1.0" encoding="UTF-8"?>
<testsuites>
  <testsuite name="apply_fmt_fun" timestamp="2026-01-16T00:08:37Z" hostname="e54fd2f5cb59" tests="2" skipped="0" failures="0" errors="0" time="1.244">
    <testcase time="1.223" classname="character(0)" name="apply_fmt_fun_works"/>
    <testcase time="0.0209999999999999" classname="character(0)" name="apply_fmt_fun_works"/>
  </testsuite>
  <testsuite name="apply_fmt_fun" timestamp="2026-01-16T00:08:37Z" hostname="e54fd2f5cb59" tests="1" skipped="0" failures="0" errors="0" time="0.008">
    <testcase time="0.00800000000000001" classname="character(0)" name="apply_fmt_fun_works_with_integer_specification"/>
  </testsuite>
  <testsuite name="apply_fmt_fun" timestamp="2026-01-16T00:08:37Z" hostname="e54fd2f5cb59" tests="3" skipped="0" failures="0" errors="1" time="0.028">
    <testcase time="0.0150000000000001" classname="character(0)" name="apply_fmt_fun_works_with_xx_specification"/>
    <testcase time="0.00099999999999989" classname="character(0)" name="apply_fmt_fun_works_with_xx_specification"/>
    <testcase time="0.012" classname="character(0)" name="apply_fmt_fun_works_with_xx_specification">
      <error type="error" message="Error in `ard_tabulate.data.frame(data = mtcars, variables = am, fmt_fun = list(am = list(n = &quot;xx&quot;, N = &quot;xx&quot;, p = &quot;xx.xx%&quot;)))`: object 'denominator' not found ('test-apply_fmt_fun.R:66:3')">Error in `ard_tabulate.data.frame(data = mtcars, variables = am, fmt_fun = list(am = list(n = "xx", N = "xx", p = "xx.xx%")))`: object 'denominator' not found
Backtrace:
     ▆
  1. ├─testthat::expect_equal(...) at test-apply_fmt_fun.R:66:3
  2. │ └─testthat::quasi_label(enquo(object), label)
  3. │   └─rlang::eval_bare(expr, quo_get_env(quo))
  4. ├─base::unname(...)
  5. ├─base::unlist(...)
  6. ├─dplyr::pull(...)
  7. ├─cards::apply_fmt_fun(...)
  8. │ └─cards:::check_class(x, cls = "card")
  9. ├─cards::ard_tabulate(...)
 10. └─cards:::ard_tabulate.data.frame(...)
 11.   └─base::is.data.frame(denominator)</error>
    </testcase>
  </testsuite>
  <testsuite name="apply_fmt_fun" timestamp="2026-01-16T00:08:37Z" hostname="e54fd2f5cb59" tests="4" skipped="0" failures="0" errors="0" time="0.03">
    <testcase time="0.028" classname="character(0)" name="apply_fmt_fun_error_messaging"/>
    <testcase time="0" classname="character(0)" name="apply_fmt_fun_error_messaging"/>
    <testcase time="0.00099999999999989" classname="character(0)" name="apply_fmt_fun_error_messaging"/>
    <testcase time="0.00100000000000033" classname="character(0)" name="apply_fmt_fun_error_messaging"/>
  </testsuite>
  <testsuite name="apply_fmt_fun" timestamp="2026-01-16T00:08:37Z" hostname="e54fd2f5cb59" tests="1" skipped="0" failures="0" errors="1" time="0.002">
    <testcase time="0.00199999999999978" classname="character(0)" name="apply_fmt_fun_replace_">
      <error type="error" message="Error in `ard_tabulate.data.frame(ADSL, variables = AGEGR1, statistic = ~&quot;n&quot;)`: object 'denominator' not found ('test-apply_fmt_fun.R:123:3')">Error in `ard_tabulate.data.frame(ADSL, variables = AGEGR1, statistic = ~"n")`: object 'denominator' not found
Backtrace:
    ▆
 1. ├─dplyr::mutate(...) at test-apply_fmt_fun.R:123:3
 2. ├─cards::ard_tabulate(ADSL, variables = AGEGR1, statistic = ~"n")
 3. └─cards:::ard_tabulate.data.frame(ADSL, variables = AGEGR1, statistic = ~"n")
 4.   └─base::is.data.frame(denominator)</error>
    </testcase>
  </testsuite>
  <testsuite name="add_calculated_row" timestamp="2026-01-16T00:08:37Z" hostname="e54fd2f5cb59" tests="2" skipped="0" failures="0" errors="0" time="0.057">
    <testcase time="0.056" classname="character(0)" name="add_calculated_row_x_"/>
    <testcase time="0.00099999999999989" classname="character(0)" name="add_calculated_row_x_"/>
  </testsuite>
  <testsuite name="add_calculated_row" timestamp="2026-01-16T00:08:37Z" hostname="e54fd2f5cb59" tests="1" skipped="0" failures="0" errors="0" time="0.002">
    <testcase time="0.00200000000000022" classname="character(0)" name="add_calculated_row_expr_messaging"/>
  </testsuite>
  <testsuite name="add_calculated_row" timestamp="2026-01-16T00:08:37Z" hostname="e54fd2f5cb59" tests="1" skipped="0" failures="0" errors="0" time="0.001">
    <testcase time="0.00099999999999989" classname="character(0)" name="add_calculated_row_by_messaging"/>
  </testsuite>
  <testsuite name="ard_formals" timestamp="2026-01-16T00:08:37Z" hostname="e54fd2f5cb59" tests="2" skipped="0" failures="0" errors="0" time="0.099">
    <testcase time="0.0979999999999999" classname="character(0)" name="ard_formals_works"/>
    <testcase time="0.00099999999999989" classname="character(0)" name="ard_formals_works"/>
  </testsuite>
  <testsuite name="ard_attributes" timestamp="2026-01-16T00:08:37Z" hostname="e54fd2f5cb59" tests="1" skipped="0" failures="0" errors="0" time="0.146">
    <testcase time="0.146" classname="character(0)" name="ard_attributes_works"/>
  </testsuite>
  <testsuite name="ard_attributes" timestamp="2026-01-16T00:08:37Z" hostname="e54fd2f5cb59" tests="1" skipped="0" failures="0" errors="0" time="0.001">
    <testcase time="0.00099999999999989" classname="character(0)" name="ard_attributes_errors_when_there_is_no_dataframe"/>
  </testsuite>
  <testsuite name="ard_attributes" timestamp="2026-01-16T00:08:37Z" hostname="e54fd2f5cb59" tests="1" skipped="0" failures="0" errors="0" time="0.002">
    <testcase time="0.00199999999999978" classname="character(0)" name="ard_attributes_follows_ard_structure"/>
  </testsuite>
  <testsuite name="ard_attributes" timestamp="2026-01-16T00:08:37Z" hostname="e54fd2f5cb59" tests="1" skipped="0" failures="0" errors="0" time="0.001">
    <testcase time="0.00100000000000033" classname="character(0)" name="ard_attributes_requires_label_as_a_named_list"/>
  </testsuite>
  <testsuite name="ard_identity" timestamp="2026-01-16T00:08:37Z" hostname="e54fd2f5cb59" tests="3" skipped="0" failures="0" errors="0" time="0.19">
    <testcase time="0.188" classname="character(0)" name="ard_identity_works"/>
    <testcase time="0.00100000000000033" classname="character(0)" name="ard_identity_works"/>
    <testcase time="0.00099999999999989" classname="character(0)" name="ard_identity_works"/>
  </testsuite>
  <testsuite name="ard_identity" timestamp="2026-01-16T00:08:37Z" hostname="e54fd2f5cb59" tests="1" skipped="0" failures="0" errors="0" time="0.001">
    <testcase time="0.00099999999999989" classname="character(0)" name="ard_identity_messaging"/>
  </testsuite>
  <testsuite name="ard_missing" timestamp="2026-01-16T00:08:38Z" hostname="e54fd2f5cb59" tests="3" skipped="0" failures="0" errors="0" time="0.724">
    <testcase time="0.723" classname="character(0)" name="ard_missing_works"/>
    <testcase time="0" classname="character(0)" name="ard_missing_works"/>
    <testcase time="0.00100000000000033" classname="character(0)" name="ard_missing_works"/>
  </testsuite>
  <testsuite name="ard_missing" timestamp="2026-01-16T00:08:38Z" hostname="e54fd2f5cb59" tests="3" skipped="0" failures="0" errors="0" time="0.003">
    <testcase time="0.00199999999999978" classname="character(0)" name="ard_missing_stat_label_argument_works"/>
    <testcase time="0" classname="character(0)" name="ard_missing_stat_label_argument_works"/>
    <testcase time="0.00099999999999989" classname="character(0)" name="ard_missing_stat_label_argument_works"/>
  </testsuite>
  <testsuite name="ard_missing" timestamp="2026-01-16T00:08:38Z" hostname="e54fd2f5cb59" tests="1" skipped="0" failures="0" errors="0" time="0.001">
    <testcase time="0.00100000000000033" classname="character(0)" name="ard_missing_with_grouped_data_works"/>
  </testsuite>
  <testsuite name="ard_missing" timestamp="2026-01-16T00:08:38Z" hostname="e54fd2f5cb59" tests="1" skipped="0" failures="0" errors="0" time="0.002">
    <testcase time="0.00199999999999978" classname="character(0)" name="ard_missing_follows_ard_structure"/>
  </testsuite>
  <testsuite name="ard_hierarchical" timestamp="2026-01-16T00:08:38Z" hostname="e54fd2f5cb59" tests="1" skipped="0" failures="0" errors="1" time="0.152">
    <testcase time="0.152" classname="character(0)" name="ard_hierarchical_works_without_by_variables">
      <error type="error" message="&lt;rlib_error_dots_unused/rlib_error_dots/rlang_error/error/condition&gt; ('test-ard_hierarchical.R:3:3')">&lt;rlib_error_dots_unused/rlib_error_dots/rlang_error/error/condition&gt;
Error in `ard_tabulate(data = data, variables = "...ard_dummy_for_counting...", by = all_of(by), strata = all_of(variables), statistic = statistic, denominator = denominator, fmt_fun = fmt_fun, stat_label = stat_label)`: Arguments in `...` must be used.
x Problematic argument:
* denominator = denominator
i Did you misspell an argument name?
Backtrace:
     ▆
  1. ├─testthat::expect_error(...) at test-ard_hierarchical.R:3:3
  2. │ └─testthat:::expect_condition_matching_(...)
  3. │   └─testthat:::quasi_capture(...)
  4. │     ├─testthat (local) .capture(...)
  5. │     │ └─base::withCallingHandlers(...)
  6. │     └─rlang::eval_bare(quo_get_expr(.quo), quo_get_env(.quo))
  7. ├─cards::ard_hierarchical(...)
  8. └─cards:::ard_hierarchical.data.frame(...)
  9.   ├─cards::ard_tabulate(...)
 10.   └─cards:::ard_tabulate.data.frame(...)
 11.     └─rlang (local) `&lt;fn&gt;`()
 12.       └─rlang:::check_dots(env, error, action, call)
 13.         └─rlang:::action_dots(...)
 14.           ├─base (local) try_dots(...)
 15.           └─rlang (local) action(...)</error>
    </testcase>
  </testsuite>
  <testsuite name="ard_hierarchical" timestamp="2026-01-16T00:08:38Z" hostname="e54fd2f5cb59" tests="1" skipped="0" failures="0" errors="1" time="0.069">
    <testcase time="0.069" classname="character(0)" name="ard_hierarchical_works_with_by_variable">
      <error type="error" message="&lt;rlib_error_dots_unused/rlib_error_dots/rlang_error/error/condition&gt; ('test-ard_hierarchical.R:36:3')">&lt;rlib_error_dots_unused/rlib_error_dots/rlang_error/error/condition&gt;
Error in `ard_tabulate(data = data, variables = "...ard_dummy_for_counting...", by = all_of(by), strata = all_of(variables), statistic = statistic, denominator = denominator, fmt_fun = fmt_fun, stat_label = stat_label)`: Arguments in `...` must be used.
x Problematic argument:
* denominator = denominator
i Did you misspell an argument name?
Backtrace:
     ▆
  1. ├─testthat::expect_error(...) at test-ard_hierarchical.R:36:3
  2. │ └─testthat:::expect_condition_matching_(...)
  3. │   └─testthat:::quasi_capture(...)
  4. │     ├─testthat (local) .capture(...)
  5. │     │ └─base::withCallingHandlers(...)
  6. │     └─rlang::eval_bare(quo_get_expr(.quo), quo_get_env(.quo))
  7. ├─cards::ard_hierarchical(...)
  8. └─cards:::ard_hierarchical.data.frame(...)
  9.   ├─cards::ard_tabulate(...)
 10.   └─cards:::ard_tabulate.data.frame(...)
 11.     └─rlang (local) `&lt;fn&gt;`()
 12.       └─rlang:::check_dots(env, error, action, call)
 13.         └─rlang:::action_dots(...)
 14.           ├─base (local) try_dots(...)
 15.           └─rlang (local) action(...)</error>
    </testcase>
  </testsuite>
  <testsuite name="ard_hierarchical" timestamp="2026-01-16T00:08:38Z" hostname="e54fd2f5cb59" tests="1" skipped="0" failures="0" errors="1" time="0.048">
    <testcase time="0.048" classname="character(0)" name="ard_hierarchical_works_with_by_variable_not_present_in_denominator_">
      <error type="error" message="&lt;rlib_error_dots_unused/rlib_error_dots/rlang_error/error/condition&gt; ('test-ard_hierarchical.R:71:3')">&lt;rlib_error_dots_unused/rlib_error_dots/rlang_error/error/condition&gt;
Error in `ard_tabulate(data = data, variables = "...ard_dummy_for_counting...", by = all_of(by), strata = all_of(variables), statistic = statistic, denominator = denominator, fmt_fun = fmt_fun, stat_label = stat_label)`: Arguments in `...` must be used.
x Problematic argument:
* denominator = denominator
i Did you misspell an argument name?
Backtrace:
     ▆
  1. ├─testthat::expect_error(...) at test-ard_hierarchical.R:71:3
  2. │ └─testthat:::expect_condition_matching_(...)
  3. │   └─testthat:::quasi_capture(...)
  4. │     ├─testthat (local) .capture(...)
  5. │     │ └─base::withCallingHandlers(...)
  6. │     └─rlang::eval_bare(quo_get_expr(.quo), quo_get_env(.quo))
  7. ├─cards::ard_hierarchical(...)
  8. └─cards:::ard_hierarchical.data.frame(...)
  9.   ├─cards::ard_tabulate(...)
 10.   └─cards:::ard_tabulate.data.frame(...)
 11.     └─rlang (local) `&lt;fn&gt;`()
 12.       └─rlang:::check_dots(env, error, action, call)
 13.         └─rlang:::action_dots(...)
 14.           ├─base (local) try_dots(...)
 15.           └─rlang (local) action(...)</error>
    </testcase>
  </testsuite>
  <testsuite name="ard_hierarchical" timestamp="2026-01-16T00:08:38Z" hostname="e54fd2f5cb59" tests="1" skipped="0" failures="0" errors="0" time="0.064">
    <testcase time="0.0640000000000001" classname="character(0)" name="ard_hierarchical_works_without_any_variables"/>
  </testsuite>
  <testsuite name="ard_hierarchical" timestamp="2026-01-16T00:08:38Z" hostname="e54fd2f5cb59" tests="1" skipped="0" failures="0" errors="1" time="0.003">
    <testcase time="0.00299999999999967" classname="character(0)" name="ard_hierarchical_id_argument_works">
      <error type="error" message="&lt;rlib_error_dots_unused/rlib_error_dots/rlang_error/error/condition&gt; ('test-ard_hierarchical.R:118:3')">&lt;rlib_error_dots_unused/rlib_error_dots/rlang_error/error/condition&gt;
Error in `ard_tabulate(data = data, variables = "...ard_dummy_for_counting...", by = all_of(by), strata = all_of(variables), statistic = statistic, denominator = denominator, fmt_fun = fmt_fun, stat_label = stat_label)`: Arguments in `...` must be used.
x Problematic argument:
* denominator = denominator
i Did you misspell an argument name?
Backtrace:
     ▆
  1. ├─utils::head(...)
  2. ├─cards::ard_hierarchical(...)
  3. └─cards:::ard_hierarchical.data.frame(...)
  4.   ├─cards::ard_tabulate(...)
  5.   └─cards:::ard_tabulate.data.frame(...)
  6.     └─rlang (local) `&lt;fn&gt;`()
  7.       └─rlang:::check_dots(env, error, action, call)
  8.         └─rlang:::action_dots(...)
  9.           ├─base (local) try_dots(...)
 10.           └─rlang (local) action(...)</error>
    </testcase>
  </testsuite>
  <testsuite name="ard_hierarchical" timestamp="2026-01-16T00:08:38Z" hostname="e54fd2f5cb59" tests="2" skipped="0" failures="1" errors="1" time="0.071">
    <testcase time="0.0470000000000002" classname="character(0)" name="ard_hierarchical_count_works_without_by_variables">
      <failure type="failure" message="Expected `... &lt;- NULL` not to throw any errors. ('test-ard_hierarchical.R:144:3')">Expected `... &lt;- NULL` not to throw any errors.
Actually got a &lt;simpleError&gt; with message:
  object 'denominator' not found
Backtrace:
     ▆
  1. ├─testthat::expect_error(...) at test-ard_hierarchical.R:144:3
  2. │ └─testthat:::expect_condition_matching_(...)
  3. │   └─testthat:::quasi_capture(...)
  4. │     ├─testthat (local) .capture(...)
  5. │     │ └─base::withCallingHandlers(...)
  6. │     └─rlang::eval_bare(quo_get_expr(.quo), quo_get_env(.quo))
  7. ├─cards::ard_hierarchical_count(...)
  8. └─cards:::ard_hierarchical_count.data.frame(...)
  9.   ├─cards::as_card(...)
 10.   │ └─cards:::check_class(x, cls = "data.frame")
 11.   ├─dplyr::mutate(...)
 12.   ├─cards:::.rename_last_group_as_variable(...)
 13.   │ ├─dplyr::rename(...)
 14.   │ └─dplyr::select(df_result, -all_ard_variables())
 15.   ├─cards::ard_tabulate(...)
 16.   └─cards:::ard_tabulate.data.frame(...)
 17.     └─base::is.data.frame(denominator)</failure>
    </testcase>
    <testcase time="0.024" classname="character(0)" name="ard_hierarchical_count_works_without_by_variables">
      <error type="error" message="Error: object 'ard_heir_no_by' not found ('test-ard_hierarchical.R:152:3')">Error: object 'ard_heir_no_by' not found</error>
    </testcase>
  </testsuite>
  <testsuite name="ard_hierarchical" timestamp="2026-01-16T00:08:38Z" hostname="e54fd2f5cb59" tests="2" skipped="0" failures="1" errors="1" time="0.033">
    <testcase time="0.012" classname="character(0)" name="ard_hierarchical_count_works_with_by_variable">
      <failure type="failure" message="Expected `... &lt;- NULL` not to throw any errors. ('test-ard_hierarchical.R:190:3')">Expected `... &lt;- NULL` not to throw any errors.
Actually got a &lt;simpleError&gt; with message:
  object 'denominator' not found
Backtrace:
     ▆
  1. ├─testthat::expect_error(...) at test-ard_hierarchical.R:190:3
  2. │ └─testthat:::expect_condition_matching_(...)
  3. │   └─testthat:::quasi_capture(...)
  4. │     ├─testthat (local) .capture(...)
  5. │     │ └─base::withCallingHandlers(...)
  6. │     └─rlang::eval_bare(quo_get_expr(.quo), quo_get_env(.quo))
  7. ├─cards::ard_hierarchical_count(...)
  8. └─cards:::ard_hierarchical_count.data.frame(...)
  9.   ├─cards::as_card(...)
 10.   │ └─cards:::check_class(x, cls = "data.frame")
 11.   ├─dplyr::mutate(...)
 12.   ├─cards:::.rename_last_group_as_variable(...)
 13.   │ ├─dplyr::rename(...)
 14.   │ └─dplyr::select(df_result, -all_ard_variables())
 15.   ├─cards::ard_tabulate(...)
 16.   └─cards:::ard_tabulate.data.frame(...)
 17.     └─base::is.data.frame(denominator)</failure>
    </testcase>
    <testcase time="0.0209999999999999" classname="character(0)" name="ard_hierarchical_count_works_with_by_variable">
      <error type="error" message="Error in `eval(code, test_env)`: object 'ard_heir_with_by' not found ('test-ard_hierarchical.R:200:3')">Error in `eval(code, test_env)`: object 'ard_heir_with_by' not found
Backtrace:
    ▆
 1. ├─testthat::expect_equal(...) at test-ard_hierarchical.R:200:3
 2. │ └─testthat::quasi_label(enquo(object), label)
 3. │   └─rlang::eval_bare(expr, quo_get_env(quo))
 4. ├─cards::get_ard_statistics(...)
 5. │ └─dplyr::filter(x, ...)
 6. └─dplyr::filter(...)</error>
    </testcase>
  </testsuite>
  <testsuite name="ard_hierarchical" timestamp="2026-01-16T00:08:38Z" hostname="e54fd2f5cb59" tests="2" skipped="0" failures="1" errors="1" time="0.042">
    <testcase time="0.0209999999999999" classname="character(0)" name="ard_hierarchical_count_works_with_by_variable_not_present_in_denominator_">
      <failure type="failure" message="Expected `... &lt;- NULL` not to throw any errors. ('test-ard_hierarchical.R:221:3')">Expected `... &lt;- NULL` not to throw any errors.
Actually got a &lt;simpleError&gt; with message:
  object 'denominator' not found
Backtrace:
     ▆
  1. ├─testthat::expect_error(...) at test-ard_hierarchical.R:221:3
  2. │ └─testthat:::expect_condition_matching_(...)
  3. │   └─testthat:::quasi_capture(...)
  4. │     ├─testthat (local) .capture(...)
  5. │     │ └─base::withCallingHandlers(...)
  6. │     └─rlang::eval_bare(quo_get_expr(.quo), quo_get_env(.quo))
  7. ├─cards::ard_hierarchical_count(...)
  8. └─cards:::ard_hierarchical_count.data.frame(...)
  9.   ├─cards::as_card(...)
 10.   │ └─cards:::check_class(x, cls = "data.frame")
 11.   ├─dplyr::mutate(...)
 12.   ├─cards:::.rename_last_group_as_variable(...)
 13.   │ ├─dplyr::rename(...)
 14.   │ └─dplyr::select(df_result, -all_ard_variables())
 15.   ├─cards::ard_tabulate(...)
 16.   └─cards:::ard_tabulate.data.frame(...)
 17.     └─base::is.data.frame(denominator)</failure>
    </testcase>
    <testcase time="0.0210000000000004" classname="character(0)" name="ard_hierarchical_count_works_with_by_variable_not_present_in_denominator_">
      <error type="error" message="Error in `eval(code, test_env)`: object 'ard_heir_with_by' not found ('test-ard_hierarchical.R:231:3')">Error in `eval(code, test_env)`: object 'ard_heir_with_by' not found
Backtrace:
    ▆
 1. ├─testthat::expect_equal(...) at test-ard_hierarchical.R:231:3
 2. │ └─testthat::quasi_label(enquo(object), label)
 3. │   └─rlang::eval_bare(expr, quo_get_env(quo))
 4. ├─cards::get_ard_statistics(...)
 5. │ └─dplyr::filter(x, ...)
 6. └─dplyr::filter(...)</error>
    </testcase>
  </testsuite>
  <testsuite name="ard_hierarchical" timestamp="2026-01-16T00:08:38Z" hostname="e54fd2f5cb59" tests="1" skipped="0" failures="0" errors="0" time="0.021">
    <testcase time="0.0209999999999999" classname="character(0)" name="ard_hierarchical_count_works_without_any_variables"/>
  </testsuite>
  <testsuite name="ard_hierarchical" timestamp="2026-01-16T00:08:39Z" hostname="e54fd2f5cb59" tests="2" skipped="0" failures="0" errors="2" time="0.021">
    <testcase time="0.00300000000000011" classname="character(0)" name="ard_hierarchical_and_ard_hierarchical_count_with_grouped_data_works">
      <error type="error" message="Error in `ard_tabulate.data.frame(data = data, variables = &quot;...ard_dummy_for_counting...&quot;, by = all_of(by), strata = all_of(variables), statistic = statistic, denominator = denominator, fmt_fun = fmt_fun, stat_label = stat_label)`: object 'denominator' not found ('test-ard_hierarchical.R:265:3')">Error in `ard_tabulate.data.frame(data = data, variables = "...ard_dummy_for_counting...", by = all_of(by), strata = all_of(variables), statistic = statistic, denominator = denominator, fmt_fun = fmt_fun, stat_label = stat_label)`: object 'denominator' not found
Backtrace:
    ▆
 1. ├─testthat::expect_equal(...) at test-ard_hierarchical.R:265:3
 2. │ └─testthat::quasi_label(enquo(object), label)
 3. │   └─rlang::eval_bare(expr, quo_get_env(quo))
 4. ├─cards::ard_hierarchical(...)
 5. └─cards:::ard_hierarchical.data.frame(...)
 6.   ├─cards::ard_tabulate(...)
 7.   └─cards:::ard_tabulate.data.frame(...)
 8.     └─base::is.data.frame(denominator)</error>
    </testcase>
    <testcase time="0.0179999999999998" classname="character(0)" name="ard_hierarchical_and_ard_hierarchical_count_with_grouped_data_works">
      <error type="error" message="&lt;rlib_error_dots_unused/rlib_error_dots/rlang_error/error/condition&gt; ('test-ard_hierarchical.R:265:3')">&lt;rlib_error_dots_unused/rlib_error_dots/rlang_error/error/condition&gt;
Error in `ard_tabulate(data = data, variables = "...ard_dummy_for_counting...", by = all_of(by), strata = all_of(variables), statistic = statistic, denominator = denominator, fmt_fun = fmt_fun, stat_label = stat_label)`: Arguments in `...` must be used.
x Problematic argument:
* denominator = denominator
i Did you misspell an argument name?
Backtrace:
     ▆
  1. ├─testthat::expect_equal(...) at test-ard_hierarchical.R:265:3
  2. │ └─testthat::quasi_label(enquo(object), label)
  3. │   └─rlang::eval_bare(expr, quo_get_env(quo))
  4. ├─cards::ard_hierarchical(...)
  5. └─cards:::ard_hierarchical.data.frame(...)
  6.   ├─cards::ard_tabulate(...)
  7.   └─cards:::ard_tabulate.data.frame(...)
  8.     └─rlang (local) `&lt;fn&gt;`()
  9.       └─rlang:::check_dots(env, error, action, call)
 10.         └─rlang:::action_dots(...)
 11.           ├─base (local) try_dots(...)
 12.           └─rlang (local) action(...)</error>
    </testcase>
  </testsuite>
  <testsuite name="ard_hierarchical" timestamp="2026-01-16T00:08:39Z" hostname="e54fd2f5cb59" tests="1" skipped="0" failures="0" errors="1" time="0.048">
    <testcase time="0.048" classname="character(0)" name="ard_hierarchical_follows_ard_structure">
      <error type="error" message="Error in `ard_tabulate.data.frame(data = data, variables = &quot;...ard_dummy_for_counting...&quot;, by = all_of(by), strata = all_of(variables), statistic = everything() ~ &quot;n&quot;, fmt_fun = fmt_fun, stat_label = stat_label)`: object 'denominator' not found ('test-ard_hierarchical.R:295:3')">Error in `ard_tabulate.data.frame(data = data, variables = "...ard_dummy_for_counting...", by = all_of(by), strata = all_of(variables), statistic = everything() ~ "n", fmt_fun = fmt_fun, stat_label = stat_label)`: object 'denominator' not found
Backtrace:
     ▆
  1. ├─testthat::expect_silent(...) at test-ard_hierarchical.R:295:3
  2. │ └─testthat:::quasi_capture(enquo(object), NULL, evaluate_promise)
  3. │   ├─testthat (local) .capture(...)
  4. │   │ ├─withr::with_output_sink(...)
  5. │   │ │ └─base::force(code)
  6. │   │ ├─base::withCallingHandlers(...)
  7. │   │ └─base::withVisible(code)
  8. │   └─rlang::eval_bare(quo_get_expr(.quo), quo_get_env(.quo))
  9. ├─cards::check_ard_structure(...)
 10. ├─cards::ard_hierarchical_count(...)
 11. └─cards:::ard_hierarchical_count.data.frame(...)
 12.   ├─cards::as_card(...)
 13.   │ └─cards:::check_class(x, cls = "data.frame")
 14.   ├─dplyr::mutate(...)
 15.   ├─cards:::.rename_last_group_as_variable(...)
 16.   │ ├─dplyr::rename(...)
 17.   │ └─dplyr::select(df_result, -all_ard_variables())
 18.   ├─cards::ard_tabulate(...)
 19.   └─cards:::ard_tabulate.data.frame(...)
 20.     └─base::is.data.frame(denominator)</error>
    </testcase>
  </testsuite>
  <testsuite name="ard_hierarchical" timestamp="2026-01-16T00:08:39Z" hostname="e54fd2f5cb59" tests="2" skipped="0" failures="2" errors="0" time="0.04">
    <testcase time="0.028" classname="character(0)" name="ard_hierarchical_errors_with_incomplete_factor_columns">
      <failure type="failure" message="Snapshot of code has changed: ('test-ard_hierarchical.R:307:3')">Snapshot of code has changed:
old[4:6] vs new[4:11]
    variables = c(vs, am))
  Condition
    Error in `ard_hierarchical()`:
    ! Factors with empty "levels" attribute are not allowed, which was identified in column "am".
+   Error in `ard_tabulate()`:
+   ! Arguments in `...` must be used.
+   x Problematic argument:
+   * denominator = denominator
+   i Did you misspell an argument name?
* Run `testthat::snapshot_accept("ard_hierarchical", "testthat")` to accept the change.
* Run `testthat::snapshot_review("ard_hierarchical", "testthat")` to review the change.</failure>
    </testcase>
    <testcase time="0.012" classname="character(0)" name="ard_hierarchical_errors_with_incomplete_factor_columns">
      <failure type="failure" message="Snapshot of code has changed: ('test-ard_hierarchical.R:317:3')">Snapshot of code has changed:
old[4:6] vs new[4:11]
    exclude = NULL)), variables = c(vs, am))
  Condition
    Error in `ard_hierarchical()`:
    ! Factors with NA levels are not allowed, which are present in column "am".
+   Error in `ard_tabulate()`:
+   ! Arguments in `...` must be used.
+   x Problematic argument:
+   * denominator = denominator
+   i Did you misspell an argument name?
* Run `testthat::snapshot_accept("ard_hierarchical", "testthat")` to accept the change.
* Run `testthat::snapshot_review("ard_hierarchical", "testthat")` to review the change.</failure>
    </testcase>
  </testsuite>
  <testsuite name="ard_hierarchical" timestamp="2026-01-16T00:08:39Z" hostname="e54fd2f5cb59" tests="2" skipped="0" failures="0" errors="0" time="0.011">
    <testcase time="0.0109999999999997" classname="character(0)" name="ard_hierarchical_count_errors_with_incomplete_factor_columns"/>
    <testcase time="0" classname="character(0)" name="ard_hierarchical_count_errors_with_incomplete_factor_columns"/>
  </testsuite>
  <testsuite name="ard_hierarchical" timestamp="2026-01-16T00:08:39Z" hostname="e54fd2f5cb59" tests="1" skipped="0" failures="0" errors="1" time="0.004">
    <testcase time="0.00400000000000045" classname="character(0)" name="ard_hierarchical_count_provides_correct_results_with_10_groups">
      <error type="error" message="Error in `ard_tabulate.data.frame(data = data, variables = &quot;...ard_dummy_for_counting...&quot;, by = all_of(by), strata = all_of(variables), statistic = everything() ~ &quot;n&quot;, fmt_fun = fmt_fun, stat_label = stat_label)`: object 'denominator' not found ('test-ard_hierarchical.R:354:3')">Error in `ard_tabulate.data.frame(data = data, variables = "...ard_dummy_for_counting...", by = all_of(by), strata = all_of(variables), statistic = everything() ~ "n", fmt_fun = fmt_fun, stat_label = stat_label)`: object 'denominator' not found
Backtrace:
     ▆
  1. ├─testthat::expect_silent(...) at test-ard_hierarchical.R:354:3
  2. │ └─testthat:::quasi_capture(enquo(object), NULL, evaluate_promise)
  3. │   ├─testthat (local) .capture(...)
  4. │   │ ├─withr::with_output_sink(...)
  5. │   │ │ └─base::force(code)
  6. │   │ ├─base::withCallingHandlers(...)
  7. │   │ └─base::withVisible(code)
  8. │   └─rlang::eval_bare(quo_get_expr(.quo), quo_get_env(.quo))
  9. ├─... %&gt;% ...
 10. ├─cards::ard_hierarchical_count(data = ., variables = names(.))
 11. └─cards:::ard_hierarchical_count.data.frame(data = ., variables = names(.))
 12.   ├─cards::as_card(...)
 13.   │ └─cards:::check_class(x, cls = "data.frame")
 14.   ├─dplyr::mutate(...)
 15.   ├─cards:::.rename_last_group_as_variable(...)
 16.   │ ├─dplyr::rename(...)
 17.   │ └─dplyr::select(df_result, -all_ard_variables())
 18.   ├─cards::ard_tabulate(...)
 19.   └─cards:::ard_tabulate.data.frame(...)
 20.     └─base::is.data.frame(denominator)</error>
    </testcase>
  </testsuite>
  <testsuite name="ard_mvsummary" timestamp="2026-01-16T00:08:39Z" hostname="e54fd2f5cb59" tests="5" skipped="0" failures="0" errors="0" time="0.522">
    <testcase time="0.52" classname="character(0)" name="ard_mvsummary_works"/>
    <testcase time="0" classname="character(0)" name="ard_mvsummary_works"/>
    <testcase time="0.00100000000000033" classname="character(0)" name="ard_mvsummary_works"/>
    <testcase time="0.00100000000000033" classname="character(0)" name="ard_mvsummary_works"/>
    <testcase time="0" classname="character(0)" name="ard_mvsummary_works"/>
  </testsuite>
  <testsuite name="ard_mvsummary" timestamp="2026-01-16T00:08:39Z" hostname="e54fd2f5cb59" tests="1" skipped="0" failures="0" errors="0" time="0.002">
    <testcase time="0.00199999999999978" classname="character(0)" name="ard_mvsummary_messaging"/>
  </testsuite>
  <testsuite name="ard_mvsummary" timestamp="2026-01-16T00:08:39Z" hostname="e54fd2f5cb59" tests="1" skipped="0" failures="0" errors="0" time="0.001">
    <testcase time="0.000999999999999446" classname="character(0)" name="ard_mvsummary_with_grouped_data_works"/>
  </testsuite>
  <testsuite name="ard_mvsummary" timestamp="2026-01-16T00:08:39Z" hostname="e54fd2f5cb59" tests="1" skipped="0" failures="0" errors="0" time="0.002">
    <testcase time="0.00200000000000067" classname="character(0)" name="ard_mvsummary_follows_ard_structure"/>
  </testsuite>
  <testsuite name="ard_mvsummary" timestamp="2026-01-16T00:08:39Z" hostname="e54fd2f5cb59" tests="2" skipped="0" failures="0" errors="0" time="0.002">
    <testcase time="0.00199999999999978" classname="character(0)" name="ard_mvsummary_errors_with_incorrect_factor_columns"/>
    <testcase time="0" classname="character(0)" name="ard_mvsummary_errors_with_incorrect_factor_columns"/>
  </testsuite>
  <testsuite name="ard_mvsummary" timestamp="2026-01-16T00:08:39Z" hostname="e54fd2f5cb59" tests="2" skipped="0" failures="0" errors="0" time="0.003">
    <testcase time="0.00199999999999978" classname="character(0)" name="ard_mvsummary_with_as_cards_fn_inputs"/>
    <testcase time="0.00100000000000033" classname="character(0)" name="ard_mvsummary_with_as_cards_fn_inputs"/>
  </testsuite>
  <testsuite name="ard_pairwise" timestamp="2026-01-16T00:08:39Z" hostname="e54fd2f5cb59" tests="4" skipped="0" failures="0" errors="0" time="0.261">
    <testcase time="0.258" classname="character(0)" name="ard_pairwise_works"/>
    <testcase time="0.000999999999999446" classname="character(0)" name="ard_pairwise_works"/>
    <testcase time="0.00100000000000033" classname="character(0)" name="ard_pairwise_works"/>
    <testcase time="0.00100000000000033" classname="character(0)" name="ard_pairwise_works"/>
  </testsuite>
  <testsuite name="ard_pairwise" timestamp="2026-01-16T00:08:39Z" hostname="e54fd2f5cb59" tests="4" skipped="0" failures="0" errors="0" time="0.005">
    <testcase time="0.00199999999999978" classname="character(0)" name="ard_pairwise_variable_"/>
    <testcase time="0.00100000000000033" classname="character(0)" name="ard_pairwise_variable_"/>
    <testcase time="0.000999999999999446" classname="character(0)" name="ard_pairwise_variable_"/>
    <testcase time="0.00100000000000033" classname="character(0)" name="ard_pairwise_variable_"/>
  </testsuite>
  <testsuite name="ard_pairwise" timestamp="2026-01-16T00:08:39Z" hostname="e54fd2f5cb59" tests="2" skipped="0" failures="0" errors="0" time="0.002">
    <testcase time="0.00199999999999978" classname="character(0)" name="ard_pairwise_variable_messaging"/>
    <testcase time="0" classname="character(0)" name="ard_pairwise_variable_messaging"/>
  </testsuite>
  <testsuite name="ard_pairwise" timestamp="2026-01-16T00:08:39Z" hostname="e54fd2f5cb59" tests="2" skipped="0" failures="0" errors="0" time="0.002">
    <testcase time="0.000999999999999446" classname="character(0)" name="ard_pairwise_include_"/>
    <testcase time="0.00100000000000033" classname="character(0)" name="ard_pairwise_include_"/>
  </testsuite>
  <testsuite name="ard_pairwise" timestamp="2026-01-16T00:08:39Z" hostname="e54fd2f5cb59" tests="1" skipped="0" failures="0" errors="0" time="0.001">
    <testcase time="0.00100000000000033" classname="character(0)" name="ard_pairwise_.f_messaging"/>
  </testsuite>
  <testsuite name="ard_pairwise" timestamp="2026-01-16T00:08:39Z" hostname="e54fd2f5cb59" tests="2" skipped="0" failures="0" errors="0" time="0.002">
    <testcase time="0.00199999999999978" classname="character(0)" name="ard_pairwise_include_messaging"/>
    <testcase time="0" classname="character(0)" name="ard_pairwise_include_messaging"/>
  </testsuite>
  <testsuite name="ard_stack" timestamp="2026-01-16T00:08:41Z" hostname="e54fd2f5cb59" tests="1" skipped="0" failures="0" errors="1" time="1.732">
    <testcase time="1.732" classname="character(0)" name="ard_stack_works">
      <error type="error" message="&lt;rlib_error_dots_unused/rlib_error_dots/rlang_error/error/condition&gt; ('test-ard_stack.R:3:3')">&lt;rlib_error_dots_unused/rlib_error_dots/rlang_error/error/condition&gt;
Error in `ard_tabulate(data = data, variables = all_of(variables), by = {     {         by     } }, strata = {     {         strata     } }, statistic = statistic, denominator = denominator, fmt_fun = fmt_fun, stat_label = stat_label)`: Arguments in `...` must be used.
x Problematic argument:
* denominator = denominator
i Did you misspell an argument name?
Backtrace:
     ▆
  1. ├─testthat::expect_error(...) at test-ard_stack.R:3:3
  2. │ └─testthat:::expect_condition_matching_(...)
  3. │   └─testthat:::quasi_capture(...)
  4. │     ├─testthat (local) .capture(...)
  5. │     │ └─base::withCallingHandlers(...)
  6. │     └─rlang::eval_bare(quo_get_expr(.quo), quo_get_env(.quo))
  7. ├─cards::ard_stack(...)
  8. │ └─cards:::.eval_ard_calls(data, .by, ...)
  9. │   └─cards:::imap(...)
 10. │     └─cards:::map2(.x, names(.x) %||% seq_along(.x), .f, ...)
 11. │       └─base::mapply(.f, .x, .y, MoreArgs = list(...), SIMPLIFY = FALSE)
 12. │         └─cards (local) `&lt;fn&gt;`(dots[[1L]][[2L]], dots[[2L]][[2L]])
 13. │           └─base::do.call(...)
 14. ├─cards::ard_tabulate_value(...)
 15. └─cards:::ard_tabulate_value.data.frame(...)
 16.   ├─dplyr::mutate(...)
 17.   ├─dplyr::filter(...)
 18.   ├─cards::ard_tabulate(...)
 19.   └─cards:::ard_tabulate.data.frame(...)
 20.     └─rlang (local) `&lt;fn&gt;`()
 21.       └─rlang:::check_dots(env, error, action, call)
 22.         └─rlang:::action_dots(...)
 23.           ├─base (local) try_dots(...)
 24.           └─rlang (local) action(...)</error>
    </testcase>
  </testsuite>
  <testsuite name="ard_stack" timestamp="2026-01-16T00:08:41Z" hostname="e54fd2f5cb59" tests="1" skipped="0" failures="0" errors="1" time="0.058">
    <testcase time="0.0579999999999998" classname="character(0)" name="ard_stack_adding_overalls">
      <error type="error" message="&lt;rlib_error_dots_unused/rlib_error_dots/rlang_error/error/condition&gt; ('test-ard_stack.R:90:3')">&lt;rlib_error_dots_unused/rlib_error_dots/rlang_error/error/condition&gt;
Error in `ard_tabulate(data = data, variables = all_of(variables), by = {     {         by     } }, strata = {     {         strata     } }, statistic = statistic, denominator = denominator, fmt_fun = fmt_fun, stat_label = stat_label)`: Arguments in `...` must be used.
x Problematic argument:
* denominator = denominator
i Did you misspell an argument name?
Backtrace:
     ▆
  1. ├─testthat::expect_error(...) at test-ard_stack.R:90:3
  2. │ └─testthat:::expect_condition_matching_(...)
  3. │   └─testthat:::quasi_capture(...)
  4. │     ├─testthat (local) .capture(...)
  5. │     │ └─base::withCallingHandlers(...)
  6. │     └─rlang::eval_bare(quo_get_expr(.quo), quo_get_env(.quo))
  7. ├─cards::ard_stack(...)
  8. │ └─cards:::.eval_ard_calls(data, .by, ...)
  9. │   └─cards:::imap(...)
 10. │     └─cards:::map2(.x, names(.x) %||% seq_along(.x), .f, ...)
 11. │       └─base::mapply(.f, .x, .y, MoreArgs = list(...), SIMPLIFY = FALSE)
 12. │         └─cards (local) `&lt;fn&gt;`(dots[[1L]][[2L]], dots[[2L]][[2L]])
 13. │           └─base::do.call(...)
 14. ├─cards::ard_tabulate_value(...)
 15. └─cards:::ard_tabulate_value.data.frame(...)
 16.   ├─dplyr::mutate(...)
 17.   ├─dplyr::filter(...)
 18.   ├─cards::ard_tabulate(...)
 19.   └─cards:::ard_tabulate.data.frame(...)
 20.     └─rlang (local) `&lt;fn&gt;`()
 21.       └─rlang:::check_dots(env, error, action, call)
 22.         └─rlang:::action_dots(...)
 23.           ├─base (local) try_dots(...)
 24.           └─rlang (local) action(...)</error>
    </testcase>
  </testsuite>
  <testsuite name="ard_stack" timestamp="2026-01-16T00:08:41Z" hostname="e54fd2f5cb59" tests="1" skipped="0" failures="0" errors="1" time="0.113">
    <testcase time="0.113" classname="character(0)" name="ard_stack_adding_missing_attributes">
      <error type="error" message="&lt;rlib_error_dots_unused/rlib_error_dots/rlang_error/error/condition&gt; ('test-ard_stack.R:121:3')">&lt;rlib_error_dots_unused/rlib_error_dots/rlang_error/error/condition&gt;
Error in `ard_tabulate(data = data, variables = all_of(variables), by = {     {         by     } }, strata = {     {         strata     } }, statistic = statistic, denominator = denominator, fmt_fun = fmt_fun, stat_label = stat_label)`: Arguments in `...` must be used.
x Problematic argument:
* denominator = denominator
i Did you misspell an argument name?
Backtrace:
     ▆
  1. ├─testthat::expect_error(...) at test-ard_stack.R:121:3
  2. │ └─testthat:::expect_condition_matching_(...)
  3. │   └─testthat:::quasi_capture(...)
  4. │     ├─testthat (local) .capture(...)
  5. │     │ └─base::withCallingHandlers(...)
  6. │     └─rlang::eval_bare(quo_get_expr(.quo), quo_get_env(.quo))
  7. ├─cards::ard_stack(...)
  8. │ └─cards:::.eval_ard_calls(data, .by, ...)
  9. │   └─cards:::imap(...)
 10. │     └─cards:::map2(.x, names(.x) %||% seq_along(.x), .f, ...)
 11. │       └─base::mapply(.f, .x, .y, MoreArgs = list(...), SIMPLIFY = FALSE)
 12. │         └─cards (local) `&lt;fn&gt;`(dots[[1L]][[2L]], dots[[2L]][[2L]])
 13. │           └─base::do.call(...)
 14. ├─cards::ard_tabulate_value(...)
 15. └─cards:::ard_tabulate_value.data.frame(...)
 16.   ├─dplyr::mutate(...)
 17.   ├─dplyr::filter(...)
 18.   ├─cards::ard_tabulate(...)
 19.   └─cards:::ard_tabulate.data.frame(...)
 20.     └─rlang (local) `&lt;fn&gt;`()
 21.       └─rlang:::check_dots(env, error, action, call)
 22.         └─rlang:::action_dots(...)
 23.           ├─base (local) try_dots(...)
 24.           └─rlang (local) action(...)</error>
    </testcase>
  </testsuite>
  <testsuite name="ard_stack" timestamp="2026-01-16T00:08:41Z" hostname="e54fd2f5cb59" tests="1" skipped="0" failures="0" errors="1" time="0.049">
    <testcase time="0.0490000000000004" classname="character(0)" name="ard_stack_.shuffle_argument_errors">
      <error type="error" message="&lt;rlib_error_dots_unused/rlib_error_dots/rlang_error/error/condition&gt; ('test-ard_stack.R:181:3')">&lt;rlib_error_dots_unused/rlib_error_dots/rlang_error/error/condition&gt;
Error in `ard_tabulate(data = data, variables = all_of(variables), by = {     {         by     } }, strata = {     {         strata     } }, statistic = statistic, denominator = denominator, fmt_fun = fmt_fun, stat_label = stat_label)`: Arguments in `...` must be used.
x Problematic argument:
* denominator = denominator
i Did you misspell an argument name?
Backtrace:
     ▆
  1. ├─testthat::expect_error(...) at test-ard_stack.R:181:3
  2. │ └─testthat:::expect_condition_matching_(...)
  3. │   └─testthat:::quasi_capture(...)
  4. │     ├─testthat (local) .capture(...)
  5. │     │ └─base::withCallingHandlers(...)
  6. │     └─rlang::eval_bare(quo_get_expr(.quo), quo_get_env(.quo))
  7. ├─cards::ard_stack(...)
  8. │ └─cards:::.eval_ard_calls(data, .by, ...)
  9. │   └─cards:::imap(...)
 10. │     └─cards:::map2(.x, names(.x) %||% seq_along(.x), .f, ...)
 11. │       └─base::mapply(.f, .x, .y, MoreArgs = list(...), SIMPLIFY = FALSE)
 12. │         └─cards (local) `&lt;fn&gt;`(dots[[1L]][[2L]], dots[[2L]][[2L]])
 13. │           └─base::do.call(...)
 14. ├─cards::ard_tabulate_value(...)
 15. └─cards:::ard_tabulate_value.data.frame(...)
 16.   ├─dplyr::mutate(...)
 17.   ├─dplyr::filter(...)
 18.   ├─cards::ard_tabulate(...)
 19.   └─cards:::ard_tabulate.data.frame(...)
 20.     └─rlang (local) `&lt;fn&gt;`()
 21.       └─rlang:::check_dots(env, error, action, call)
 22.         └─rlang:::action_dots(...)
 23.           ├─base (local) try_dots(...)
 24.           └─rlang (local) action(...)</error>
    </testcase>
  </testsuite>
  <testsuite name="ard_stack" timestamp="2026-01-16T00:08:41Z" hostname="e54fd2f5cb59" tests="1" skipped="0" failures="0" errors="1" time="0.051">
    <testcase time="0.0510000000000002" classname="character(0)" name="ard_stack_adding_total_N">
      <error type="error" message="Error in `ard_tabulate.data.frame(data = data, variables = all_of(.by))`: object 'denominator' not found ('test-ard_stack.R:194:3')">Error in `ard_tabulate.data.frame(data = data, variables = all_of(.by))`: object 'denominator' not found
Backtrace:
     ▆
  1. ├─testthat::expect_equal(...) at test-ard_stack.R:194:3
  2. │ └─testthat::quasi_label(enquo(object), label)
  3. │   └─rlang::eval_bare(expr, quo_get_env(quo))
  4. ├─dplyr::select(...)
  5. ├─utils::tail(...)
  6. └─cards::ard_stack(...)
  7.   ├─cards::bind_ard(ard_list, ard_tabulate(data = data, variables = all_of(.by)))
  8.   │ └─dplyr::bind_rows(...)
  9.   │   └─rlang::list2(...)
 10.   ├─cards::ard_tabulate(data = data, variables = all_of(.by))
 11.   └─cards:::ard_tabulate.data.frame(data = data, variables = all_of(.by))
 12.     └─base::is.data.frame(denominator)</error>
    </testcase>
  </testsuite>
  <testsuite name="ard_stack" timestamp="2026-01-16T00:08:41Z" hostname="e54fd2f5cb59" tests="1" skipped="0" failures="0" errors="0" time="0.018">
    <testcase time="0.0179999999999998" classname="character(0)" name="ard_stack_works_with_namespaced_functions"/>
  </testsuite>
  <testsuite name="ard_stack" timestamp="2026-01-16T00:08:41Z" hostname="e54fd2f5cb59" tests="2" skipped="0" failures="0" errors="0" time="0.002">
    <testcase time="0.00199999999999978" classname="character(0)" name="ard_stack_messaging"/>
    <testcase time="0" classname="character(0)" name="ard_stack_messaging"/>
  </testsuite>
  <testsuite name="ard_stack" timestamp="2026-01-16T00:08:41Z" hostname="e54fd2f5cb59" tests="1" skipped="0" failures="0" errors="0" time="0.002">
    <testcase time="0.00199999999999978" classname="character(0)" name="ard_stack_complex_call_error"/>
  </testsuite>
  <testsuite name="ard_stack" timestamp="2026-01-16T00:08:41Z" hostname="e54fd2f5cb59" tests="2" skipped="0" failures="0" errors="2" time="0.028">
    <testcase time="0.00300000000000011" classname="character(0)" name="ard_stack_follows_ard_structure">
      <error type="error" message="Error in `ard_tabulate.data.frame(data = data, variables = all_of(variables), by = {     {         by     } }, strata = {     {         strata     } }, statistic = statistic, denominator = denominator, fmt_fun = fmt_fun, stat_label = stat_label)`: object 'denominator' not found ('test-ard_stack.R:256:3')">Error in `ard_tabulate.data.frame(data = data, variables = all_of(variables), by = {     {         by     } }, strata = {     {         strata     } }, statistic = statistic, denominator = denominator, fmt_fun = fmt_fun, stat_label = stat_label)`: object 'denominator' not found
Backtrace:
     ▆
  1. ├─testthat::expect_silent(...) at test-ard_stack.R:256:3
  2. │ └─testthat:::quasi_capture(enquo(object), NULL, evaluate_promise)
  3. │   ├─testthat (local) .capture(...)
  4. │   │ ├─withr::with_output_sink(...)
  5. │   │ │ └─base::force(code)
  6. │   │ ├─base::withCallingHandlers(...)
  7. │   │ └─base::withVisible(code)
  8. │   └─rlang::eval_bare(quo_get_expr(.quo), quo_get_env(.quo))
  9. ├─cards::check_ard_structure(...)
 10. ├─cards::ard_stack(...)
 11. │ └─cards:::.eval_ard_calls(data, .by, ...)
 12. │   └─cards:::imap(...)
 13. │     └─cards:::map2(.x, names(.x) %||% seq_along(.x), .f, ...)
 14. │       └─base::mapply(.f, .x, .y, MoreArgs = list(...), SIMPLIFY = FALSE)
 15. │         └─cards (local) `&lt;fn&gt;`(dots[[1L]][[2L]], dots[[2L]][[2L]])
 16. │           └─base::do.call(...)
 17. ├─cards::ard_tabulate_value(...)
 18. └─cards:::ard_tabulate_value.data.frame(...)
 19.   ├─dplyr::mutate(...)
 20.   ├─dplyr::filter(...)
 21.   ├─cards::ard_tabulate(...)
 22.   └─cards:::ard_tabulate.data.frame(...)
 23.     └─base::is.data.frame(denominator)</error>
    </testcase>
    <testcase time="0.0250000000000004" classname="character(0)" name="ard_stack_follows_ard_structure">
      <error type="error" message="&lt;rlib_error_dots_unused/rlib_error_dots/rlang_error/error/condition&gt; ('test-ard_stack.R:256:3')">&lt;rlib_error_dots_unused/rlib_error_dots/rlang_error/error/condition&gt;
Error in `ard_tabulate(data = data, variables = all_of(variables), by = {     {         by     } }, strata = {     {         strata     } }, statistic = statistic, denominator = denominator, fmt_fun = fmt_fun, stat_label = stat_label)`: Arguments in `...` must be used.
x Problematic argument:
* denominator = denominator
i Did you misspell an argument name?
Backtrace:
     ▆
  1. ├─testthat::expect_silent(...) at test-ard_stack.R:256:3
  2. │ └─testthat:::quasi_capture(enquo(object), NULL, evaluate_promise)
  3. │   ├─testthat (local) .capture(...)
  4. │   │ ├─withr::with_output_sink(...)
  5. │   │ │ └─base::force(code)
  6. │   │ ├─base::withCallingHandlers(...)
  7. │   │ └─base::withVisible(code)
  8. │   └─rlang::eval_bare(quo_get_expr(.quo), quo_get_env(.quo))
  9. ├─cards::check_ard_structure(...)
 10. ├─cards::ard_stack(...)
 11. │ └─cards:::.eval_ard_calls(data, .by, ...)
 12. │   └─cards:::imap(...)
 13. │     └─cards:::map2(.x, names(.x) %||% seq_along(.x), .f, ...)
 14. │       └─base::mapply(.f, .x, .y, MoreArgs = list(...), SIMPLIFY = FALSE)
 15. │         └─cards (local) `&lt;fn&gt;`(dots[[1L]][[2L]], dots[[2L]][[2L]])
 16. │           └─base::do.call(...)
 17. ├─cards::ard_tabulate_value(...)
 18. └─cards:::ard_tabulate_value.data.frame(...)
 19.   ├─dplyr::mutate(...)
 20.   ├─dplyr::filter(...)
 21.   ├─cards::ard_tabulate(...)
 22.   └─cards:::ard_tabulate.data.frame(...)
 23.     └─rlang (local) `&lt;fn&gt;`()
 24.       └─rlang:::check_dots(env, error, action, call)
 25.         └─rlang:::action_dots(...)
 26.           ├─base (local) try_dots(...)
 27.           └─rlang (local) action(...)</error>
    </testcase>
  </testsuite>
  <testsuite name="ard_stack" timestamp="2026-01-16T00:08:42Z" hostname="e54fd2f5cb59" tests="1" skipped="0" failures="0" errors="1" time="0.05">
    <testcase time="0.0499999999999998" classname="character(0)" name="ard_stack_.by_messaging">
      <error type="error" message="Error in `ard_tabulate.data.frame(data = data, variables = all_of(.by))`: object 'denominator' not found ('test-ard_stack.R:272:3')">Error in `ard_tabulate.data.frame(data = data, variables = all_of(.by))`: object 'denominator' not found
Backtrace:
    ▆
 1. ├─dplyr::filter(...)
 2. └─cards::ard_stack(...)
 3.   ├─cards::bind_ard(ard_list, ard_tabulate(data = data, variables = all_of(.by)))
 4.   │ └─dplyr::bind_rows(...)
 5.   │   └─rlang::list2(...)
 6.   ├─cards::ard_tabulate(data = data, variables = all_of(.by))
 7.   └─cards:::ard_tabulate.data.frame(data = data, variables = all_of(.by))
 8.     └─base::is.data.frame(denominator)</error>
    </testcase>
  </testsuite>
  <testsuite name="ard_stack" timestamp="2026-01-16T00:08:42Z" hostname="e54fd2f5cb59" tests="1" skipped="0" failures="0" errors="1" time="0.022">
    <testcase time="0.0220000000000002" classname="character(0)" name="ard_stack_.by_stats_argument">
      <error type="error" message="&lt;rlib_error_dots_unused/rlib_error_dots/rlang_error/error/condition&gt; ('test-ard_stack.R:300:3')">&lt;rlib_error_dots_unused/rlib_error_dots/rlang_error/error/condition&gt;
Error in `ard_tabulate(data = data, variables = all_of(variables), by = {     {         by     } }, strata = {     {         strata     } }, statistic = statistic, denominator = denominator, fmt_fun = fmt_fun, stat_label = stat_label)`: Arguments in `...` must be used.
x Problematic argument:
* denominator = denominator
i Did you misspell an argument name?
Backtrace:
     ▆
  1. ├─testthat::expect_error(...) at test-ard_stack.R:300:3
  2. │ └─testthat:::expect_condition_matching_(...)
  3. │   └─testthat:::quasi_capture(...)
  4. │     ├─testthat (local) .capture(...)
  5. │     │ └─base::withCallingHandlers(...)
  6. │     └─rlang::eval_bare(quo_get_expr(.quo), quo_get_env(.quo))
  7. ├─cards::ard_stack(...)
  8. │ └─cards:::.eval_ard_calls(data, .by, ...)
  9. │   └─cards:::imap(...)
 10. │     └─cards:::map2(.x, names(.x) %||% seq_along(.x), .f, ...)
 11. │       └─base::mapply(.f, .x, .y, MoreArgs = list(...), SIMPLIFY = FALSE)
 12. │         └─cards (local) `&lt;fn&gt;`(dots[[1L]][[2L]], dots[[2L]][[2L]])
 13. │           └─base::do.call(...)
 14. ├─cards::ard_tabulate_value(...)
 15. └─cards:::ard_tabulate_value.data.frame(...)
 16.   ├─dplyr::mutate(...)
 17.   ├─dplyr::filter(...)
 18.   ├─cards::ard_tabulate(...)
 19.   └─cards:::ard_tabulate.data.frame(...)
 20.     └─rlang (local) `&lt;fn&gt;`()
 21.       └─rlang:::check_dots(env, error, action, call)
 22.         └─rlang:::action_dots(...)
 23.           ├─base (local) try_dots(...)
 24.           └─rlang (local) action(...)</error>
    </testcase>
  </testsuite>
  <testsuite name="ard_stack_hierarchical" timestamp="2026-01-16T00:08:42Z" hostname="e54fd2f5cb59" tests="2" skipped="0" failures="0" errors="2" time="0.297">
    <testcase time="0.273" classname="character(0)" name="ard_stack_hierarchical_variables_">
      <error type="error" message="Error in `ard_tabulate.data.frame(data = data, variables = &quot;...ard_dummy_for_counting...&quot;, by = all_of(by), strata = all_of(variables), statistic = statistic, denominator = denominator, fmt_fun = fmt_fun, stat_label = stat_label)`: object 'denominator' not found ('test-ard_stack_hierarchical.R:10:3')">Error in `ard_tabulate.data.frame(data = data, variables = "...ard_dummy_for_counting...", by = all_of(by), strata = all_of(variables), statistic = statistic, denominator = denominator, fmt_fun = fmt_fun, stat_label = stat_label)`: object 'denominator' not found
Backtrace:
     ▆
  1. ├─testthat::expect_silent(...) at test-ard_stack_hierarchical.R:10:3
  2. │ └─testthat:::quasi_capture(enquo(object), NULL, evaluate_promise)
  3. │   ├─testthat (local) .capture(...)
  4. │   │ ├─withr::with_output_sink(...)
  5. │   │ │ └─base::force(code)
  6. │   │ ├─base::withCallingHandlers(...)
  7. │   │ └─base::withVisible(code)
  8. │   └─rlang::eval_bare(quo_get_expr(.quo), quo_get_env(.quo))
  9. └─cards::ard_stack_hierarchical(...)
 10.   └─cards:::internal_stack_hierarchical(...)
 11.     ├─base::append(...)
 12.     └─cards:::.run_hierarchical_fun(...)
 13.       ├─cards::ard_hierarchical(...)
 14.       └─cards:::ard_hierarchical.data.frame(...)
 15.         ├─cards::ard_tabulate(...)
 16.         └─cards:::ard_tabulate.data.frame(...)
 17.           └─base::is.data.frame(denominator)</error>
    </testcase>
    <testcase time="0.024" classname="character(0)" name="ard_stack_hierarchical_variables_">
      <error type="error" message="&lt;rlib_error_dots_unused/rlib_error_dots/rlang_error/error/condition&gt; ('test-ard_stack_hierarchical.R:10:3')">&lt;rlib_error_dots_unused/rlib_error_dots/rlang_error/error/condition&gt;
Error in `ard_tabulate(data = data, variables = "...ard_dummy_for_counting...", by = all_of(by), strata = all_of(variables), statistic = statistic, denominator = denominator, fmt_fun = fmt_fun, stat_label = stat_label)`: Arguments in `...` must be used.
x Problematic argument:
* denominator = denominator
i Did you misspell an argument name?
Backtrace:
     ▆
  1. ├─testthat::expect_silent(...) at test-ard_stack_hierarchical.R:10:3
  2. │ └─testthat:::quasi_capture(enquo(object), NULL, evaluate_promise)
  3. │   ├─testthat (local) .capture(...)
  4. │   │ ├─withr::with_output_sink(...)
  5. │   │ │ └─base::force(code)
  6. │   │ ├─base::withCallingHandlers(...)
  7. │   │ └─base::withVisible(code)
  8. │   └─rlang::eval_bare(quo_get_expr(.quo), quo_get_env(.quo))
  9. └─cards::ard_stack_hierarchical(...)
 10.   └─cards:::internal_stack_hierarchical(...)
 11.     ├─base::append(...)
 12.     └─cards:::.run_hierarchical_fun(...)
 13.       ├─cards::ard_hierarchical(...)
 14.       └─cards:::ard_hierarchical.data.frame(...)
 15.         ├─cards::ard_tabulate(...)
 16.         └─cards:::ard_tabulate.data.frame(...)
 17.           └─rlang (local) `&lt;fn&gt;`()
 18.             └─rlang:::check_dots(env, error, action, call)
 19.               └─rlang:::action_dots(...)
 20.                 ├─base (local) try_dots(...)
 21.                 └─rlang (local) action(...)</error>
    </testcase>
  </testsuite>
  <testsuite name="ard_stack_hierarchical" timestamp="2026-01-16T00:08:42Z" hostname="e54fd2f5cb59" tests="1" skipped="0" failures="0" errors="1" time="0.047">
    <testcase time="0.0470000000000006" classname="character(0)" name="ard_stack_hierarchical_variables_messaging_removed_obs">
      <error type="error" message="&lt;rlib_error_dots_unused/rlib_error_dots/rlang_error/error/condition&gt; ('test-ard_stack_hierarchical.R:54:3')">&lt;rlib_error_dots_unused/rlib_error_dots/rlang_error/error/condition&gt;
Error in `ard_tabulate(data = data, variables = "...ard_dummy_for_counting...", by = all_of(by), strata = all_of(variables), statistic = statistic, denominator = denominator, fmt_fun = fmt_fun, stat_label = stat_label)`: Arguments in `...` must be used.
x Problematic argument:
* denominator = denominator
i Did you misspell an argument name?
Backtrace:
     ▆
  1. └─cards::ard_stack_hierarchical(...)
  2.   └─cards:::internal_stack_hierarchical(...)
  3.     ├─base::append(...)
  4.     └─cards:::.run_hierarchical_fun(...)
  5.       ├─cards::ard_hierarchical(...)
  6.       └─cards:::ard_hierarchical.data.frame(...)
  7.         ├─cards::ard_tabulate(...)
  8.         └─cards:::ard_tabulate.data.frame(...)
  9.           └─rlang (local) `&lt;fn&gt;`()
 10.             └─rlang:::check_dots(env, error, action, call)
 11.               └─rlang:::action_dots(...)
 12.                 ├─base (local) try_dots(...)
 13.                 └─rlang (local) action(...)</error>
    </testcase>
  </testsuite>
  <testsuite name="ard_stack_hierarchical" timestamp="2026-01-16T00:08:42Z" hostname="e54fd2f5cb59" tests="2" skipped="0" failures="0" errors="0" time="0.05">
    <testcase time="0.0489999999999995" classname="character(0)" name="ard_stack_hierarchical_variables_messaging"/>
    <testcase time="0.00100000000000033" classname="character(0)" name="ard_stack_hierarchical_variables_messaging"/>
  </testsuite>
  <testsuite name="ard_stack_hierarchical" timestamp="2026-01-16T00:08:42Z" hostname="e54fd2f5cb59" tests="2" skipped="0" failures="0" errors="2" time="0.026">
    <testcase time="0.00399999999999956" classname="character(0)" name="ard_stack_hierarchical_by_">
      <error type="error" message="Error in `ard_tabulate.data.frame(data = data, variables = &quot;...ard_dummy_for_counting...&quot;, by = all_of(by), strata = all_of(variables), statistic = statistic, denominator = denominator, fmt_fun = fmt_fun, stat_label = stat_label)`: object 'denominator' not found ('test-ard_stack_hierarchical.R:102:3')">Error in `ard_tabulate.data.frame(data = data, variables = "...ard_dummy_for_counting...", by = all_of(by), strata = all_of(variables), statistic = statistic, denominator = denominator, fmt_fun = fmt_fun, stat_label = stat_label)`: object 'denominator' not found
Backtrace:
     ▆
  1. ├─testthat::expect_silent(...) at test-ard_stack_hierarchical.R:102:3
  2. │ └─testthat:::quasi_capture(enquo(object), NULL, evaluate_promise)
  3. │   ├─testthat (local) .capture(...)
  4. │   │ ├─withr::with_output_sink(...)
  5. │   │ │ └─base::force(code)
  6. │   │ ├─base::withCallingHandlers(...)
  7. │   │ └─base::withVisible(code)
  8. │   └─rlang::eval_bare(quo_get_expr(.quo), quo_get_env(.quo))
  9. └─cards::ard_stack_hierarchical(...)
 10.   └─cards:::internal_stack_hierarchical(...)
 11.     ├─base::append(...)
 12.     └─cards:::.run_hierarchical_fun(...)
 13.       ├─cards::ard_hierarchical(...)
 14.       └─cards:::ard_hierarchical.data.frame(...)
 15.         ├─cards::ard_tabulate(...)
 16.         └─cards:::ard_tabulate.data.frame(...)
 17.           └─base::is.data.frame(denominator)</error>
    </testcase>
    <testcase time="0.0220000000000002" classname="character(0)" name="ard_stack_hierarchical_by_">
      <error type="error" message="&lt;rlib_error_dots_unused/rlib_error_dots/rlang_error/error/condition&gt; ('test-ard_stack_hierarchical.R:102:3')">&lt;rlib_error_dots_unused/rlib_error_dots/rlang_error/error/condition&gt;
Error in `ard_tabulate(data = data, variables = "...ard_dummy_for_counting...", by = all_of(by), strata = all_of(variables), statistic = statistic, denominator = denominator, fmt_fun = fmt_fun, stat_label = stat_label)`: Arguments in `...` must be used.
x Problematic argument:
* denominator = denominator
i Did you misspell an argument name?
Backtrace:
     ▆
  1. ├─testthat::expect_silent(...) at test-ard_stack_hierarchical.R:102:3
  2. │ └─testthat:::quasi_capture(enquo(object), NULL, evaluate_promise)
  3. │   ├─testthat (local) .capture(...)
  4. │   │ ├─withr::with_output_sink(...)
  5. │   │ │ └─base::force(code)
  6. │   │ ├─base::withCallingHandlers(...)
  7. │   │ └─base::withVisible(code)
  8. │   └─rlang::eval_bare(quo_get_expr(.quo), quo_get_env(.quo))
  9. └─cards::ard_stack_hierarchical(...)
 10.   └─cards:::internal_stack_hierarchical(...)
 11.     ├─base::append(...)
 12.     └─cards:::.run_hierarchical_fun(...)
 13.       ├─cards::ard_hierarchical(...)
 14.       └─cards:::ard_hierarchical.data.frame(...)
 15.         ├─cards::ard_tabulate(...)
 16.         └─cards:::ard_tabulate.data.frame(...)
 17.           └─rlang (local) `&lt;fn&gt;`()
 18.             └─rlang:::check_dots(env, error, action, call)
 19.               └─rlang:::action_dots(...)
 20.                 ├─base (local) try_dots(...)
 21.                 └─rlang (local) action(...)</error>
    </testcase>
  </testsuite>
  <testsuite name="ard_stack_hierarchical" timestamp="2026-01-16T00:08:42Z" hostname="e54fd2f5cb59" tests="1" skipped="0" failures="0" errors="1" time="0.05">
    <testcase time="0.0499999999999998" classname="character(0)" name="ard_stack_hierarchical_by_messaging">
      <error type="error" message="&lt;rlib_error_dots_unused/rlib_error_dots/rlang_error/error/condition&gt; ('test-ard_stack_hierarchical.R:173:3')">&lt;rlib_error_dots_unused/rlib_error_dots/rlang_error/error/condition&gt;
Error in `ard_tabulate(data = data, variables = "...ard_dummy_for_counting...", by = all_of(by), strata = all_of(variables), statistic = statistic, denominator = denominator, fmt_fun = fmt_fun, stat_label = stat_label)`: Arguments in `...` must be used.
x Problematic argument:
* denominator = denominator
i Did you misspell an argument name?
Backtrace:
     ▆
  1. └─cards::ard_stack_hierarchical(...)
  2.   └─cards:::internal_stack_hierarchical(...)
  3.     ├─base::append(...)
  4.     └─cards:::.run_hierarchical_fun(...)
  5.       ├─cards::ard_hierarchical(...)
  6.       └─cards:::ard_hierarchical.data.frame(...)
  7.         ├─cards::ard_tabulate(...)
  8.         └─cards:::ard_tabulate.data.frame(...)
  9.           └─rlang (local) `&lt;fn&gt;`()
 10.             └─rlang:::check_dots(env, error, action, call)
 11.               └─rlang:::action_dots(...)
 12.                 ├─base (local) try_dots(...)
 13.                 └─rlang (local) action(...)</error>
    </testcase>
  </testsuite>
  <testsuite name="ard_stack_hierarchical" timestamp="2026-01-16T00:08:42Z" hostname="e54fd2f5cb59" tests="4" skipped="0" failures="0" errors="2" time="0.071">
    <testcase time="0.0440000000000005" classname="character(0)" name="ard_stack_hierarchical_denominator_messaging"/>
    <testcase time="0" classname="character(0)" name="ard_stack_hierarchical_denominator_messaging"/>
    <testcase time="0.00399999999999956" classname="character(0)" name="ard_stack_hierarchical_denominator_messaging">
      <error type="error" message="Error in `ard_tabulate.data.frame(data = data, variables = &quot;...ard_dummy_for_counting...&quot;, by = all_of(by), strata = all_of(variables), statistic = statistic, denominator = denominator, fmt_fun = fmt_fun, stat_label = stat_label)`: object 'denominator' not found ('test-ard_stack_hierarchical.R:232:3')">Error in `ard_tabulate.data.frame(data = data, variables = "...ard_dummy_for_counting...", by = all_of(by), strata = all_of(variables), statistic = statistic, denominator = denominator, fmt_fun = fmt_fun, stat_label = stat_label)`: object 'denominator' not found
Backtrace:
     ▆
  1. ├─testthat::expect_equal(...) at test-ard_stack_hierarchical.R:232:3
  2. │ └─testthat::quasi_label(enquo(object), label)
  3. │   └─rlang::eval_bare(expr, quo_get_env(quo))
  4. └─cards::ard_stack_hierarchical(...)
  5.   └─cards:::internal_stack_hierarchical(...)
  6.     ├─base::append(...)
  7.     └─cards:::.run_hierarchical_fun(...)
  8.       ├─cards::ard_hierarchical(...)
  9.       └─cards:::ard_hierarchical.data.frame(...)
 10.         ├─cards::ard_tabulate(...)
 11.         └─cards:::ard_tabulate.data.frame(...)
 12.           └─base::is.data.frame(denominator)</error>
    </testcase>
    <testcase time="0.0229999999999997" classname="character(0)" name="ard_stack_hierarchical_denominator_messaging">
      <error type="error" message="&lt;rlib_error_dots_unused/rlib_error_dots/rlang_error/error/condition&gt; ('test-ard_stack_hierarchical.R:232:3')">&lt;rlib_error_dots_unused/rlib_error_dots/rlang_error/error/condition&gt;
Error in `ard_tabulate(data = data, variables = "...ard_dummy_for_counting...", by = all_of(by), strata = all_of(variables), statistic = statistic, denominator = denominator, fmt_fun = fmt_fun, stat_label = stat_label)`: Arguments in `...` must be used.
x Problematic argument:
* denominator = denominator
i Did you misspell an argument name?
Backtrace:
     ▆
  1. ├─testthat::expect_equal(...) at test-ard_stack_hierarchical.R:232:3
  2. │ └─testthat::quasi_label(enquo(object), label)
  3. │   └─rlang::eval_bare(expr, quo_get_env(quo))
  4. └─cards::ard_stack_hierarchical(...)
  5.   └─cards:::internal_stack_hierarchical(...)
  6.     ├─base::append(...)
  7.     └─cards:::.run_hierarchical_fun(...)
  8.       ├─cards::ard_hierarchical(...)
  9.       └─cards:::ard_hierarchical.data.frame(...)
 10.         ├─cards::ard_tabulate(...)
 11.         └─cards:::ard_tabulate.data.frame(...)
 12.           └─rlang (local) `&lt;fn&gt;`()
 13.             └─rlang:::check_dots(env, error, action, call)
 14.               └─rlang:::action_dots(...)
 15.                 ├─base (local) try_dots(...)
 16.                 └─rlang (local) action(...)</error>
    </testcase>
  </testsuite>
  <testsuite name="ard_stack_hierarchical" timestamp="2026-01-16T00:08:42Z" hostname="e54fd2f5cb59" tests="2" skipped="0" failures="0" errors="2" time="0.069">
    <testcase time="0.0470000000000006" classname="character(0)" name="ard_stack_hierarchical_by_with_columns_not_in_denominator_">
      <error type="error" message="Error in `ard_tabulate.data.frame(data = data, variables = &quot;...ard_dummy_for_counting...&quot;, by = all_of(by), strata = all_of(variables), statistic = statistic, denominator = denominator, fmt_fun = fmt_fun, stat_label = stat_label)`: object 'denominator' not found ('test-ard_stack_hierarchical.R:254:3')">Error in `ard_tabulate.data.frame(data = data, variables = "...ard_dummy_for_counting...", by = all_of(by), strata = all_of(variables), statistic = statistic, denominator = denominator, fmt_fun = fmt_fun, stat_label = stat_label)`: object 'denominator' not found
Backtrace:
     ▆
  1. ├─testthat::expect_message(...) at test-ard_stack_hierarchical.R:254:3
  2. │ └─testthat:::expect_condition_matching_(...)
  3. │   └─testthat:::quasi_capture(...)
  4. │     ├─testthat (local) .capture(...)
  5. │     │ └─base::withCallingHandlers(...)
  6. │     └─rlang::eval_bare(quo_get_expr(.quo), quo_get_env(.quo))
  7. └─cards::ard_stack_hierarchical(...)
  8.   └─cards:::internal_stack_hierarchical(...)
  9.     ├─base::append(...)
 10.     └─cards:::.run_hierarchical_fun(...)
 11.       ├─cards::ard_hierarchical(...)
 12.       └─cards:::ard_hierarchical.data.frame(...)
 13.         ├─cards::ard_tabulate(...)
 14.         └─cards:::ard_tabulate.data.frame(...)
 15.           └─base::is.data.frame(denominator)</error>
    </testcase>
    <testcase time="0.0219999999999994" classname="character(0)" name="ard_stack_hierarchical_by_with_columns_not_in_denominator_">
      <error type="error" message="&lt;rlib_error_dots_unused/rlib_error_dots/rlang_error/error/condition&gt; ('test-ard_stack_hierarchical.R:254:3')">&lt;rlib_error_dots_unused/rlib_error_dots/rlang_error/error/condition&gt;
Error in `ard_tabulate(data = data, variables = "...ard_dummy_for_counting...", by = all_of(by), strata = all_of(variables), statistic = statistic, denominator = denominator, fmt_fun = fmt_fun, stat_label = stat_label)`: Arguments in `...` must be used.
x Problematic argument:
* denominator = denominator
i Did you misspell an argument name?
Backtrace:
     ▆
  1. ├─testthat::expect_message(...) at test-ard_stack_hierarchical.R:254:3
  2. │ └─testthat:::expect_condition_matching_(...)
  3. │   └─testthat:::quasi_capture(...)
  4. │     ├─testthat (local) .capture(...)
  5. │     │ └─base::withCallingHandlers(...)
  6. │     └─rlang::eval_bare(quo_get_expr(.quo), quo_get_env(.quo))
  7. └─cards::ard_stack_hierarchical(...)
  8.   └─cards:::internal_stack_hierarchical(...)
  9.     ├─base::append(...)
 10.     └─cards:::.run_hierarchical_fun(...)
 11.       ├─cards::ard_hierarchical(...)
 12.       └─cards:::ard_hierarchical.data.frame(...)
 13.         ├─cards::ard_tabulate(...)
 14.         └─cards:::ard_tabulate.data.frame(...)
 15.           └─rlang (local) `&lt;fn&gt;`()
 16.             └─rlang:::check_dots(env, error, action, call)
 17.               └─rlang:::action_dots(...)
 18.                 ├─base (local) try_dots(...)
 19.                 └─rlang (local) action(...)</error>
    </testcase>
  </testsuite>
  <testsuite name="ard_stack_hierarchical" timestamp="2026-01-16T00:08:42Z" hostname="e54fd2f5cb59" tests="1" skipped="0" failures="0" errors="0" time="0.049">
    <testcase time="0.0490000000000004" classname="character(0)" name="ard_stack_hierarchical_variables_include_messaging"/>
  </testsuite>
  <testsuite name="ard_stack_hierarchical" timestamp="2026-01-16T00:08:42Z" hostname="e54fd2f5cb59" tests="1" skipped="0" failures="0" errors="1" time="0.004">
    <testcase time="0.00400000000000045" classname="character(0)" name="ard_stack_hierarchical_by_overall_messaging">
      <error type="error" message="&lt;rlib_error_dots_unused/rlib_error_dots/rlang_error/error/condition&gt; ('test-ard_stack_hierarchical.R:350:3')">&lt;rlib_error_dots_unused/rlib_error_dots/rlang_error/error/condition&gt;
Error in `ard_tabulate(data = data, variables = "...ard_dummy_for_counting...", by = all_of(by), strata = all_of(variables), statistic = statistic, denominator = denominator, fmt_fun = fmt_fun, stat_label = stat_label)`: Arguments in `...` must be used.
x Problematic argument:
* denominator = denominator
i Did you misspell an argument name?
Backtrace:
     ▆
  1. └─cards::ard_stack_hierarchical(...)
  2.   └─cards:::internal_stack_hierarchical(...)
  3.     ├─base::append(...)
  4.     └─cards:::.run_hierarchical_fun(...)
  5.       ├─cards::ard_hierarchical(...)
  6.       └─cards:::ard_hierarchical.data.frame(...)
  7.         ├─cards::ard_tabulate(...)
  8.         └─cards:::ard_tabulate.data.frame(...)
  9.           └─rlang (local) `&lt;fn&gt;`()
 10.             └─rlang:::check_dots(env, error, action, call)
 11.               └─rlang:::action_dots(...)
 12.                 ├─base (local) try_dots(...)
 13.                 └─rlang (local) action(...)</error>
    </testcase>
  </testsuite>
  <testsuite name="ard_stack_hierarchical" timestamp="2026-01-16T00:08:42Z" hostname="e54fd2f5cb59" tests="2" skipped="0" failures="0" errors="2" time="0.07">
    <testcase time="0.0489999999999995" classname="character(0)" name="ard_stack_hierarchical_statistic_">
      <error type="error" message="Error in `ard_tabulate.data.frame(data = data, variables = &quot;...ard_dummy_for_counting...&quot;, by = all_of(by), strata = all_of(variables), statistic = statistic, denominator = denominator, fmt_fun = fmt_fun, stat_label = stat_label)`: object 'denominator' not found ('test-ard_stack_hierarchical.R:362:3')">Error in `ard_tabulate.data.frame(data = data, variables = "...ard_dummy_for_counting...", by = all_of(by), strata = all_of(variables), statistic = statistic, denominator = denominator, fmt_fun = fmt_fun, stat_label = stat_label)`: object 'denominator' not found
Backtrace:
     ▆
  1. ├─testthat::expect_equal(...) at test-ard_stack_hierarchical.R:362:3
  2. │ └─testthat::quasi_label(enquo(object), label)
  3. │   └─rlang::eval_bare(expr, quo_get_env(quo))
  4. └─cards::ard_stack_hierarchical(...)
  5.   └─cards:::internal_stack_hierarchical(...)
  6.     ├─base::append(...)
  7.     └─cards:::.run_hierarchical_fun(...)
  8.       ├─cards::ard_hierarchical(...)
  9.       └─cards:::ard_hierarchical.data.frame(...)
 10.         ├─cards::ard_tabulate(...)
 11.         └─cards:::ard_tabulate.data.frame(...)
 12.           └─base::is.data.frame(denominator)</error>
    </testcase>
    <testcase time="0.0209999999999999" classname="character(0)" name="ard_stack_hierarchical_statistic_">
      <error type="error" message="&lt;rlib_error_dots_unused/rlib_error_dots/rlang_error/error/condition&gt; ('test-ard_stack_hierarchical.R:362:3')">&lt;rlib_error_dots_unused/rlib_error_dots/rlang_error/error/condition&gt;
Error in `ard_tabulate(data = data, variables = "...ard_dummy_for_counting...", by = all_of(by), strata = all_of(variables), statistic = statistic, denominator = denominator, fmt_fun = fmt_fun, stat_label = stat_label)`: Arguments in `...` must be used.
x Problematic argument:
* denominator = denominator
i Did you misspell an argument name?
Backtrace:
     ▆
  1. ├─testthat::expect_equal(...) at test-ard_stack_hierarchical.R:362:3
  2. │ └─testthat::quasi_label(enquo(object), label)
  3. │   └─rlang::eval_bare(expr, quo_get_env(quo))
  4. └─cards::ard_stack_hierarchical(...)
  5.   └─cards:::internal_stack_hierarchical(...)
  6.     ├─base::append(...)
  7.     └─cards:::.run_hierarchical_fun(...)
  8.       ├─cards::ard_hierarchical(...)
  9.       └─cards:::ard_hierarchical.data.frame(...)
 10.         ├─cards::ard_tabulate(...)
 11.         └─cards:::ard_tabulate.data.frame(...)
 12.           └─rlang (local) `&lt;fn&gt;`()
 13.             └─rlang:::check_dots(env, error, action, call)
 14.               └─rlang:::action_dots(...)
 15.                 ├─base (local) try_dots(...)
 16.                 └─rlang (local) action(...)</error>
    </testcase>
  </testsuite>
  <testsuite name="ard_stack_hierarchical" timestamp="2026-01-16T00:08:42Z" hostname="e54fd2f5cb59" tests="1" skipped="0" failures="0" errors="1" time="0.05">
    <testcase time="0.0499999999999998" classname="character(0)" name="ard_stack_hierarchical_with_shuffle">
      <error type="error" message="&lt;rlib_error_dots_unused/rlib_error_dots/rlang_error/error/condition&gt; ('test-ard_stack_hierarchical.R:384:3')">&lt;rlib_error_dots_unused/rlib_error_dots/rlang_error/error/condition&gt;
Error in `ard_tabulate(data = data, variables = "...ard_dummy_for_counting...", by = all_of(by), strata = all_of(variables), statistic = statistic, denominator = denominator, fmt_fun = fmt_fun, stat_label = stat_label)`: Arguments in `...` must be used.
x Problematic argument:
* denominator = denominator
i Did you misspell an argument name?
Backtrace:
     ▆
  1. ├─testthat::expect_error(...) at test-ard_stack_hierarchical.R:384:3
  2. │ └─testthat:::expect_condition_matching_(...)
  3. │   └─testthat:::quasi_capture(...)
  4. │     ├─testthat (local) .capture(...)
  5. │     │ └─base::withCallingHandlers(...)
  6. │     └─rlang::eval_bare(quo_get_expr(.quo), quo_get_env(.quo))
  7. └─cards::ard_stack_hierarchical(...)
  8.   └─cards:::internal_stack_hierarchical(...)
  9.     ├─base::append(...)
 10.     └─cards:::.run_hierarchical_fun(...)
 11.       ├─cards::ard_hierarchical(...)
 12.       └─cards:::ard_hierarchical.data.frame(...)
 13.         ├─cards::ard_tabulate(...)
 14.         └─cards:::ard_tabulate.data.frame(...)
 15.           └─rlang (local) `&lt;fn&gt;`()
 16.             └─rlang:::check_dots(env, error, action, call)
 17.               └─rlang:::action_dots(...)
 18.                 ├─base (local) try_dots(...)
 19.                 └─rlang (local) action(...)</error>
    </testcase>
  </testsuite>
  <testsuite name="ard_stack_hierarchical" timestamp="2026-01-16T00:08:42Z" hostname="e54fd2f5cb59" tests="1" skipped="0" failures="0" errors="1" time="0.049">
    <testcase time="0.0490000000000004" classname="character(0)" name="ard_stack_hierarchical_count_variables_">
      <error type="error" message="Error in `ard_tabulate.data.frame(data = data, variables = &quot;...ard_dummy_for_counting...&quot;, by = all_of(by), strata = all_of(variables), statistic = everything() ~ &quot;n&quot;, fmt_fun = fmt_fun, stat_label = stat_label)`: object 'denominator' not found ('test-ard_stack_hierarchical.R:398:3')">Error in `ard_tabulate.data.frame(data = data, variables = "...ard_dummy_for_counting...", by = all_of(by), strata = all_of(variables), statistic = everything() ~ "n", fmt_fun = fmt_fun, stat_label = stat_label)`: object 'denominator' not found
Backtrace:
     ▆
  1. ├─testthat::expect_silent(...) at test-ard_stack_hierarchical.R:398:3
  2. │ └─testthat:::quasi_capture(enquo(object), NULL, evaluate_promise)
  3. │   ├─testthat (local) .capture(...)
  4. │   │ ├─withr::with_output_sink(...)
  5. │   │ │ └─base::force(code)
  6. │   │ ├─base::withCallingHandlers(...)
  7. │   │ └─base::withVisible(code)
  8. │   └─rlang::eval_bare(quo_get_expr(.quo), quo_get_env(.quo))
  9. └─cards::ard_stack_hierarchical_count(...)
 10.   └─cards:::internal_stack_hierarchical(...)
 11.     ├─base::append(...)
 12.     └─cards:::.run_hierarchical_fun(...)
 13.       ├─cards::ard_hierarchical_count(...)
 14.       └─cards:::ard_hierarchical_count.data.frame(...)
 15.         ├─cards::as_card(...)
 16.         │ └─cards:::check_class(x, cls = "data.frame")
 17.         ├─dplyr::mutate(...)
 18.         ├─cards:::.rename_last_group_as_variable(...)
 19.         │ ├─dplyr::rename(...)
 20.         │ └─dplyr::select(df_result, -all_ard_variables())
 21.         ├─cards::ard_tabulate(...)
 22.         └─cards:::ard_tabulate.data.frame(...)
 23.           └─base::is.data.frame(denominator)</error>
    </testcase>
  </testsuite>
  <testsuite name="ard_stack_hierarchical" timestamp="2026-01-16T00:08:42Z" hostname="e54fd2f5cb59" tests="1" skipped="0" failures="0" errors="1" time="0.025">
    <testcase time="0.0250000000000004" classname="character(0)" name="ard_stack_hierarchical_count_by_">
      <error type="error" message="Error in `ard_tabulate.data.frame(data = data, variables = &quot;...ard_dummy_for_counting...&quot;, by = all_of(by), strata = all_of(variables), statistic = everything() ~ &quot;n&quot;, fmt_fun = fmt_fun, stat_label = stat_label)`: object 'denominator' not found ('test-ard_stack_hierarchical.R:442:3')">Error in `ard_tabulate.data.frame(data = data, variables = "...ard_dummy_for_counting...", by = all_of(by), strata = all_of(variables), statistic = everything() ~ "n", fmt_fun = fmt_fun, stat_label = stat_label)`: object 'denominator' not found
Backtrace:
     ▆
  1. ├─testthat::expect_silent(...) at test-ard_stack_hierarchical.R:442:3
  2. │ └─testthat:::quasi_capture(enquo(object), NULL, evaluate_promise)
  3. │   ├─testthat (local) .capture(...)
  4. │   │ ├─withr::with_output_sink(...)
  5. │   │ │ └─base::force(code)
  6. │   │ ├─base::withCallingHandlers(...)
  7. │   │ └─base::withVisible(code)
  8. │   └─rlang::eval_bare(quo_get_expr(.quo), quo_get_env(.quo))
  9. └─cards::ard_stack_hierarchical_count(...)
 10.   └─cards:::internal_stack_hierarchical(...)
 11.     ├─base::append(...)
 12.     └─cards:::.run_hierarchical_fun(...)
 13.       ├─cards::ard_hierarchical_count(...)
 14.       └─cards:::ard_hierarchical_count.data.frame(...)
 15.         ├─cards::as_card(...)
 16.         │ └─cards:::check_class(x, cls = "data.frame")
 17.         ├─dplyr::mutate(...)
 18.         ├─cards:::.rename_last_group_as_variable(...)
 19.         │ ├─dplyr::rename(...)
 20.         │ └─dplyr::select(df_result, -all_ard_variables())
 21.         ├─cards::ard_tabulate(...)
 22.         └─cards:::ard_tabulate.data.frame(...)
 23.           └─base::is.data.frame(denominator)</error>
    </testcase>
  </testsuite>
  <testsuite name="ard_stack_hierarchical" timestamp="2026-01-16T00:08:42Z" hostname="e54fd2f5cb59" tests="1" skipped="0" failures="0" errors="0" time="0.025">
    <testcase time="0.0249999999999995" classname="character(0)" name="ard_stack_hierarchical_count_denominator_messaging"/>
  </testsuite>
  <testsuite name="ard_stack_hierarchical" timestamp="2026-01-16T00:08:42Z" hostname="e54fd2f5cb59" tests="1" skipped="0" failures="0" errors="1" time="0.004">
    <testcase time="0.00400000000000045" classname="character(0)" name="ard_stack_hierarchical_count_denominator_univariate_tabulations">
      <error type="error" message="Error in `ard_tabulate.data.frame(data = data, variables = &quot;...ard_dummy_for_counting...&quot;, by = all_of(by), strata = all_of(variables), statistic = everything() ~ &quot;n&quot;, fmt_fun = fmt_fun, stat_label = stat_label)`: object 'denominator' not found ('test-ard_stack_hierarchical.R:512:3')">Error in `ard_tabulate.data.frame(data = data, variables = "...ard_dummy_for_counting...", by = all_of(by), strata = all_of(variables), statistic = everything() ~ "n", fmt_fun = fmt_fun, stat_label = stat_label)`: object 'denominator' not found
Backtrace:
     ▆
  1. ├─testthat::expect_equal(...) at test-ard_stack_hierarchical.R:512:3
  2. │ └─testthat::quasi_label(enquo(object), label)
  3. │   └─rlang::eval_bare(expr, quo_get_env(quo))
  4. ├─dplyr::select(...)
  5. ├─dplyr::filter(...)
  6. └─cards::ard_stack_hierarchical_count(...)
  7.   └─cards:::internal_stack_hierarchical(...)
  8.     ├─base::append(...)
  9.     └─cards:::.run_hierarchical_fun(...)
[...]
x Problematic argument:
* denominator = denominator
i Did you misspell an argument name?
Backtrace:
     ▆
  1. └─cards::ard_stack_hierarchical(...) at test-shuffle_ard.R:624:3
  2.   └─cards:::internal_stack_hierarchical(...)
  3.     ├─base::append(...)
  4.     └─cards:::.run_hierarchical_fun(...)
  5.       ├─cards::ard_hierarchical(...)
  6.       └─cards:::ard_hierarchical.data.frame(...)
  7.         ├─cards::ard_tabulate(...)
  8.         └─cards:::ard_tabulate.data.frame(...)
  9.           └─rlang (local) `&lt;fn&gt;`()
 10.             └─rlang:::check_dots(env, error, action, call)
 11.               └─rlang:::action_dots(...)
 12.                 ├─base (local) try_dots(...)
 13.                 └─rlang (local) action(...)</error>
    </testcase>
    <testcase time="0.168000000000003" classname="character(0)" name="_unnamed_">
      <error type="error" message="Error in `ard_tabulate.data.frame(data = data, variables = &quot;...ard_dummy_for_counting...&quot;, by = all_of(by), strata = all_of(variables), statistic = statistic, denominator = denominator, fmt_fun = fmt_fun, stat_label = stat_label)`: object 'denominator' not found ('test-sort_ard_hierarchical.R:6:1')">Error in `ard_tabulate.data.frame(data = data, variables = "...ard_dummy_for_counting...", by = all_of(by), strata = all_of(variables), statistic = statistic, denominator = denominator, fmt_fun = fmt_fun, stat_label = stat_label)`: object 'denominator' not found
Backtrace:
    ▆
 1. └─cards::ard_stack_hierarchical(...) at test-sort_ard_hierarchical.R:6:1
 2.   └─cards:::internal_stack_hierarchical(...)
 3.     ├─base::append(...)
 4.     └─cards:::.run_hierarchical_fun(...)
 5.       ├─cards::ard_hierarchical(...)
 6.       └─cards:::ard_hierarchical.data.frame(...)
 7.         ├─cards::ard_tabulate(...)
 8.         └─cards:::ard_tabulate.data.frame(...)
 9.           └─base::is.data.frame(denominator)</error>
    </testcase>
    <testcase time="0.0380000000000003" classname="character(0)" name="_unnamed_">
      <error type="error" message="&lt;rlib_error_dots_unused/rlib_error_dots/rlang_error/error/condition&gt; ('test-sort_ard_hierarchical.R:6:1')">&lt;rlib_error_dots_unused/rlib_error_dots/rlang_error/error/condition&gt;
Error in `ard_tabulate(data = data, variables = "...ard_dummy_for_counting...", by = all_of(by), strata = all_of(variables), statistic = statistic, denominator = denominator, fmt_fun = fmt_fun, stat_label = stat_label)`: Arguments in `...` must be used.
x Problematic argument:
* denominator = denominator
i Did you misspell an argument name?
Backtrace:
     ▆
  1. └─cards::ard_stack_hierarchical(...) at test-sort_ard_hierarchical.R:6:1
  2.   └─cards:::internal_stack_hierarchical(...)
  3.     ├─base::append(...)
  4.     └─cards:::.run_hierarchical_fun(...)
  5.       ├─cards::ard_hierarchical(...)
  6.       └─cards:::ard_hierarchical.data.frame(...)
  7.         ├─cards::ard_tabulate(...)
  8.         └─cards:::ard_tabulate.data.frame(...)
  9.           └─rlang (local) `&lt;fn&gt;`()
 10.             └─rlang:::check_dots(env, error, action, call)
 11.               └─rlang:::action_dots(...)
 12.                 ├─base (local) try_dots(...)
 13.                 └─rlang (local) action(...)</error>
    </testcase>
  </testsuite>
  <testsuite name="tidy_ard_column_order" timestamp="2026-01-16T00:09:01Z" hostname="e54fd2f5cb59" tests="3" skipped="0" failures="0" errors="3" time="0.316">
    <testcase time="0.109999999999999" classname="character(0)" name="tidy_ard_column_order_works">
      <error type="error" message="Error in `ard_tabulate.data.frame(data.frame(x1 = sample(LETTERS[1:2], 30, replace = TRUE), x2 = sample(LETTERS[3:4], 30, replace = TRUE), x3 = sample(LETTERS[5:6], 30, replace = TRUE), x4 = sample(LETTERS[7:8], 30, replace = TRUE), x5 = sample(LETTERS[9:10], 30, replace = TRUE), x6 = sample(LETTERS[11:12], 30, replace = TRUE), x7 = sample(LETTERS[13:14], 30, replace = TRUE), x8 = sample(LETTERS[15:16], 30, replace = TRUE), x9 = sample(LETTERS[17:18], 30, replace = TRUE), x10 = sample(LETTERS[19:20], 30, replace = TRUE),      dummy = 1L), variables = &quot;dummy&quot;, strata = x1:x10, statistic = everything() ~ &quot;n&quot;)`: object 'denominator' not found ('test-tidy_ard_column_order.R:6:3')">Error in `ard_tabulate.data.frame(data.frame(x1 = sample(LETTERS[1:2], 30, replace = TRUE), x2 = sample(LETTERS[3:4], 30, replace = TRUE), x3 = sample(LETTERS[5:6], 30, replace = TRUE), x4 = sample(LETTERS[7:8], 30, replace = TRUE), x5 = sample(LETTERS[9:10], 30, replace = TRUE), x6 = sample(LETTERS[11:12], 30, replace = TRUE), x7 = sample(LETTERS[13:14], 30, replace = TRUE), x8 = sample(LETTERS[15:16], 30, replace = TRUE), x9 = sample(LETTERS[17:18], 30, replace = TRUE), x10 = sample(LETTERS[19:20], 30, replace = TRUE),      dummy = 1L), variables = "dummy", strata = x1:x10, statistic = everything() ~ "n")`: object 'denominator' not found
Backtrace:
    ▆
 1. ├─testthat::expect_equal(...) at test-tidy_ard_column_order.R:6:3
 2. │ └─testthat::quasi_label(enquo(object), label)
 3. │   └─rlang::eval_bare(expr, quo_get_env(quo))
 4. ├─dplyr::select(...)
 5. ├─cards::ard_tabulate(...)
 6. └─cards:::ard_tabulate.data.frame(...)
 7.   └─base::is.data.frame(denominator)</error>
    </testcase>
  </testsuite>
  <testsuite name="tidy_ard_row_order" timestamp="2026-01-16T00:09:01Z" hostname="e54fd2f5cb59" tests="1" skipped="0" failures="0" errors="1" time="0.14">
    <testcase time="0.140000000000001" classname="character(0)" name="tidy_ard_row_order_works">
      <error type="error" message="Error in `ard_tabulate.data.frame(data.frame(x1 = sample(LETTERS[1:5], 30, replace = TRUE), x2 = sample(LETTERS[6:10], 30, replace = TRUE), x3 = sample(LETTERS[11:15], 30, replace = TRUE), zz = 1L, aa = 1L), by = x1:x3, variables = c(zz, aa), statistic = everything() ~ &quot;n&quot;)`: object 'denominator' not found ('test-tidy_ard_row_order.R:7:3')">Error in `ard_tabulate.data.frame(data.frame(x1 = sample(LETTERS[1:5], 30, replace = TRUE), x2 = sample(LETTERS[6:10], 30, replace = TRUE), x3 = sample(LETTERS[11:15], 30, replace = TRUE), zz = 1L, aa = 1L), by = x1:x3, variables = c(zz, aa), statistic = everything() ~ "n")`: object 'denominator' not found
Backtrace:
    ▆
 1. ├─dplyr::select(...)
 2. ├─cards::ard_tabulate(...)
 3. └─cards:::ard_tabulate.data.frame(...)
 4.   └─base::is.data.frame(denominator)</error>
    </testcase>
  </testsuite>
  <testsuite name="tidy_as_ard" timestamp="2026-01-16T00:09:01Z" hostname="e54fd2f5cb59" tests="4" skipped="0" failures="0" errors="0" time="0.336">
    <testcase time="0.334" classname="character(0)" name="tidy_as_ard_works"/>
    <testcase time="0.000999999999997669" classname="character(0)" name="tidy_as_ard_works"/>
    <testcase time="0.00100000000000122" classname="character(0)" name="tidy_as_ard_works"/>
    <testcase time="0" classname="character(0)" name="tidy_as_ard_works"/>
  </testsuite>
  <testsuite name="unlist_ard_columns" timestamp="2026-01-16T00:09:01Z" hostname="e54fd2f5cb59" tests="1" skipped="0" failures="0" errors="1" time="0.242">
    <testcase time="0.242000000000001" classname="character(0)" name="unlist_ard_columns_">
      <error type="error" message="Error in `ard_tabulate.data.frame(ADSL, variables = AGEGR1)`: object 'denominator' not found ('test-unlist_ard_columns.R:2:3')">Error in `ard_tabulate.data.frame(ADSL, variables = AGEGR1)`: object 'denominator' not found
Backtrace:
     ▆
  1. ├─testthat::expect_equal(...) at test-unlist_ard_columns.R:2:3
  2. │ └─testthat::quasi_label(enquo(object), label)
  3. │   └─rlang::eval_bare(expr, quo_get_env(quo))
  4. ├─dplyr::pull(...)
  5. ├─cards::unlist_ard_columns(ard_tabulate(ADSL, variables = AGEGR1))
  6. │ └─cards:::check_data_frame(x)
  7. │   └─cards:::check_class(...)
  8. ├─cards::ard_tabulate(ADSL, variables = AGEGR1)
  9. └─cards:::ard_tabulate.data.frame(ADSL, variables = AGEGR1)
 10.   └─base::is.data.frame(denominator)</error>
    </testcase>
  </testsuite>
  <testsuite name="unlist_ard_columns" timestamp="2026-01-16T00:09:02Z" hostname="e54fd2f5cb59" tests="1" skipped="0" failures="0" errors="1" time="0.02">
    <testcase time="0.0199999999999996" classname="character(0)" name="unlist_ard_columns_messaging">
      <error type="error" message="Error in `ard_tabulate.data.frame(ADSL, variables = AGEGR1)`: object 'denominator' not found ('test-unlist_ard_columns.R:28:3')">Error in `ard_tabulate.data.frame(ADSL, variables = AGEGR1)`: object 'denominator' not found
Backtrace:
     ▆
  1. ├─testthat::expect_message(...) at test-unlist_ard_columns.R:28:3
  2. │ └─testthat:::expect_condition_matching_(...)
  3. │   └─testthat:::quasi_capture(...)
  4. │     ├─testthat (local) .capture(...)
  5. │     │ └─base::withCallingHandlers(...)
  6. │     └─rlang::eval_bare(quo_get_expr(.quo), quo_get_env(.quo))
  7. ├─cards::unlist_ard_columns(...)
  8. │ └─cards:::check_data_frame(x)
  9. │   └─cards:::check_class(...)
 10. ├─dplyr::mutate(...)
 11. ├─cards::ard_tabulate(ADSL, variables = AGEGR1)
 12. └─cards:::ard_tabulate.data.frame(ADSL, variables = AGEGR1)
 13.   └─base::is.data.frame(denominator)</error>
    </testcase>
  </testsuite>
  <testsuite name="unlist_ard_columns" timestamp="2026-01-16T00:09:02Z" hostname="e54fd2f5cb59" tests="1" skipped="0" failures="0" errors="1" time="0.024">
    <testcase time="0.0240000000000009" classname="character(0)" name="unlist_ard_columns_fct_as_chr_">
      <error type="error" message="Error in `ard_tabulate.data.frame(data = data, variables = all_of(.by))`: object 'denominator' not found ('test-unlist_ard_columns.R:40:3')">Error in `ard_tabulate.data.frame(data = data, variables = all_of(.by))`: object 'denominator' not found
Backtrace:
     ▆
  1. ├─testthat::expect_true(...) at test-unlist_ard_columns.R:40:3
  2. │ └─testthat::quasi_label(enquo(object), label)
  3. │   └─rlang::eval_bare(expr, quo_get_env(quo))
  4. ├─dplyr::pull(...)
  5. ├─cards::unlist_ard_columns(...)
  6. │ └─cards:::check_data_frame(x)
  7. │   └─cards:::check_class(...)
  8. └─cards::ard_stack(...)
  9.   ├─cards::bind_ard(ard_list, ard_tabulate(data = data, variables = all_of(.by)))
 10.   │ └─dplyr::bind_rows(...)
 11.   │   └─rlang::list2(...)
 12.   ├─cards::ard_tabulate(data = data, variables = all_of(.by))
 13.   └─cards:::ard_tabulate.data.frame(data = data, variables = all_of(.by))
 14.     └─base::is.data.frame(denominator)</error>
    </testcase>
  </testsuite>
  <testsuite name="update_ard" timestamp="2026-01-16T00:09:03Z" hostname="e54fd2f5cb59" tests="2" skipped="0" failures="0" errors="0" time="1.319">
    <testcase time="1.318" classname="character(0)" name="update_ard_fmt_fun_"/>
    <testcase time="0.00100000000000122" classname="character(0)" name="update_ard_fmt_fun_"/>
  </testsuite>
  <testsuite name="update_ard" timestamp="2026-01-16T00:09:03Z" hostname="e54fd2f5cb59" tests="1" skipped="0" failures="0" errors="0" time="0.004">
    <testcase time="0.00399999999999778" classname="character(0)" name="update_ard_fmt_fun_filter_"/>
  </testsuite>
  <testsuite name="update_ard" timestamp="2026-01-16T00:09:03Z" hostname="e54fd2f5cb59" tests="2" skipped="0" failures="0" errors="0" time="0.004">
    <testcase time="0.00300000000000011" classname="character(0)" name="update_ard_fmt_fun_filter_messaging"/>
    <testcase time="0.00100000000000122" classname="character(0)" name="update_ard_fmt_fun_filter_messaging"/>
  </testsuite>
  <testsuite name="update_ard" timestamp="2026-01-16T00:09:03Z" hostname="e54fd2f5cb59" tests="1" skipped="0" failures="0" errors="0" time="0.004">
    <testcase time="0.00400000000000134" classname="character(0)" name="update_ard_stat_label_"/>
  </testsuite>
  <testsuite name="update_ard" timestamp="2026-01-16T00:09:03Z" hostname="e54fd2f5cb59" tests="1" skipped="0" failures="0" errors="0" time="0.004">
    <testcase time="0.00399999999999778" classname="character(0)" name="update_ard_stat_label_filter_"/>
  </testsuite>
  <testsuite name="update_ard" timestamp="2026-01-16T00:09:03Z" hostname="e54fd2f5cb59" tests="2" skipped="0" failures="0" errors="0" time="0.005">
    <testcase time="0.00400000000000134" classname="character(0)" name="update_ard_stat_label_filter_messaging"/>
    <testcase time="0.00100000000000122" classname="character(0)" name="update_ard_stat_label_filter_messaging"/>
  </testsuite>
  <testsuite name="ard_summary" timestamp="2026-01-16T00:09:25Z" hostname="e54fd2f5cb59" tests="4" skipped="0" failures="0" errors="0" time="22.348">
    <testcase time="22.346" classname="character(0)" name="ard_summary_works"/>
    <testcase time="0.000999999999997669" classname="character(0)" name="ard_summary_works"/>
    <testcase time="0" classname="character(0)" name="ard_summary_works"/>
    <testcase time="0.00100000000000477" classname="character(0)" name="ard_summary_works"/>
  </testsuite>
  <testsuite name="ard_summary" timestamp="2026-01-16T00:09:25Z" hostname="e54fd2f5cb59" tests="3" skipped="0" failures="0" errors="0" time="0.003">
    <testcase time="0.00199999999999534" classname="character(0)" name="ard_summary_fmt_fun_argument_works"/>
    <testcase time="0" classname="character(0)" name="ard_summary_fmt_fun_argument_works"/>
    <testcase time="0.000999999999997669" classname="character(0)" name="ard_summary_fmt_fun_argument_works"/>
  </testsuite>
  <testsuite name="ard_summary" timestamp="2026-01-16T00:09:25Z" hostname="e54fd2f5cb59" tests="3" skipped="0" failures="0" errors="0" time="0.003">
    <testcase time="0.00200000000000244" classname="character(0)" name="ard_summary_messaging"/>
    <testcase time="0.000999999999997669" classname="character(0)" name="ard_summary_messaging"/>
    <testcase time="0" classname="character(0)" name="ard_summary_messaging"/>
  </testsuite>
  <testsuite name="ard_summary" timestamp="2026-01-16T00:09:25Z" hostname="e54fd2f5cb59" tests="5" skipped="0" failures="0" errors="0" time="0.005">
    <testcase time="0.00200000000000244" classname="character(0)" name="ard_summary_stat_label_argument_works"/>
    <testcase time="0.000999999999997669" classname="character(0)" name="ard_summary_stat_label_argument_works"/>
    <testcase time="0" classname="character(0)" name="ard_summary_stat_label_argument_works"/>
    <testcase time="0.00100000000000477" classname="character(0)" name="ard_summary_stat_label_argument_works"/>
    <testcase time="0.000999999999997669" classname="character(0)" name="ard_summary_stat_label_argument_works"/>
  </testsuite>
  <testsuite name="ard_summary" timestamp="2026-01-16T00:09:25Z" hostname="e54fd2f5cb59" tests="2" skipped="0" failures="0" errors="0" time="0.005">
    <testcase time="0.00399999999999778" classname="character(0)" name="ard_summary_and_ARD_column_names"/>
    <testcase time="0.00100000000000477" classname="character(0)" name="ard_summary_and_ARD_column_names"/>
  </testsuite>
  <testsuite name="ard_summary" timestamp="2026-01-16T00:09:25Z" hostname="e54fd2f5cb59" tests="1" skipped="0" failures="0" errors="0" time="0.002">
    <testcase time="0.00199999999999534" classname="character(0)" name="ard_summary_with_grouped_data_works"/>
  </testsuite>
  <testsuite name="ard_summary" timestamp="2026-01-16T00:09:25Z" hostname="e54fd2f5cb59" tests="2" skipped="0" failures="0" errors="0" time="0.002">
    <testcase time="0.00200000000000244" classname="character(0)" name="ard_summary_with_dates_works_and_displays_as_expected"/>
    <testcase time="0" classname="character(0)" name="ard_summary_with_dates_works_and_displays_as_expected"/>
  </testsuite>
  <testsuite name="ard_summary" timestamp="2026-01-16T00:09:25Z" hostname="e54fd2f5cb59" tests="1" skipped="0" failures="0" errors="0" time="0.003">
    <testcase time="0.00300000000000011" classname="character(0)" name="ard_summary_with_empty_missing_dates_works_and_preserves_Date_class"/>
  </testsuite>
  <testsuite name="ard_summary" timestamp="2026-01-16T00:09:25Z" hostname="e54fd2f5cb59" tests="3" skipped="0" failures="0" errors="0" time="0.003">
    <testcase time="0.00200000000000244" classname="character(0)" name="ard_summary_works_with_non_syntactic_names"/>
    <testcase time="0" classname="character(0)" name="ard_summary_works_with_non_syntactic_names"/>
    <testcase time="0.000999999999997669" classname="character(0)" name="ard_summary_works_with_non_syntactic_names"/>
  </testsuite>
  <testsuite name="ard_summary" timestamp="2026-01-16T00:09:25Z" hostname="e54fd2f5cb59" tests="19" skipped="0" failures="0" errors="0" time="0.012">
    <testcase time="0.00200000000000244" classname="character(0)" name="ard_summary_works_when_using_generic_names_"/>
    <testcase time="0" classname="character(0)" name="ard_summary_works_when_using_generic_names_"/>
    <testcase time="0.000999999999997669" classname="character(0)" name="ard_summary_works_when_using_generic_names_"/>
    <testcase time="0" classname="character(0)" name="ard_summary_works_when_using_generic_names_"/>
    <testcase time="0.000999999999997669" classname="character(0)" name="ard_summary_works_when_using_generic_names_"/>
    <testcase time="0.00100000000000477" classname="character(0)" name="ard_summary_works_when_using_generic_names_"/>
    <testcase time="0" classname="character(0)" name="ard_summary_works_when_using_generic_names_"/>
    <testcase time="0.000999999999997669" classname="character(0)" name="ard_summary_works_when_using_generic_names_"/>
    <testcase time="0" classname="character(0)" name="ard_summary_works_when_using_generic_names_"/>
    <testcase time="0.000999999999997669" classname="character(0)" name="ard_summary_works_when_using_generic_names_"/>
    <testcase time="0" classname="character(0)" name="ard_summary_works_when_using_generic_names_"/>
    <testcase time="0.00100000000000477" classname="character(0)" name="ard_summary_works_when_using_generic_names_"/>
    <testcase time="0.000999999999997669" classname="character(0)" name="ard_summary_works_when_using_generic_names_"/>
    <testcase time="0" classname="character(0)" name="ard_summary_works_when_using_generic_names_"/>
    <testcase time="0.000999999999997669" classname="character(0)" name="ard_summary_works_when_using_generic_names_"/>
    <testcase time="0" classname="character(0)" name="ard_summary_works_when_using_generic_names_"/>
    <testcase time="0.00100000000000477" classname="character(0)" name="ard_summary_works_when_using_generic_names_"/>
    <testcase time="0" classname="character(0)" name="ard_summary_works_when_using_generic_names_"/>
    <testcase time="0.000999999999997669" classname="character(0)" name="ard_summary_works_when_using_generic_names_"/>
  </testsuite>
  <testsuite name="ard_summary" timestamp="2026-01-16T00:09:25Z" hostname="e54fd2f5cb59" tests="1" skipped="0" failures="0" errors="0" time="0.002">
    <testcase time="0.00200000000000244" classname="character(0)" name="ard_summary_follows_ard_structure"/>
  </testsuite>
  <testsuite name="ard_summary" timestamp="2026-01-16T00:09:25Z" hostname="e54fd2f5cb59" tests="2" skipped="0" failures="0" errors="0" time="0.003">
    <testcase time="0.00199999999999534" classname="character(0)" name="ard_summary_errors_with_incomplete_factor_columns"/>
    <testcase time="0.00100000000000477" classname="character(0)" name="ard_summary_errors_with_incomplete_factor_columns"/>
  </testsuite>
  <testsuite name="ard_summary" timestamp="2026-01-16T00:09:25Z" hostname="e54fd2f5cb59" tests="2" skipped="0" failures="0" errors="0" time="0.002">
    <testcase time="0.00199999999999534" classname="character(0)" name="ard_summary_with_as_cards_fn_inputs"/>
    <testcase time="0" classname="character(0)" name="ard_summary_with_as_cards_fn_inputs"/>
  </testsuite>
</testsuites>
