<?xml version="1.0" encoding="UTF-8"?>
<testsuites>
  <testsuite name="(unknown)" timestamp="2026-04-24T09:10:00Z" hostname="0edae1b4e0ef">
    <testcase time="0.763" classname="character(0)" name="_unnamed_">
      <error type="error" message="&lt;dplyr:::mutate_error/rlang_error/error/condition&gt; ('test-apply_fmt_fun.R:1:1')">&lt;dplyr:::mutate_error/rlang_error/error/condition&gt;
Error in `dplyr::mutate(x, fmt_fun = pmap(list(.data$stat_name, .data$stat, .data$fmt_fun), function(stat_name, stat, fmt_fun) {     if (!is_empty(fmt_fun)) {         return(fmt_fun)     }     if (stat_name %in% c("p", "p_miss", "p_nonmiss")) {         return(label_round(digits = 1, scale = 100))     }     if (is.integer(stat)) {         return(0L)     }     if (is.numeric(stat)) {         return(1L)     }     return(as.character) }))`: i In argument: `fmt_fun = pmap(...)`.
Caused by error in `.data$stat`:
! Column `stat` not found in `.data`.</error>
    </testcase>
  </testsuite>
  <testsuite name="ard_attributes" timestamp="2026-04-24T09:10:00Z" hostname="0edae1b4e0ef" tests="2" skipped="0" failures="0" errors="1" time="1.138">
    <testcase time="0.375" classname="character(0)" name="ard_attributes_works"/>
  </testsuite>
  <testsuite name="ard_attributes" timestamp="2026-04-24T09:10:00Z" hostname="0edae1b4e0ef" tests="1" skipped="0" failures="0" errors="0" time="0.009">
    <testcase time="0.0089999999999999" classname="character(0)" name="ard_attributes_errors_when_there_is_no_dataframe"/>
  </testsuite>
  <testsuite name="ard_attributes" timestamp="2026-04-24T09:10:00Z" hostname="0edae1b4e0ef" tests="1" skipped="0" failures="0" errors="0" time="0.015">
    <testcase time="0.0150000000000001" classname="character(0)" name="ard_attributes_follows_ard_structure"/>
  </testsuite>
  <testsuite name="ard_attributes" timestamp="2026-04-24T09:10:00Z" hostname="0edae1b4e0ef" tests="1" skipped="0" failures="0" errors="0" time="0.002">
    <testcase time="0.00199999999999978" classname="character(0)" name="ard_attributes_requires_label_as_a_named_list"/>
  </testsuite>
  <testsuite name="ard_formals" timestamp="2026-04-24T09:10:00Z" hostname="0edae1b4e0ef" tests="2" skipped="0" failures="0" errors="0" time="0.107">
    <testcase time="0.107" classname="character(0)" name="ard_formals_works"/>
    <testcase time="0" classname="character(0)" name="ard_formals_works"/>
  </testsuite>
  <testsuite name="add_calculated_row" timestamp="2026-04-24T09:10:01Z" hostname="0edae1b4e0ef" tests="1" skipped="0" failures="0" errors="1" time="0.235">
    <testcase time="0.235" classname="character(0)" name="add_calculated_row_x_">
      <error type="error" message="&lt;dplyr:::mutate_error/rlang_error/error/condition&gt; ('test-add_calculated_row.R:2:3')">&lt;dplyr:::mutate_error/rlang_error/error/condition&gt;
Error in `dplyr::mutate(x, fmt_fun = pmap(list(.data$stat_name, .data$stat, .data$fmt_fun), function(stat_name, stat, fmt_fun) {     if (!is_empty(fmt_fun)) {         return(fmt_fun)     }     if (stat_name %in% c("p", "p_miss", "p_nonmiss")) {         return(label_round(digits = 1, scale = 100))     }     if (is.integer(stat)) {         return(0L)     }     if (is.numeric(stat)) {         return(1L)     }     return(as.character) }))`: i In argument: `fmt_fun = pmap(...)`.
Caused by error in `.data$stat`:
! Column `stat` not found in `.data`.
Backtrace:
    ▆
 1. └─testthat::expect_snapshot(...) at test-add_calculated_row.R:2:3
 2.   └─testthat:::expect_snapshot_(...)
 3.     ├─base::withRestarts(cnd_signal(state$error), muffle_expectation = function() NULL)
 4.     │ └─base (local) withOneRestart(expr, restarts[[1L]])
 5.     │   └─base (local) doWithOneRestart(return(expr), restart)
 6.     └─rlang::cnd_signal(state$error)</error>
    </testcase>
  </testsuite>
  <testsuite name="add_calculated_row" timestamp="2026-04-24T09:10:01Z" hostname="0edae1b4e0ef" tests="1" skipped="0" failures="1" errors="0" time="0.038">
    <testcase time="0.0379999999999998" classname="character(0)" name="add_calculated_row_expr_messaging">
      <failure type="failure" message="Snapshot of code has changed: ('test-add_calculated_row.R:25:3')">Snapshot of code has changed:
old[2:7] vs new[2:8]
    add_calculated_row(ard_summary(mtcars, variables = mpg), expr = not_a_stat * 2,
    stat_name = "this_doesnt_work")
  Condition
-   Error in `add_calculated_row()`:
-   ! There was an error calculating the new statistic. See below:
-   x object 'not_a_stat' not found
+   Error in `dplyr::mutate()`:
+   i In argument: `fmt_fun = pmap(...)`.
+   Caused by error in `.data$stat`:
+   ! Column `stat` not found in `.data`.
* Run `testthat::snapshot_accept("add_calculated_row", "testthat")` to accept the change.
* Run `testthat::snapshot_review("add_calculated_row", "testthat")` to review the change.</failure>
    </testcase>
  </testsuite>
  <testsuite name="add_calculated_row" timestamp="2026-04-24T09:10:01Z" hostname="0edae1b4e0ef" tests="1" skipped="0" failures="1" errors="0" time="0.015">
    <testcase time="0.0150000000000001" classname="character(0)" name="add_calculated_row_by_messaging">
      <failure type="failure" message="Snapshot of code has changed: ('test-add_calculated_row.R:33:3')">Snapshot of code has changed:
old[2:6] vs new[2:8]
    add_calculated_row(ard_summary(mtcars, variables = mpg, by = cyl), expr = max -
      min, stat_name = "range", by = "context")
  Condition
-   Error in `add_calculated_row()`:
-   ! Duplicate statistics present within `by` groups: "N", "mean", "sd", "median", "p25", "p75", "min", "max", "N", "mean", "sd", "median", "p25", "p75", "min", and "max"
+   Error in `dplyr::mutate()`:
+   i In argument: `fmt_fun = pmap(...)`.
+   Caused by error in `.data$stat`:
+   ! Column `stat` not found in `.data`.
* Run `testthat::snapshot_accept("add_calculated_row", "testthat")` to accept the change.
* Run `testthat::snapshot_review("add_calculated_row", "testthat")` to review the change.</failure>
    </testcase>
  </testsuite>
  <testsuite name="ard_identity" timestamp="2026-04-24T09:10:01Z" hostname="0edae1b4e0ef" tests="1" skipped="0" failures="0" errors="1" time="0.279">
    <testcase time="0.279" classname="character(0)" name="ard_identity_works">
      <error type="error" message="&lt;dplyr:::mutate_error/rlang_error/error/condition&gt; ('test-ard_identity.R:6:3')">&lt;dplyr:::mutate_error/rlang_error/error/condition&gt;
Error in `dplyr::mutate(x, fmt_fun = pmap(list(.data$stat_name, .data$stat, .data$fmt_fun), function(stat_name, stat, fmt_fun) {     if (!is_empty(fmt_fun)) {         return(fmt_fun)     }     if (stat_name %in% c("p", "p_miss", "p_nonmiss")) {         return(label_round(digits = 1, scale = 100))     }     if (is.integer(stat)) {         return(0L)     }     if (is.numeric(stat)) {         return(1L)     }     return(as.character) }))`: i In argument: `fmt_fun = pmap(...)`.
Caused by error in `.data$stat`:
! Column `stat` not found in `.data`.</error>
    </testcase>
  </testsuite>
  <testsuite name="ard_identity" timestamp="2026-04-24T09:10:01Z" hostname="0edae1b4e0ef" tests="1" skipped="0" failures="0" errors="0" time="0.013">
    <testcase time="0.0129999999999999" classname="character(0)" name="ard_identity_messaging"/>
  </testsuite>
  <testsuite name="ard_missing" timestamp="2026-04-24T09:10:02Z" hostname="0edae1b4e0ef" tests="2" skipped="0" failures="1" errors="1" time="0.622">
    <testcase time="0.606" classname="character(0)" name="ard_missing_works">
      <failure type="failure" message="Expected `ard &lt;- ard_missing(ADSL, by = &quot;ARM&quot;, variables = &quot;BMIBL&quot;)` not to throw any errors. ('test-ard_missing.R:2:3')">Expected `ard &lt;- ard_missing(ADSL, by = "ARM", variables = "BMIBL")` not to throw any errors.
Actually got a &lt;dplyr:::mutate_error&gt; with message:
  i In argument: `fmt_fun = pmap(...)`.
  Caused by error in `.data$stat`:
  ! Column `stat` not found in `.data`.</failure>
    </testcase>
    <testcase time="0.016" classname="character(0)" name="ard_missing_works">
      <error type="error" message="Error: object 'ard' not found ('test-ard_missing.R:7:3')">Error: object 'ard' not found
Backtrace:
    ▆
 1. ├─base::as.data.frame(dplyr::select(ard, -"fmt_fun"))
 2. └─dplyr::select(ard, -"fmt_fun")</error>
    </testcase>
  </testsuite>
  <testsuite name="ard_missing" timestamp="2026-04-24T09:10:02Z" hostname="0edae1b4e0ef" tests="1" skipped="0" failures="0" errors="1" time="0.018">
    <testcase time="0.0179999999999998" classname="character(0)" name="ard_missing_stat_label_argument_works">
      <error type="error" message="&lt;dplyr:::mutate_error/rlang_error/error/condition&gt; ('test-ard_missing.R:31:3')">&lt;dplyr:::mutate_error/rlang_error/error/condition&gt;
Error in `dplyr::mutate(x, fmt_fun = pmap(list(.data$stat_name, .data$stat, .data$fmt_fun), function(stat_name, stat, fmt_fun) {     if (!is_empty(fmt_fun)) {         return(fmt_fun)     }     if (stat_name %in% c("p", "p_miss", "p_nonmiss")) {         return(label_round(digits = 1, scale = 100))     }     if (is.integer(stat)) {         return(0L)     }     if (is.numeric(stat)) {         return(1L)     }     return(as.character) }))`: i In argument: `fmt_fun = pmap(...)`.
Caused by error in `.data$stat`:
! Column `stat` not found in `.data`.
Backtrace:
    ▆
 1. └─testthat::expect_snapshot(...) at test-ard_missing.R:31:3
 2.   └─testthat:::expect_snapshot_(...)
 3.     ├─base::withRestarts(cnd_signal(state$error), muffle_expectation = function() NULL)
 4.     │ └─base (local) withOneRestart(expr, restarts[[1L]])
 5.     │   └─base (local) doWithOneRestart(return(expr), restart)
 6.     └─rlang::cnd_signal(state$error)</error>
    </testcase>
  </testsuite>
  <testsuite name="ard_missing" timestamp="2026-04-24T09:10:02Z" hostname="0edae1b4e0ef" tests="1" skipped="0" failures="0" errors="1" time="0.028">
    <testcase time="0.028" classname="character(0)" name="ard_missing_with_grouped_data_works">
      <error type="error" message="&lt;dplyr:::mutate_error/rlang_error/error/condition&gt; ('test-ard_missing.R:74:3')">&lt;dplyr:::mutate_error/rlang_error/error/condition&gt;
Error in `dplyr::mutate(x, fmt_fun = pmap(list(.data$stat_name, .data$stat, .data$fmt_fun), function(stat_name, stat, fmt_fun) {     if (!is_empty(fmt_fun)) {         return(fmt_fun)     }     if (stat_name %in% c("p", "p_miss", "p_nonmiss")) {         return(label_round(digits = 1, scale = 100))     }     if (is.integer(stat)) {         return(0L)     }     if (is.numeric(stat)) {         return(1L)     }     return(as.character) }))`: i In argument: `fmt_fun = pmap(...)`.
Caused by error in `.data$stat`:
! Column `stat` not found in `.data`.</error>
    </testcase>
  </testsuite>
  <testsuite name="ard_missing" timestamp="2026-04-24T09:10:02Z" hostname="0edae1b4e0ef" tests="1" skipped="0" failures="0" errors="1" time="0.016">
    <testcase time="0.016" classname="character(0)" name="ard_missing_follows_ard_structure">
      <error type="error" message="&lt;dplyr:::mutate_error/rlang_error/error/condition&gt; ('test-ard_missing.R:87:3')">&lt;dplyr:::mutate_error/rlang_error/error/condition&gt;
Error in `dplyr::mutate(x, fmt_fun = pmap(list(.data$stat_name, .data$stat, .data$fmt_fun), function(stat_name, stat, fmt_fun) {     if (!is_empty(fmt_fun)) {         return(fmt_fun)     }     if (stat_name %in% c("p", "p_miss", "p_nonmiss")) {         return(label_round(digits = 1, scale = 100))     }     if (is.integer(stat)) {         return(0L)     }     if (is.numeric(stat)) {         return(1L)     }     return(as.character) }))`: i In argument: `fmt_fun = pmap(...)`.
Caused by error in `.data$stat`:
! Column `stat` not found in `.data`.</error>
    </testcase>
  </testsuite>
  <testsuite name="ard_mvsummary" timestamp="2026-04-24T09:10:02Z" hostname="0edae1b4e0ef" tests="1" skipped="0" failures="0" errors="1" time="0.699">
    <testcase time="0.699" classname="character(0)" name="ard_mvsummary_works">
      <error type="error" message="&lt;dplyr:::mutate_error/rlang_error/error/condition&gt; ('test-ard_mvsummary.R:4:3')">&lt;dplyr:::mutate_error/rlang_error/error/condition&gt;
Error in `dplyr::mutate(x, fmt_fun = pmap(list(.data$stat_name, .data$stat, .data$fmt_fun), function(stat_name, stat, fmt_fun) {     if (!is_empty(fmt_fun)) {         return(fmt_fun)     }     if (stat_name %in% c("p", "p_miss", "p_nonmiss")) {         return(label_round(digits = 1, scale = 100))     }     if (is.integer(stat)) {         return(0L)     }     if (is.numeric(stat)) {         return(1L)     }     return(as.character) }))`: i In argument: `fmt_fun = pmap(...)`.
Caused by error in `.data$stat`:
! Column `stat` not found in `.data`.</error>
    </testcase>
  </testsuite>
  <testsuite name="ard_mvsummary" timestamp="2026-04-24T09:10:02Z" hostname="0edae1b4e0ef" tests="1" skipped="0" failures="0" errors="0" time="0.016">
    <testcase time="0.016" classname="character(0)" name="ard_mvsummary_messaging"/>
  </testsuite>
  <testsuite name="ard_mvsummary" timestamp="2026-04-24T09:10:02Z" hostname="0edae1b4e0ef" tests="1" skipped="0" failures="0" errors="1" time="0.003">
    <testcase time="0.00300000000000011" classname="character(0)" name="ard_mvsummary_with_grouped_data_works">
      <error type="error" message="&lt;dplyr:::mutate_error/rlang_error/error/condition&gt; ('test-ard_mvsummary.R:99:3')">&lt;dplyr:::mutate_error/rlang_error/error/condition&gt;
Error in `dplyr::mutate(x, fmt_fun = pmap(list(.data$stat_name, .data$stat, .data$fmt_fun), function(stat_name, stat, fmt_fun) {     if (!is_empty(fmt_fun)) {         return(fmt_fun)     }     if (stat_name %in% c("p", "p_miss", "p_nonmiss")) {         return(label_round(digits = 1, scale = 100))     }     if (is.integer(stat)) {         return(0L)     }     if (is.numeric(stat)) {         return(1L)     }     return(as.character) }))`: i In argument: `fmt_fun = pmap(...)`.
Caused by error in `.data$stat`:
! Column `stat` not found in `.data`.</error>
    </testcase>
  </testsuite>
  <testsuite name="ard_mvsummary" timestamp="2026-04-24T09:10:02Z" hostname="0edae1b4e0ef" tests="1" skipped="0" failures="0" errors="1" time="0.013">
    <testcase time="0.0129999999999999" classname="character(0)" name="ard_mvsummary_follows_ard_structure">
      <error type="error" message="&lt;dplyr:::mutate_error/rlang_error/error/condition&gt; ('test-ard_mvsummary.R:117:3')">&lt;dplyr:::mutate_error/rlang_error/error/condition&gt;
Error in `dplyr::mutate(x, fmt_fun = pmap(list(.data$stat_name, .data$stat, .data$fmt_fun), function(stat_name, stat, fmt_fun) {     if (!is_empty(fmt_fun)) {         return(fmt_fun)     }     if (stat_name %in% c("p", "p_miss", "p_nonmiss")) {         return(label_round(digits = 1, scale = 100))     }     if (is.integer(stat)) {         return(0L)     }     if (is.numeric(stat)) {         return(1L)     }     return(as.character) }))`: i In argument: `fmt_fun = pmap(...)`.
Caused by error in `.data$stat`:
! Column `stat` not found in `.data`.</error>
    </testcase>
  </testsuite>
  <testsuite name="ard_mvsummary" timestamp="2026-04-24T09:10:02Z" hostname="0edae1b4e0ef" tests="2" skipped="0" failures="0" errors="0" time="0.013">
    <testcase time="0.0119999999999996" classname="character(0)" name="ard_mvsummary_errors_with_incorrect_factor_columns"/>
    <testcase time="0.00100000000000033" classname="character(0)" name="ard_mvsummary_errors_with_incorrect_factor_columns"/>
  </testsuite>
  <testsuite name="ard_mvsummary" timestamp="2026-04-24T09:10:02Z" hostname="0edae1b4e0ef" tests="1" skipped="0" failures="0" errors="1" time="0.003">
    <testcase time="0.00300000000000011" classname="character(0)" name="ard_mvsummary_with_as_cards_fn_inputs">
      <error type="error" message="&lt;dplyr:::mutate_error/rlang_error/error/condition&gt; ('test-ard_mvsummary.R:170:3')">&lt;dplyr:::mutate_error/rlang_error/error/condition&gt;
Error in `dplyr::mutate(x, fmt_fun = pmap(list(.data$stat_name, .data$stat, .data$fmt_fun), function(stat_name, stat, fmt_fun) {     if (!is_empty(fmt_fun)) {         return(fmt_fun)     }     if (stat_name %in% c("p", "p_miss", "p_nonmiss")) {         return(label_round(digits = 1, scale = 100))     }     if (is.integer(stat)) {         return(0L)     }     if (is.numeric(stat)) {         return(1L)     }     return(as.character) }))`: i In argument: `fmt_fun = pmap(...)`.
Caused by error in `.data$stat`:
! Column `stat` not found in `.data`.</error>
    </testcase>
  </testsuite>
  <testsuite name="ard_pairwise" timestamp="2026-04-24T09:10:03Z" hostname="0edae1b4e0ef" tests="1" skipped="0" failures="0" errors="1" time="0.767">
    <testcase time="0.766999999999999" classname="character(0)" name="ard_pairwise_works">
      <error type="error" message="Error in `ard_pairwise(ADSL, variable = ARM, .f = function(df) ard_mvsummary(df, variables = AGE, statistic = ~list(ttest = ttest_fn)), include = &quot;Placebo&quot;)`: The following error occurred for 'Placebo' vs. 'Xanomeline High Dose'. See message below. ('test-ard_pairwise.R:4:3')">Error in `ard_pairwise(ADSL, variable = ARM, .f = function(df) ard_mvsummary(df, variables = AGE, statistic = ~list(ttest = ttest_fn)), include = "Placebo")`: The following error occurred for 'Placebo' vs. 'Xanomeline High Dose'. See message below.
x i In argument: `fmt_fun = pmap(...)`. Caused by error in `.data$stat`: ! Column `stat` not found in `.data`.
Backtrace:
     ▆
  1. ├─testthat::expect_silent(...) at test-ard_pairwise.R:4:3
  2. │ └─testthat:::quasi_capture(enquo(object), NULL, evaluate_promise)
  3. │   ├─testthat (local) .capture(...)
  4. │   │ ├─withr::with_output_sink(...)
  5. │   │ │ └─base::force(code)
  6. │   │ ├─base::withCallingHandlers(...)
  7. │   │ └─base::withVisible(code)
  8. │   └─rlang::eval_bare(quo_get_expr(.quo), quo_get_env(.quo))
  9. └─cards::ard_pairwise(...)
 10.   └─cards:::imap(...)
 11.     └─cards:::map2(.x, names(.x) %||% seq_along(.x), .f, ...)
 12.       └─base::mapply(.f, .x, .y, MoreArgs = list(...), SIMPLIFY = FALSE)
 13.         └─cards (local) `&lt;fn&gt;`(dots[[1L]][[1L]], dots[[2L]][[1L]])
 14.           └─cards::captured_condition_as_error(...)
 15.             └─cli::cli_abort(message = message, call = call, .envir = envir)
 16.               └─rlang::abort(...)</error>
    </testcase>
  </testsuite>
  <testsuite name="ard_pairwise" timestamp="2026-04-24T09:10:03Z" hostname="0edae1b4e0ef" tests="1" skipped="0" failures="0" errors="1" time="0.073">
    <testcase time="0.0730000000000004" classname="character(0)" name="ard_pairwise_variable_">
      <error type="error" message="Error in `ard_pairwise(data.frame(ARM = factor(rep_len(&quot;Placebo&quot;, 20L), levels = c(&quot;Placebo&quot;, &quot;Unobserved Level&quot;)), AGE = 1:20), variable = ARM, .f = function(df) ard_mvsummary(df, variables = AGE, statistic = ~list(ttest = ttest_fn)))`: The following error occurred for 'Placebo' vs. 'Unobserved Level'. See message below. ('test-ard_pairwise.R:36:3')">Error in `ard_pairwise(data.frame(ARM = factor(rep_len("Placebo", 20L), levels = c("Placebo", "Unobserved Level")), AGE = 1:20), variable = ARM, .f = function(df) ard_mvsummary(df, variables = AGE, statistic = ~list(ttest = ttest_fn)))`: The following error occurred for 'Placebo' vs. 'Unobserved Level'. See message below.
x i In argument: `fmt_fun = pmap(...)`. Caused by error in `.data$stat`: ! Column `stat` not found in `.data`.
Backtrace:
     ▆
  1. ├─testthat::expect_silent(...) at test-ard_pairwise.R:36:3
  2. │ └─testthat:::quasi_capture(enquo(object), NULL, evaluate_promise)
  3. │   ├─testthat (local) .capture(...)
  4. │   │ ├─withr::with_output_sink(...)
  5. │   │ │ └─base::force(code)
  6. │   │ ├─base::withCallingHandlers(...)
  7. │   │ └─base::withVisible(code)
  8. │   └─rlang::eval_bare(quo_get_expr(.quo), quo_get_env(.quo))
  9. └─cards::ard_pairwise(...)
 10.   └─cards:::imap(...)
 11.     └─cards:::map2(.x, names(.x) %||% seq_along(.x), .f, ...)
 12.       └─base::mapply(.f, .x, .y, MoreArgs = list(...), SIMPLIFY = FALSE)
 13.         └─cards (local) `&lt;fn&gt;`(dots[[1L]][[1L]], dots[[2L]][[1L]])
 14.           └─cards::captured_condition_as_error(...)
 15.             └─cli::cli_abort(message = message, call = call, .envir = envir)
 16.               └─rlang::abort(...)</error>
    </testcase>
  </testsuite>
  <testsuite name="ard_pairwise" timestamp="2026-04-24T09:10:03Z" hostname="0edae1b4e0ef" tests="2" skipped="0" failures="0" errors="0" time="0.062">
    <testcase time="0.0609999999999999" classname="character(0)" name="ard_pairwise_variable_messaging"/>
    <testcase time="0.00100000000000033" classname="character(0)" name="ard_pairwise_variable_messaging"/>
  </testsuite>
  <testsuite name="ard_pairwise" timestamp="2026-04-24T09:10:03Z" hostname="0edae1b4e0ef" tests="1" skipped="0" failures="0" errors="1" time="0.003">
    <testcase time="0.00299999999999923" classname="character(0)" name="ard_pairwise_include_">
      <error type="error" message="Error in `ard_pairwise(ADSL, variable = ARM, .f = function(df) ard_mvsummary(df, variables = AGE, statistic = ~list(ttest = ttest_fn)), include = &quot;Placebo&quot;)`: The following error occurred for 'Placebo' vs. 'Xanomeline High Dose'. See message below. ('test-ard_pairwise.R:74:3')">Error in `ard_pairwise(ADSL, variable = ARM, .f = function(df) ard_mvsummary(df, variables = AGE, statistic = ~list(ttest = ttest_fn)), include = "Placebo")`: The following error occurred for 'Placebo' vs. 'Xanomeline High Dose'. See message below.
x i In argument: `fmt_fun = pmap(...)`. Caused by error in `.data$stat`: ! Column `stat` not found in `.data`.
Backtrace:
     ▆
  1. ├─testthat::expect_silent(...) at test-ard_pairwise.R:74:3
  2. │ └─testthat:::quasi_capture(enquo(object), NULL, evaluate_promise)
  3. │   ├─testthat (local) .capture(...)
  4. │   │ ├─withr::with_output_sink(...)
  5. │   │ │ └─base::force(code)
  6. │   │ ├─base::withCallingHandlers(...)
  7. │   │ └─base::withVisible(code)
  8. │   └─rlang::eval_bare(quo_get_expr(.quo), quo_get_env(.quo))
  9. └─cards::ard_pairwise(...)
 10.   └─cards:::imap(...)
 11.     └─cards:::map2(.x, names(.x) %||% seq_along(.x), .f, ...)
 12.       └─base::mapply(.f, .x, .y, MoreArgs = list(...), SIMPLIFY = FALSE)
 13.         └─cards (local) `&lt;fn&gt;`(dots[[1L]][[1L]], dots[[2L]][[1L]])
 14.           └─cards::captured_condition_as_error(...)
 15.             └─cli::cli_abort(message = message, call = call, .envir = envir)
 16.               └─rlang::abort(...)</error>
    </testcase>
  </testsuite>
  <testsuite name="ard_pairwise" timestamp="2026-04-24T09:10:03Z" hostname="0edae1b4e0ef" tests="1" skipped="0" failures="0" errors="0" time="0.061">
    <testcase time="0.0610000000000008" classname="character(0)" name="ard_pairwise_.f_messaging"/>
  </testsuite>
  <testsuite name="ard_pairwise" timestamp="2026-04-24T09:10:03Z" hostname="0edae1b4e0ef" tests="2" skipped="0" failures="0" errors="0" time="0.002">
    <testcase time="0.00199999999999978" classname="character(0)" name="ard_pairwise_include_messaging"/>
    <testcase time="0" classname="character(0)" name="ard_pairwise_include_messaging"/>
  </testsuite>
  <testsuite name="ard_stack" timestamp="2026-04-24T09:10:07Z" hostname="0edae1b4e0ef" tests="2" skipped="0" failures="1" errors="1" time="3.215">
    <testcase time="3.194" classname="character(0)" name="ard_stack_works">
      <failure type="failure" message="Expected `... &lt;- NULL` not to throw any errors. ('test-ard_stack.R:3:3')">Expected `... &lt;- NULL` not to throw any errors.
Actually got a &lt;dplyr:::mutate_error&gt; with message:
  i In argument: `fmt_fun = pmap(...)`.
  Caused by error in `.data$stat`:
  ! Column `stat` not found in `.data`.</failure>
    </testcase>
    <testcase time="0.020999999999999" classname="character(0)" name="ard_stack_works">
      <error type="error" message="Error in `eval(code, test_env)`: object 'ard1' not found ('test-ard_stack.R:13:3')">Error in `eval(code, test_env)`: object 'ard1' not found
Backtrace:
    ▆
 1. └─testthat::expect_equal(...) at test-ard_stack.R:13:3
 2.   └─testthat::quasi_label(enquo(object), label)
 3.     └─rlang::eval_bare(expr, quo_get_env(quo))</error>
    </testcase>
  </testsuite>
  <testsuite name="ard_stack" timestamp="2026-04-24T09:10:07Z" hostname="0edae1b4e0ef" tests="2" skipped="0" failures="1" errors="1" time="0.039">
    <testcase time="0.0229999999999997" classname="character(0)" name="ard_stack_adding_overalls">
      <failure type="failure" message="Expected `... &lt;- NULL` not to throw any errors. ('test-ard_stack.R:90:3')">Expected `... &lt;- NULL` not to throw any errors.
Actually got a &lt;dplyr:::mutate_error&gt; with message:
  i In argument: `fmt_fun = pmap(...)`.
  Caused by error in `.data$stat`:
  ! Column `stat` not found in `.data`.</failure>
    </testcase>
    <testcase time="0.016" classname="character(0)" name="ard_stack_adding_overalls">
      <error type="error" message="&lt;dplyr:::mutate_error/rlang_error/error/condition&gt; ('test-ard_stack.R:101:3')">&lt;dplyr:::mutate_error/rlang_error/error/condition&gt;
Error in `dplyr::mutate(x, fmt_fun = pmap(list(.data$stat_name, .data$stat, .data$fmt_fun), function(stat_name, stat, fmt_fun) {     if (!is_empty(fmt_fun)) {         return(fmt_fun)     }     if (stat_name %in% c("p", "p_miss", "p_nonmiss")) {         return(label_round(digits = 1, scale = 100))     }     if (is.integer(stat)) {         return(0L)     }     if (is.numeric(stat)) {         return(1L)     }     return(as.character) }))`: i In argument: `fmt_fun = pmap(...)`.
Caused by error in `.data$stat`:
! Column `stat` not found in `.data`.</error>
    </testcase>
  </testsuite>
  <testsuite name="ard_stack" timestamp="2026-04-24T09:10:07Z" hostname="0edae1b4e0ef" tests="2" skipped="0" failures="1" errors="1" time="0.036">
    <testcase time="0.0210000000000008" classname="character(0)" name="ard_stack_adding_missing_attributes">
      <failure type="failure" message="Expected `... &lt;- NULL` not to throw any errors. ('test-ard_stack.R:121:3')">Expected `... &lt;- NULL` not to throw any errors.
Actually got a &lt;dplyr:::mutate_error&gt; with message:
  i In argument: `fmt_fun = pmap(...)`.
  Caused by error in `.data$stat`:
  ! Column `stat` not found in `.data`.</failure>
    </testcase>
    <testcase time="0.0150000000000006" classname="character(0)" name="ard_stack_adding_missing_attributes">
      <error type="error" message="Error in `eval(code, test_env)`: object 'ard_test' not found ('test-ard_stack.R:133:3')">Error in `eval(code, test_env)`: object 'ard_test' not found
Backtrace:
    ▆
 1. └─testthat::expect_equal(...) at test-ard_stack.R:133:3
 2.   └─testthat::quasi_label(enquo(object), label)
 3.     └─rlang::eval_bare(expr, quo_get_env(quo))</error>
    </testcase>
  </testsuite>
  <testsuite name="ard_stack" timestamp="2026-04-24T09:10:07Z" hostname="0edae1b4e0ef" tests="1" skipped="0" failures="0" errors="0" time="0.021">
    <testcase time="0.020999999999999" classname="character(0)" name="ard_stack_.shuffle_argument_errors"/>
  </testsuite>
  <testsuite name="ard_stack" timestamp="2026-04-24T09:10:07Z" hostname="0edae1b4e0ef" tests="1" skipped="0" failures="0" errors="1" time="0.004">
    <testcase time="0.00400000000000134" classname="character(0)" name="ard_stack_adding_total_N">
      <error type="error" message="&lt;dplyr:::mutate_error/rlang_error/error/condition&gt; ('test-ard_stack.R:194:3')">&lt;dplyr:::mutate_error/rlang_error/error/condition&gt;
Error in `dplyr::mutate(x, fmt_fun = pmap(list(.data$stat_name, .data$stat, .data$fmt_fun), function(stat_name, stat, fmt_fun) {     if (!is_empty(fmt_fun)) {         return(fmt_fun)     }     if (stat_name %in% c("p", "p_miss", "p_nonmiss")) {         return(label_round(digits = 1, scale = 100))     }     if (is.integer(stat)) {         return(0L)     }     if (is.numeric(stat)) {         return(1L)     }     return(as.character) }))`: i In argument: `fmt_fun = pmap(...)`.
Caused by error in `.data$stat`:
! Column `stat` not found in `.data`.</error>
    </testcase>
  </testsuite>
  <testsuite name="ard_stack" timestamp="2026-04-24T09:10:07Z" hostname="0edae1b4e0ef" tests="1" skipped="0" failures="0" errors="1" time="0.022">
    <testcase time="0.0219999999999985" classname="character(0)" name="ard_stack_works_with_namespaced_functions">
      <error type="error" message="&lt;dplyr:::mutate_error/rlang_error/error/condition&gt; ('test-ard_stack.R:209:3')">&lt;dplyr:::mutate_error/rlang_error/error/condition&gt;
Error in `dplyr::mutate(x, fmt_fun = pmap(list(.data$stat_name, .data$stat, .data$fmt_fun), function(stat_name, stat, fmt_fun) {     if (!is_empty(fmt_fun)) {         return(fmt_fun)     }     if (stat_name %in% c("p", "p_miss", "p_nonmiss")) {         return(label_round(digits = 1, scale = 100))     }     if (is.integer(stat)) {         return(0L)     }     if (is.numeric(stat)) {         return(1L)     }     return(as.character) }))`: i In argument: `fmt_fun = pmap(...)`.
Caused by error in `.data$stat`:
! Column `stat` not found in `.data`.</error>
    </testcase>
  </testsuite>
  <testsuite name="ard_stack" timestamp="2026-04-24T09:10:07Z" hostname="0edae1b4e0ef" tests="1" skipped="0" failures="0" errors="1" time="0.017">
    <testcase time="0.0170000000000012" classname="character(0)" name="ard_stack_messaging">
      <error type="error" message="&lt;dplyr:::mutate_error/rlang_error/error/condition&gt; ('test-ard_stack.R:223:3')">&lt;dplyr:::mutate_error/rlang_error/error/condition&gt;
Error in `dplyr::mutate(x, fmt_fun = pmap(list(.data$stat_name, .data$stat, .data$fmt_fun), function(stat_name, stat, fmt_fun) {     if (!is_empty(fmt_fun)) {         return(fmt_fun)     }     if (stat_name %in% c("p", "p_miss", "p_nonmiss")) {         return(label_round(digits = 1, scale = 100))     }     if (is.integer(stat)) {         return(0L)     }     if (is.numeric(stat)) {         return(1L)     }     return(as.character) }))`: i In argument: `fmt_fun = pmap(...)`.
Caused by error in `.data$stat`:
! Column `stat` not found in `.data`.
Backtrace:
    ▆
 1. └─testthat::expect_snapshot(...) at test-ard_stack.R:223:3
 2.   └─testthat:::expect_snapshot_(...)
 3.     ├─base::withRestarts(cnd_signal(state$error), muffle_expectation = function() NULL)
 4.     │ └─base (local) withOneRestart(expr, restarts[[1L]])
 5.     │   └─base (local) doWithOneRestart(return(expr), restart)
 6.     └─rlang::cnd_signal(state$error)</error>
    </testcase>
  </testsuite>
  <testsuite name="ard_stack" timestamp="2026-04-24T09:10:07Z" hostname="0edae1b4e0ef" tests="1" skipped="0" failures="0" errors="0" time="0.021">
    <testcase time="0.020999999999999" classname="character(0)" name="ard_stack_complex_call_error"/>
  </testsuite>
  <testsuite name="ard_stack" timestamp="2026-04-24T09:10:07Z" hostname="0edae1b4e0ef" tests="1" skipped="0" failures="0" errors="1" time="0.005">
    <testcase time="0.00500000000000078" classname="character(0)" name="ard_stack_follows_ard_structure">
      <error type="error" message="&lt;dplyr:::mutate_error/rlang_error/error/condition&gt; ('test-ard_stack.R:256:3')">&lt;dplyr:::mutate_error/rlang_error/error/condition&gt;
Error in `dplyr::mutate(x, fmt_fun = pmap(list(.data$stat_name, .data$stat, .data$fmt_fun), function(stat_name, stat, fmt_fun) {     if (!is_empty(fmt_fun)) {         return(fmt_fun)     }     if (stat_name %in% c("p", "p_miss", "p_nonmiss")) {         return(label_round(digits = 1, scale = 100))     }     if (is.integer(stat)) {         return(0L)     }     if (is.numeric(stat)) {         return(1L)     }     return(as.character) }))`: i In argument: `fmt_fun = pmap(...)`.
Caused by error in `.data$stat`:
! Column `stat` not found in `.data`.</error>
    </testcase>
  </testsuite>
  <testsuite name="ard_stack" timestamp="2026-04-24T09:10:07Z" hostname="0edae1b4e0ef" tests="1" skipped="0" failures="0" errors="1" time="0.021">
    <testcase time="0.020999999999999" classname="character(0)" name="ard_stack_.by_messaging">
      <error type="error" message="&lt;dplyr:::mutate_error/rlang_error/error/condition&gt; ('test-ard_stack.R:272:3')">&lt;dplyr:::mutate_error/rlang_error/error/condition&gt;
Error in `dplyr::mutate(x, fmt_fun = pmap(list(.data$stat_name, .data$stat, .data$fmt_fun), function(stat_name, stat, fmt_fun) {     if (!is_empty(fmt_fun)) {         return(fmt_fun)     }     if (stat_name %in% c("p", "p_miss", "p_nonmiss")) {         return(label_round(digits = 1, scale = 100))     }     if (is.integer(stat)) {         return(0L)     }     if (is.numeric(stat)) {         return(1L)     }     return(as.character) }))`: i In argument: `fmt_fun = pmap(...)`.
Caused by error in `.data$stat`:
! Column `stat` not found in `.data`.
Backtrace:
    ▆
 1. └─testthat::expect_snapshot(...) at test-ard_stack.R:272:3
 2.   └─testthat:::expect_snapshot_(...)
 3.     ├─base::withRestarts(cnd_signal(state$error), muffle_expectation = function() NULL)
 4.     │ └─base (local) withOneRestart(expr, restarts[[1L]])
 5.     │   └─base (local) doWithOneRestart(return(expr), restart)
 6.     └─rlang::cnd_signal(state$error)</error>
    </testcase>
  </testsuite>
  <testsuite name="ard_stack" timestamp="2026-04-24T09:10:07Z" hostname="0edae1b4e0ef" tests="2" skipped="0" failures="1" errors="1" time="0.039">
    <testcase time="0.0240000000000009" classname="character(0)" name="ard_stack_.by_stats_argument">
      <failure type="failure" message="Expected `... &lt;- NULL` not to throw any errors. ('test-ard_stack.R:300:3')">Expected `... &lt;- NULL` not to throw any errors.
Actually got a &lt;dplyr:::mutate_error&gt; with message:
  i In argument: `fmt_fun = pmap(...)`.
  Caused by error in `.data$stat`:
  ! Column `stat` not found in `.data`.</failure>
    </testcase>
    <testcase time="0.0150000000000006" classname="character(0)" name="ard_stack_.by_stats_argument">
      <error type="error" message="Error in `eval(code, test_env)`: object 'ard_test' not found ('test-ard_stack.R:311:3')">Error in `eval(code, test_env)`: object 'ard_test' not found
Backtrace:
    ▆
 1. └─testthat::expect_equal(...) at test-ard_stack.R:311:3
 2.   └─testthat::quasi_label(enquo(object), label)
 3.     └─rlang::eval_bare(expr, quo_get_env(quo))</error>
    </testcase>
  </testsuite>
  <testsuite name="ard_hierarchical" timestamp="2026-04-24T09:10:08Z" hostname="0edae1b4e0ef" tests="3" skipped="0" failures="0" errors="0" time="0.673">
    <testcase time="0.67" classname="character(0)" name="ard_hierarchical_works_without_by_variables"/>
    <testcase time="0.000999999999999446" classname="character(0)" name="ard_hierarchical_works_without_by_variables"/>
    <testcase time="0.00199999999999889" classname="character(0)" name="ard_hierarchical_works_without_by_variables"/>
  </testsuite>
  <testsuite name="ard_hierarchical" timestamp="2026-04-24T09:10:08Z" hostname="0edae1b4e0ef" tests="2" skipped="0" failures="0" errors="0" time="0.004">
    <testcase time="0.00300000000000011" classname="character(0)" name="ard_hierarchical_works_with_by_variable"/>
    <testcase time="0.00100000000000122" classname="character(0)" name="ard_hierarchical_works_with_by_variable"/>
  </testsuite>
  <testsuite name="ard_hierarchical" timestamp="2026-04-24T09:10:08Z" hostname="0edae1b4e0ef" tests="2" skipped="0" failures="0" errors="0" time="0.004">
    <testcase time="0.00300000000000011" classname="character(0)" name="ard_hierarchical_works_with_by_variable_not_present_in_denominator_"/>
    <testcase time="0.000999999999999446" classname="character(0)" name="ard_hierarchical_works_with_by_variable_not_present_in_denominator_"/>
  </testsuite>
  <testsuite name="ard_hierarchical" timestamp="2026-04-24T09:10:08Z" hostname="0edae1b4e0ef" tests="1" skipped="0" failures="0" errors="0" time="0.002">
    <testcase time="0.00200000000000067" classname="character(0)" name="ard_hierarchical_works_without_any_variables"/>
  </testsuite>
  <testsuite name="ard_hierarchical" timestamp="2026-04-24T09:10:08Z" hostname="0edae1b4e0ef" tests="2" skipped="0" failures="0" errors="0" time="0.002">
    <testcase time="0.00199999999999889" classname="character(0)" name="ard_hierarchical_id_argument_works"/>
    <testcase time="0" classname="character(0)" name="ard_hierarchical_id_argument_works"/>
  </testsuite>
  <testsuite name="ard_hierarchical" timestamp="2026-04-24T09:10:08Z" hostname="0edae1b4e0ef" tests="4" skipped="0" failures="0" errors="0" time="0.005">
    <testcase time="0.00200000000000067" classname="character(0)" name="ard_hierarchical_count_works_without_by_variables"/>
    <testcase time="0.000999999999999446" classname="character(0)" name="ard_hierarchical_count_works_without_by_variables"/>
    <testcase time="0.000999999999999446" classname="character(0)" name="ard_hierarchical_count_works_without_by_variables"/>
    <testcase time="0.00100000000000122" classname="character(0)" name="ard_hierarchical_count_works_without_by_variables"/>
  </testsuite>
  <testsuite name="ard_hierarchical" timestamp="2026-04-24T09:10:08Z" hostname="0edae1b4e0ef" tests="2" skipped="0" failures="0" errors="0" time="0.002">
    <testcase time="0.000999999999999446" classname="character(0)" name="ard_hierarchical_count_works_with_by_variable"/>
    <testcase time="0.000999999999999446" classname="character(0)" name="ard_hierarchical_count_works_with_by_variable"/>
  </testsuite>
  <testsuite name="ard_hierarchical" timestamp="2026-04-24T09:10:08Z" hostname="0edae1b4e0ef" tests="2" skipped="0" failures="0" errors="0" time="0.003">
    <testcase time="0.00200000000000067" classname="character(0)" name="ard_hierarchical_count_works_with_by_variable_not_present_in_denominator_"/>
    <testcase time="0.000999999999999446" classname="character(0)" name="ard_hierarchical_count_works_with_by_variable_not_present_in_denominator_"/>
  </testsuite>
  <testsuite name="ard_hierarchical" timestamp="2026-04-24T09:10:08Z" hostname="0edae1b4e0ef" tests="1" skipped="0" failures="0" errors="0" time="0.002">
    <testcase time="0.00200000000000067" classname="character(0)" name="ard_hierarchical_count_works_without_any_variables"/>
  </testsuite>
  <testsuite name="ard_hierarchical" timestamp="2026-04-24T09:10:08Z" hostname="0edae1b4e0ef" tests="2" skipped="0" failures="0" errors="0" time="0.002">
    <testcase time="0.00200000000000067" classname="character(0)" name="ard_hierarchical_and_ard_hierarchical_count_with_grouped_data_works"/>
    <testcase time="0" classname="character(0)" name="ard_hierarchical_and_ard_hierarchical_count_with_grouped_data_works"/>
  </testsuite>
  <testsuite name="ard_hierarchical" timestamp="2026-04-24T09:10:08Z" hostname="0edae1b4e0ef" tests="1" skipped="0" failures="0" errors="0" time="0.007">
    <testcase time="0.00699999999999967" classname="character(0)" name="ard_hierarchical_follows_ard_structure"/>
  </testsuite>
  <testsuite name="ard_hierarchical" timestamp="2026-04-24T09:10:08Z" hostname="0edae1b4e0ef" tests="2" skipped="0" failures="0" errors="0" time="0.002">
    <testcase time="0.00199999999999889" classname="character(0)" name="ard_hierarchical_errors_with_incomplete_factor_columns"/>
    <testcase time="0" classname="character(0)" name="ard_hierarchical_errors_with_incomplete_factor_columns"/>
  </testsuite>
  <testsuite name="ard_hierarchical" timestamp="2026-04-24T09:10:08Z" hostname="0edae1b4e0ef" tests="2" skipped="0" failures="0" errors="0" time="0.003">
    <testcase time="0.00200000000000067" classname="character(0)" name="ard_hierarchical_count_errors_with_incomplete_factor_columns"/>
    <testcase time="0.000999999999999446" classname="character(0)" name="ard_hierarchical_count_errors_with_incomplete_factor_columns"/>
  </testsuite>
  <testsuite name="ard_hierarchical" timestamp="2026-04-24T09:10:08Z" hostname="0edae1b4e0ef" tests="3" skipped="0" failures="0" errors="0" time="0.003">
    <testcase time="0.00200000000000067" classname="character(0)" name="ard_hierarchical_count_provides_correct_results_with_10_groups"/>
    <testcase time="0.000999999999999446" classname="character(0)" name="ard_hierarchical_count_provides_correct_results_with_10_groups"/>
    <testcase time="0" classname="character(0)" name="ard_hierarchical_count_provides_correct_results_with_10_groups"/>
  </testsuite>
  <testsuite name="ard_strata" timestamp="2026-04-24T09:10:08Z" hostname="0edae1b4e0ef" tests="1" skipped="0" failures="0" errors="1" time="0.722">
    <testcase time="0.722000000000001" classname="character(0)" name="ard_strata_works">
      <error type="error" message="&lt;dplyr:::mutate_error/rlang_error/error/condition&gt; ('test-ard_strata.R:2:3')">&lt;dplyr:::mutate_error/rlang_error/error/condition&gt;
Error in `dplyr::mutate(df_nested_data, ard = map(.data$data, .f, ...))`: i In argument: `ard = map(.data$data, .f, ...)`.
Caused by error in `dplyr::mutate()`:
i In argument: `fmt_fun = pmap(...)`.
Caused by error in `.data$stat`:
! Column `stat` not found in `.data`.
Backtrace:
     ▆
  1. ├─cards::ard_strata(ADSL, .by = ARM, .f = ~ard_summary(.x, variables = AGE))
  2. │ ├─dplyr::select(...)
  3. │ ├─dplyr::mutate(df_nested_data, ard = map(.data$data, .f, ...))
  4. │ └─dplyr:::mutate.data.frame(df_nested_data, ard = map(.data$data, .f, ...))
  5. │   └─dplyr:::mutate_cols(.data, dplyr_quosures(...), by)
  6. │     ├─base::withCallingHandlers(...)
  7. │     └─dplyr:::mutate_col(dots[[i]], data, mask, new_columns)
  8. │       └─mask$eval_all_mutate(quo)
  9. │         └─dplyr (local) eval()
 10. ├─cards:::map(.data$data, .f, ...)
 11. │ └─base::lapply(.x, .f, ...)
 12. │   └─cards (local) FUN(X[[i]], ...)
 13. │     ├─cards::ard_summary(.x, variables = AGE)
 14. │     └─cards:::ard_summary.data.frame(.x, variables = AGE)
 15. │       └─cards:::.default_fmt_fun(...)
 16. │         ├─dplyr::mutate(...)
 17. │         └─dplyr:::mutate.data.frame(...)
 18. │           └─dplyr:::mutate_cols(.data, dplyr_quosures(...), by)
 19. │             ├─base::withCallingHandlers(...)
 20. │             └─dplyr:::mutate_col(dots[[i]], data, mask, new_columns)
 21. │               └─mask$eval_all_mutate(quo)
 22. │                 └─dplyr (local) eval()
 23. ├─cards:::pmap(...)
 24. │ └─cards:::.rlang_purrr_args_recycle(.l)
 25. │   └─cards:::map_int(args, length)
 26. │     └─cards:::.rlang_purrr_map_mold(.x, .f, integer(1), ...)
 27. │       └─base::vapply(.x, .f, .mold, ..., USE.NAMES = FALSE)
 28. ├─stat
 29. ├─rlang:::`$.rlang_data_pronoun`(.data, stat)
 30. │ └─rlang:::data_pronoun_get(...)
 31. ├─rlang:::abort_data_pronoun(x, call = y)
 32. │ └─rlang::abort(msg, "rlang_error_data_pronoun_not_found", call = call)
 33. │   └─rlang:::signal_abort(cnd, .file)
 34. │     └─base::signalCondition(cnd)
 35. ├─dplyr (local) `&lt;fn&gt;`(`&lt;rln_____&gt;`)
 36. │ └─rlang::abort(message, class = error_class, parent = parent, call = error_call)
 37. │   └─rlang:::signal_abort(cnd, .file)
 38. │     └─base::signalCondition(cnd)
 39. └─dplyr (local) `&lt;fn&gt;`(`&lt;dply:::_&gt;`)
 40.   └─rlang::abort(message, class = error_class, parent = parent, call = error_call)</error>
    </testcase>
  </testsuite>
  <testsuite name="ard_strata" timestamp="2026-04-24T09:10:08Z" hostname="0edae1b4e0ef" tests="1" skipped="0" failures="0" errors="1" time="0.071">
    <testcase time="0.0709999999999997" classname="character(0)" name="ard_strata_by_strata_when_both_empty">
      <error type="error" message="&lt;dplyr:::mutate_error/rlang_error/error/condition&gt; ('test-ard_strata.R:28:3')">&lt;dplyr:::mutate_error/rlang_error/error/condition&gt;
Error in `dplyr::mutate(df_nested_data, ard = map(.data$data, .f, ...))`: i In argument: `ard = map(.data$data, .f, ...)`.
Caused by error in `dplyr::mutate()`:
i In argument: `fmt_fun = pmap(...)`.
Caused by error in `.data$stat`:
! Column `stat` not found in `.data`.
Backtrace:
     ▆
  1. ├─testthat::expect_equal(...) at test-ard_strata.R:28:3
  2. │ └─testthat::quasi_label(enquo(object), label)
  3. │   └─rlang::eval_bare(expr, quo_get_env(quo))
  4. ├─cards::ard_strata(ADSL, .f = ~ard_summary(.x, variables = AGE))
  5. │ ├─dplyr::select(...)
  6. │ ├─dplyr::mutate(df_nested_data, ard = map(.data$data, .f, ...))
  7. │ └─dplyr:::mutate.data.frame(df_nested_data, ard = map(.data$data, .f, ...))
  8. │   └─dplyr:::mutate_cols(.data, dplyr_quosures(...), by)
  9. │     ├─base::withCallingHandlers(...)
 10. │     └─dplyr:::mutate_col(dots[[i]], data, mask, new_columns)
 11. │       └─mask$eval_all_mutate(quo)
 12. │         └─dplyr (local) eval()
 13. ├─cards:::map(.data$data, .f, ...)
 14. │ └─base::lapply(.x, .f, ...)
 15. │   └─cards (local) FUN(X[[i]], ...)
 16. │     ├─cards::ard_summary(.x, variables = AGE)
 17. │     └─cards:::ard_summary.data.frame(.x, variables = AGE)
 18. │       └─cards:::.default_fmt_fun(...)
 19. │         ├─dplyr::mutate(...)
 20. │         └─dplyr:::mutate.data.frame(...)
 21. │           └─dplyr:::mutate_cols(.data, dplyr_quosures(...), by)
 22. │             ├─base::withCallingHandlers(...)
 23. │             └─dplyr:::mutate_col(dots[[i]], data, mask, new_columns)
 24. │               └─mask$eval_all_mutate(quo)
 25. │                 └─dplyr (local) eval()
 26. ├─cards:::pmap(...)
 27. │ └─cards:::.rlang_purrr_args_recycle(.l)
 28. │   └─cards:::map_int(args, length)
 29. │     └─cards:::.rlang_purrr_map_mold(.x, .f, integer(1), ...)
 30. │       └─base::vapply(.x, .f, .mold, ..., USE.NAMES = FALSE)
 31. ├─stat
 32. ├─rlang:::`$.rlang_data_pronoun`(.data, stat)
 33. │ └─rlang:::data_pronoun_get(...)
 34. ├─rlang:::abort_data_pronoun(x, call = y)
 35. │ └─rlang::abort(msg, "rlang_error_data_pronoun_not_found", call = call)
 36. │   └─rlang:::signal_abort(cnd, .file)
 37. │     └─base::signalCondition(cnd)
 38. ├─dplyr (local) `&lt;fn&gt;`(`&lt;rln_____&gt;`)
 39. │ └─rlang::abort(message, class = error_class, parent = parent, call = error_call)
 40. │   └─rlang:::signal_abort(cnd, .file)
 41. │     └─base::signalCondition(cnd)
 42. └─dplyr (local) `&lt;fn&gt;`(`&lt;dply:::_&gt;`)
 43.   └─rlang::abort(message, class = error_class, parent = parent, call = error_call)</error>
    </testcase>
  </testsuite>
  <testsuite name="ard_strata" timestamp="2026-04-24T09:10:08Z" hostname="0edae1b4e0ef" tests="1" skipped="1" failures="0" errors="0" time="0.074">
    <testcase time="0.0739999999999998" classname="character(0)" name="ard_strata_computes_stats_for_parameter_specific_strata">
      <skipped message="Reason: package_version(paste(R.version$major, R.version$minor, sep = &quot;.&quot;)) &lt;= package_version(&quot;4.5.0&quot;) is not TRUE ('test-ard_strata.R:73:3')"/>
    </testcase>
  </testsuite>
  <testsuite name="ard_summary" timestamp="2026-04-24T09:10:16Z" hostname="0edae1b4e0ef" tests="2" skipped="0" failures="1" errors="1" time="7.386">
    <testcase time="7.37" classname="character(0)" name="ard_summary_works">
      <failure type="failure" message="Expected `... &lt;- NULL` not to throw any errors. ('test-ard_summary.R:2:3')">Expected `... &lt;- NULL` not to throw any errors.
Actually got a &lt;dplyr:::mutate_error&gt; with message:
  i In argument: `fmt_fun = pmap(...)`.
  Caused by error in `.data$stat`:
  ! Column `stat` not found in `.data`.</failure>
    </testcase>
    <testcase time="0.0160000000000018" classname="character(0)" name="ard_summary_works">
      <error type="error" message="Error: object 'ard_test' not found ('test-ard_summary.R:7:3')">Error: object 'ard_test' not found</error>
    </testcase>
  </testsuite>
  <testsuite name="ard_summary" timestamp="2026-04-24T09:10:16Z" hostname="0edae1b4e0ef" tests="1" skipped="0" failures="0" errors="1" time="0.017">
    <testcase time="0.0169999999999995" classname="character(0)" name="ard_summary_fmt_fun_argument_works">
      <error type="error" message="&lt;dplyr:::mutate_error/rlang_error/error/condition&gt; ('test-ard_summary.R:35:3')">&lt;dplyr:::mutate_error/rlang_error/error/condition&gt;
Error in `dplyr::mutate(x, fmt_fun = pmap(list(.data$stat_name, .data$stat, .data$fmt_fun), function(stat_name, stat, fmt_fun) {     if (!is_empty(fmt_fun)) {         return(fmt_fun)     }     if (stat_name %in% c("p", "p_miss", "p_nonmiss")) {         return(label_round(digits = 1, scale = 100))     }     if (is.integer(stat)) {         return(0L)     }     if (is.numeric(stat)) {         return(1L)     }     return(as.character) }))`: i In argument: `fmt_fun = pmap(...)`.
Caused by error in `.data$stat`:
! Column `stat` not found in `.data`.
Backtrace:
    ▆
 1. └─testthat::expect_snapshot(...) at test-ard_summary.R:35:3
 2.   └─testthat:::expect_snapshot_(...)
 3.     ├─base::withRestarts(cnd_signal(state$error), muffle_expectation = function() NULL)
 4.     │ └─base (local) withOneRestart(expr, restarts[[1L]])
 5.     │   └─base (local) doWithOneRestart(return(expr), restart)
 6.     └─rlang::cnd_signal(state$error)</error>
    </testcase>
  </testsuite>
  <testsuite name="ard_summary" timestamp="2026-04-24T09:10:16Z" hostname="0edae1b4e0ef" tests="3" skipped="0" failures="0" errors="0" time="0.029">
    <testcase time="0.0279999999999987" classname="character(0)" name="ard_summary_messaging"/>
    <testcase time="0" classname="character(0)" name="ard_summary_messaging"/>
    <testcase time="0.00100000000000122" classname="character(0)" name="ard_summary_messaging"/>
  </testsuite>
  <testsuite name="ard_summary" timestamp="2026-04-24T09:10:16Z" hostname="0edae1b4e0ef" tests="1" skipped="0" failures="0" errors="1" time="0.005">
    <testcase time="0.00499999999999901" classname="character(0)" name="ard_summary_stat_label_argument_works">
      <error type="error" message="&lt;dplyr:::mutate_error/rlang_error/error/condition&gt; ('test-ard_summary.R:106:3')">&lt;dplyr:::mutate_error/rlang_error/error/condition&gt;
Error in `dplyr::mutate(x, fmt_fun = pmap(list(.data$stat_name, .data$stat, .data$fmt_fun), function(stat_name, stat, fmt_fun) {     if (!is_empty(fmt_fun)) {         return(fmt_fun)     }     if (stat_name %in% c("p", "p_miss", "p_nonmiss")) {         return(label_round(digits = 1, scale = 100))     }     if (is.integer(stat)) {         return(0L)     }     if (is.numeric(stat)) {         return(1L)     }     return(as.character) }))`: i In argument: `fmt_fun = pmap(...)`.
Caused by error in `.data$stat`:
! Column `stat` not found in `.data`.
Backtrace:
    ▆
 1. └─testthat::expect_snapshot(...) at test-ard_summary.R:106:3
 2.   └─testthat:::expect_snapshot_(...)
 3.     ├─base::withRestarts(cnd_signal(state$error), muffle_expectation = function() NULL)
 4.     │ └─base (local) withOneRestart(expr, restarts[[1L]])
 5.     │   └─base (local) doWithOneRestart(return(expr), restart)
 6.     └─rlang::cnd_signal(state$error)</error>
    </testcase>
  </testsuite>
  <testsuite name="ard_summary" timestamp="2026-04-24T09:10:16Z" hostname="0edae1b4e0ef" tests="2" skipped="0" failures="2" errors="0" time="0.042">
    <testcase time="0.0259999999999998" classname="character(0)" name="ard_summary_and_ARD_column_names">
      <failure type="failure" message="Expected `{ ... }` not to throw any errors. ('test-ard_summary.R:185:3')">Expected `{ ... }` not to throw any errors.
Actually got a &lt;dplyr:::mutate_error&gt; with message:
  i In argument: `fmt_fun = pmap(...)`.
  Caused by error in `.data$stat`:
  ! Column `stat` not found in `.data`.</failure>
    </testcase>
    <testcase time="0.0160000000000018" classname="character(0)" name="ard_summary_and_ARD_column_names">
      <failure type="failure" message="Expected `{ ... }` not to throw any errors. ('test-ard_summary.R:199:3')">Expected `{ ... }` not to throw any errors.
Actually got a &lt;dplyr:::mutate_error&gt; with message:
  i In argument: `fmt_fun = pmap(...)`.
  Caused by error in `.data$stat`:
  ! Column `stat` not found in `.data`.</failure>
    </testcase>
  </testsuite>
  <testsuite name="ard_summary" timestamp="2026-04-24T09:10:16Z" hostname="0edae1b4e0ef" tests="1" skipped="0" failures="0" errors="1" time="0.023">
    <testcase time="0.0229999999999997" classname="character(0)" name="ard_summary_with_grouped_data_works">
      <error type="error" message="&lt;dplyr:::mutate_error/rlang_error/error/condition&gt; ('test-ard_summary.R:220:3')">&lt;dplyr:::mutate_error/rlang_error/error/condition&gt;
Error in `dplyr::mutate(x, fmt_fun = pmap(list(.data$stat_name, .data$stat, .data$fmt_fun), function(stat_name, stat, fmt_fun) {     if (!is_empty(fmt_fun)) {         return(fmt_fun)     }     if (stat_name %in% c("p", "p_miss", "p_nonmiss")) {         return(label_round(digits = 1, scale = 100))     }     if (is.integer(stat)) {         return(0L)     }     if (is.numeric(stat)) {         return(1L)     }     return(as.character) }))`: i In argument: `fmt_fun = pmap(...)`.
Caused by error in `.data$stat`:
! Column `stat` not found in `.data`.</error>
    </testcase>
  </testsuite>
  <testsuite name="ard_summary" timestamp="2026-04-24T09:10:16Z" hostname="0edae1b4e0ef" tests="1" skipped="0" failures="0" errors="1" time="0.017">
    <testcase time="0.0169999999999995" classname="character(0)" name="ard_summary_with_dates_works_and_displays_as_expected">
      <error type="error" message="&lt;dplyr:::mutate_error/rlang_error/error/condition&gt; ('test-ard_summary.R:229:3')">&lt;dplyr:::mutate_error/rlang_error/error/condition&gt;
Error in `dplyr::mutate(x, fmt_fun = pmap(list(.data$stat_name, .data$stat, .data$fmt_fun), function(stat_name, stat, fmt_fun) {     if (!is_empty(fmt_fun)) {         return(fmt_fun)     }     if (stat_name %in% c("p", "p_miss", "p_nonmiss")) {         return(label_round(digits = 1, scale = 100))     }     if (is.integer(stat)) {         return(0L)     }     if (is.numeric(stat)) {         return(1L)     }     return(as.character) }))`: i In argument: `fmt_fun = pmap(...)`.
Caused by error in `.data$stat`:
! Column `stat` not found in `.data`.</error>
    </testcase>
  </testsuite>
  <testsuite name="ard_summary" timestamp="2026-04-24T09:10:16Z" hostname="0edae1b4e0ef" tests="1" skipped="0" failures="0" errors="1" time="0.018">
    <testcase time="0.0180000000000007" classname="character(0)" name="ard_summary_with_empty_missing_dates_works_and_preserves_Date_class">
      <error type="error" message="&lt;dplyr:::mutate_error/rlang_error/error/condition&gt; ('test-ard_summary.R:240:3')">&lt;dplyr:::mutate_error/rlang_error/error/condition&gt;
Error in `dplyr::mutate(x, fmt_fun = pmap(list(.data$stat_name, .data$stat, .data$fmt_fun), function(stat_name, stat, fmt_fun) {     if (!is_empty(fmt_fun)) {         return(fmt_fun)     }     if (stat_name %in% c("p", "p_miss", "p_nonmiss")) {         return(label_round(digits = 1, scale = 100))     }     if (is.integer(stat)) {         return(0L)     }     if (is.numeric(stat)) {         return(1L)     }     return(as.character) }))`: i In argument: `fmt_fun = pmap(...)`.
Caused by error in `.data$stat`:
! Column `stat` not found in `.data`.</error>
    </testcase>
  </testsuite>
  <testsuite name="ard_summary" timestamp="2026-04-24T09:10:16Z" hostname="0edae1b4e0ef" tests="1" skipped="0" failures="0" errors="1" time="0.023">
    <testcase time="0.0229999999999997" classname="character(0)" name="ard_summary_works_with_non_syntactic_names">
      <error type="error" message="&lt;dplyr:::mutate_error/rlang_error/error/condition&gt; ('test-ard_summary.R:250:3')">&lt;dplyr:::mutate_error/rlang_error/error/condition&gt;
Error in `dplyr::mutate(x, fmt_fun = pmap(list(.data$stat_name, .data$stat, .data$fmt_fun), function(stat_name, stat, fmt_fun) {     if (!is_empty(fmt_fun)) {         return(fmt_fun)     }     if (stat_name %in% c("p", "p_miss", "p_nonmiss")) {         return(label_round(digits = 1, scale = 100))     }     if (is.integer(stat)) {         return(0L)     }     if (is.numeric(stat)) {         return(1L)     }     return(as.character) }))`: i In argument: `fmt_fun = pmap(...)`.
Caused by error in `.data$stat`:
! Column `stat` not found in `.data`.</error>
    </testcase>
  </testsuite>
  <testsuite name="ard_summary" timestamp="2026-04-24T09:10:16Z" hostname="0edae1b4e0ef" tests="1" skipped="0" failures="0" errors="1" time="0.018">
    <testcase time="0.0180000000000007" classname="character(0)" name="ard_summary_works_when_using_generic_names_">
      <error type="error" message="&lt;dplyr:::mutate_error/rlang_error/error/condition&gt; ('test-ard_summary.R:303:3')">&lt;dplyr:::mutate_error/rlang_error/error/condition&gt;
Error in `dplyr::mutate(x, fmt_fun = pmap(list(.data$stat_name, .data$stat, .data$fmt_fun), function(stat_name, stat, fmt_fun) {     if (!is_empty(fmt_fun)) {         return(fmt_fun)     }     if (stat_name %in% c("p", "p_miss", "p_nonmiss")) {         return(label_round(digits = 1, scale = 100))     }     if (is.integer(stat)) {         return(0L)     }     if (is.numeric(stat)) {         return(1L)     }     return(as.character) }))`: i In argument: `fmt_fun = pmap(...)`.
Caused by error in `.data$stat`:
! Column `stat` not found in `.data`.</error>
    </testcase>
  </testsuite>
  <testsuite name="ard_summary" timestamp="2026-04-24T09:10:16Z" hostname="0edae1b4e0ef" tests="1" skipped="0" failures="0" errors="1" time="0.017">
    <testcase time="0.0169999999999995" classname="character(0)" name="ard_summary_follows_ard_structure">
      <error type="error" message="&lt;dplyr:::mutate_error/rlang_error/error/condition&gt; ('test-ard_summary.R:413:3')">&lt;dplyr:::mutate_error/rlang_error/error/condition&gt;
Error in `dplyr::mutate(x, fmt_fun = pmap(list(.data$stat_name, .data$stat, .data$fmt_fun), function(stat_name, stat, fmt_fun) {     if (!is_empty(fmt_fun)) {         return(fmt_fun)     }     if (stat_name %in% c("p", "p_miss", "p_nonmiss")) {         return(label_round(digits = 1, scale = 100))     }     if (is.integer(stat)) {         return(0L)     }     if (is.numeric(stat)) {         return(1L)     }     return(as.character) }))`: i In argument: `fmt_fun = pmap(...)`.
Caused by error in `.data$stat`:
! Column `stat` not found in `.data`.</error>
    </testcase>
  </testsuite>
  <testsuite name="ard_summary" timestamp="2026-04-24T09:10:16Z" hostname="0edae1b4e0ef" tests="2" skipped="0" failures="0" errors="0" time="0.016">
    <testcase time="0.0150000000000006" classname="character(0)" name="ard_summary_errors_with_incomplete_factor_columns"/>
    <testcase time="0.000999999999997669" classname="character(0)" name="ard_summary_errors_with_incomplete_factor_columns"/>
  </testsuite>
  <testsuite name="ard_summary" timestamp="2026-04-24T09:10:16Z" hostname="0edae1b4e0ef" tests="1" skipped="0" failures="0" errors="1" time="0.009">
    <testcase time="0.00900000000000034" classname="character(0)" name="ard_summary_with_as_cards_fn_inputs">
      <error type="error" message="&lt;dplyr:::mutate_error/rlang_error/error/condition&gt; ('test-ard_summary.R:460:3')">&lt;dplyr:::mutate_error/rlang_error/error/condition&gt;
Error in `dplyr::mutate(x, fmt_fun = pmap(list(.data$stat_name, .data$stat, .data$fmt_fun), function(stat_name, stat, fmt_fun) {     if (!is_empty(fmt_fun)) {         return(fmt_fun)     }     if (stat_name %in% c("p", "p_miss", "p_nonmiss")) {         return(label_round(digits = 1, scale = 100))     }     if (is.integer(stat)) {         return(0L)     }     if (is.numeric(stat)) {         return(1L)     }     return(as.character) }))`: i In argument: `fmt_fun = pmap(...)`.
Caused by error in `.data$stat`:
! Column `stat` not found in `.data`.</error>
    </testcase>
  </testsuite>
  <testsuite name="ard_stack_hierarchical" timestamp="2026-04-24T09:10:24Z" hostname="0edae1b4e0ef" tests="4" skipped="0" failures="0" errors="0" time="7.427">
    <testcase time="7.424" classname="character(0)" name="ard_stack_hierarchical_variables_"/>
    <testcase time="0.000999999999997669" classname="character(0)" name="ard_stack_hierarchical_variables_"/>
    <testcase time="0.00100000000000122" classname="character(0)" name="ard_stack_hierarchical_variables_"/>
    <testcase time="0.000999999999997669" classname="character(0)" name="ard_stack_hierarchical_variables_"/>
  </testsuite>
  <testsuite name="ard_stack_hierarchical" timestamp="2026-04-24T09:10:24Z" hostname="0edae1b4e0ef" tests="2" skipped="0" failures="0" errors="0" time="0.005">
    <testcase time="0.00400000000000134" classname="character(0)" name="ard_stack_hierarchical_variables_messaging_removed_obs"/>
    <testcase time="0.00100000000000122" classname="character(0)" name="ard_stack_hierarchical_variables_messaging_removed_obs"/>
  </testsuite>
  <testsuite name="ard_stack_hierarchical" timestamp="2026-04-24T09:10:24Z" hostname="0edae1b4e0ef" tests="2" skipped="0" failures="0" errors="0" time="0.003">
    <testcase time="0.00300000000000011" classname="character(0)" name="ard_stack_hierarchical_variables_messaging"/>
    <testcase time="0" classname="character(0)" name="ard_stack_hierarchical_variables_messaging"/>
  </testsuite>
  <testsuite name="ard_stack_hierarchical" timestamp="2026-04-24T09:10:24Z" hostname="0edae1b4e0ef" tests="5" skipped="0" failures="0" errors="0" time="0.005">
    <testcase time="0.00300000000000011" classname="character(0)" name="ard_stack_hierarchical_by_"/>
    <testcase time="0" classname="character(0)" name="ard_stack_hierarchical_by_"/>
    <testcase time="0.000999999999997669" classname="character(0)" name="ard_stack_hierarchical_by_"/>
    <testcase time="0" classname="character(0)" name="ard_stack_hierarchical_by_"/>
    <testcase time="0.00100000000000122" classname="character(0)" name="ard_stack_hierarchical_by_"/>
  </testsuite>
  <testsuite name="ard_stack_hierarchical" timestamp="2026-04-24T09:10:24Z" hostname="0edae1b4e0ef" tests="2" skipped="0" failures="0" errors="0" time="0.003">
    <testcase time="0.00199999999999889" classname="character(0)" name="ard_stack_hierarchical_by_messaging"/>
    <testcase time="0.00100000000000122" classname="character(0)" name="ard_stack_hierarchical_by_messaging"/>
  </testsuite>
  <testsuite name="ard_stack_hierarchical" timestamp="2026-04-24T09:10:24Z" hostname="0edae1b4e0ef" tests="3" skipped="0" failures="0" errors="0" time="0.003">
    <testcase time="0.00199999999999889" classname="character(0)" name="ard_stack_hierarchical_denominator_messaging"/>
    <testcase time="0.00100000000000122" classname="character(0)" name="ard_stack_hierarchical_denominator_messaging"/>
    <testcase time="0" classname="character(0)" name="ard_stack_hierarchical_denominator_messaging"/>
  </testsuite>
  <testsuite name="ard_stack_hierarchical" timestamp="2026-04-24T09:10:24Z" hostname="0edae1b4e0ef" tests="4" skipped="0" failures="0" errors="0" time="0.005">
    <testcase time="0.00300000000000011" classname="character(0)" name="ard_stack_hierarchical_by_with_columns_not_in_denominator_"/>
    <testcase time="0" classname="character(0)" name="ard_stack_hierarchical_by_with_columns_not_in_denominator_"/>
    <testcase time="0.00100000000000122" classname="character(0)" name="ard_stack_hierarchical_by_with_columns_not_in_denominator_"/>
    <testcase time="0.000999999999997669" classname="character(0)" name="ard_stack_hierarchical_by_with_columns_not_in_denominator_"/>
  </testsuite>
  <testsuite name="ard_stack_hierarchical" timestamp="2026-04-24T09:10:24Z" hostname="0edae1b4e0ef" tests="1" skipped="0" failures="0" errors="0" time="0.002">
    <testcase time="0.00200000000000244" classname="character(0)" name="ard_stack_hierarchical_variables_include_messaging"/>
  </testsuite>
  <testsuite name="ard_stack_hierarchical" timestamp="2026-04-24T09:10:24Z" hostname="0edae1b4e0ef" tests="1" skipped="0" failures="0" errors="0" time="0.002">
    <testcase time="0.00199999999999889" classname="character(0)" name="ard_stack_hierarchical_by_overall_messaging"/>
  </testsuite>
  <testsuite name="ard_stack_hierarchical" timestamp="2026-04-24T09:10:24Z" hostname="0edae1b4e0ef" tests="1" skipped="0" failures="0" errors="0" time="0.002">
    <testcase time="0.00199999999999889" classname="character(0)" name="ard_stack_hierarchical_statistic_"/>
  </testsuite>
  <testsuite name="ard_stack_hierarchical" timestamp="2026-04-24T09:10:24Z" hostname="0edae1b4e0ef" tests="1" skipped="0" failures="0" errors="0" time="0.002">
    <testcase time="0.00199999999999889" classname="character(0)" name="ard_stack_hierarchical_with_shuffle"/>
  </testsuite>
  <testsuite name="ard_stack_hierarchical" timestamp="2026-04-24T09:10:24Z" hostname="0edae1b4e0ef" tests="4" skipped="0" failures="0" errors="0" time="0.008">
    <testcase time="0.00100000000000122" classname="character(0)" name="ard_stack_hierarchical_count_variables_"/>
    <testcase time="0.00100000000000122" classname="character(0)" name="ard_stack_hierarchical_count_variables_"/>
    <testcase time="0.00499999999999901" classname="character(0)" name="ard_stack_hierarchical_count_variables_"/>
    <testcase time="0.00100000000000122" classname="character(0)" name="ard_stack_hierarchical_count_variables_"/>
  </testsuite>
  <testsuite name="ard_stack_hierarchical" timestamp="2026-04-24T09:10:24Z" hostname="0edae1b4e0ef" tests="4" skipped="0" failures="0" errors="0" time="0.005">
    <testcase time="0.00300000000000011" classname="character(0)" name="ard_stack_hierarchical_count_by_"/>
    <testcase time="0" classname="character(0)" name="ard_stack_hierarchical_count_by_"/>
    <testcase time="0.000999999999997669" classname="character(0)" name="ard_stack_hierarchical_count_by_"/>
    <testcase time="0.00100000000000122" classname="character(0)" name="ard_stack_hierarchical_count_by_"/>
  </testsuite>
  <testsuite name="ard_stack_hierarchical" timestamp="2026-04-24T09:10:24Z" hostname="0edae1b4e0ef" tests="1" skipped="0" failures="0" errors="0" time="0.002">
    <testcase time="0.00199999999999889" classname="character(0)" name="ard_stack_hierarchical_count_denominator_messaging"/>
  </testsuite>
  <testsuite name="ard_stack_hierarchical" timestamp="2026-04-24T09:10:24Z" hostname="0edae1b4e0ef" tests="3" skipped="0" failures="0" errors="0" time="0.004">
    <testcase time="0.00200000000000244" classname="character(0)" name="ard_stack_hierarchical_count_denominator_univariate_tabulations"/>
    <testcase time="0.000999999999997669" classname="character(0)" name="ard_stack_hierarchical_count_denominator_univariate_tabulations"/>
    <testcase time="0.00100000000000122" classname="character(0)" name="ard_stack_hierarchical_count_denominator_univariate_tabulations"/>
  </testsuite>
  <testsuite name="ard_stack_hierarchical" timestamp="2026-04-24T09:10:24Z" hostname="0edae1b4e0ef" tests="2" skipped="0" failures="0" errors="0" time="0.003">
    <testcase time="0.00199999999999889" classname="character(0)" name="ard_stack_hierarchical_count_denominator_total_n_"/>
    <testcase time="0.00100000000000122" classname="character(0)" name="ard_stack_hierarchical_count_denominator_total_n_"/>
  </testsuite>
  <testsuite name="ard_stack_hierarchical" timestamp="2026-04-24T09:10:24Z" hostname="0edae1b4e0ef" tests="1" skipped="0" failures="0" errors="0" time="0.002">
    <testcase time="0.00199999999999889" classname="character(0)" name="ard_stack_hierarchical_count_denominator_total_n_messaging"/>
  </testsuite>
  <testsuite name="ard_stack_hierarchical" timestamp="2026-04-24T09:10:24Z" hostname="0edae1b4e0ef" tests="1" skipped="0" failures="0" errors="0" time="0.002">
    <testcase time="0.00200000000000244" classname="character(0)" name="ard_stack_hierarchical_count_overall_denominator_messaging"/>
  </testsuite>
  <testsuite name="ard_stack_hierarchical" timestamp="2026-04-24T09:10:24Z" hostname="0edae1b4e0ef" tests="2" skipped="0" failures="0" errors="0" time="0.003">
    <testcase time="0.00199999999999889" classname="character(0)" name="ard_stack_hierarchical_count_overall_"/>
    <testcase time="0.000999999999997669" classname="character(0)" name="ard_stack_hierarchical_count_overall_"/>
  </testsuite>
  <testsuite name="ard_stack_hierarchical" timestamp="2026-04-24T09:10:24Z" hostname="0edae1b4e0ef" tests="1" skipped="0" failures="0" errors="0" time="0.002">
    <testcase time="0.00200000000000244" classname="character(0)" name="ard_stack_hierarchical_count_over_variables_"/>
  </testsuite>
  <testsuite name="ard_stack_hierarchical" timestamp="2026-04-24T09:10:24Z" hostname="0edae1b4e0ef" tests="2" skipped="0" failures="0" errors="0" time="0.003">
    <testcase time="0.00199999999999889" classname="character(0)" name="ard_stack_hierarchical_count_overall_over_variables_"/>
    <testcase time="0.00100000000000122" classname="character(0)" name="ard_stack_hierarchical_count_overall_over_variables_"/>
  </testsuite>
  <testsuite name="ard_stack_hierarchical" timestamp="2026-04-24T09:10:24Z" hostname="0edae1b4e0ef" tests="1" skipped="0" failures="0" errors="0" time="0.002">
    <testcase time="0.00199999999999889" classname="character(0)" name="ard_stack_hierarchical_count_attributes_"/>
  </testsuite>
  <testsuite name="ard_stack_hierarchical" timestamp="2026-04-24T09:10:24Z" hostname="0edae1b4e0ef" tests="4" skipped="0" failures="0" errors="0" time="0.004">
    <testcase time="0.00199999999999889" classname="character(0)" name="ard_stack_hierarchical_by_stats_argument"/>
    <testcase time="0" classname="character(0)" name="ard_stack_hierarchical_by_stats_argument"/>
    <testcase time="0.00100000000000122" classname="character(0)" name="ard_stack_hierarchical_by_stats_argument"/>
    <testcase time="0.00100000000000122" classname="character(0)" name="ard_stack_hierarchical_by_stats_argument"/>
  </testsuite>
  <testsuite name="ard_tabulate_rows" timestamp="2026-04-24T09:10:24Z" hostname="0edae1b4e0ef" tests="1" skipped="0" failures="0" errors="0" time="0.129">
    <testcase time="0.128999999999998" classname="character(0)" name="ard_tabulate_rows_works"/>
  </testsuite>
  <testsuite name="ard_tabulate_value" timestamp="2026-04-24T09:10:25Z" hostname="0edae1b4e0ef" tests="5" skipped="1" failures="0" errors="0" time="1.141">
    <testcase time="1.138" classname="character(0)" name="ard_tabulate_value_works"/>
    <testcase time="0.00100000000000122" classname="character(0)" name="ard_tabulate_value_works"/>
    <testcase time="0" classname="character(0)" name="ard_tabulate_value_works"/>
    <testcase time="0.000999999999997669" classname="character(0)" name="ard_tabulate_value_works"/>
    <testcase time="0.00100000000000122" classname="character(0)" name="ard_tabulate_value_works">
      <skipped message="Reason: package_version(paste(R.version$major, R.version$minor, sep = &quot;.&quot;)) &lt;= package_version(&quot;4.5.0&quot;) is not TRUE ('test-ard_tabulate_value.R:39:3')"/>
    </testcase>
  </testsuite>
  <testsuite name="ard_tabulate_value" timestamp="2026-04-24T09:10:25Z" hostname="0edae1b4e0ef" tests="3" skipped="0" failures="0" errors="0" time="0.015">
    <testcase time="0.0139999999999993" classname="character(0)" name="ard_tabulate_value_errors_are_correct"/>
    <testcase time="0.00100000000000122" classname="character(0)" name="ard_tabulate_value_errors_are_correct"/>
    <testcase time="0" classname="character(0)" name="ard_tabulate_value_errors_are_correct"/>
  </testsuite>
  <testsuite name="ard_tabulate_value" timestamp="2026-04-24T09:10:25Z" hostname="0edae1b4e0ef" tests="1" skipped="0" failures="0" errors="0" time="0.002">
    <testcase time="0.00199999999999889" classname="character(0)" name="ard_tabulate_value_with_grouped_data_works"/>
  </testsuite>
  <testsuite name="ard_tabulate_value" timestamp="2026-04-24T09:10:25Z" hostname="0edae1b4e0ef" tests="1" skipped="0" failures="0" errors="0" time="0.003">
    <testcase time="0.00300000000000011" classname="character(0)" name="ard_tabulate_value_follows_ard_structure"/>
  </testsuite>
  <testsuite name="ard_tabulate_value" timestamp="2026-04-24T09:10:25Z" hostname="0edae1b4e0ef" tests="2" skipped="0" failures="0" errors="0" time="0.002">
    <testcase time="0.00199999999999889" classname="character(0)" name="ard_tabulate_value_errors_with_incomplete_factor_columns"/>
    <testcase time="0" classname="character(0)" name="ard_tabulate_value_errors_with_incomplete_factor_columns"/>
  </testsuite>
  <testsuite name="ard_total_n" timestamp="2026-04-24T09:10:25Z" hostname="0edae1b4e0ef" tests="2" skipped="0" failures="0" errors="0" time="0.216">
    <testcase time="0.215" classname="character(0)" name="ard_total_n_works"/>
    <testcase time="0.00100000000000122" classname="character(0)" name="ard_total_n_works"/>
  </testsuite>
  <testsuite name="ard_total_n" timestamp="2026-04-24T09:10:25Z" hostname="0edae1b4e0ef" tests="1" skipped="0" failures="0" errors="0" time="0.002">
    <testcase time="0.00199999999999889" classname="character(0)" name="ard_total_n_follows_ard_structure"/>
  </testsuite>
  <testsuite name="as_card" timestamp="2026-04-24T09:10:26Z" hostname="0edae1b4e0ef" tests="1" skipped="0" failures="0" errors="0" time="0.432">
    <testcase time="0.432000000000002" classname="character(0)" name="as_card_allows_non_card_objects_with_check_FALSE"/>
  </testsuite>
  <testsuite name="as_card" timestamp="2026-04-24T09:10:26Z" hostname="0edae1b4e0ef" tests="1" skipped="0" failures="0" errors="1" time="0.004">
    <testcase time="0.00399999999999778" classname="character(0)" name="as_card_does_not_affect_card_objects">
      <error type="error" message="&lt;dplyr:::mutate_error/rlang_error/error/condition&gt; ('test-as_card.R:13:3')">&lt;dplyr:::mutate_error/rlang_error/error/condition&gt;
Error in `dplyr::mutate(x, fmt_fun = pmap(list(.data$stat_name, .data$stat, .data$fmt_fun), function(stat_name, stat, fmt_fun) {     if (!is_empty(fmt_fun)) {         return(fmt_fun)     }     if (stat_name %in% c("p", "p_miss", "p_nonmiss")) {         return(label_round(digits = 1, scale = 100))     }     if (is.integer(stat)) {         return(0L)     }     if (is.numeric(stat)) {         return(1L)     }     return(as.character) }))`: i In argument: `fmt_fun = pmap(...)`.
Caused by error in `.data$stat`:
! Column `stat` not found in `.data`.</error>
    </testcase>
  </testsuite>
  <testsuite name="as_card" timestamp="2026-04-24T09:10:26Z" hostname="0edae1b4e0ef" tests="2" skipped="0" failures="0" errors="0" time="0.015">
    <testcase time="0.0139999999999993" classname="character(0)" name="as_card_error_catching_works_correctly"/>
    <testcase time="0.00100000000000122" classname="character(0)" name="as_card_error_catching_works_correctly"/>
  </testsuite>
  <testsuite name="as_card" timestamp="2026-04-24T09:10:26Z" hostname="0edae1b4e0ef" tests="1" skipped="0" failures="0" errors="0" time="0.002">
    <testcase time="0.00199999999999889" classname="character(0)" name="as_card_does_not_care_about_column_order"/>
  </testsuite>
  <testsuite name="as_cards_fn" timestamp="2026-04-24T09:10:26Z" hostname="0edae1b4e0ef" tests="3" skipped="0" failures="0" errors="0" time="0.042">
    <testcase time="0.0410000000000004" classname="character(0)" name="as_cards_fn_works"/>
    <testcase time="0.00100000000000122" classname="character(0)" name="as_cards_fn_works"/>
    <testcase time="0" classname="character(0)" name="as_cards_fn_works"/>
  </testsuite>
  <testsuite name="as_nested_list" timestamp="2026-04-24T09:10:26Z" hostname="0edae1b4e0ef" tests="1" skipped="0" failures="0" errors="1" time="0.356">
    <testcase time="0.356000000000002" classname="character(0)" name="as_nested_list_works">
      <error type="error" message="&lt;dplyr:::mutate_error/rlang_error/error/condition&gt; ('test-as_nested_list.R:2:3')">&lt;dplyr:::mutate_error/rlang_error/error/condition&gt;
Error in `dplyr::mutate(x, fmt_fun = pmap(list(.data$stat_name, .data$stat, .data$fmt_fun), function(stat_name, stat, fmt_fun) {     if (!is_empty(fmt_fun)) {         return(fmt_fun)     }     if (stat_name %in% c("p", "p_miss", "p_nonmiss")) {         return(label_round(digits = 1, scale = 100))     }     if (is.integer(stat)) {         return(0L)     }     if (is.numeric(stat)) {         return(1L)     }     return(as.character) }))`: i In argument: `fmt_fun = pmap(...)`.
Caused by error in `.data$stat`:
! Column `stat` not found in `.data`.
Backtrace:
    ▆
 1. └─testthat::expect_snapshot(...) at test-as_nested_list.R:2:3
 2.   └─testthat:::expect_snapshot_(...)
 3.     ├─base::withRestarts(cnd_signal(state$error), muffle_expectation = function() NULL)
 4.     │ └─base (local) withOneRestart(expr, restarts[[1L]])
 5.     │   └─base (local) doWithOneRestart(return(expr), restart)
 6.     └─rlang::cnd_signal(state$error)</error>
    </testcase>
  </testsuite>
  <testsuite name="bind_ard" timestamp="2026-04-24T09:10:27Z" hostname="0edae1b4e0ef" tests="1" skipped="0" failures="0" errors="0" time="1">
    <testcase time="1" classname="character(0)" name="bind_ard_works"/>
  </testsuite>
  <testsuite name="bind_ard" timestamp="2026-04-24T09:10:27Z" hostname="0edae1b4e0ef" tests="2" skipped="0" failures="0" errors="0" time="0.004">
    <testcase time="0.00300000000000011" classname="character(0)" name="ARD_helpers_messaging"/>
    <testcase time="0.000999999999997669" classname="character(0)" name="ARD_helpers_messaging"/>
  </testsuite>
  <testsuite name="bind_ard" timestamp="2026-04-24T09:10:27Z" hostname="0edae1b4e0ef" tests="2" skipped="0" failures="0" errors="0" time="0.003">
    <testcase time="0.00199999999999889" classname="character(0)" name="bind_ard_.order_argument_works"/>
    <testcase time="0.00100000000000122" classname="character(0)" name="bind_ard_.order_argument_works"/>
  </testsuite>
  <testsuite name="bind_ard" timestamp="2026-04-24T09:10:27Z" hostname="0edae1b4e0ef" tests="1" skipped="0" failures="0" errors="1" time="0.003">
    <testcase time="0.00300000000000011" classname="character(0)" name="bind_ard_.quiet_">
      <error type="error" message="&lt;dplyr:::mutate_error/rlang_error/error/condition&gt; ('test-bind_ard.R:52:3')">&lt;dplyr:::mutate_error/rlang_error/error/condition&gt;
Error in `dplyr::mutate(x, fmt_fun = pmap(list(.data$stat_name, .data$stat, .data$fmt_fun), function(stat_name, stat, fmt_fun) {     if (!is_empty(fmt_fun)) {         return(fmt_fun)     }     if (stat_name %in% c("p", "p_miss", "p_nonmiss")) {         return(label_round(digits = 1, scale = 100))     }     if (is.integer(stat)) {         return(0L)     }     if (is.numeric(stat)) {         return(1L)     }     return(as.character) }))`: i In argument: `fmt_fun = pmap(...)`.
Caused by error in `.data$stat`:
! Column `stat` not found in `.data`.</error>
    </testcase>
  </testsuite>
  <testsuite name="bind_ard" timestamp="2026-04-24T09:10:27Z" hostname="0edae1b4e0ef" tests="1" skipped="0" failures="0" errors="1" time="0.021">
    <testcase time="0.0210000000000008" classname="character(0)" name="bind_ard_.distinct_">
      <error type="error" message="&lt;dplyr:::mutate_error/rlang_error/error/condition&gt; ('test-bind_ard.R:59:3')">&lt;dplyr:::mutate_error/rlang_error/error/condition&gt;
Error in `dplyr::mutate(x, fmt_fun = pmap(list(.data$stat_name, .data$stat, .data$fmt_fun), function(stat_name, stat, fmt_fun) {     if (!is_empty(fmt_fun)) {         return(fmt_fun)     }     if (stat_name %in% c("p", "p_miss", "p_nonmiss")) {         return(label_round(digits = 1, scale = 100))     }     if (is.integer(stat)) {         return(0L)     }     if (is.numeric(stat)) {         return(1L)     }     return(as.character) }))`: i In argument: `fmt_fun = pmap(...)`.
Caused by error in `.data$stat`:
! Column `stat` not found in `.data`.
Backtrace:
    ▆
 1. └─testthat::expect_snapshot(...) at test-bind_ard.R:59:3
 2.   └─testthat:::expect_snapshot_(...)
 3.     ├─base::withRestarts(cnd_signal(state$error), muffle_expectation = function() NULL)
 4.     │ └─base (local) withOneRestart(expr, restarts[[1L]])
 5.     │   └─base (local) doWithOneRestart(return(expr), restart)
[...]
  </testsuite>
  <testsuite name="shuffle_ard" timestamp="2026-04-24T09:10:41Z" hostname="0edae1b4e0ef" tests="6" skipped="0" failures="0" errors="0" time="0.005">
    <testcase time="0.00200000000000244" classname="character(0)" name="shuffle_ard_fills_with_multiple_by_columns"/>
    <testcase time="0.000999999999997669" classname="character(0)" name="shuffle_ard_fills_with_multiple_by_columns"/>
    <testcase time="0" classname="character(0)" name="shuffle_ard_fills_with_multiple_by_columns"/>
    <testcase time="0.00100000000000477" classname="character(0)" name="shuffle_ard_fills_with_multiple_by_columns"/>
    <testcase time="0" classname="character(0)" name="shuffle_ard_fills_with_multiple_by_columns"/>
    <testcase time="0.000999999999997669" classname="character(0)" name="shuffle_ard_fills_with_multiple_by_columns"/>
  </testsuite>
  <testsuite name="shuffle_ard" timestamp="2026-04-24T09:10:41Z" hostname="0edae1b4e0ef" tests="6" skipped="0" failures="0" errors="0" time="0.005">
    <testcase time="0.00200000000000244" classname="character(0)" name="shuffle_ard_messages_about_Overall_var_or_Any_var_"/>
    <testcase time="0.000999999999997669" classname="character(0)" name="shuffle_ard_messages_about_Overall_var_or_Any_var_"/>
    <testcase time="0" classname="character(0)" name="shuffle_ard_messages_about_Overall_var_or_Any_var_"/>
    <testcase time="0.000999999999997669" classname="character(0)" name="shuffle_ard_messages_about_Overall_var_or_Any_var_"/>
    <testcase time="0.00100000000000477" classname="character(0)" name="shuffle_ard_messages_about_Overall_var_or_Any_var_"/>
    <testcase time="0" classname="character(0)" name="shuffle_ard_messages_about_Overall_var_or_Any_var_"/>
  </testsuite>
  <testsuite name="shuffle_ard" timestamp="2026-04-24T09:10:41Z" hostname="0edae1b4e0ef" tests="3" skipped="0" failures="0" errors="0" time="0.007">
    <testcase time="0.00600000000000023" classname="character(0)" name="shuffle_ard_preserves_the_attributes_of_a_card_object"/>
    <testcase time="0.000999999999997669" classname="character(0)" name="shuffle_ard_preserves_the_attributes_of_a_card_object"/>
    <testcase time="0" classname="character(0)" name="shuffle_ard_preserves_the_attributes_of_a_card_object"/>
  </testsuite>
  <testsuite name="tidy_ard_column_order" timestamp="2026-04-24T09:10:42Z" hostname="0edae1b4e0ef" tests="1" skipped="0" failures="0" errors="0" time="0.129">
    <testcase time="0.128999999999998" classname="character(0)" name="tidy_ard_column_order_works"/>
  </testsuite>
  <testsuite name="tidy_ard_row_order" timestamp="2026-04-24T09:10:42Z" hostname="0edae1b4e0ef" tests="1" skipped="0" failures="0" errors="0" time="0.239">
    <testcase time="0.239000000000004" classname="character(0)" name="tidy_ard_row_order_works"/>
  </testsuite>
  <testsuite name="tidy_as_ard" timestamp="2026-04-24T09:10:42Z" hostname="0edae1b4e0ef" tests="4" skipped="0" failures="0" errors="0" time="0.322">
    <testcase time="0.32" classname="character(0)" name="tidy_as_ard_works"/>
    <testcase time="0.000999999999997669" classname="character(0)" name="tidy_as_ard_works"/>
    <testcase time="0.000999999999997669" classname="character(0)" name="tidy_as_ard_works"/>
    <testcase time="0" classname="character(0)" name="tidy_as_ard_works"/>
  </testsuite>
  <testsuite name="unlist_ard_columns" timestamp="2026-04-24T09:10:43Z" hostname="0edae1b4e0ef" tests="3" skipped="0" failures="0" errors="0" time="0.534">
    <testcase time="0.533000000000001" classname="character(0)" name="unlist_ard_columns_"/>
    <testcase time="0" classname="character(0)" name="unlist_ard_columns_"/>
    <testcase time="0.000999999999997669" classname="character(0)" name="unlist_ard_columns_"/>
  </testsuite>
  <testsuite name="unlist_ard_columns" timestamp="2026-04-24T09:10:43Z" hostname="0edae1b4e0ef" tests="1" skipped="0" failures="0" errors="0" time="0.003">
    <testcase time="0.00300000000000011" classname="character(0)" name="unlist_ard_columns_messaging"/>
  </testsuite>
  <testsuite name="unlist_ard_columns" timestamp="2026-04-24T09:10:43Z" hostname="0edae1b4e0ef" tests="1" skipped="0" failures="0" errors="1" time="0.003">
    <testcase time="0.00300000000000011" classname="character(0)" name="unlist_ard_columns_fct_as_chr_">
      <error type="error" message="&lt;dplyr:::mutate_error/rlang_error/error/condition&gt; ('test-unlist_ard_columns.R:40:3')">&lt;dplyr:::mutate_error/rlang_error/error/condition&gt;
Error in `dplyr::mutate(x, fmt_fun = pmap(list(.data$stat_name, .data$stat, .data$fmt_fun), function(stat_name, stat, fmt_fun) {     if (!is_empty(fmt_fun)) {         return(fmt_fun)     }     if (stat_name %in% c("p", "p_miss", "p_nonmiss")) {         return(label_round(digits = 1, scale = 100))     }     if (is.integer(stat)) {         return(0L)     }     if (is.numeric(stat)) {         return(1L)     }     return(as.character) }))`: i In argument: `fmt_fun = pmap(...)`.
Caused by error in `.data$stat`:
! Column `stat` not found in `.data`.</error>
    </testcase>
  </testsuite>
  <testsuite name="update_ard" timestamp="2026-04-24T09:10:44Z" hostname="0edae1b4e0ef" tests="1" skipped="0" failures="0" errors="1" time="1.596">
    <testcase time="1.596" classname="character(0)" name="update_ard_fmt_fun_">
      <error type="error" message="&lt;dplyr:::mutate_error/rlang_error/error/condition&gt; ('test-update_ard.R:2:3')">&lt;dplyr:::mutate_error/rlang_error/error/condition&gt;
Error in `dplyr::mutate(x, fmt_fun = pmap(list(.data$stat_name, .data$stat, .data$fmt_fun), function(stat_name, stat, fmt_fun) {     if (!is_empty(fmt_fun)) {         return(fmt_fun)     }     if (stat_name %in% c("p", "p_miss", "p_nonmiss")) {         return(label_round(digits = 1, scale = 100))     }     if (is.integer(stat)) {         return(0L)     }     if (is.numeric(stat)) {         return(1L)     }     return(as.character) }))`: i In argument: `fmt_fun = pmap(...)`.
Caused by error in `.data$stat`:
! Column `stat` not found in `.data`.</error>
    </testcase>
  </testsuite>
  <testsuite name="update_ard" timestamp="2026-04-24T09:10:44Z" hostname="0edae1b4e0ef" tests="1" skipped="0" failures="0" errors="1" time="0.013">
    <testcase time="0.0129999999999981" classname="character(0)" name="update_ard_fmt_fun_filter_">
      <error type="error" message="&lt;dplyr:::mutate_error/rlang_error/error/condition&gt; ('test-update_ard.R:21:3')">&lt;dplyr:::mutate_error/rlang_error/error/condition&gt;
Error in `dplyr::mutate(x, fmt_fun = pmap(list(.data$stat_name, .data$stat, .data$fmt_fun), function(stat_name, stat, fmt_fun) {     if (!is_empty(fmt_fun)) {         return(fmt_fun)     }     if (stat_name %in% c("p", "p_miss", "p_nonmiss")) {         return(label_round(digits = 1, scale = 100))     }     if (is.integer(stat)) {         return(0L)     }     if (is.numeric(stat)) {         return(1L)     }     return(as.character) }))`: i In argument: `fmt_fun = pmap(...)`.
Caused by error in `.data$stat`:
! Column `stat` not found in `.data`.
Backtrace:
    ▆
 1. └─testthat::expect_snapshot(...) at test-update_ard.R:21:3
 2.   └─testthat:::expect_snapshot_(...)
 3.     ├─base::withRestarts(cnd_signal(state$error), muffle_expectation = function() NULL)
 4.     │ └─base (local) withOneRestart(expr, restarts[[1L]])
 5.     │   └─base (local) doWithOneRestart(return(expr), restart)
 6.     └─rlang::cnd_signal(state$error)</error>
    </testcase>
  </testsuite>
  <testsuite name="update_ard" timestamp="2026-04-24T09:10:44Z" hostname="0edae1b4e0ef" tests="2" skipped="0" failures="2" errors="0" time="0.032">
    <testcase time="0.0200000000000031" classname="character(0)" name="update_ard_fmt_fun_filter_messaging">
      <failure type="failure" message="Snapshot of code has changed: ('test-update_ard.R:30:3')">Snapshot of code has changed:
old[3:8] vs new[3:9]
      continuous_summary_fns(c("N", "mean"))), stat_names = "mean", fmt_fun = 8L,
    filter = group99999999_level == "Placebo")
  Condition
-   Error in `update_ard_fmt_fun()`:
-   ! There was an error evaluating the `filter` argument. See below:
-   x object 'group99999999_level' not found
+   Error in `dplyr::mutate()`:
+   i In argument: `fmt_fun = pmap(...)`.
+   Caused by error in `.data$stat`:
+   ! Column `stat` not found in `.data`.
* Run `testthat::snapshot_accept("update_ard", "testthat")` to accept the change.
* Run `testthat::snapshot_review("update_ard", "testthat")` to review the change.</failure>
    </testcase>
    <testcase time="0.0120000000000005" classname="character(0)" name="update_ard_fmt_fun_filter_messaging">
      <failure type="failure" message="Snapshot of code has changed: ('test-update_ard.R:36:3')">Snapshot of code has changed:
old[3:7] vs new[3:9]
      continuous_summary_fns(c("N", "mean"))), stat_names = "mean", fmt_fun = 8L,
    filter = c(TRUE, FALSE))
  Condition
-   Error in `update_ard_fmt_fun()`:
-   ! The `filter` argument must be an expression that evaluates to a &lt;logical&gt; vector of length 1 or 6.
+   Error in `dplyr::mutate()`:
+   i In argument: `fmt_fun = pmap(...)`.
+   Caused by error in `.data$stat`:
+   ! Column `stat` not found in `.data`.
* Run `testthat::snapshot_accept("update_ard", "testthat")` to accept the change.
* Run `testthat::snapshot_review("update_ard", "testthat")` to review the change.</failure>
    </testcase>
  </testsuite>
  <testsuite name="update_ard" timestamp="2026-04-24T09:10:44Z" hostname="0edae1b4e0ef" tests="1" skipped="0" failures="0" errors="1" time="0.015">
    <testcase time="0.0149999999999935" classname="character(0)" name="update_ard_stat_label_">
      <error type="error" message="&lt;dplyr:::mutate_error/rlang_error/error/condition&gt; ('test-update_ard.R:44:3')">&lt;dplyr:::mutate_error/rlang_error/error/condition&gt;
Error in `dplyr::mutate(x, fmt_fun = pmap(list(.data$stat_name, .data$stat, .data$fmt_fun), function(stat_name, stat, fmt_fun) {     if (!is_empty(fmt_fun)) {         return(fmt_fun)     }     if (stat_name %in% c("p", "p_miss", "p_nonmiss")) {         return(label_round(digits = 1, scale = 100))     }     if (is.integer(stat)) {         return(0L)     }     if (is.numeric(stat)) {         return(1L)     }     return(as.character) }))`: i In argument: `fmt_fun = pmap(...)`.
Caused by error in `.data$stat`:
! Column `stat` not found in `.data`.</error>
    </testcase>
  </testsuite>
  <testsuite name="update_ard" timestamp="2026-04-24T09:10:44Z" hostname="0edae1b4e0ef" tests="1" skipped="0" failures="0" errors="1" time="0.015">
    <testcase time="0.0150000000000006" classname="character(0)" name="update_ard_stat_label_filter_">
      <error type="error" message="&lt;dplyr:::mutate_error/rlang_error/error/condition&gt; ('test-update_ard.R:58:3')">&lt;dplyr:::mutate_error/rlang_error/error/condition&gt;
Error in `dplyr::mutate(x, fmt_fun = pmap(list(.data$stat_name, .data$stat, .data$fmt_fun), function(stat_name, stat, fmt_fun) {     if (!is_empty(fmt_fun)) {         return(fmt_fun)     }     if (stat_name %in% c("p", "p_miss", "p_nonmiss")) {         return(label_round(digits = 1, scale = 100))     }     if (is.integer(stat)) {         return(0L)     }     if (is.numeric(stat)) {         return(1L)     }     return(as.character) }))`: i In argument: `fmt_fun = pmap(...)`.
Caused by error in `.data$stat`:
! Column `stat` not found in `.data`.
Backtrace:
    ▆
 1. └─testthat::expect_snapshot(...) at test-update_ard.R:58:3
 2.   └─testthat:::expect_snapshot_(...)
 3.     ├─base::withRestarts(cnd_signal(state$error), muffle_expectation = function() NULL)
 4.     │ └─base (local) withOneRestart(expr, restarts[[1L]])
 5.     │   └─base (local) doWithOneRestart(return(expr), restart)
 6.     └─rlang::cnd_signal(state$error)</error>
    </testcase>
  </testsuite>
  <testsuite name="update_ard" timestamp="2026-04-24T09:10:44Z" hostname="0edae1b4e0ef" tests="2" skipped="0" failures="2" errors="0" time="0.035">
    <testcase time="0.0240000000000009" classname="character(0)" name="update_ard_stat_label_filter_messaging">
      <failure type="failure" message="Snapshot of code has changed: ('test-update_ard.R:66:3')">Snapshot of code has changed:
old[3:8] vs new[3:9]
      continuous_summary_fns(c("N", "mean", "sd"))), stat_names = c("mean", "sd"),
    stat_label = "Mean (SD)", filter = group99999999_level == "Placebo")
  Condition
-   Error in `value[[3L]]()`:
-   ! There was an error evaluating the `filter` argument. See below:
-   x object 'group99999999_level' not found
+   Error in `dplyr::mutate()`:
+   i In argument: `fmt_fun = pmap(...)`.
+   Caused by error in `.data$stat`:
+   ! Column `stat` not found in `.data`.
* Run `testthat::snapshot_accept("update_ard", "testthat")` to accept the change.
* Run `testthat::snapshot_review("update_ard", "testthat")` to review the change.</failure>
    </testcase>
    <testcase time="0.0110000000000028" classname="character(0)" name="update_ard_stat_label_filter_messaging">
      <failure type="failure" message="Snapshot of code has changed: ('test-update_ard.R:72:3')">Snapshot of code has changed:
old[3:7] vs new[3:9]
      continuous_summary_fns(c("N", "mean", "sd"))), stat_names = c("mean", "sd"),
    stat_label = "Mean (SD)", filter = c(TRUE, FALSE))
  Condition
-   Error in `update_ard_stat_label()`:
-   ! The `filter` argument must be an expression that evaluates to a &lt;logical&gt; vector of length 1 or 9.
+   Error in `dplyr::mutate()`:
+   i In argument: `fmt_fun = pmap(...)`.
+   Caused by error in `.data$stat`:
+   ! Column `stat` not found in `.data`.
* Run `testthat::snapshot_accept("update_ard", "testthat")` to accept the change.
* Run `testthat::snapshot_review("update_ard", "testthat")` to review the change.</failure>
    </testcase>
  </testsuite>
  <testsuite name="utils" timestamp="2026-04-24T09:10:44Z" hostname="0edae1b4e0ef" tests="2" skipped="0" failures="0" errors="0" time="0.074">
    <testcase time="0.0730000000000004" classname="character(0)" name=".warn_or_error_errors_warns_depending_on_input"/>
    <testcase time="0.000999999999997669" classname="character(0)" name=".warn_or_error_errors_warns_depending_on_input"/>
  </testsuite>
  <testsuite name="sort_ard_hierarchical" timestamp="2026-04-24T09:10:46Z" hostname="0edae1b4e0ef" tests="3" skipped="0" failures="0" errors="0" time="1.902">
    <testcase time="1.9" classname="character(0)" name="sort_ard_hierarchical_works"/>
    <testcase time="0.00100000000000477" classname="character(0)" name="sort_ard_hierarchical_works"/>
    <testcase time="0.000999999999997669" classname="character(0)" name="sort_ard_hierarchical_works"/>
  </testsuite>
  <testsuite name="sort_ard_hierarchical" timestamp="2026-04-24T09:10:46Z" hostname="0edae1b4e0ef" tests="4" skipped="0" failures="0" errors="0" time="0.004">
    <testcase time="0.00200000000000244" classname="character(0)" name="sort_ard_hierarchical_sort_descending_works"/>
    <testcase time="0.000999999999997669" classname="character(0)" name="sort_ard_hierarchical_sort_descending_works"/>
    <testcase time="0" classname="character(0)" name="sort_ard_hierarchical_sort_descending_works"/>
    <testcase time="0.000999999999997669" classname="character(0)" name="sort_ard_hierarchical_sort_descending_works"/>
  </testsuite>
  <testsuite name="sort_ard_hierarchical" timestamp="2026-04-24T09:10:46Z" hostname="0edae1b4e0ef" tests="4" skipped="0" failures="0" errors="0" time="0.004">
    <testcase time="0.00200000000000244" classname="character(0)" name="sort_ard_hierarchical_sort_alphanumeric_works"/>
    <testcase time="0.000999999999997669" classname="character(0)" name="sort_ard_hierarchical_sort_alphanumeric_works"/>
    <testcase time="0.00100000000000477" classname="character(0)" name="sort_ard_hierarchical_sort_alphanumeric_works"/>
    <testcase time="0" classname="character(0)" name="sort_ard_hierarchical_sort_alphanumeric_works"/>
  </testsuite>
  <testsuite name="sort_ard_hierarchical" timestamp="2026-04-24T09:10:46Z" hostname="0edae1b4e0ef" tests="4" skipped="0" failures="0" errors="0" time="0.005">
    <testcase time="0.00300000000000011" classname="character(0)" name="sort_ard_hierarchical_sort_works_with_different_sorting_methods_for_each_variable"/>
    <testcase time="0.000999999999997669" classname="character(0)" name="sort_ard_hierarchical_sort_works_with_different_sorting_methods_for_each_variable"/>
    <testcase time="0" classname="character(0)" name="sort_ard_hierarchical_sort_works_with_different_sorting_methods_for_each_variable"/>
    <testcase time="0.000999999999997669" classname="character(0)" name="sort_ard_hierarchical_sort_works_with_different_sorting_methods_for_each_variable"/>
  </testsuite>
  <testsuite name="sort_ard_hierarchical" timestamp="2026-04-24T09:10:46Z" hostname="0edae1b4e0ef" tests="4" skipped="0" failures="0" errors="0" time="0.004">
    <testcase time="0.00200000000000244" classname="character(0)" name="sort_ard_hierarchical_works_when_there_is_no_overall_row_in_x"/>
    <testcase time="0.000999999999997669" classname="character(0)" name="sort_ard_hierarchical_works_when_there_is_no_overall_row_in_x"/>
    <testcase time="0.00100000000000477" classname="character(0)" name="sort_ard_hierarchical_works_when_there_is_no_overall_row_in_x"/>
    <testcase time="0" classname="character(0)" name="sort_ard_hierarchical_works_when_there_is_no_overall_row_in_x"/>
  </testsuite>
  <testsuite name="sort_ard_hierarchical" timestamp="2026-04-24T09:10:46Z" hostname="0edae1b4e0ef" tests="5" skipped="0" failures="0" errors="0" time="0.004">
    <testcase time="0.00300000000000011" classname="character(0)" name="sort_ard_hierarchical_works_with_only_one_variable_in_x"/>
    <testcase time="0" classname="character(0)" name="sort_ard_hierarchical_works_with_only_one_variable_in_x"/>
    <testcase time="0.000999999999997669" classname="character(0)" name="sort_ard_hierarchical_works_with_only_one_variable_in_x"/>
    <testcase time="0" classname="character(0)" name="sort_ard_hierarchical_works_with_only_one_variable_in_x"/>
    <testcase time="0" classname="character(0)" name="sort_ard_hierarchical_works_with_only_one_variable_in_x"/>
  </testsuite>
  <testsuite name="sort_ard_hierarchical" timestamp="2026-04-24T09:10:46Z" hostname="0edae1b4e0ef" tests="1" skipped="0" failures="0" errors="0" time="0.003">
    <testcase time="0.00300000000000011" classname="character(0)" name="sort_ard_hierarchical_works_when_some_variables_not_included_in_x"/>
  </testsuite>
  <testsuite name="sort_ard_hierarchical" timestamp="2026-04-24T09:10:46Z" hostname="0edae1b4e0ef" tests="1" skipped="0" failures="0" errors="0" time="0.002">
    <testcase time="0.00200000000000244" classname="character(0)" name="sort_ard_hierarchical_works_when_sorting_using_p_instead_of_n"/>
  </testsuite>
  <testsuite name="sort_ard_hierarchical" timestamp="2026-04-24T09:10:46Z" hostname="0edae1b4e0ef" tests="3" skipped="0" failures="0" errors="0" time="0.004">
    <testcase time="0.00200000000000244" classname="character(0)" name="sort_ard_hierarchical_works_with_overall_data"/>
    <testcase time="0.000999999999997669" classname="character(0)" name="sort_ard_hierarchical_works_with_overall_data"/>
    <testcase time="0.000999999999997669" classname="character(0)" name="sort_ard_hierarchical_works_with_overall_data"/>
  </testsuite>
  <testsuite name="sort_ard_hierarchical" timestamp="2026-04-24T09:10:46Z" hostname="0edae1b4e0ef" tests="3" skipped="0" failures="0" errors="0" time="0.003">
    <testcase time="0.00200000000000244" classname="character(0)" name="sort_ard_hierarchical_error_messaging_works"/>
    <testcase time="0.000999999999997669" classname="character(0)" name="sort_ard_hierarchical_error_messaging_works"/>
    <testcase time="0" classname="character(0)" name="sort_ard_hierarchical_error_messaging_works"/>
  </testsuite>
</testsuites>
