<?xml version="1.0" encoding="UTF-8"?>
<!DOCTYPE coverage SYSTEM "https://raw.githubusercontent.com/cobertura/cobertura/master/cobertura/src/site/htdocs/xml/coverage-04.dtd">
<coverage line-rate="0.924868957483984" branch-rate="0" lines-covered="1588" lines-valid="1717" branches-covered="0" branches-valid="0" complexity="0" version="3.6.4" timestamp="2024-05-15 02:20:46.410804">
  <sources>
    <source>/__w/cards/cards/cards</source>
  </sources>
  <packages>
    <package name="cards" line-rate="0.924868957483984" branch-rate="0" complexity="0">
      <classes>
        <class name="apply_fmt_fn.R" filename="R/apply_fmt_fn.R" line-rate="0.807228915662651" branch-rate="0" complexity="0">
          <methods>
            <method name="apply_fmt_fn" signature="" line-rate="1" branch-rate="0" complexity="0">
              <lines>
                <line number="16" hits="10" branch="false"/>
                <line number="18" hits="10" branch="false"/>
                <line number="20" hits="9" branch="false"/>
                <line number="21" hits="9" branch="false"/>
                <line number="22" hits="9" branch="false"/>
                <line number="23" hits="9" branch="false"/>
                <line number="24" hits="9" branch="false"/>
                <line number="25" hits="9" branch="false"/>
                <line number="26" hits="9" branch="false"/>
                <line number="27" hits="9" branch="false"/>
                <line number="28" hits="9" branch="false"/>
                <line number="29" hits="9" branch="false"/>
                <line number="30" hits="9" branch="false"/>
                <line number="31" hits="9" branch="false"/>
                <line number="32" hits="9" branch="false"/>
                <line number="33" hits="9" branch="false"/>
                <line number="34" hits="9" branch="false"/>
                <line number="35" hits="1" branch="false"/>
                <line number="36" hits="9" branch="false"/>
                <line number="37" hits="9" branch="false"/>
                <line number="38" hits="9" branch="false"/>
                <line number="39" hits="9" branch="false"/>
              </lines>
            </method>
            <method name="alias_as_fmt_fn" signature="" line-rate="0.714285714285714" branch-rate="0" complexity="0">
              <lines>
                <line number="71" hits="64" branch="false"/>
                <line number="73" hits="64" branch="false"/>
                <line number="74" hits="6" branch="false"/>
                <line number="76" hits="58" branch="false"/>
                <line number="77" hits="50" branch="false"/>
                <line number="79" hits="8" branch="false"/>
                <line number="80" hits="8" branch="false"/>
                <line number="81" hits="8" branch="false"/>
                <line number="82" hits="8" branch="false"/>
                <line number="83" hits="8" branch="false"/>
                <line number="84" hits="8" branch="false"/>
                <line number="85" hits="8" branch="false"/>
                <line number="86" hits="8" branch="false"/>
                <line number="87" hits="8" branch="false"/>
                <line number="88" hits="8" branch="false"/>
                <line number="89" hits="8" branch="false"/>
                <line number="90" hits="4" branch="false"/>
                <line number="91" hits="8" branch="false"/>
                <line number="92" hits="8" branch="false"/>
                <line number="94" hits="8" branch="false"/>
                <line number="97" hits="0" branch="false"/>
                <line number="98" hits="0" branch="false"/>
                <line number="99" hits="0" branch="false"/>
                <line number="100" hits="0" branch="false"/>
                <line number="101" hits="0" branch="false"/>
                <line number="102" hits="0" branch="false"/>
                <line number="103" hits="0" branch="false"/>
                <line number="104" hits="0" branch="false"/>
              </lines>
            </method>
            <method name="label_cards" signature="" line-rate="1" branch-rate="0" complexity="0">
              <lines>
                <line number="130" hits="7461" branch="false"/>
                <line number="132" hits="62" branch="false"/>
                <line number="133" hits="62" branch="false"/>
                <line number="134" hits="62" branch="false"/>
                <line number="135" hits="62" branch="false"/>
                <line number="136" hits="62" branch="false"/>
                <line number="137" hits="62" branch="false"/>
                <line number="141" hits="62" branch="false"/>
                <line number="142" hits="10" branch="false"/>
                <line number="143" hits="10" branch="false"/>
                <line number="144" hits="10" branch="false"/>
                <line number="145" hits="10" branch="false"/>
                <line number="146" hits="10" branch="false"/>
                <line number="147" hits="10" branch="false"/>
                <line number="148" hits="7461" branch="false"/>
                <line number="151" hits="62" branch="false"/>
                <line number="152" hits="7461" branch="false"/>
              </lines>
            </method>
            <method name=".check_fmt_string" signature="" line-rate="0.5" branch-rate="0" complexity="0">
              <lines>
                <line number="176" hits="8" branch="false"/>
                <line number="179" hits="8" branch="false"/>
                <line number="180" hits="8" branch="false"/>
                <line number="181" hits="8" branch="false"/>
                <line number="182" hits="8" branch="false"/>
                <line number="183" hits="8" branch="false"/>
                <line number="185" hits="8" branch="false"/>
                <line number="186" hits="0" branch="false"/>
                <line number="187" hits="0" branch="false"/>
                <line number="188" hits="0" branch="false"/>
                <line number="189" hits="0" branch="false"/>
                <line number="190" hits="0" branch="false"/>
                <line number="191" hits="0" branch="false"/>
                <line number="192" hits="0" branch="false"/>
                <line number="193" hits="0" branch="false"/>
                <line number="195" hits="8" branch="false"/>
              </lines>
            </method>
          </methods>
          <lines>
            <line number="16" hits="10" branch="false"/>
            <line number="18" hits="10" branch="false"/>
            <line number="20" hits="9" branch="false"/>
            <line number="21" hits="9" branch="false"/>
            <line number="22" hits="9" branch="false"/>
            <line number="23" hits="9" branch="false"/>
            <line number="24" hits="9" branch="false"/>
            <line number="25" hits="9" branch="false"/>
            <line number="26" hits="9" branch="false"/>
            <line number="27" hits="9" branch="false"/>
            <line number="28" hits="9" branch="false"/>
            <line number="29" hits="9" branch="false"/>
            <line number="30" hits="9" branch="false"/>
            <line number="31" hits="9" branch="false"/>
            <line number="32" hits="9" branch="false"/>
            <line number="33" hits="9" branch="false"/>
            <line number="34" hits="9" branch="false"/>
            <line number="35" hits="1" branch="false"/>
            <line number="36" hits="9" branch="false"/>
            <line number="37" hits="9" branch="false"/>
            <line number="38" hits="9" branch="false"/>
            <line number="39" hits="9" branch="false"/>
            <line number="71" hits="64" branch="false"/>
            <line number="73" hits="64" branch="false"/>
            <line number="74" hits="6" branch="false"/>
            <line number="76" hits="58" branch="false"/>
            <line number="77" hits="50" branch="false"/>
            <line number="79" hits="8" branch="false"/>
            <line number="80" hits="8" branch="false"/>
            <line number="81" hits="8" branch="false"/>
            <line number="82" hits="8" branch="false"/>
            <line number="83" hits="8" branch="false"/>
            <line number="84" hits="8" branch="false"/>
            <line number="85" hits="8" branch="false"/>
            <line number="86" hits="8" branch="false"/>
            <line number="87" hits="8" branch="false"/>
            <line number="88" hits="8" branch="false"/>
            <line number="89" hits="8" branch="false"/>
            <line number="90" hits="4" branch="false"/>
            <line number="91" hits="8" branch="false"/>
            <line number="92" hits="8" branch="false"/>
            <line number="94" hits="8" branch="false"/>
            <line number="97" hits="0" branch="false"/>
            <line number="98" hits="0" branch="false"/>
            <line number="99" hits="0" branch="false"/>
            <line number="100" hits="0" branch="false"/>
            <line number="101" hits="0" branch="false"/>
            <line number="102" hits="0" branch="false"/>
            <line number="103" hits="0" branch="false"/>
            <line number="104" hits="0" branch="false"/>
            <line number="130" hits="7461" branch="false"/>
            <line number="132" hits="62" branch="false"/>
            <line number="133" hits="62" branch="false"/>
            <line number="134" hits="62" branch="false"/>
            <line number="135" hits="62" branch="false"/>
            <line number="136" hits="62" branch="false"/>
            <line number="137" hits="62" branch="false"/>
            <line number="141" hits="62" branch="false"/>
            <line number="142" hits="10" branch="false"/>
            <line number="143" hits="10" branch="false"/>
            <line number="144" hits="10" branch="false"/>
            <line number="145" hits="10" branch="false"/>
            <line number="146" hits="10" branch="false"/>
            <line number="147" hits="10" branch="false"/>
            <line number="148" hits="7461" branch="false"/>
            <line number="151" hits="62" branch="false"/>
            <line number="152" hits="7461" branch="false"/>
            <line number="176" hits="8" branch="false"/>
            <line number="179" hits="8" branch="false"/>
            <line number="180" hits="8" branch="false"/>
            <line number="181" hits="8" branch="false"/>
            <line number="182" hits="8" branch="false"/>
            <line number="183" hits="8" branch="false"/>
            <line number="185" hits="8" branch="false"/>
            <line number="186" hits="0" branch="false"/>
            <line number="187" hits="0" branch="false"/>
            <line number="188" hits="0" branch="false"/>
            <line number="189" hits="0" branch="false"/>
            <line number="190" hits="0" branch="false"/>
            <line number="191" hits="0" branch="false"/>
            <line number="192" hits="0" branch="false"/>
            <line number="193" hits="0" branch="false"/>
            <line number="195" hits="8" branch="false"/>
          </lines>
        </class>
        <class name="ard_attributes.R" filename="R/ard_attributes.R" line-rate="1" branch-rate="0" complexity="0">
          <methods>
            <method name="ard_attributes" signature="" line-rate="1" branch-rate="0" complexity="0">
              <lines>
                <line number="34" hits="6" branch="false"/>
              </lines>
            </method>
            <method name="ard_attributes.data.frame" signature="" line-rate="1" branch-rate="0" complexity="0">
              <lines>
                <line number="43" hits="5" branch="false"/>
                <line number="46" hits="5" branch="false"/>
                <line number="47" hits="5" branch="false"/>
                <line number="48" hits="5" branch="false"/>
                <line number="51" hits="5" branch="false"/>
                <line number="52" hits="5" branch="false"/>
                <line number="54" hits="5" branch="false"/>
                <line number="55" hits="5" branch="false"/>
                <line number="56" hits="5" branch="false"/>
                <line number="57" hits="5" branch="false"/>
                <line number="59" hits="5" branch="false"/>
                <line number="61" hits="5" branch="false"/>
                <line number="63" hits="5" branch="false"/>
                <line number="64" hits="5" branch="false"/>
                <line number="65" hits="5" branch="false"/>
                <line number="66" hits="5" branch="false"/>
                <line number="67" hits="5" branch="false"/>
                <line number="68" hits="5" branch="false"/>
                <line number="69" hits="5" branch="false"/>
                <line number="70" hits="5" branch="false"/>
                <line number="71" hits="5" branch="false"/>
                <line number="72" hits="5" branch="false"/>
                <line number="73" hits="5" branch="false"/>
                <line number="74" hits="5" branch="false"/>
                <line number="75" hits="5" branch="false"/>
                <line number="76" hits="5" branch="false"/>
                <line number="77" hits="5" branch="false"/>
                <line number="78" hits="5" branch="false"/>
                <line number="79" hits="5" branch="false"/>
                <line number="80" hits="5" branch="false"/>
              </lines>
            </method>
            <method name="ard_attributes.default" signature="" line-rate="1" branch-rate="0" complexity="0">
              <lines>
                <line number="86" hits="1" branch="false"/>
                <line number="87" hits="1" branch="false"/>
              </lines>
            </method>
          </methods>
          <lines>
            <line number="34" hits="6" branch="false"/>
            <line number="43" hits="5" branch="false"/>
            <line number="46" hits="5" branch="false"/>
            <line number="47" hits="5" branch="false"/>
            <line number="48" hits="5" branch="false"/>
            <line number="51" hits="5" branch="false"/>
            <line number="52" hits="5" branch="false"/>
            <line number="54" hits="5" branch="false"/>
            <line number="55" hits="5" branch="false"/>
            <line number="56" hits="5" branch="false"/>
            <line number="57" hits="5" branch="false"/>
            <line number="59" hits="5" branch="false"/>
            <line number="61" hits="5" branch="false"/>
            <line number="63" hits="5" branch="false"/>
            <line number="64" hits="5" branch="false"/>
            <line number="65" hits="5" branch="false"/>
            <line number="66" hits="5" branch="false"/>
            <line number="67" hits="5" branch="false"/>
            <line number="68" hits="5" branch="false"/>
            <line number="69" hits="5" branch="false"/>
            <line number="70" hits="5" branch="false"/>
            <line number="71" hits="5" branch="false"/>
            <line number="72" hits="5" branch="false"/>
            <line number="73" hits="5" branch="false"/>
            <line number="74" hits="5" branch="false"/>
            <line number="75" hits="5" branch="false"/>
            <line number="76" hits="5" branch="false"/>
            <line number="77" hits="5" branch="false"/>
            <line number="78" hits="5" branch="false"/>
            <line number="79" hits="5" branch="false"/>
            <line number="80" hits="5" branch="false"/>
            <line number="86" hits="1" branch="false"/>
            <line number="87" hits="1" branch="false"/>
          </lines>
        </class>
        <class name="ard_categorical.R" filename="R/ard_categorical.R" line-rate="0.951149425287356" branch-rate="0" complexity="0">
          <methods>
            <method name="ard_categorical" signature="" line-rate="1" branch-rate="0" complexity="0">
              <lines>
                <line number="78" hits="104" branch="false"/>
                <line number="79" hits="104" branch="false"/>
              </lines>
            </method>
            <method name="ard_categorical.data.frame" signature="" line-rate="0.986486486486487" branch-rate="0" complexity="0">
              <lines>
                <line number="93" hits="104" branch="false"/>
                <line number="94" hits="104" branch="false"/>
                <line number="97" hits="104" branch="false"/>
                <line number="98" hits="104" branch="false"/>
                <line number="101" hits="104" branch="false"/>
                <line number="102" hits="104" branch="false"/>
                <line number="103" hits="104" branch="false"/>
                <line number="104" hits="104" branch="false"/>
                <line number="105" hits="104" branch="false"/>
                <line number="106" hits="104" branch="false"/>
                <line number="107" hits="104" branch="false"/>
                <line number="108" hits="104" branch="false"/>
                <line number="110" hits="103" branch="false"/>
                <line number="111" hits="103" branch="false"/>
                <line number="112" hits="103" branch="false"/>
                <line number="113" hits="103" branch="false"/>
                <line number="114" hits="103" branch="false"/>
                <line number="115" hits="103" branch="false"/>
                <line number="116" hits="103" branch="false"/>
                <line number="117" hits="103" branch="false"/>
                <line number="118" hits="103" branch="false"/>
                <line number="119" hits="103" branch="false"/>
                <line number="122" hits="103" branch="false"/>
                <line number="123" hits="0" branch="false"/>
                <line number="128" hits="103" branch="false"/>
                <line number="129" hits="103" branch="false"/>
                <line number="130" hits="103" branch="false"/>
                <line number="132" hits="103" branch="false"/>
                <line number="133" hits="102" branch="false"/>
                <line number="135" hits="1" branch="false"/>
                <line number="136" hits="1" branch="false"/>
                <line number="137" hits="1" branch="false"/>
                <line number="138" hits="1" branch="false"/>
                <line number="139" hits="1" branch="false"/>
                <line number="140" hits="1" branch="false"/>
                <line number="141" hits="1" branch="false"/>
                <line number="142" hits="1" branch="false"/>
                <line number="143" hits="1" branch="false"/>
                <line number="144" hits="1" branch="false"/>
                <line number="145" hits="1" branch="false"/>
                <line number="149" hits="103" branch="false"/>
                <line number="150" hits="103" branch="false"/>
                <line number="151" hits="103" branch="false"/>
                <line number="152" hits="103" branch="false"/>
                <line number="153" hits="103" branch="false"/>
                <line number="154" hits="103" branch="false"/>
                <line number="155" hits="103" branch="false"/>
                <line number="156" hits="103" branch="false"/>
                <line number="157" hits="103" branch="false"/>
                <line number="161" hits="101" branch="false"/>
                <line number="162" hits="101" branch="false"/>
                <line number="163" hits="101" branch="false"/>
                <line number="164" hits="101" branch="false"/>
                <line number="165" hits="101" branch="false"/>
                <line number="166" hits="101" branch="false"/>
                <line number="167" hits="101" branch="false"/>
                <line number="170" hits="101" branch="false"/>
                <line number="171" hits="101" branch="false"/>
                <line number="172" hits="101" branch="false"/>
                <line number="173" hits="101" branch="false"/>
                <line number="174" hits="101" branch="false"/>
                <line number="175" hits="101" branch="false"/>
                <line number="176" hits="101" branch="false"/>
                <line number="177" hits="101" branch="false"/>
                <line number="178" hits="101" branch="false"/>
                <line number="179" hits="101" branch="false"/>
                <line number="180" hits="101" branch="false"/>
                <line number="181" hits="101" branch="false"/>
                <line number="182" hits="101" branch="false"/>
                <line number="183" hits="101" branch="false"/>
                <line number="186" hits="101" branch="false"/>
                <line number="187" hits="101" branch="false"/>
                <line number="188" hits="101" branch="false"/>
                <line number="189" hits="101" branch="false"/>
              </lines>
            </method>
            <method name=".calculate_tabulation_statistics" signature="" line-rate="0.986842105263158" branch-rate="0" complexity="0">
              <lines>
                <line number="219" hits="103" branch="false"/>
                <line number="220" hits="103" branch="false"/>
                <line number="222" hits="103" branch="false"/>
                <line number="223" hits="0" branch="false"/>
                <line number="227" hits="103" branch="false"/>
                <line number="228" hits="103" branch="false"/>
                <line number="229" hits="103" branch="false"/>
                <line number="230" hits="103" branch="false"/>
                <line number="231" hits="103" branch="false"/>
                <line number="232" hits="103" branch="false"/>
                <line number="233" hits="103" branch="false"/>
                <line number="234" hits="103" branch="false"/>
                <line number="235" hits="100" branch="false"/>
                <line number="236" hits="103" branch="false"/>
                <line number="237" hits="11" branch="false"/>
                <line number="238" hits="103" branch="false"/>
                <line number="239" hits="103" branch="false"/>
                <line number="240" hits="103" branch="false"/>
                <line number="241" hits="103" branch="false"/>
                <line number="242" hits="103" branch="false"/>
                <line number="243" hits="103" branch="false"/>
                <line number="244" hits="103" branch="false"/>
                <line number="245" hits="103" branch="false"/>
                <line number="246" hits="103" branch="false"/>
                <line number="249" hits="101" branch="false"/>
                <line number="250" hits="101" branch="false"/>
                <line number="251" hits="101" branch="false"/>
                <line number="252" hits="101" branch="false"/>
                <line number="253" hits="101" branch="false"/>
                <line number="254" hits="101" branch="false"/>
                <line number="255" hits="101" branch="false"/>
                <line number="256" hits="98" branch="false"/>
                <line number="257" hits="98" branch="false"/>
                <line number="258" hits="41" branch="false"/>
                <line number="259" hits="41" branch="false"/>
                <line number="260" hits="41" branch="false"/>
                <line number="261" hits="41" branch="false"/>
                <line number="262" hits="98" branch="false"/>
                <line number="263" hits="57" branch="false"/>
                <line number="264" hits="57" branch="false"/>
                <line number="265" hits="57" branch="false"/>
                <line number="266" hits="57" branch="false"/>
                <line number="267" hits="98" branch="false"/>
                <line number="268" hits="101" branch="false"/>
                <line number="269" hits="101" branch="false"/>
                <line number="270" hits="89" branch="false"/>
                <line number="271" hits="89" branch="false"/>
                <line number="272" hits="89" branch="false"/>
                <line number="273" hits="89" branch="false"/>
                <line number="274" hits="89" branch="false"/>
                <line number="275" hits="101" branch="false"/>
                <line number="277" hits="101" branch="false"/>
                <line number="278" hits="101" branch="false"/>
                <line number="279" hits="101" branch="false"/>
                <line number="280" hits="101" branch="false"/>
                <line number="281" hits="101" branch="false"/>
                <line number="282" hits="101" branch="false"/>
                <line number="283" hits="101" branch="false"/>
                <line number="284" hits="101" branch="false"/>
                <line number="285" hits="101" branch="false"/>
                <line number="286" hits="101" branch="false"/>
                <line number="287" hits="101" branch="false"/>
                <line number="288" hits="101" branch="false"/>
                <line number="289" hits="101" branch="false"/>
                <line number="290" hits="101" branch="false"/>
                <line number="291" hits="101" branch="false"/>
                <line number="292" hits="101" branch="false"/>
                <line number="293" hits="101" branch="false"/>
                <line number="294" hits="101" branch="false"/>
                <line number="295" hits="101" branch="false"/>
                <line number="296" hits="101" branch="false"/>
                <line number="298" hits="101" branch="false"/>
                <line number="299" hits="101" branch="false"/>
                <line number="300" hits="101" branch="false"/>
                <line number="301" hits="101" branch="false"/>
                <line number="302" hits="101" branch="false"/>
              </lines>
            </method>
            <method name=".check_whether_na_counts" signature="" line-rate="1" branch-rate="0" complexity="0">
              <lines>
                <line number="306" hits="104" branch="false"/>
                <line number="307" hits="104" branch="false"/>
                <line number="308" hits="104" branch="false"/>
                <line number="309" hits="104" branch="false"/>
                <line number="310" hits="1" branch="false"/>
                <line number="311" hits="1" branch="false"/>
                <line number="312" hits="1" branch="false"/>
                <line number="313" hits="1" branch="false"/>
                <line number="314" hits="1" branch="false"/>
                <line number="315" hits="1" branch="false"/>
                <line number="316" hits="104" branch="false"/>
                <line number="317" hits="104" branch="false"/>
                <line number="318" hits="104" branch="false"/>
              </lines>
            </method>
            <method name=".table_as_df" signature="" line-rate="0.945945945945946" branch-rate="0" complexity="0">
              <lines>
                <line number="347" hits="166" branch="false"/>
                <line number="349" hits="166" branch="false"/>
                <line number="350" hits="166" branch="false"/>
                <line number="351" hits="166" branch="false"/>
                <line number="352" hits="166" branch="false"/>
                <line number="353" hits="166" branch="false"/>
                <line number="354" hits="166" branch="false"/>
                <line number="357" hits="166" branch="false"/>
                <line number="358" hits="166" branch="false"/>
                <line number="359" hits="166" branch="false"/>
                <line number="360" hits="166" branch="false"/>
                <line number="361" hits="166" branch="false"/>
                <line number="362" hits="166" branch="false"/>
                <line number="363" hits="166" branch="false"/>
                <line number="364" hits="166" branch="false"/>
                <line number="367" hits="166" branch="false"/>
                <line number="368" hits="166" branch="false"/>
                <line number="369" hits="166" branch="false"/>
                <line number="370" hits="166" branch="false"/>
                <line number="371" hits="166" branch="false"/>
                <line number="372" hits="166" branch="false"/>
                <line number="373" hits="166" branch="false"/>
                <line number="374" hits="166" branch="false"/>
                <line number="375" hits="166" branch="false"/>
                <line number="376" hits="166" branch="false"/>
                <line number="380" hits="166" branch="false"/>
                <line number="382" hits="22" branch="false"/>
                <line number="383" hits="0" branch="false"/>
                <line number="384" hits="0" branch="false"/>
                <line number="386" hits="22" branch="false"/>
                <line number="389" hits="22" branch="false"/>
                <line number="390" hits="22" branch="false"/>
                <line number="391" hits="22" branch="false"/>
                <line number="392" hits="22" branch="false"/>
                <line number="393" hits="22" branch="false"/>
                <line number="394" hits="22" branch="false"/>
                <line number="397" hits="166" branch="false"/>
              </lines>
            </method>
            <method name=".process_denominator" signature="" line-rate="0.897435897435897" branch-rate="0" complexity="0">
              <lines>
                <line number="415" hits="103" branch="false"/>
                <line number="416" hits="11" branch="false"/>
                <line number="419" hits="92" branch="false"/>
                <line number="420" hits="30" branch="false"/>
                <line number="421" hits="30" branch="false"/>
                <line number="422" hits="30" branch="false"/>
                <line number="423" hits="30" branch="false"/>
                <line number="424" hits="30" branch="false"/>
                <line number="425" hits="30" branch="false"/>
                <line number="428" hits="62" branch="false"/>
                <line number="429" hits="43" branch="false"/>
                <line number="430" hits="43" branch="false"/>
                <line number="431" hits="43" branch="false"/>
                <line number="432" hits="43" branch="false"/>
                <line number="433" hits="43" branch="false"/>
                <line number="434" hits="43" branch="false"/>
                <line number="435" hits="43" branch="false"/>
                <line number="436" hits="43" branch="false"/>
                <line number="437" hits="43" branch="false"/>
                <line number="438" hits="43" branch="false"/>
                <line number="439" hits="43" branch="false"/>
                <line number="440" hits="43" branch="false"/>
                <line number="441" hits="43" branch="false"/>
                <line number="442" hits="43" branch="false"/>
                <line number="443" hits="43" branch="false"/>
                <line number="444" hits="43" branch="false"/>
                <line number="445" hits="43" branch="false"/>
                <line number="446" hits="43" branch="false"/>
                <line number="447" hits="43" branch="false"/>
                <line number="448" hits="43" branch="false"/>
                <line number="451" hits="19" branch="false"/>
                <line number="452" hits="19" branch="false"/>
                <line number="453" hits="19" branch="false"/>
                <line number="454" hits="3" branch="false"/>
                <line number="455" hits="3" branch="false"/>
                <line number="456" hits="3" branch="false"/>
                <line number="457" hits="3" branch="false"/>
                <line number="458" hits="3" branch="false"/>
                <line number="461" hits="16" branch="false"/>
                <line number="462" hits="9" branch="false"/>
                <line number="463" hits="9" branch="false"/>
                <line number="464" hits="9" branch="false"/>
                <line number="465" hits="9" branch="false"/>
                <line number="467" hits="8" branch="false"/>
                <line number="468" hits="8" branch="false"/>
                <line number="469" hits="8" branch="false"/>
                <line number="470" hits="8" branch="false"/>
                <line number="471" hits="8" branch="false"/>
                <line number="472" hits="8" branch="false"/>
                <line number="473" hits="8" branch="false"/>
                <line number="474" hits="8" branch="false"/>
                <line number="475" hits="8" branch="false"/>
                <line number="476" hits="8" branch="false"/>
                <line number="477" hits="8" branch="false"/>
                <line number="478" hits="8" branch="false"/>
                <line number="479" hits="8" branch="false"/>
                <line number="480" hits="8" branch="false"/>
                <line number="483" hits="7" branch="false"/>
                <line number="484" hits="3" branch="false"/>
                <line number="485" hits="3" branch="false"/>
                <line number="486" hits="3" branch="false"/>
                <line number="487" hits="3" branch="false"/>
                <line number="488" hits="3" branch="false"/>
                <line number="489" hits="3" branch="false"/>
                <line number="490" hits="3" branch="false"/>
                <line number="491" hits="3" branch="false"/>
                <line number="492" hits="3" branch="false"/>
                <line number="493" hits="3" branch="false"/>
                <line number="494" hits="3" branch="false"/>
                <line number="497" hits="4" branch="false"/>
                <line number="498" hits="2" branch="false"/>
                <line number="499" hits="2" branch="false"/>
                <line number="500" hits="2" branch="false"/>
                <line number="501" hits="2" branch="false"/>
                <line number="502" hits="2" branch="false"/>
                <line number="503" hits="2" branch="false"/>
                <line number="504" hits="2" branch="false"/>
                <line number="505" hits="2" branch="false"/>
                <line number="506" hits="2" branch="false"/>
                <line number="507" hits="2" branch="false"/>
                <line number="508" hits="2" branch="false"/>
                <line number="509" hits="2" branch="false"/>
                <line number="510" hits="2" branch="false"/>
                <line number="511" hits="2" branch="false"/>
                <line number="512" hits="2" branch="false"/>
                <line number="513" hits="2" branch="false"/>
                <line number="514" hits="2" branch="false"/>
                <line number="515" hits="2" branch="false"/>
                <line number="516" hits="2" branch="false"/>
                <line number="517" hits="2" branch="false"/>
                <line number="520" hits="2" branch="false"/>
                <line number="521" hits="1" branch="false"/>
                <line number="522" hits="1" branch="false"/>
                <line number="523" hits="1" branch="false"/>
                <line number="524" hits="1" branch="false"/>
                <line number="525" hits="1" branch="false"/>
                <line number="528" hits="1" branch="false"/>
                <line number="531" hits="1" branch="false"/>
                <line number="532" hits="1" branch="false"/>
                <line number="534" hits="1" branch="false"/>
                <line number="535" hits="1" branch="false"/>
                <line number="536" hits="1" branch="false"/>
                <line number="537" hits="1" branch="false"/>
                <line number="538" hits="1" branch="false"/>
                <line number="540" hits="0" branch="false"/>
                <line number="541" hits="0" branch="false"/>
                <line number="542" hits="0" branch="false"/>
                <line number="543" hits="0" branch="false"/>
                <line number="546" hits="0" branch="false"/>
                <line number="547" hits="0" branch="false"/>
                <line number="548" hits="0" branch="false"/>
                <line number="549" hits="0" branch="false"/>
                <line number="550" hits="0" branch="false"/>
                <line number="552" hits="0" branch="false"/>
                <line number="553" hits="0" branch="false"/>
                <line number="555" hits="0" branch="false"/>
                <line number="558" hits="90" branch="false"/>
              </lines>
            </method>
            <method name=".check_for_missing_combos_in_denom" signature="" line-rate="0.96551724137931" branch-rate="0" complexity="0">
              <lines>
                <line number="584" hits="9" branch="false"/>
                <line number="585" hits="9" branch="false"/>
                <line number="586" hits="9" branch="false"/>
                <line number="587" hits="9" branch="false"/>
                <line number="588" hits="9" branch="false"/>
                <line number="589" hits="0" branch="false"/>
                <line number="593" hits="9" branch="false"/>
                <line number="594" hits="9" branch="false"/>
                <line number="595" hits="9" branch="false"/>
                <line number="596" hits="9" branch="false"/>
                <line number="597" hits="9" branch="false"/>
                <line number="598" hits="9" branch="false"/>
                <line number="601" hits="9" branch="false"/>
                <line number="602" hits="1" branch="false"/>
                <line number="603" hits="1" branch="false"/>
                <line number="604" hits="1" branch="false"/>
                <line number="605" hits="1" branch="false"/>
                <line number="606" hits="1" branch="false"/>
                <line number="607" hits="1" branch="false"/>
                <line number="608" hits="1" branch="false"/>
                <line number="609" hits="1" branch="false"/>
                <line number="610" hits="1" branch="false"/>
                <line number="611" hits="1" branch="false"/>
                <line number="612" hits="1" branch="false"/>
                <line number="613" hits="1" branch="false"/>
                <line number="614" hits="1" branch="false"/>
                <line number="615" hits="1" branch="false"/>
                <line number="616" hits="1" branch="false"/>
                <line number="617" hits="1" branch="false"/>
              </lines>
            </method>
          </methods>
          <lines>
            <line number="78" hits="104" branch="false"/>
            <line number="79" hits="104" branch="false"/>
            <line number="93" hits="104" branch="false"/>
            <line number="94" hits="104" branch="false"/>
            <line number="97" hits="104" branch="false"/>
            <line number="98" hits="104" branch="false"/>
            <line number="101" hits="104" branch="false"/>
            <line number="102" hits="104" branch="false"/>
            <line number="103" hits="104" branch="false"/>
            <line number="104" hits="104" branch="false"/>
            <line number="105" hits="104" branch="false"/>
            <line number="106" hits="104" branch="false"/>
            <line number="107" hits="104" branch="false"/>
            <line number="108" hits="104" branch="false"/>
            <line number="110" hits="103" branch="false"/>
            <line number="111" hits="103" branch="false"/>
            <line number="112" hits="103" branch="false"/>
            <line number="113" hits="103" branch="false"/>
            <line number="114" hits="103" branch="false"/>
            <line number="115" hits="103" branch="false"/>
            <line number="116" hits="103" branch="false"/>
            <line number="117" hits="103" branch="false"/>
            <line number="118" hits="103" branch="false"/>
            <line number="119" hits="103" branch="false"/>
            <line number="122" hits="103" branch="false"/>
            <line number="123" hits="0" branch="false"/>
            <line number="128" hits="103" branch="false"/>
            <line number="129" hits="103" branch="false"/>
            <line number="130" hits="103" branch="false"/>
            <line number="132" hits="103" branch="false"/>
            <line number="133" hits="102" branch="false"/>
            <line number="135" hits="1" branch="false"/>
            <line number="136" hits="1" branch="false"/>
            <line number="137" hits="1" branch="false"/>
            <line number="138" hits="1" branch="false"/>
            <line number="139" hits="1" branch="false"/>
            <line number="140" hits="1" branch="false"/>
            <line number="141" hits="1" branch="false"/>
            <line number="142" hits="1" branch="false"/>
            <line number="143" hits="1" branch="false"/>
            <line number="144" hits="1" branch="false"/>
            <line number="145" hits="1" branch="false"/>
            <line number="149" hits="103" branch="false"/>
            <line number="150" hits="103" branch="false"/>
            <line number="151" hits="103" branch="false"/>
            <line number="152" hits="103" branch="false"/>
            <line number="153" hits="103" branch="false"/>
            <line number="154" hits="103" branch="false"/>
            <line number="155" hits="103" branch="false"/>
            <line number="156" hits="103" branch="false"/>
            <line number="157" hits="103" branch="false"/>
            <line number="161" hits="101" branch="false"/>
            <line number="162" hits="101" branch="false"/>
            <line number="163" hits="101" branch="false"/>
            <line number="164" hits="101" branch="false"/>
            <line number="165" hits="101" branch="false"/>
            <line number="166" hits="101" branch="false"/>
            <line number="167" hits="101" branch="false"/>
            <line number="170" hits="101" branch="false"/>
            <line number="171" hits="101" branch="false"/>
            <line number="172" hits="101" branch="false"/>
            <line number="173" hits="101" branch="false"/>
            <line number="174" hits="101" branch="false"/>
            <line number="175" hits="101" branch="false"/>
            <line number="176" hits="101" branch="false"/>
            <line number="177" hits="101" branch="false"/>
            <line number="178" hits="101" branch="false"/>
            <line number="179" hits="101" branch="false"/>
            <line number="180" hits="101" branch="false"/>
            <line number="181" hits="101" branch="false"/>
            <line number="182" hits="101" branch="false"/>
            <line number="183" hits="101" branch="false"/>
            <line number="186" hits="101" branch="false"/>
            <line number="187" hits="101" branch="false"/>
            <line number="188" hits="101" branch="false"/>
            <line number="189" hits="101" branch="false"/>
            <line number="219" hits="103" branch="false"/>
            <line number="220" hits="103" branch="false"/>
            <line number="222" hits="103" branch="false"/>
            <line number="223" hits="0" branch="false"/>
            <line number="227" hits="103" branch="false"/>
            <line number="228" hits="103" branch="false"/>
            <line number="229" hits="103" branch="false"/>
            <line number="230" hits="103" branch="false"/>
            <line number="231" hits="103" branch="false"/>
            <line number="232" hits="103" branch="false"/>
            <line number="233" hits="103" branch="false"/>
            <line number="234" hits="103" branch="false"/>
            <line number="235" hits="100" branch="false"/>
            <line number="236" hits="103" branch="false"/>
            <line number="237" hits="11" branch="false"/>
            <line number="238" hits="103" branch="false"/>
            <line number="239" hits="103" branch="false"/>
            <line number="240" hits="103" branch="false"/>
            <line number="241" hits="103" branch="false"/>
            <line number="242" hits="103" branch="false"/>
            <line number="243" hits="103" branch="false"/>
            <line number="244" hits="103" branch="false"/>
            <line number="245" hits="103" branch="false"/>
            <line number="246" hits="103" branch="false"/>
            <line number="249" hits="101" branch="false"/>
            <line number="250" hits="101" branch="false"/>
            <line number="251" hits="101" branch="false"/>
            <line number="252" hits="101" branch="false"/>
            <line number="253" hits="101" branch="false"/>
            <line number="254" hits="101" branch="false"/>
            <line number="255" hits="101" branch="false"/>
            <line number="256" hits="98" branch="false"/>
            <line number="257" hits="98" branch="false"/>
            <line number="258" hits="41" branch="false"/>
            <line number="259" hits="41" branch="false"/>
            <line number="260" hits="41" branch="false"/>
            <line number="261" hits="41" branch="false"/>
            <line number="262" hits="98" branch="false"/>
            <line number="263" hits="57" branch="false"/>
            <line number="264" hits="57" branch="false"/>
            <line number="265" hits="57" branch="false"/>
            <line number="266" hits="57" branch="false"/>
            <line number="267" hits="98" branch="false"/>
            <line number="268" hits="101" branch="false"/>
            <line number="269" hits="101" branch="false"/>
            <line number="270" hits="89" branch="false"/>
            <line number="271" hits="89" branch="false"/>
            <line number="272" hits="89" branch="false"/>
            <line number="273" hits="89" branch="false"/>
            <line number="274" hits="89" branch="false"/>
            <line number="275" hits="101" branch="false"/>
            <line number="277" hits="101" branch="false"/>
            <line number="278" hits="101" branch="false"/>
            <line number="279" hits="101" branch="false"/>
            <line number="280" hits="101" branch="false"/>
            <line number="281" hits="101" branch="false"/>
            <line number="282" hits="101" branch="false"/>
            <line number="283" hits="101" branch="false"/>
            <line number="284" hits="101" branch="false"/>
            <line number="285" hits="101" branch="false"/>
            <line number="286" hits="101" branch="false"/>
            <line number="287" hits="101" branch="false"/>
            <line number="288" hits="101" branch="false"/>
            <line number="289" hits="101" branch="false"/>
            <line number="290" hits="101" branch="false"/>
            <line number="291" hits="101" branch="false"/>
            <line number="292" hits="101" branch="false"/>
            <line number="293" hits="101" branch="false"/>
            <line number="294" hits="101" branch="false"/>
            <line number="295" hits="101" branch="false"/>
            <line number="296" hits="101" branch="false"/>
            <line number="298" hits="101" branch="false"/>
            <line number="299" hits="101" branch="false"/>
            <line number="300" hits="101" branch="false"/>
            <line number="301" hits="101" branch="false"/>
            <line number="302" hits="101" branch="false"/>
            <line number="306" hits="104" branch="false"/>
            <line number="307" hits="104" branch="false"/>
            <line number="308" hits="104" branch="false"/>
            <line number="309" hits="104" branch="false"/>
            <line number="310" hits="1" branch="false"/>
            <line number="311" hits="1" branch="false"/>
            <line number="312" hits="1" branch="false"/>
            <line number="313" hits="1" branch="false"/>
            <line number="314" hits="1" branch="false"/>
            <line number="315" hits="1" branch="false"/>
            <line number="316" hits="104" branch="false"/>
            <line number="317" hits="104" branch="false"/>
            <line number="318" hits="104" branch="false"/>
            <line number="347" hits="166" branch="false"/>
            <line number="349" hits="166" branch="false"/>
            <line number="350" hits="166" branch="false"/>
            <line number="351" hits="166" branch="false"/>
            <line number="352" hits="166" branch="false"/>
            <line number="353" hits="166" branch="false"/>
            <line number="354" hits="166" branch="false"/>
            <line number="357" hits="166" branch="false"/>
            <line number="358" hits="166" branch="false"/>
            <line number="359" hits="166" branch="false"/>
            <line number="360" hits="166" branch="false"/>
            <line number="361" hits="166" branch="false"/>
            <line number="362" hits="166" branch="false"/>
            <line number="363" hits="166" branch="false"/>
            <line number="364" hits="166" branch="false"/>
            <line number="367" hits="166" branch="false"/>
            <line number="368" hits="166" branch="false"/>
            <line number="369" hits="166" branch="false"/>
            <line number="370" hits="166" branch="false"/>
            <line number="371" hits="166" branch="false"/>
            <line number="372" hits="166" branch="false"/>
            <line number="373" hits="166" branch="false"/>
            <line number="374" hits="166" branch="false"/>
            <line number="375" hits="166" branch="false"/>
            <line number="376" hits="166" branch="false"/>
            <line number="380" hits="166" branch="false"/>
            <line number="382" hits="22" branch="false"/>
            <line number="383" hits="0" branch="false"/>
            <line number="384" hits="0" branch="false"/>
            <line number="386" hits="22" branch="false"/>
            <line number="389" hits="22" branch="false"/>
            <line number="390" hits="22" branch="false"/>
            <line number="391" hits="22" branch="false"/>
            <line number="392" hits="22" branch="false"/>
            <line number="393" hits="22" branch="false"/>
            <line number="394" hits="22" branch="false"/>
            <line number="397" hits="166" branch="false"/>
            <line number="415" hits="103" branch="false"/>
            <line number="416" hits="11" branch="false"/>
            <line number="419" hits="92" branch="false"/>
            <line number="420" hits="30" branch="false"/>
            <line number="421" hits="30" branch="false"/>
            <line number="422" hits="30" branch="false"/>
            <line number="423" hits="30" branch="false"/>
            <line number="424" hits="30" branch="false"/>
            <line number="425" hits="30" branch="false"/>
            <line number="428" hits="62" branch="false"/>
            <line number="429" hits="43" branch="false"/>
            <line number="430" hits="43" branch="false"/>
            <line number="431" hits="43" branch="false"/>
            <line number="432" hits="43" branch="false"/>
            <line number="433" hits="43" branch="false"/>
            <line number="434" hits="43" branch="false"/>
            <line number="435" hits="43" branch="false"/>
            <line number="436" hits="43" branch="false"/>
            <line number="437" hits="43" branch="false"/>
            <line number="438" hits="43" branch="false"/>
            <line number="439" hits="43" branch="false"/>
            <line number="440" hits="43" branch="false"/>
            <line number="441" hits="43" branch="false"/>
            <line number="442" hits="43" branch="false"/>
            <line number="443" hits="43" branch="false"/>
            <line number="444" hits="43" branch="false"/>
            <line number="445" hits="43" branch="false"/>
            <line number="446" hits="43" branch="false"/>
            <line number="447" hits="43" branch="false"/>
            <line number="448" hits="43" branch="false"/>
            <line number="451" hits="19" branch="false"/>
            <line number="452" hits="19" branch="false"/>
            <line number="453" hits="19" branch="false"/>
            <line number="454" hits="3" branch="false"/>
            <line number="455" hits="3" branch="false"/>
            <line number="456" hits="3" branch="false"/>
            <line number="457" hits="3" branch="false"/>
            <line number="458" hits="3" branch="false"/>
            <line number="461" hits="16" branch="false"/>
            <line number="462" hits="9" branch="false"/>
            <line number="463" hits="9" branch="false"/>
            <line number="464" hits="9" branch="false"/>
            <line number="465" hits="9" branch="false"/>
            <line number="467" hits="8" branch="false"/>
            <line number="468" hits="8" branch="false"/>
            <line number="469" hits="8" branch="false"/>
            <line number="470" hits="8" branch="false"/>
            <line number="471" hits="8" branch="false"/>
            <line number="472" hits="8" branch="false"/>
            <line number="473" hits="8" branch="false"/>
            <line number="474" hits="8" branch="false"/>
            <line number="475" hits="8" branch="false"/>
            <line number="476" hits="8" branch="false"/>
            <line number="477" hits="8" branch="false"/>
            <line number="478" hits="8" branch="false"/>
            <line number="479" hits="8" branch="false"/>
            <line number="480" hits="8" branch="false"/>
            <line number="483" hits="7" branch="false"/>
            <line number="484" hits="3" branch="false"/>
            <line number="485" hits="3" branch="false"/>
            <line number="486" hits="3" branch="false"/>
            <line number="487" hits="3" branch="false"/>
            <line number="488" hits="3" branch="false"/>
            <line number="489" hits="3" branch="false"/>
            <line number="490" hits="3" branch="false"/>
            <line number="491" hits="3" branch="false"/>
            <line number="492" hits="3" branch="false"/>
            <line number="493" hits="3" branch="false"/>
            <line number="494" hits="3" branch="false"/>
            <line number="497" hits="4" branch="false"/>
            <line number="498" hits="2" branch="false"/>
            <line number="499" hits="2" branch="false"/>
            <line number="500" hits="2" branch="false"/>
            <line number="501" hits="2" branch="false"/>
            <line number="502" hits="2" branch="false"/>
            <line number="503" hits="2" branch="false"/>
            <line number="504" hits="2" branch="false"/>
            <line number="505" hits="2" branch="false"/>
            <line number="506" hits="2" branch="false"/>
            <line number="507" hits="2" branch="false"/>
            <line number="508" hits="2" branch="false"/>
            <line number="509" hits="2" branch="false"/>
            <line number="510" hits="2" branch="false"/>
            <line number="511" hits="2" branch="false"/>
            <line number="512" hits="2" branch="false"/>
            <line number="513" hits="2" branch="false"/>
            <line number="514" hits="2" branch="false"/>
            <line number="515" hits="2" branch="false"/>
            <line number="516" hits="2" branch="false"/>
            <line number="517" hits="2" branch="false"/>
            <line number="520" hits="2" branch="false"/>
            <line number="521" hits="1" branch="false"/>
            <line number="522" hits="1" branch="false"/>
            <line number="523" hits="1" branch="false"/>
            <line number="524" hits="1" branch="false"/>
            <line number="525" hits="1" branch="false"/>
            <line number="528" hits="1" branch="false"/>
            <line number="531" hits="1" branch="false"/>
            <line number="532" hits="1" branch="false"/>
            <line number="534" hits="1" branch="false"/>
            <line number="535" hits="1" branch="false"/>
            <line number="536" hits="1" branch="false"/>
            <line number="537" hits="1" branch="false"/>
            <line number="538" hits="1" branch="false"/>
            <line number="540" hits="0" branch="false"/>
            <line number="541" hits="0" branch="false"/>
            <line number="542" hits="0" branch="false"/>
            <line number="543" hits="0" branch="false"/>
            <line number="546" hits="0" branch="false"/>
            <line number="547" hits="0" branch="false"/>
            <line number="548" hits="0" branch="false"/>
            <line number="549" hits="0" branch="false"/>
            <line number="550" hits="0" branch="false"/>
            <line number="552" hits="0" branch="false"/>
            <line number="553" hits="0" branch="false"/>
            <line number="555" hits="0" branch="false"/>
            <line number="558" hits="90" branch="false"/>
            <line number="584" hits="9" branch="false"/>
            <line number="585" hits="9" branch="false"/>
            <line number="586" hits="9" branch="false"/>
            <line number="587" hits="9" branch="false"/>
            <line number="588" hits="9" branch="false"/>
            <line number="589" hits="0" branch="false"/>
            <line number="593" hits="9" branch="false"/>
            <line number="594" hits="9" branch="false"/>
            <line number="595" hits="9" branch="false"/>
            <line number="596" hits="9" branch="false"/>
            <line number="597" hits="9" branch="false"/>
            <line number="598" hits="9" branch="false"/>
            <line number="601" hits="9" branch="false"/>
            <line number="602" hits="1" branch="false"/>
            <line number="603" hits="1" branch="false"/>
            <line number="604" hits="1" branch="false"/>
            <line number="605" hits="1" branch="false"/>
            <line number="606" hits="1" branch="false"/>
            <line number="607" hits="1" branch="false"/>
            <line number="608" hits="1" branch="false"/>
            <line number="609" hits="1" branch="false"/>
            <line number="610" hits="1" branch="false"/>
            <line number="611" hits="1" branch="false"/>
            <line number="612" hits="1" branch="false"/>
            <line number="613" hits="1" branch="false"/>
            <line number="614" hits="1" branch="false"/>
            <line number="615" hits="1" branch="false"/>
            <line number="616" hits="1" branch="false"/>
            <line number="617" hits="1" branch="false"/>
          </lines>
        </class>
        <class name="ard_complex.R" filename="R/ard_complex.R" line-rate="1" branch-rate="0" complexity="0">
          <methods>
            <method name="ard_complex" signature="" line-rate="1" branch-rate="0" complexity="0">
              <lines>
                <line number="56" hits="6" branch="false"/>
                <line number="57" hits="6" branch="false"/>
              </lines>
            </method>
            <method name="ard_complex.data.frame" signature="" line-rate="1" branch-rate="0" complexity="0">
              <lines>
                <line number="70" hits="6" branch="false"/>
                <line number="71" hits="6" branch="false"/>
                <line number="74" hits="6" branch="false"/>
                <line number="75" hits="6" branch="false"/>
                <line number="78" hits="6" branch="false"/>
                <line number="79" hits="6" branch="false"/>
                <line number="81" hits="6" branch="false"/>
                <line number="82" hits="6" branch="false"/>
                <line number="83" hits="1" branch="false"/>
                <line number="84" hits="1" branch="false"/>
                <line number="91" hits="5" branch="false"/>
                <line number="92" hits="5" branch="false"/>
                <line number="93" hits="5" branch="false"/>
                <line number="94" hits="5" branch="false"/>
                <line number="96" hits="5" branch="false"/>
                <line number="97" hits="5" branch="false"/>
                <line number="98" hits="5" branch="false"/>
                <line number="99" hits="5" branch="false"/>
                <line number="100" hits="5" branch="false"/>
                <line number="101" hits="5" branch="false"/>
                <line number="102" hits="5" branch="false"/>
                <line number="103" hits="5" branch="false"/>
                <line number="105" hits="5" branch="false"/>
                <line number="106" hits="5" branch="false"/>
                <line number="107" hits="5" branch="false"/>
                <line number="108" hits="5" branch="false"/>
                <line number="109" hits="5" branch="false"/>
                <line number="110" hits="5" branch="false"/>
                <line number="111" hits="5" branch="false"/>
                <line number="112" hits="5" branch="false"/>
                <line number="113" hits="5" branch="false"/>
                <line number="114" hits="5" branch="false"/>
              </lines>
            </method>
          </methods>
          <lines>
            <line number="56" hits="6" branch="false"/>
            <line number="57" hits="6" branch="false"/>
            <line number="70" hits="6" branch="false"/>
            <line number="71" hits="6" branch="false"/>
            <line number="74" hits="6" branch="false"/>
            <line number="75" hits="6" branch="false"/>
            <line number="78" hits="6" branch="false"/>
            <line number="79" hits="6" branch="false"/>
            <line number="81" hits="6" branch="false"/>
            <line number="82" hits="6" branch="false"/>
            <line number="83" hits="1" branch="false"/>
            <line number="84" hits="1" branch="false"/>
            <line number="91" hits="5" branch="false"/>
            <line number="92" hits="5" branch="false"/>
            <line number="93" hits="5" branch="false"/>
            <line number="94" hits="5" branch="false"/>
            <line number="96" hits="5" branch="false"/>
            <line number="97" hits="5" branch="false"/>
            <line number="98" hits="5" branch="false"/>
            <line number="99" hits="5" branch="false"/>
            <line number="100" hits="5" branch="false"/>
            <line number="101" hits="5" branch="false"/>
            <line number="102" hits="5" branch="false"/>
            <line number="103" hits="5" branch="false"/>
            <line number="105" hits="5" branch="false"/>
            <line number="106" hits="5" branch="false"/>
            <line number="107" hits="5" branch="false"/>
            <line number="108" hits="5" branch="false"/>
            <line number="109" hits="5" branch="false"/>
            <line number="110" hits="5" branch="false"/>
            <line number="111" hits="5" branch="false"/>
            <line number="112" hits="5" branch="false"/>
            <line number="113" hits="5" branch="false"/>
            <line number="114" hits="5" branch="false"/>
          </lines>
        </class>
        <class name="ard_continuous.R" filename="R/ard_continuous.R" line-rate="0.977272727272727" branch-rate="0" complexity="0">
          <methods>
            <method name="ard_continuous" signature="" line-rate="1" branch-rate="0" complexity="0">
              <lines>
                <line number="66" hits="88" branch="false"/>
                <line number="67" hits="88" branch="false"/>
              </lines>
            </method>
            <method name="ard_continuous.data.frame" signature="" line-rate="0.985915492957746" branch-rate="0" complexity="0">
              <lines>
                <line number="80" hits="88" branch="false"/>
                <line number="81" hits="88" branch="false"/>
                <line number="84" hits="88" branch="false"/>
                <line number="85" hits="88" branch="false"/>
                <line number="88" hits="88" branch="false"/>
                <line number="89" hits="88" branch="false"/>
                <line number="90" hits="88" branch="false"/>
                <line number="91" hits="88" branch="false"/>
                <line number="92" hits="88" branch="false"/>
                <line number="93" hits="88" branch="false"/>
                <line number="95" hits="88" branch="false"/>
                <line number="96" hits="88" branch="false"/>
                <line number="97" hits="88" branch="false"/>
                <line number="98" hits="88" branch="false"/>
                <line number="99" hits="88" branch="false"/>
                <line number="100" hits="88" branch="false"/>
                <line number="101" hits="88" branch="false"/>
                <line number="102" hits="88" branch="false"/>
                <line number="103" hits="88" branch="false"/>
                <line number="104" hits="88" branch="false"/>
                <line number="105" hits="88" branch="false"/>
                <line number="107" hits="88" branch="false"/>
                <line number="108" hits="88" branch="false"/>
                <line number="109" hits="88" branch="false"/>
                <line number="110" hits="88" branch="false"/>
                <line number="111" hits="88" branch="false"/>
                <line number="112" hits="88" branch="false"/>
                <line number="113" hits="88" branch="false"/>
                <line number="114" hits="88" branch="false"/>
                <line number="117" hits="87" branch="false"/>
                <line number="118" hits="0" branch="false"/>
                <line number="122" hits="87" branch="false"/>
                <line number="123" hits="87" branch="false"/>
                <line number="124" hits="87" branch="false"/>
                <line number="125" hits="87" branch="false"/>
                <line number="126" hits="87" branch="false"/>
                <line number="127" hits="87" branch="false"/>
                <line number="128" hits="87" branch="false"/>
                <line number="131" hits="87" branch="false"/>
                <line number="132" hits="87" branch="false"/>
                <line number="133" hits="87" branch="false"/>
                <line number="134" hits="87" branch="false"/>
                <line number="135" hits="87" branch="false"/>
                <line number="136" hits="87" branch="false"/>
                <line number="137" hits="87" branch="false"/>
                <line number="138" hits="87" branch="false"/>
                <line number="139" hits="87" branch="false"/>
                <line number="140" hits="87" branch="false"/>
                <line number="143" hits="87" branch="false"/>
                <line number="144" hits="87" branch="false"/>
                <line number="145" hits="87" branch="false"/>
                <line number="146" hits="87" branch="false"/>
                <line number="149" hits="87" branch="false"/>
                <line number="150" hits="87" branch="false"/>
                <line number="151" hits="87" branch="false"/>
                <line number="152" hits="87" branch="false"/>
                <line number="153" hits="87" branch="false"/>
                <line number="154" hits="87" branch="false"/>
                <line number="155" hits="87" branch="false"/>
                <line number="158" hits="87" branch="false"/>
                <line number="159" hits="87" branch="false"/>
                <line number="160" hits="87" branch="false"/>
                <line number="161" hits="87" branch="false"/>
                <line number="162" hits="87" branch="false"/>
                <line number="163" hits="87" branch="false"/>
                <line number="164" hits="87" branch="false"/>
                <line number="165" hits="87" branch="false"/>
                <line number="168" hits="87" branch="false"/>
                <line number="169" hits="87" branch="false"/>
                <line number="170" hits="87" branch="false"/>
                <line number="171" hits="87" branch="false"/>
              </lines>
            </method>
            <method name=".check_no_ard_columns" signature="" line-rate="0.714285714285714" branch-rate="0" complexity="0">
              <lines>
                <line number="194" hits="192" branch="false"/>
                <line number="195" hits="192" branch="false"/>
                <line number="196" hits="192" branch="false"/>
                <line number="197" hits="192" branch="false"/>
                <line number="199" hits="192" branch="false"/>
                <line number="200" hits="0" branch="false"/>
                <line number="201" hits="0" branch="false"/>
              </lines>
            </method>
            <method name=".calculate_stats_as_ard" signature="" line-rate="1" branch-rate="0" complexity="0">
              <lines>
                <line number="238" hits="87" branch="false"/>
                <line number="239" hits="87" branch="false"/>
                <line number="240" hits="87" branch="false"/>
                <line number="241" hits="87" branch="false"/>
                <line number="242" hits="87" branch="false"/>
                <line number="243" hits="87" branch="false"/>
                <line number="244" hits="87" branch="false"/>
                <line number="245" hits="87" branch="false"/>
                <line number="246" hits="87" branch="false"/>
                <line number="247" hits="87" branch="false"/>
                <line number="248" hits="87" branch="false"/>
                <line number="249" hits="87" branch="false"/>
                <line number="250" hits="87" branch="false"/>
                <line number="251" hits="87" branch="false"/>
                <line number="252" hits="87" branch="false"/>
                <line number="253" hits="87" branch="false"/>
                <line number="254" hits="87" branch="false"/>
                <line number="255" hits="87" branch="false"/>
                <line number="256" hits="87" branch="false"/>
                <line number="257" hits="87" branch="false"/>
                <line number="258" hits="87" branch="false"/>
                <line number="259" hits="87" branch="false"/>
                <line number="260" hits="87" branch="false"/>
                <line number="261" hits="87" branch="false"/>
                <line number="262" hits="87" branch="false"/>
                <line number="263" hits="87" branch="false"/>
                <line number="264" hits="87" branch="false"/>
                <line number="265" hits="87" branch="false"/>
                <line number="266" hits="87" branch="false"/>
                <line number="268" hits="87" branch="false"/>
              </lines>
            </method>
            <method name=".lst_results_as_df" signature="" line-rate="0.9375" branch-rate="0" complexity="0">
              <lines>
                <line number="298" hits="1250" branch="false"/>
                <line number="299" hits="0" branch="false"/>
                <line number="300" hits="46" branch="false"/>
                <line number="301" hits="46" branch="false"/>
                <line number="302" hits="46" branch="false"/>
                <line number="303" hits="46" branch="false"/>
                <line number="304" hits="46" branch="false"/>
                <line number="305" hits="46" branch="false"/>
                <line number="306" hits="46" branch="false"/>
                <line number="310" hits="1204" branch="false"/>
                <line number="311" hits="1204" branch="false"/>
                <line number="312" hits="1204" branch="false"/>
                <line number="313" hits="1204" branch="false"/>
                <line number="316" hits="1250" branch="false"/>
                <line number="317" hits="1250" branch="false"/>
                <line number="318" hits="1250" branch="false"/>
              </lines>
            </method>
            <method name=".process_nested_list_as_df" signature="" line-rate="1" branch-rate="0" complexity="0">
              <lines>
                <line number="345" hits="376" branch="false"/>
                <line number="346" hits="376" branch="false"/>
                <line number="350" hits="376" branch="false"/>
                <line number="351" hits="192" branch="false"/>
                <line number="352" hits="192" branch="false"/>
                <line number="353" hits="192" branch="false"/>
                <line number="354" hits="192" branch="false"/>
                <line number="355" hits="192" branch="false"/>
                <line number="356" hits="192" branch="false"/>
                <line number="357" hits="192" branch="false"/>
                <line number="358" hits="192" branch="false"/>
                <line number="359" hits="192" branch="false"/>
                <line number="361" hits="192" branch="false"/>
                <line number="362" hits="192" branch="false"/>
                <line number="363" hits="192" branch="false"/>
                <line number="364" hits="192" branch="false"/>
                <line number="366" hits="192" branch="false"/>
                <line number="367" hits="192" branch="false"/>
                <line number="368" hits="192" branch="false"/>
                <line number="369" hits="192" branch="false"/>
                <line number="370" hits="192" branch="false"/>
                <line number="372" hits="192" branch="false"/>
                <line number="373" hits="192" branch="false"/>
                <line number="374" hits="192" branch="false"/>
                <line number="376" hits="192" branch="false"/>
                <line number="379" hits="376" branch="false"/>
                <line number="380" hits="188" branch="false"/>
                <line number="383" hits="376" branch="false"/>
              </lines>
            </method>
            <method name=".default_fmt_fn" signature="" line-rate="1" branch-rate="0" complexity="0">
              <lines>
                <line number="400" hits="188" branch="false"/>
                <line number="401" hits="188" branch="false"/>
                <line number="402" hits="188" branch="false"/>
                <line number="403" hits="188" branch="false"/>
                <line number="404" hits="188" branch="false"/>
                <line number="405" hits="188" branch="false"/>
                <line number="406" hits="188" branch="false"/>
                <line number="407" hits="21" branch="false"/>
                <line number="408" hits="188" branch="false"/>
                <line number="409" hits="188" branch="false"/>
                <line number="410" hits="188" branch="false"/>
                <line number="411" hits="188" branch="false"/>
                <line number="412" hits="188" branch="false"/>
                <line number="413" hits="188" branch="false"/>
                <line number="414" hits="188" branch="false"/>
                <line number="415" hits="188" branch="false"/>
                <line number="416" hits="188" branch="false"/>
                <line number="417" hits="188" branch="false"/>
                <line number="418" hits="18" branch="false"/>
                <line number="419" hits="188" branch="false"/>
                <line number="420" hits="188" branch="false"/>
                <line number="421" hits="188" branch="false"/>
              </lines>
            </method>
          </methods>
          <lines>
            <line number="66" hits="88" branch="false"/>
            <line number="67" hits="88" branch="false"/>
            <line number="80" hits="88" branch="false"/>
            <line number="81" hits="88" branch="false"/>
            <line number="84" hits="88" branch="false"/>
            <line number="85" hits="88" branch="false"/>
            <line number="88" hits="88" branch="false"/>
            <line number="89" hits="88" branch="false"/>
            <line number="90" hits="88" branch="false"/>
            <line number="91" hits="88" branch="false"/>
            <line number="92" hits="88" branch="false"/>
            <line number="93" hits="88" branch="false"/>
            <line number="95" hits="88" branch="false"/>
            <line number="96" hits="88" branch="false"/>
            <line number="97" hits="88" branch="false"/>
            <line number="98" hits="88" branch="false"/>
            <line number="99" hits="88" branch="false"/>
            <line number="100" hits="88" branch="false"/>
            <line number="101" hits="88" branch="false"/>
            <line number="102" hits="88" branch="false"/>
            <line number="103" hits="88" branch="false"/>
            <line number="104" hits="88" branch="false"/>
            <line number="105" hits="88" branch="false"/>
            <line number="107" hits="88" branch="false"/>
            <line number="108" hits="88" branch="false"/>
            <line number="109" hits="88" branch="false"/>
            <line number="110" hits="88" branch="false"/>
            <line number="111" hits="88" branch="false"/>
            <line number="112" hits="88" branch="false"/>
            <line number="113" hits="88" branch="false"/>
            <line number="114" hits="88" branch="false"/>
            <line number="117" hits="87" branch="false"/>
            <line number="118" hits="0" branch="false"/>
            <line number="122" hits="87" branch="false"/>
            <line number="123" hits="87" branch="false"/>
            <line number="124" hits="87" branch="false"/>
            <line number="125" hits="87" branch="false"/>
            <line number="126" hits="87" branch="false"/>
            <line number="127" hits="87" branch="false"/>
            <line number="128" hits="87" branch="false"/>
            <line number="131" hits="87" branch="false"/>
            <line number="132" hits="87" branch="false"/>
            <line number="133" hits="87" branch="false"/>
            <line number="134" hits="87" branch="false"/>
            <line number="135" hits="87" branch="false"/>
            <line number="136" hits="87" branch="false"/>
            <line number="137" hits="87" branch="false"/>
            <line number="138" hits="87" branch="false"/>
            <line number="139" hits="87" branch="false"/>
            <line number="140" hits="87" branch="false"/>
            <line number="143" hits="87" branch="false"/>
            <line number="144" hits="87" branch="false"/>
            <line number="145" hits="87" branch="false"/>
            <line number="146" hits="87" branch="false"/>
            <line number="149" hits="87" branch="false"/>
            <line number="150" hits="87" branch="false"/>
            <line number="151" hits="87" branch="false"/>
            <line number="152" hits="87" branch="false"/>
            <line number="153" hits="87" branch="false"/>
            <line number="154" hits="87" branch="false"/>
            <line number="155" hits="87" branch="false"/>
            <line number="158" hits="87" branch="false"/>
            <line number="159" hits="87" branch="false"/>
            <line number="160" hits="87" branch="false"/>
            <line number="161" hits="87" branch="false"/>
            <line number="162" hits="87" branch="false"/>
            <line number="163" hits="87" branch="false"/>
            <line number="164" hits="87" branch="false"/>
[...]
            <line number="333" hits="9" branch="false"/>
            <line number="334" hits="9" branch="false"/>
            <line number="351" hits="32" branch="false"/>
          </lines>
        </class>
        <class name="summary_functions.R" filename="R/summary_functions.R" line-rate="0.982758620689655" branch-rate="0" complexity="0">
          <methods>
            <method name="continuous_summary_fns" signature="" line-rate="0.96" branch-rate="0" complexity="0">
              <lines>
                <line number="69" hits="69" branch="false"/>
                <line number="72" hits="69" branch="false"/>
                <line number="75" hits="69" branch="false"/>
                <line number="76" hits="69" branch="false"/>
                <line number="77" hits="69" branch="false"/>
                <line number="78" hits="69" branch="false"/>
                <line number="79" hits="69" branch="false"/>
                <line number="80" hits="69" branch="false"/>
                <line number="81" hits="69" branch="false"/>
                <line number="82" hits="69" branch="false"/>
                <line number="83" hits="69" branch="false"/>
                <line number="84" hits="69" branch="false"/>
                <line number="85" hits="1" branch="false"/>
                <line number="86" hits="69" branch="false"/>
                <line number="87" hits="69" branch="false"/>
                <line number="88" hits="69" branch="false"/>
                <line number="89" hits="69" branch="false"/>
                <line number="90" hits="69" branch="false"/>
                <line number="91" hits="0" branch="false"/>
                <line number="92" hits="69" branch="false"/>
                <line number="93" hits="69" branch="false"/>
                <line number="94" hits="69" branch="false"/>
                <line number="95" hits="69" branch="false"/>
                <line number="98" hits="69" branch="false"/>
                <line number="99" hits="69" branch="false"/>
              </lines>
            </method>
            <method name="categorical_summary_fns" signature="" line-rate="1" branch-rate="0" complexity="0">
              <lines>
                <line number="105" hits="103" branch="false"/>
                <line number="108" hits="103" branch="false"/>
                <line number="109" hits="103" branch="false"/>
                <line number="110" hits="103" branch="false"/>
                <line number="112" hits="103" branch="false"/>
                <line number="115" hits="103" branch="false"/>
                <line number="116" hits="103" branch="false"/>
                <line number="117" hits="103" branch="false"/>
                <line number="119" hits="103" branch="false"/>
              </lines>
            </method>
            <method name="missing_summary_fns" signature="" line-rate="1" branch-rate="0" complexity="0">
              <lines>
                <line number="125" hits="10" branch="false"/>
                <line number="127" hits="10" branch="false"/>
                <line number="129" hits="10" branch="false"/>
                <line number="130" hits="10" branch="false"/>
                <line number="131" hits="10" branch="false"/>
                <line number="132" hits="10" branch="false"/>
                <line number="134" hits="10" branch="false"/>
                <line number="135" hits="10" branch="false"/>
                <line number="136" hits="10" branch="false"/>
                <line number="137" hits="10" branch="false"/>
                <line number="138" hits="10" branch="false"/>
                <line number="139" hits="10" branch="false"/>
                <line number="140" hits="10" branch="false"/>
                <line number="141" hits="10" branch="false"/>
                <line number="142" hits="10" branch="false"/>
                <line number="143" hits="10" branch="false"/>
                <line number="144" hits="10" branch="false"/>
                <line number="145" hits="10" branch="false"/>
                <line number="146" hits="10" branch="false"/>
                <line number="147" hits="10" branch="false"/>
                <line number="148" hits="10" branch="false"/>
                <line number="150" hits="10" branch="false"/>
                <line number="151" hits="10" branch="false"/>
                <line number="152" hits="10" branch="false"/>
              </lines>
            </method>
          </methods>
          <lines>
            <line number="69" hits="69" branch="false"/>
            <line number="72" hits="69" branch="false"/>
            <line number="75" hits="69" branch="false"/>
            <line number="76" hits="69" branch="false"/>
            <line number="77" hits="69" branch="false"/>
            <line number="78" hits="69" branch="false"/>
            <line number="79" hits="69" branch="false"/>
            <line number="80" hits="69" branch="false"/>
            <line number="81" hits="69" branch="false"/>
            <line number="82" hits="69" branch="false"/>
            <line number="83" hits="69" branch="false"/>
            <line number="84" hits="69" branch="false"/>
            <line number="85" hits="1" branch="false"/>
            <line number="86" hits="69" branch="false"/>
            <line number="87" hits="69" branch="false"/>
            <line number="88" hits="69" branch="false"/>
            <line number="89" hits="69" branch="false"/>
            <line number="90" hits="69" branch="false"/>
            <line number="91" hits="0" branch="false"/>
            <line number="92" hits="69" branch="false"/>
            <line number="93" hits="69" branch="false"/>
            <line number="94" hits="69" branch="false"/>
            <line number="95" hits="69" branch="false"/>
            <line number="98" hits="69" branch="false"/>
            <line number="99" hits="69" branch="false"/>
            <line number="105" hits="103" branch="false"/>
            <line number="108" hits="103" branch="false"/>
            <line number="109" hits="103" branch="false"/>
            <line number="110" hits="103" branch="false"/>
            <line number="112" hits="103" branch="false"/>
            <line number="115" hits="103" branch="false"/>
            <line number="116" hits="103" branch="false"/>
            <line number="117" hits="103" branch="false"/>
            <line number="119" hits="103" branch="false"/>
            <line number="125" hits="10" branch="false"/>
            <line number="127" hits="10" branch="false"/>
            <line number="129" hits="10" branch="false"/>
            <line number="130" hits="10" branch="false"/>
            <line number="131" hits="10" branch="false"/>
            <line number="132" hits="10" branch="false"/>
            <line number="134" hits="10" branch="false"/>
            <line number="135" hits="10" branch="false"/>
            <line number="136" hits="10" branch="false"/>
            <line number="137" hits="10" branch="false"/>
            <line number="138" hits="10" branch="false"/>
            <line number="139" hits="10" branch="false"/>
            <line number="140" hits="10" branch="false"/>
            <line number="141" hits="10" branch="false"/>
            <line number="142" hits="10" branch="false"/>
            <line number="143" hits="10" branch="false"/>
            <line number="144" hits="10" branch="false"/>
            <line number="145" hits="10" branch="false"/>
            <line number="146" hits="10" branch="false"/>
            <line number="147" hits="10" branch="false"/>
            <line number="148" hits="10" branch="false"/>
            <line number="150" hits="10" branch="false"/>
            <line number="151" hits="10" branch="false"/>
            <line number="152" hits="10" branch="false"/>
          </lines>
        </class>
        <class name="tidy_ard_order.R" filename="R/tidy_ard_order.R" line-rate="1" branch-rate="0" complexity="0">
          <methods>
            <method name="tidy_ard_column_order" signature="" line-rate="1" branch-rate="0" complexity="0">
              <lines>
                <line number="32" hits="403" branch="false"/>
                <line number="34" hits="403" branch="false"/>
                <line number="35" hits="403" branch="false"/>
                <line number="36" hits="403" branch="false"/>
                <line number="38" hits="403" branch="false"/>
                <line number="39" hits="403" branch="false"/>
                <line number="40" hits="403" branch="false"/>
                <line number="41" hits="403" branch="false"/>
                <line number="42" hits="403" branch="false"/>
                <line number="43" hits="403" branch="false"/>
                <line number="44" hits="403" branch="false"/>
                <line number="45" hits="403" branch="false"/>
                <line number="46" hits="403" branch="false"/>
                <line number="47" hits="403" branch="false"/>
                <line number="48" hits="403" branch="false"/>
              </lines>
            </method>
            <method name="tidy_ard_row_order" signature="" line-rate="1" branch-rate="0" complexity="0">
              <lines>
                <line number="55" hits="28" branch="false"/>
                <line number="57" hits="28" branch="false"/>
                <line number="60" hits="28" branch="false"/>
                <line number="61" hits="28" branch="false"/>
                <line number="62" hits="28" branch="false"/>
                <line number="63" hits="28" branch="false"/>
                <line number="64" hits="28" branch="false"/>
                <line number="65" hits="28" branch="false"/>
                <line number="66" hits="28" branch="false"/>
                <line number="69" hits="28" branch="false"/>
              </lines>
            </method>
          </methods>
          <lines>
            <line number="32" hits="403" branch="false"/>
            <line number="34" hits="403" branch="false"/>
            <line number="35" hits="403" branch="false"/>
            <line number="36" hits="403" branch="false"/>
            <line number="38" hits="403" branch="false"/>
            <line number="39" hits="403" branch="false"/>
            <line number="40" hits="403" branch="false"/>
            <line number="41" hits="403" branch="false"/>
            <line number="42" hits="403" branch="false"/>
            <line number="43" hits="403" branch="false"/>
            <line number="44" hits="403" branch="false"/>
            <line number="45" hits="403" branch="false"/>
            <line number="46" hits="403" branch="false"/>
            <line number="47" hits="403" branch="false"/>
            <line number="48" hits="403" branch="false"/>
            <line number="55" hits="28" branch="false"/>
            <line number="57" hits="28" branch="false"/>
            <line number="60" hits="28" branch="false"/>
            <line number="61" hits="28" branch="false"/>
            <line number="62" hits="28" branch="false"/>
            <line number="63" hits="28" branch="false"/>
            <line number="64" hits="28" branch="false"/>
            <line number="65" hits="28" branch="false"/>
            <line number="66" hits="28" branch="false"/>
            <line number="69" hits="28" branch="false"/>
          </lines>
        </class>
        <class name="tidy_as_ard.R" filename="R/tidy_as_ard.R" line-rate="0.717948717948718" branch-rate="0" complexity="0">
          <methods>
            <method name="tidy_as_ard" signature="" line-rate="0.717948717948718" branch-rate="0" complexity="0">
              <lines>
                <line number="63" hits="1" branch="false"/>
                <line number="66" hits="1" branch="false"/>
                <line number="67" hits="1" branch="false"/>
                <line number="68" hits="1" branch="false"/>
                <line number="69" hits="1" branch="false"/>
                <line number="72" hits="1" branch="false"/>
                <line number="73" hits="1" branch="false"/>
                <line number="74" hits="1" branch="false"/>
                <line number="75" hits="1" branch="false"/>
                <line number="76" hits="1" branch="false"/>
                <line number="77" hits="1" branch="false"/>
                <line number="80" hits="1" branch="false"/>
                <line number="82" hits="1" branch="false"/>
                <line number="83" hits="1" branch="false"/>
                <line number="88" hits="0" branch="false"/>
                <line number="89" hits="0" branch="false"/>
                <line number="90" hits="0" branch="false"/>
                <line number="91" hits="0" branch="false"/>
                <line number="92" hits="0" branch="false"/>
                <line number="93" hits="0" branch="false"/>
                <line number="94" hits="0" branch="false"/>
                <line number="95" hits="0" branch="false"/>
                <line number="96" hits="0" branch="false"/>
                <line number="97" hits="0" branch="false"/>
                <line number="98" hits="0" branch="false"/>
                <line number="102" hits="1" branch="false"/>
                <line number="103" hits="1" branch="false"/>
                <line number="104" hits="1" branch="false"/>
                <line number="105" hits="1" branch="false"/>
                <line number="106" hits="1" branch="false"/>
                <line number="107" hits="1" branch="false"/>
                <line number="108" hits="1" branch="false"/>
                <line number="109" hits="1" branch="false"/>
                <line number="110" hits="1" branch="false"/>
                <line number="111" hits="1" branch="false"/>
                <line number="112" hits="1" branch="false"/>
                <line number="113" hits="1" branch="false"/>
                <line number="114" hits="1" branch="false"/>
                <line number="115" hits="1" branch="false"/>
              </lines>
            </method>
          </methods>
          <lines>
            <line number="63" hits="1" branch="false"/>
            <line number="66" hits="1" branch="false"/>
            <line number="67" hits="1" branch="false"/>
            <line number="68" hits="1" branch="false"/>
            <line number="69" hits="1" branch="false"/>
            <line number="72" hits="1" branch="false"/>
            <line number="73" hits="1" branch="false"/>
            <line number="74" hits="1" branch="false"/>
            <line number="75" hits="1" branch="false"/>
            <line number="76" hits="1" branch="false"/>
            <line number="77" hits="1" branch="false"/>
            <line number="80" hits="1" branch="false"/>
            <line number="82" hits="1" branch="false"/>
            <line number="83" hits="1" branch="false"/>
            <line number="88" hits="0" branch="false"/>
            <line number="89" hits="0" branch="false"/>
            <line number="90" hits="0" branch="false"/>
            <line number="91" hits="0" branch="false"/>
            <line number="92" hits="0" branch="false"/>
            <line number="93" hits="0" branch="false"/>
            <line number="94" hits="0" branch="false"/>
            <line number="95" hits="0" branch="false"/>
            <line number="96" hits="0" branch="false"/>
            <line number="97" hits="0" branch="false"/>
            <line number="98" hits="0" branch="false"/>
            <line number="102" hits="1" branch="false"/>
            <line number="103" hits="1" branch="false"/>
            <line number="104" hits="1" branch="false"/>
            <line number="105" hits="1" branch="false"/>
            <line number="106" hits="1" branch="false"/>
            <line number="107" hits="1" branch="false"/>
            <line number="108" hits="1" branch="false"/>
            <line number="109" hits="1" branch="false"/>
            <line number="110" hits="1" branch="false"/>
            <line number="111" hits="1" branch="false"/>
            <line number="112" hits="1" branch="false"/>
            <line number="113" hits="1" branch="false"/>
            <line number="114" hits="1" branch="false"/>
            <line number="115" hits="1" branch="false"/>
          </lines>
        </class>
        <class name="utils.R" filename="R/utils.R" line-rate="1" branch-rate="0" complexity="0">
          <methods>
            <method name=".unique_and_sorted" signature="" line-rate="1" branch-rate="0" complexity="0">
              <lines>
                <line number="22" hits="416" branch="false"/>
                <line number="24" hits="416" branch="false"/>
                <line number="25" hits="7" branch="false"/>
                <line number="26" hits="7" branch="false"/>
                <line number="27" hits="7" branch="false"/>
                <line number="28" hits="7" branch="false"/>
                <line number="29" hits="7" branch="false"/>
                <line number="30" hits="7" branch="false"/>
                <line number="31" hits="7" branch="false"/>
                <line number="33" hits="409" branch="false"/>
                <line number="34" hits="10" branch="false"/>
                <line number="35" hits="2" branch="false"/>
                <line number="39" hits="292" branch="false"/>
                <line number="40" hits="105" branch="false"/>
              </lines>
            </method>
            <method name=".is_named_list" signature="" line-rate="1" branch-rate="0" complexity="0">
              <lines>
                <line number="58" hits="2468" branch="false"/>
                <line number="59" hits="1218" branch="false"/>
                <line number="61" hits="1250" branch="false"/>
                <line number="62" hits="1250" branch="false"/>
              </lines>
            </method>
            <method name=".purrr_list_flatten" signature="" line-rate="1" branch-rate="0" complexity="0">
              <lines>
                <line number="81" hits="572" branch="false"/>
                <line number="83" hits="572" branch="false"/>
                <line number="84" hits="385" branch="false"/>
                <line number="85" hits="384" branch="false"/>
                <line number="87" hits="1" branch="false"/>
                <line number="91" hits="572" branch="false"/>
              </lines>
            </method>
          </methods>
          <lines>
            <line number="22" hits="416" branch="false"/>
            <line number="24" hits="416" branch="false"/>
            <line number="25" hits="7" branch="false"/>
            <line number="26" hits="7" branch="false"/>
            <line number="27" hits="7" branch="false"/>
            <line number="28" hits="7" branch="false"/>
            <line number="29" hits="7" branch="false"/>
            <line number="30" hits="7" branch="false"/>
            <line number="31" hits="7" branch="false"/>
            <line number="33" hits="409" branch="false"/>
            <line number="34" hits="10" branch="false"/>
            <line number="35" hits="2" branch="false"/>
            <line number="39" hits="292" branch="false"/>
            <line number="40" hits="105" branch="false"/>
            <line number="58" hits="2468" branch="false"/>
            <line number="59" hits="1218" branch="false"/>
            <line number="61" hits="1250" branch="false"/>
            <line number="62" hits="1250" branch="false"/>
            <line number="81" hits="572" branch="false"/>
            <line number="83" hits="572" branch="false"/>
            <line number="84" hits="385" branch="false"/>
            <line number="85" hits="384" branch="false"/>
            <line number="87" hits="1" branch="false"/>
            <line number="91" hits="572" branch="false"/>
          </lines>
        </class>
      </classes>
    </package>
  </packages>
</coverage>
