<?xml version="1.0" encoding="UTF-8"?>
<!DOCTYPE coverage SYSTEM "https://raw.githubusercontent.com/cobertura/cobertura/master/cobertura/src/site/htdocs/xml/coverage-04.dtd">
<coverage line-rate="0.96291718170581" branch-rate="0" lines-covered="3116" lines-valid="3236" branches-covered="0" branches-valid="0" complexity="0" version="3.6.4" timestamp="2025-07-16 14:26:11.956573">
  <sources>
    <source>/__w/cards/cards/cards</source>
  </sources>
  <packages>
    <package name="cards" line-rate="0.96291718170581" branch-rate="0" complexity="0">
      <classes>
        <class name="add_calculated_row.R" filename="R/add_calculated_row.R" line-rate="0.886792452830189" branch-rate="0" complexity="0">
          <methods>
            <method name="add_calculated_row" signature="" line-rate="0.886792452830189" branch-rate="0" complexity="0">
              <lines>
                <line number="46" hits="4" branch="false"/>
                <line number="47" hits="4" branch="false"/>
                <line number="50" hits="4" branch="false"/>
                <line number="51" hits="0" branch="false"/>
                <line number="52" hits="0" branch="false"/>
                <line number="53" hits="0" branch="false"/>
                <line number="54" hits="0" branch="false"/>
                <line number="55" hits="0" branch="false"/>
                <line number="56" hits="0" branch="false"/>
                <line number="60" hits="4" branch="false"/>
                <line number="61" hits="4" branch="false"/>
                <line number="62" hits="4" branch="false"/>
                <line number="63" hits="4" branch="false"/>
                <line number="64" hits="4" branch="false"/>
                <line number="65" hits="4" branch="false"/>
                <line number="66" hits="4" branch="false"/>
                <line number="69" hits="4" branch="false"/>
                <line number="70" hits="4" branch="false"/>
                <line number="71" hits="4" branch="false"/>
                <line number="72" hits="4" branch="false"/>
                <line number="73" hits="4" branch="false"/>
                <line number="74" hits="4" branch="false"/>
                <line number="75" hits="1" branch="false"/>
                <line number="76" hits="1" branch="false"/>
                <line number="77" hits="1" branch="false"/>
                <line number="78" hits="1" branch="false"/>
                <line number="79" hits="4" branch="false"/>
                <line number="81" hits="3" branch="false"/>
                <line number="82" hits="3" branch="false"/>
                <line number="83" hits="3" branch="false"/>
                <line number="84" hits="3" branch="false"/>
                <line number="85" hits="3" branch="false"/>
                <line number="86" hits="1" branch="false"/>
                <line number="87" hits="1" branch="false"/>
                <line number="88" hits="1" branch="false"/>
                <line number="89" hits="1" branch="false"/>
                <line number="90" hits="1" branch="false"/>
                <line number="91" hits="1" branch="false"/>
                <line number="92" hits="4" branch="false"/>
                <line number="94" hits="2" branch="false"/>
                <line number="95" hits="2" branch="false"/>
                <line number="96" hits="2" branch="false"/>
                <line number="97" hits="2" branch="false"/>
                <line number="98" hits="2" branch="false"/>
                <line number="99" hits="2" branch="false"/>
                <line number="100" hits="2" branch="false"/>
                <line number="101" hits="4" branch="false"/>
                <line number="102" hits="4" branch="false"/>
                <line number="103" hits="4" branch="false"/>
                <line number="106" hits="2" branch="false"/>
                <line number="107" hits="2" branch="false"/>
                <line number="108" hits="2" branch="false"/>
                <line number="109" hits="2" branch="false"/>
              </lines>
            </method>
          </methods>
          <lines>
            <line number="46" hits="4" branch="false"/>
            <line number="47" hits="4" branch="false"/>
            <line number="50" hits="4" branch="false"/>
            <line number="51" hits="0" branch="false"/>
            <line number="52" hits="0" branch="false"/>
            <line number="53" hits="0" branch="false"/>
            <line number="54" hits="0" branch="false"/>
            <line number="55" hits="0" branch="false"/>
            <line number="56" hits="0" branch="false"/>
            <line number="60" hits="4" branch="false"/>
            <line number="61" hits="4" branch="false"/>
            <line number="62" hits="4" branch="false"/>
            <line number="63" hits="4" branch="false"/>
            <line number="64" hits="4" branch="false"/>
            <line number="65" hits="4" branch="false"/>
            <line number="66" hits="4" branch="false"/>
            <line number="69" hits="4" branch="false"/>
            <line number="70" hits="4" branch="false"/>
            <line number="71" hits="4" branch="false"/>
            <line number="72" hits="4" branch="false"/>
            <line number="73" hits="4" branch="false"/>
            <line number="74" hits="4" branch="false"/>
            <line number="75" hits="1" branch="false"/>
            <line number="76" hits="1" branch="false"/>
            <line number="77" hits="1" branch="false"/>
            <line number="78" hits="1" branch="false"/>
            <line number="79" hits="4" branch="false"/>
            <line number="81" hits="3" branch="false"/>
            <line number="82" hits="3" branch="false"/>
            <line number="83" hits="3" branch="false"/>
            <line number="84" hits="3" branch="false"/>
            <line number="85" hits="3" branch="false"/>
            <line number="86" hits="1" branch="false"/>
            <line number="87" hits="1" branch="false"/>
            <line number="88" hits="1" branch="false"/>
            <line number="89" hits="1" branch="false"/>
            <line number="90" hits="1" branch="false"/>
            <line number="91" hits="1" branch="false"/>
            <line number="92" hits="4" branch="false"/>
            <line number="94" hits="2" branch="false"/>
            <line number="95" hits="2" branch="false"/>
            <line number="96" hits="2" branch="false"/>
            <line number="97" hits="2" branch="false"/>
            <line number="98" hits="2" branch="false"/>
            <line number="99" hits="2" branch="false"/>
            <line number="100" hits="2" branch="false"/>
            <line number="101" hits="4" branch="false"/>
            <line number="102" hits="4" branch="false"/>
            <line number="103" hits="4" branch="false"/>
            <line number="106" hits="2" branch="false"/>
            <line number="107" hits="2" branch="false"/>
            <line number="108" hits="2" branch="false"/>
            <line number="109" hits="2" branch="false"/>
          </lines>
        </class>
        <class name="apply_fmt_fun.R" filename="R/apply_fmt_fun.R" line-rate="1" branch-rate="0" complexity="0">
          <methods>
            <method name="apply_fmt_fun" signature="" line-rate="1" branch-rate="0" complexity="0">
              <lines>
                <line number="19" hits="31" branch="false"/>
                <line number="21" hits="31" branch="false"/>
                <line number="22" hits="30" branch="false"/>
                <line number="25" hits="30" branch="false"/>
                <line number="26" hits="29" branch="false"/>
                <line number="29" hits="30" branch="false"/>
                <line number="30" hits="30" branch="false"/>
                <line number="31" hits="30" branch="false"/>
                <line number="32" hits="30" branch="false"/>
                <line number="33" hits="30" branch="false"/>
                <line number="34" hits="30" branch="false"/>
                <line number="35" hits="30" branch="false"/>
                <line number="36" hits="30" branch="false"/>
                <line number="37" hits="30" branch="false"/>
                <line number="38" hits="30" branch="false"/>
                <line number="39" hits="30" branch="false"/>
                <line number="40" hits="30" branch="false"/>
                <line number="41" hits="30" branch="false"/>
                <line number="42" hits="30" branch="false"/>
                <line number="43" hits="30" branch="false"/>
                <line number="44" hits="30" branch="false"/>
                <line number="45" hits="2" branch="false"/>
                <line number="46" hits="2" branch="false"/>
                <line number="47" hits="2" branch="false"/>
                <line number="48" hits="2" branch="false"/>
                <line number="49" hits="2" branch="false"/>
                <line number="50" hits="2" branch="false"/>
                <line number="51" hits="2" branch="false"/>
                <line number="52" hits="2" branch="false"/>
                <line number="53" hits="30" branch="false"/>
                <line number="54" hits="30" branch="false"/>
                <line number="55" hits="30" branch="false"/>
                <line number="56" hits="2" branch="false"/>
                <line number="57" hits="30" branch="false"/>
                <line number="58" hits="30" branch="false"/>
                <line number="59" hits="30" branch="false"/>
                <line number="60" hits="30" branch="false"/>
              </lines>
            </method>
            <method name="alias_as_fmt_fun" signature="" line-rate="1" branch-rate="0" complexity="0">
              <lines>
                <line number="90" hits="205" branch="false"/>
                <line number="92" hits="205" branch="false"/>
                <line number="93" hits="86" branch="false"/>
                <line number="95" hits="119" branch="false"/>
                <line number="96" hits="104" branch="false"/>
                <line number="98" hits="15" branch="false"/>
                <line number="99" hits="13" branch="false"/>
                <line number="100" hits="12" branch="false"/>
                <line number="101" hits="12" branch="false"/>
                <line number="102" hits="12" branch="false"/>
                <line number="103" hits="12" branch="false"/>
                <line number="104" hits="12" branch="false"/>
                <line number="105" hits="12" branch="false"/>
                <line number="106" hits="12" branch="false"/>
                <line number="107" hits="12" branch="false"/>
                <line number="108" hits="12" branch="false"/>
                <line number="109" hits="6" branch="false"/>
                <line number="110" hits="12" branch="false"/>
                <line number="111" hits="12" branch="false"/>
                <line number="113" hits="12" branch="false"/>
                <line number="117" hits="2" branch="false"/>
                <line number="118" hits="1" branch="false"/>
                <line number="119" hits="1" branch="false"/>
                <line number="120" hits="1" branch="false"/>
                <line number="121" hits="1" branch="false"/>
                <line number="122" hits="1" branch="false"/>
                <line number="123" hits="1" branch="false"/>
                <line number="125" hits="1" branch="false"/>
                <line number="126" hits="1" branch="false"/>
                <line number="127" hits="1" branch="false"/>
                <line number="128" hits="1" branch="false"/>
                <line number="129" hits="1" branch="false"/>
                <line number="132" hits="2" branch="false"/>
                <line number="133" hits="2" branch="false"/>
                <line number="134" hits="2" branch="false"/>
                <line number="135" hits="2" branch="false"/>
              </lines>
            </method>
            <method name="label_round" signature="" line-rate="1" branch-rate="0" complexity="0">
              <lines>
                <line number="160" hits="17867" branch="false"/>
                <line number="162" hits="17866" branch="false"/>
                <line number="164" hits="124" branch="false"/>
                <line number="165" hits="124" branch="false"/>
                <line number="166" hits="124" branch="false"/>
                <line number="167" hits="124" branch="false"/>
                <line number="168" hits="124" branch="false"/>
                <line number="169" hits="124" branch="false"/>
                <line number="173" hits="124" branch="false"/>
                <line number="174" hits="14" branch="false"/>
                <line number="175" hits="14" branch="false"/>
                <line number="176" hits="14" branch="false"/>
                <line number="177" hits="14" branch="false"/>
                <line number="178" hits="14" branch="false"/>
                <line number="179" hits="14" branch="false"/>
                <line number="180" hits="17866" branch="false"/>
                <line number="183" hits="124" branch="false"/>
                <line number="184" hits="17866" branch="false"/>
              </lines>
            </method>
            <method name=".get_round_fun" signature="" line-rate="1" branch-rate="0" complexity="0">
              <lines>
                <line number="188" hits="17867" branch="false"/>
                <line number="189" hits="17867" branch="false"/>
                <line number="190" hits="17867" branch="false"/>
                <line number="191" hits="17867" branch="false"/>
                <line number="192" hits="17867" branch="false"/>
                <line number="193" hits="17867" branch="false"/>
                <line number="194" hits="17867" branch="false"/>
                <line number="195" hits="17867" branch="false"/>
                <line number="196" hits="17867" branch="false"/>
              </lines>
            </method>
            <method name=".check_fmt_string" signature="" line-rate="1" branch-rate="0" complexity="0">
              <lines>
                <line number="221" hits="13" branch="false"/>
                <line number="224" hits="13" branch="false"/>
                <line number="225" hits="13" branch="false"/>
                <line number="226" hits="13" branch="false"/>
                <line number="227" hits="13" branch="false"/>
                <line number="228" hits="13" branch="false"/>
                <line number="230" hits="13" branch="false"/>
                <line number="231" hits="1" branch="false"/>
                <line number="232" hits="1" branch="false"/>
                <line number="233" hits="1" branch="false"/>
                <line number="234" hits="1" branch="false"/>
                <line number="235" hits="1" branch="false"/>
                <line number="236" hits="1" branch="false"/>
                <line number="237" hits="1" branch="false"/>
                <line number="238" hits="1" branch="false"/>
                <line number="240" hits="12" branch="false"/>
              </lines>
            </method>
          </methods>
          <lines>
            <line number="19" hits="31" branch="false"/>
            <line number="21" hits="31" branch="false"/>
            <line number="22" hits="30" branch="false"/>
            <line number="25" hits="30" branch="false"/>
            <line number="26" hits="29" branch="false"/>
            <line number="29" hits="30" branch="false"/>
            <line number="30" hits="30" branch="false"/>
            <line number="31" hits="30" branch="false"/>
            <line number="32" hits="30" branch="false"/>
            <line number="33" hits="30" branch="false"/>
            <line number="34" hits="30" branch="false"/>
            <line number="35" hits="30" branch="false"/>
            <line number="36" hits="30" branch="false"/>
            <line number="37" hits="30" branch="false"/>
            <line number="38" hits="30" branch="false"/>
            <line number="39" hits="30" branch="false"/>
            <line number="40" hits="30" branch="false"/>
            <line number="41" hits="30" branch="false"/>
            <line number="42" hits="30" branch="false"/>
            <line number="43" hits="30" branch="false"/>
            <line number="44" hits="30" branch="false"/>
            <line number="45" hits="2" branch="false"/>
            <line number="46" hits="2" branch="false"/>
            <line number="47" hits="2" branch="false"/>
            <line number="48" hits="2" branch="false"/>
            <line number="49" hits="2" branch="false"/>
            <line number="50" hits="2" branch="false"/>
            <line number="51" hits="2" branch="false"/>
            <line number="52" hits="2" branch="false"/>
            <line number="53" hits="30" branch="false"/>
            <line number="54" hits="30" branch="false"/>
            <line number="55" hits="30" branch="false"/>
            <line number="56" hits="2" branch="false"/>
            <line number="57" hits="30" branch="false"/>
            <line number="58" hits="30" branch="false"/>
            <line number="59" hits="30" branch="false"/>
            <line number="60" hits="30" branch="false"/>
            <line number="90" hits="205" branch="false"/>
            <line number="92" hits="205" branch="false"/>
            <line number="93" hits="86" branch="false"/>
            <line number="95" hits="119" branch="false"/>
            <line number="96" hits="104" branch="false"/>
            <line number="98" hits="15" branch="false"/>
            <line number="99" hits="13" branch="false"/>
            <line number="100" hits="12" branch="false"/>
            <line number="101" hits="12" branch="false"/>
            <line number="102" hits="12" branch="false"/>
            <line number="103" hits="12" branch="false"/>
            <line number="104" hits="12" branch="false"/>
            <line number="105" hits="12" branch="false"/>
            <line number="106" hits="12" branch="false"/>
            <line number="107" hits="12" branch="false"/>
            <line number="108" hits="12" branch="false"/>
            <line number="109" hits="6" branch="false"/>
            <line number="110" hits="12" branch="false"/>
            <line number="111" hits="12" branch="false"/>
            <line number="113" hits="12" branch="false"/>
            <line number="117" hits="2" branch="false"/>
            <line number="118" hits="1" branch="false"/>
            <line number="119" hits="1" branch="false"/>
            <line number="120" hits="1" branch="false"/>
            <line number="121" hits="1" branch="false"/>
            <line number="122" hits="1" branch="false"/>
            <line number="123" hits="1" branch="false"/>
            <line number="125" hits="1" branch="false"/>
            <line number="126" hits="1" branch="false"/>
            <line number="127" hits="1" branch="false"/>
            <line number="128" hits="1" branch="false"/>
            <line number="129" hits="1" branch="false"/>
            <line number="132" hits="2" branch="false"/>
            <line number="133" hits="2" branch="false"/>
            <line number="134" hits="2" branch="false"/>
            <line number="135" hits="2" branch="false"/>
            <line number="160" hits="17867" branch="false"/>
            <line number="162" hits="17866" branch="false"/>
            <line number="164" hits="124" branch="false"/>
            <line number="165" hits="124" branch="false"/>
            <line number="166" hits="124" branch="false"/>
            <line number="167" hits="124" branch="false"/>
            <line number="168" hits="124" branch="false"/>
            <line number="169" hits="124" branch="false"/>
            <line number="173" hits="124" branch="false"/>
            <line number="174" hits="14" branch="false"/>
            <line number="175" hits="14" branch="false"/>
            <line number="176" hits="14" branch="false"/>
            <line number="177" hits="14" branch="false"/>
            <line number="178" hits="14" branch="false"/>
            <line number="179" hits="14" branch="false"/>
            <line number="180" hits="17866" branch="false"/>
            <line number="183" hits="124" branch="false"/>
            <line number="184" hits="17866" branch="false"/>
            <line number="188" hits="17867" branch="false"/>
            <line number="189" hits="17867" branch="false"/>
            <line number="190" hits="17867" branch="false"/>
            <line number="191" hits="17867" branch="false"/>
            <line number="192" hits="17867" branch="false"/>
            <line number="193" hits="17867" branch="false"/>
            <line number="194" hits="17867" branch="false"/>
            <line number="195" hits="17867" branch="false"/>
            <line number="196" hits="17867" branch="false"/>
            <line number="221" hits="13" branch="false"/>
            <line number="224" hits="13" branch="false"/>
            <line number="225" hits="13" branch="false"/>
            <line number="226" hits="13" branch="false"/>
            <line number="227" hits="13" branch="false"/>
            <line number="228" hits="13" branch="false"/>
            <line number="230" hits="13" branch="false"/>
            <line number="231" hits="1" branch="false"/>
            <line number="232" hits="1" branch="false"/>
            <line number="233" hits="1" branch="false"/>
            <line number="234" hits="1" branch="false"/>
            <line number="235" hits="1" branch="false"/>
            <line number="236" hits="1" branch="false"/>
            <line number="237" hits="1" branch="false"/>
            <line number="238" hits="1" branch="false"/>
            <line number="240" hits="12" branch="false"/>
          </lines>
        </class>
        <class name="ard_attributes.R" filename="R/ard_attributes.R" line-rate="0.978260869565217" branch-rate="0" complexity="0">
          <methods>
            <method name="ard_attributes" signature="" line-rate="1" branch-rate="0" complexity="0">
              <lines>
                <line number="34" hits="12" branch="false"/>
              </lines>
            </method>
            <method name="ard_attributes.data.frame" signature="" line-rate="0.976744186046512" branch-rate="0" complexity="0">
              <lines>
                <line number="43" hits="11" branch="false"/>
                <line number="44" hits="11" branch="false"/>
                <line number="47" hits="11" branch="false"/>
                <line number="48" hits="11" branch="false"/>
                <line number="49" hits="11" branch="false"/>
                <line number="52" hits="11" branch="false"/>
                <line number="53" hits="11" branch="false"/>
                <line number="56" hits="11" branch="false"/>
                <line number="57" hits="0" branch="false"/>
                <line number="62" hits="11" branch="false"/>
                <line number="63" hits="3" branch="false"/>
                <line number="64" hits="1" branch="false"/>
                <line number="65" hits="1" branch="false"/>
                <line number="66" hits="1" branch="false"/>
                <line number="67" hits="1" branch="false"/>
                <line number="73" hits="10" branch="false"/>
                <line number="74" hits="10" branch="false"/>
                <line number="75" hits="10" branch="false"/>
                <line number="76" hits="10" branch="false"/>
                <line number="78" hits="10" branch="false"/>
                <line number="80" hits="10" branch="false"/>
                <line number="82" hits="10" branch="false"/>
                <line number="83" hits="10" branch="false"/>
                <line number="84" hits="10" branch="false"/>
                <line number="85" hits="10" branch="false"/>
                <line number="86" hits="10" branch="false"/>
                <line number="87" hits="10" branch="false"/>
                <line number="88" hits="10" branch="false"/>
                <line number="89" hits="10" branch="false"/>
                <line number="90" hits="10" branch="false"/>
                <line number="91" hits="10" branch="false"/>
                <line number="92" hits="10" branch="false"/>
                <line number="93" hits="10" branch="false"/>
                <line number="94" hits="10" branch="false"/>
                <line number="95" hits="10" branch="false"/>
                <line number="96" hits="10" branch="false"/>
                <line number="97" hits="10" branch="false"/>
                <line number="98" hits="10" branch="false"/>
                <line number="99" hits="10" branch="false"/>
                <line number="100" hits="10" branch="false"/>
                <line number="101" hits="10" branch="false"/>
                <line number="102" hits="10" branch="false"/>
                <line number="103" hits="10" branch="false"/>
              </lines>
            </method>
            <method name="ard_attributes.default" signature="" line-rate="1" branch-rate="0" complexity="0">
              <lines>
                <line number="109" hits="1" branch="false"/>
                <line number="110" hits="1" branch="false"/>
              </lines>
            </method>
          </methods>
          <lines>
            <line number="34" hits="12" branch="false"/>
            <line number="43" hits="11" branch="false"/>
            <line number="44" hits="11" branch="false"/>
            <line number="47" hits="11" branch="false"/>
            <line number="48" hits="11" branch="false"/>
            <line number="49" hits="11" branch="false"/>
            <line number="52" hits="11" branch="false"/>
            <line number="53" hits="11" branch="false"/>
            <line number="56" hits="11" branch="false"/>
            <line number="57" hits="0" branch="false"/>
            <line number="62" hits="11" branch="false"/>
            <line number="63" hits="3" branch="false"/>
            <line number="64" hits="1" branch="false"/>
            <line number="65" hits="1" branch="false"/>
            <line number="66" hits="1" branch="false"/>
            <line number="67" hits="1" branch="false"/>
            <line number="73" hits="10" branch="false"/>
            <line number="74" hits="10" branch="false"/>
            <line number="75" hits="10" branch="false"/>
            <line number="76" hits="10" branch="false"/>
            <line number="78" hits="10" branch="false"/>
            <line number="80" hits="10" branch="false"/>
            <line number="82" hits="10" branch="false"/>
            <line number="83" hits="10" branch="false"/>
            <line number="84" hits="10" branch="false"/>
            <line number="85" hits="10" branch="false"/>
            <line number="86" hits="10" branch="false"/>
            <line number="87" hits="10" branch="false"/>
            <line number="88" hits="10" branch="false"/>
            <line number="89" hits="10" branch="false"/>
            <line number="90" hits="10" branch="false"/>
            <line number="91" hits="10" branch="false"/>
            <line number="92" hits="10" branch="false"/>
            <line number="93" hits="10" branch="false"/>
            <line number="94" hits="10" branch="false"/>
            <line number="95" hits="10" branch="false"/>
            <line number="96" hits="10" branch="false"/>
            <line number="97" hits="10" branch="false"/>
            <line number="98" hits="10" branch="false"/>
            <line number="99" hits="10" branch="false"/>
            <line number="100" hits="10" branch="false"/>
            <line number="101" hits="10" branch="false"/>
            <line number="102" hits="10" branch="false"/>
            <line number="103" hits="10" branch="false"/>
            <line number="109" hits="1" branch="false"/>
            <line number="110" hits="1" branch="false"/>
          </lines>
        </class>
        <class name="ard_categorical.R" filename="R/ard_categorical.R" line-rate="0.96" branch-rate="0" complexity="0">
          <methods>
            <method name="ard_categorical" signature="" line-rate="1" branch-rate="0" complexity="0">
              <lines>
                <line number="105" hits="451" branch="false"/>
                <line number="106" hits="451" branch="false"/>
              </lines>
            </method>
            <method name="ard_categorical.data.frame" signature="" line-rate="0.923076923076923" branch-rate="0" complexity="0">
              <lines>
                <line number="121" hits="451" branch="false"/>
                <line number="122" hits="451" branch="false"/>
                <line number="125" hits="451" branch="false"/>
                <line number="126" hits="0" branch="false"/>
                <line number="127" hits="0" branch="false"/>
                <line number="128" hits="0" branch="false"/>
                <line number="129" hits="0" branch="false"/>
                <line number="130" hits="0" branch="false"/>
                <line number="131" hits="0" branch="false"/>
                <line number="135" hits="451" branch="false"/>
                <line number="136" hits="451" branch="false"/>
                <line number="139" hits="451" branch="false"/>
                <line number="140" hits="451" branch="false"/>
                <line number="141" hits="451" branch="false"/>
                <line number="142" hits="451" branch="false"/>
                <line number="143" hits="451" branch="false"/>
                <line number="144" hits="451" branch="false"/>
                <line number="145" hits="451" branch="false"/>
                <line number="146" hits="451" branch="false"/>
                <line number="148" hits="450" branch="false"/>
                <line number="149" hits="450" branch="false"/>
                <line number="150" hits="450" branch="false"/>
                <line number="151" hits="450" branch="false"/>
                <line number="152" hits="450" branch="false"/>
                <line number="153" hits="450" branch="false"/>
                <line number="154" hits="450" branch="false"/>
                <line number="155" hits="450" branch="false"/>
                <line number="156" hits="450" branch="false"/>
                <line number="157" hits="450" branch="false"/>
                <line number="158" hits="450" branch="false"/>
                <line number="159" hits="450" branch="false"/>
                <line number="160" hits="450" branch="false"/>
                <line number="161" hits="450" branch="false"/>
                <line number="162" hits="450" branch="false"/>
                <line number="165" hits="450" branch="false"/>
                <line number="166" hits="6" branch="false"/>
                <line number="170" hits="444" branch="false"/>
                <line number="171" hits="4" branch="false"/>
                <line number="172" hits="4" branch="false"/>
                <line number="173" hits="4" branch="false"/>
                <line number="174" hits="4" branch="false"/>
                <line number="179" hits="440" branch="false"/>
                <line number="180" hits="436" branch="false"/>
                <line number="184" hits="432" branch="false"/>
                <line number="185" hits="432" branch="false"/>
                <line number="186" hits="432" branch="false"/>
                <line number="187" hits="432" branch="false"/>
                <line number="188" hits="432" branch="false"/>
                <line number="189" hits="432" branch="false"/>
                <line number="190" hits="432" branch="false"/>
                <line number="191" hits="432" branch="false"/>
                <line number="192" hits="432" branch="false"/>
                <line number="196" hits="428" branch="false"/>
                <line number="197" hits="428" branch="false"/>
                <line number="198" hits="428" branch="false"/>
                <line number="199" hits="428" branch="false"/>
                <line number="200" hits="428" branch="false"/>
                <line number="201" hits="428" branch="false"/>
                <line number="202" hits="428" branch="false"/>
                <line number="205" hits="427" branch="false"/>
                <line number="206" hits="427" branch="false"/>
                <line number="207" hits="427" branch="false"/>
                <line number="208" hits="427" branch="false"/>
                <line number="209" hits="427" branch="false"/>
                <line number="210" hits="427" branch="false"/>
                <line number="211" hits="427" branch="false"/>
                <line number="212" hits="427" branch="false"/>
                <line number="213" hits="427" branch="false"/>
                <line number="214" hits="427" branch="false"/>
                <line number="215" hits="427" branch="false"/>
                <line number="216" hits="427" branch="false"/>
                <line number="217" hits="427" branch="false"/>
                <line number="218" hits="427" branch="false"/>
                <line number="221" hits="427" branch="false"/>
                <line number="222" hits="427" branch="false"/>
                <line number="223" hits="427" branch="false"/>
                <line number="224" hits="427" branch="false"/>
                <line number="225" hits="427" branch="false"/>
              </lines>
            </method>
            <method name=".calculate_tabulation_statistics" signature="" line-rate="0.988235294117647" branch-rate="0" complexity="0">
              <lines>
                <line number="255" hits="432" branch="false"/>
                <line number="256" hits="432" branch="false"/>
                <line number="258" hits="432" branch="false"/>
                <line number="259" hits="0" branch="false"/>
                <line number="263" hits="432" branch="false"/>
                <line number="264" hits="432" branch="false"/>
                <line number="265" hits="432" branch="false"/>
                <line number="266" hits="432" branch="false"/>
                <line number="267" hits="432" branch="false"/>
                <line number="268" hits="432" branch="false"/>
                <line number="269" hits="432" branch="false"/>
                <line number="270" hits="432" branch="false"/>
                <line number="271" hits="409" branch="false"/>
                <line number="272" hits="432" branch="false"/>
                <line number="273" hits="70" branch="false"/>
                <line number="274" hits="432" branch="false"/>
                <line number="275" hits="432" branch="false"/>
                <line number="276" hits="432" branch="false"/>
                <line number="277" hits="432" branch="false"/>
                <line number="278" hits="432" branch="false"/>
                <line number="279" hits="432" branch="false"/>
                <line number="280" hits="432" branch="false"/>
                <line number="281" hits="432" branch="false"/>
                <line number="282" hits="432" branch="false"/>
                <line number="285" hits="429" branch="false"/>
                <line number="286" hits="429" branch="false"/>
                <line number="287" hits="429" branch="false"/>
                <line number="288" hits="429" branch="false"/>
                <line number="289" hits="429" branch="false"/>
                <line number="290" hits="429" branch="false"/>
                <line number="291" hits="429" branch="false"/>
                <line number="292" hits="406" branch="false"/>
                <line number="293" hits="406" branch="false"/>
                <line number="294" hits="157" branch="false"/>
                <line number="295" hits="157" branch="false"/>
                <line number="296" hits="157" branch="false"/>
                <line number="297" hits="157" branch="false"/>
                <line number="298" hits="406" branch="false"/>
                <line number="299" hits="249" branch="false"/>
                <line number="300" hits="249" branch="false"/>
                <line number="301" hits="249" branch="false"/>
                <line number="302" hits="249" branch="false"/>
                <line number="303" hits="406" branch="false"/>
                <line number="304" hits="429" branch="false"/>
                <line number="305" hits="429" branch="false"/>
                <line number="306" hits="378" branch="false"/>
                <line number="307" hits="378" branch="false"/>
                <line number="308" hits="378" branch="false"/>
                <line number="309" hits="378" branch="false"/>
                <line number="310" hits="378" branch="false"/>
                <line number="311" hits="429" branch="false"/>
                <line number="313" hits="429" branch="false"/>
                <line number="314" hits="429" branch="false"/>
                <line number="315" hits="429" branch="false"/>
                <line number="316" hits="429" branch="false"/>
                <line number="317" hits="429" branch="false"/>
                <line number="318" hits="429" branch="false"/>
                <line number="319" hits="429" branch="false"/>
                <line number="320" hits="429" branch="false"/>
                <line number="321" hits="429" branch="false"/>
                <line number="323" hits="429" branch="false"/>
                <line number="324" hits="429" branch="false"/>
                <line number="325" hits="429" branch="false"/>
                <line number="326" hits="429" branch="false"/>
                <line number="327" hits="429" branch="false"/>
                <line number="328" hits="429" branch="false"/>
                <line number="329" hits="429" branch="false"/>
                <line number="330" hits="429" branch="false"/>
                <line number="331" hits="429" branch="false"/>
                <line number="332" hits="429" branch="false"/>
                <line number="333" hits="429" branch="false"/>
                <line number="334" hits="429" branch="false"/>
                <line number="335" hits="429" branch="false"/>
                <line number="336" hits="429" branch="false"/>
                <line number="337" hits="429" branch="false"/>
                <line number="338" hits="429" branch="false"/>
                <line number="339" hits="429" branch="false"/>
                <line number="340" hits="429" branch="false"/>
                <line number="341" hits="429" branch="false"/>
                <line number="342" hits="429" branch="false"/>
                <line number="344" hits="428" branch="false"/>
                <line number="345" hits="428" branch="false"/>
                <line number="346" hits="428" branch="false"/>
                <line number="347" hits="428" branch="false"/>
                <line number="348" hits="428" branch="false"/>
              </lines>
            </method>
            <method name=".check_whether_na_counts" signature="" line-rate="1" branch-rate="0" complexity="0">
              <lines>
                <line number="352" hits="451" branch="false"/>
                <line number="353" hits="451" branch="false"/>
                <line number="354" hits="451" branch="false"/>
                <line number="355" hits="451" branch="false"/>
                <line number="356" hits="1" branch="false"/>
                <line number="357" hits="1" branch="false"/>
                <line number="358" hits="1" branch="false"/>
                <line number="359" hits="1" branch="false"/>
                <line number="360" hits="1" branch="false"/>
                <line number="361" hits="1" branch="false"/>
                <line number="362" hits="451" branch="false"/>
                <line number="363" hits="451" branch="false"/>
                <line number="364" hits="451" branch="false"/>
              </lines>
            </method>
            <method name=".add_cum_count_stats" signature="" line-rate="1" branch-rate="0" complexity="0">
              <lines>
                <line number="371" hits="476" branch="false"/>
                <line number="372" hits="466" branch="false"/>
                <line number="376" hits="10" branch="false"/>
                <line number="377" hits="1" branch="false"/>
                <line number="378" hits="1" branch="false"/>
                <line number="379" hits="1" branch="false"/>
                <line number="380" hits="1" branch="false"/>
                <line number="381" hits="1" branch="false"/>
                <line number="382" hits="1" branch="false"/>
                <line number="386" hits="9" branch="false"/>
                <line number="387" hits="7" branch="false"/>
                <line number="388" hits="7" branch="false"/>
                <line number="389" hits="7" branch="false"/>
                <line number="390" hits="7" branch="false"/>
                <line number="391" hits="7" branch="false"/>
                <line number="392" hits="7" branch="false"/>
                <line number="393" hits="7" branch="false"/>
                <line number="394" hits="7" branch="false"/>
                <line number="395" hits="7" branch="false"/>
                <line number="396" hits="7" branch="false"/>
                <line number="397" hits="2" branch="false"/>
                <line number="398" hits="2" branch="false"/>
                <line number="399" hits="2" branch="false"/>
                <line number="400" hits="2" branch="false"/>
                <line number="401" hits="2" branch="false"/>
                <line number="402" hits="2" branch="false"/>
                <line number="403" hits="2" branch="false"/>
                <line number="404" hits="2" branch="false"/>
                <line number="405" hits="2" branch="false"/>
                <line number="406" hits="2" branch="false"/>
                <line number="407" hits="2" branch="false"/>
                <line number="410" hits="9" branch="false"/>
              </lines>
            </method>
            <method name=".table_as_df" signature="" line-rate="0.837209302325581" branch-rate="0" complexity="0">
              <lines>
                <line number="439" hits="724" branch="false"/>
                <line number="441" hits="724" branch="false"/>
                <line number="442" hits="724" branch="false"/>
                <line number="443" hits="724" branch="false"/>
                <line number="444" hits="724" branch="false"/>
                <line number="445" hits="724" branch="false"/>
                <line number="446" hits="724" branch="false"/>
                <line number="449" hits="724" branch="false"/>
                <line number="450" hits="724" branch="false"/>
                <line number="451" hits="724" branch="false"/>
                <line number="452" hits="724" branch="false"/>
                <line number="453" hits="724" branch="false"/>
                <line number="454" hits="724" branch="false"/>
                <line number="455" hits="724" branch="false"/>
                <line number="456" hits="724" branch="false"/>
                <line number="459" hits="724" branch="false"/>
                <line number="460" hits="724" branch="false"/>
                <line number="461" hits="724" branch="false"/>
                <line number="462" hits="724" branch="false"/>
                <line number="463" hits="724" branch="false"/>
                <line number="464" hits="724" branch="false"/>
                <line number="465" hits="724" branch="false"/>
                <line number="466" hits="724" branch="false"/>
                <line number="467" hits="724" branch="false"/>
                <line number="468" hits="724" branch="false"/>
                <line number="472" hits="0" branch="false"/>
                <line number="473" hits="0" branch="false"/>
                <line number="474" hits="0" branch="false"/>
                <line number="475" hits="0" branch="false"/>
                <line number="476" hits="0" branch="false"/>
                <line number="480" hits="724" branch="false"/>
                <line number="482" hits="248" branch="false"/>
                <line number="483" hits="0" branch="false"/>
                <line number="484" hits="0" branch="false"/>
                <line number="486" hits="248" branch="false"/>
                <line number="489" hits="248" branch="false"/>
                <line number="490" hits="248" branch="false"/>
                <line number="491" hits="248" branch="false"/>
                <line number="492" hits="248" branch="false"/>
                <line number="493" hits="248" branch="false"/>
                <line number="494" hits="248" branch="false"/>
                <line number="495" hits="248" branch="false"/>
                <line number="498" hits="724" branch="false"/>
              </lines>
            </method>
            <method name="arrange_using_order" signature="" line-rate="1" branch-rate="0" complexity="0">
              <lines>
                <line number="503" hits="724" branch="false"/>
              </lines>
            </method>
            <method name=".process_denominator" signature="" line-rate="0.991452991452991" branch-rate="0" complexity="0">
              <lines>
                <line number="521" hits="432" branch="false"/>
                <line number="522" hits="69" branch="false"/>
                <line number="525" hits="363" branch="false"/>
                <line number="526" hits="116" branch="false"/>
                <line number="527" hits="116" branch="false"/>
                <line number="528" hits="116" branch="false"/>
                <line number="529" hits="116" branch="false"/>
                <line number="530" hits="116" branch="false"/>
                <line number="531" hits="116" branch="false"/>
                <line number="534" hits="247" branch="false"/>
                <line number="535" hits="76" branch="false"/>
                <line number="536" hits="76" branch="false"/>
                <line number="537" hits="76" branch="false"/>
                <line number="538" hits="76" branch="false"/>
                <line number="539" hits="76" branch="false"/>
                <line number="540" hits="76" branch="false"/>
                <line number="541" hits="76" branch="false"/>
                <line number="542" hits="76" branch="false"/>
                <line number="543" hits="76" branch="false"/>
                <line number="544" hits="76" branch="false"/>
                <line number="545" hits="76" branch="false"/>
                <line number="546" hits="76" branch="false"/>
                <line number="547" hits="76" branch="false"/>
                <line number="548" hits="76" branch="false"/>
                <line number="549" hits="76" branch="false"/>
                <line number="550" hits="76" branch="false"/>
                <line number="551" hits="76" branch="false"/>
                <line number="552" hits="76" branch="false"/>
                <line number="553" hits="76" branch="false"/>
                <line number="554" hits="76" branch="false"/>
                <line number="557" hits="171" branch="false"/>
                <line number="558" hits="171" branch="false"/>
                <line number="559" hits="171" branch="false"/>
                <line number="560" hits="28" branch="false"/>
                <line number="561" hits="28" branch="false"/>
                <line number="562" hits="28" branch="false"/>
                <line number="563" hits="28" branch="false"/>
                <line number="564" hits="28" branch="false"/>
                <line number="567" hits="143" branch="false"/>
                <line number="568" hits="100" branch="false"/>
                <line number="569" hits="100" branch="false"/>
                <line number="570" hits="100" branch="false"/>
                <line number="571" hits="100" branch="false"/>
                <line number="573" hits="99" branch="false"/>
                <line number="574" hits="99" branch="false"/>
                <line number="575" hits="99" branch="false"/>
                <line number="576" hits="99" branch="false"/>
                <line number="577" hits="99" branch="false"/>
                <line number="578" hits="99" branch="false"/>
                <line number="579" hits="99" branch="false"/>
                <line number="580" hits="99" branch="false"/>
                <line number="581" hits="99" branch="false"/>
                <line number="582" hits="99" branch="false"/>
                <line number="583" hits="99" branch="false"/>
                <line number="584" hits="99" branch="false"/>
                <line number="585" hits="99" branch="false"/>
                <line number="586" hits="99" branch="false"/>
                <line number="589" hits="43" branch="false"/>
                <line number="590" hits="3" branch="false"/>
                <line number="591" hits="3" branch="false"/>
                <line number="592" hits="3" branch="false"/>
                <line number="593" hits="3" branch="false"/>
                <line number="594" hits="3" branch="false"/>
                <line number="595" hits="3" branch="false"/>
                <line number="596" hits="3" branch="false"/>
                <line number="597" hits="3" branch="false"/>
                <line number="598" hits="3" branch="false"/>
                <line number="599" hits="3" branch="false"/>
                <line number="600" hits="3" branch="false"/>
                <line number="603" hits="40" branch="false"/>
                <line number="604" hits="36" branch="false"/>
                <line number="605" hits="36" branch="false"/>
                <line number="606" hits="36" branch="false"/>
                <line number="607" hits="36" branch="false"/>
                <line number="608" hits="36" branch="false"/>
                <line number="609" hits="36" branch="false"/>
                <line number="610" hits="36" branch="false"/>
                <line number="611" hits="36" branch="false"/>
                <line number="612" hits="36" branch="false"/>
                <line number="613" hits="36" branch="false"/>
                <line number="614" hits="36" branch="false"/>
                <line number="615" hits="36" branch="false"/>
                <line number="616" hits="36" branch="false"/>
                <line number="617" hits="36" branch="false"/>
                <line number="618" hits="36" branch="false"/>
                <line number="619" hits="36" branch="false"/>
                <line number="620" hits="36" branch="false"/>
                <line number="621" hits="36" branch="false"/>
                <line number="622" hits="36" branch="false"/>
                <line number="623" hits="36" branch="false"/>
                <line number="626" hits="4" branch="false"/>
                <line number="627" hits="1" branch="false"/>
                <line number="628" hits="1" branch="false"/>
                <line number="629" hits="1" branch="false"/>
                <line number="630" hits="1" branch="false"/>
                <line number="631" hits="1" branch="false"/>
                <line number="634" hits="3" branch="false"/>
                <line number="637" hits="3" branch="false"/>
                <line number="638" hits="3" branch="false"/>
                <line number="640" hits="1" branch="false"/>
                <line number="641" hits="1" branch="false"/>
                <line number="642" hits="1" branch="false"/>
                <line number="643" hits="1" branch="false"/>
                <line number="644" hits="1" branch="false"/>
                <line number="646" hits="2" branch="false"/>
                <line number="647" hits="2" branch="false"/>
                <line number="648" hits="2" branch="false"/>
                <line number="649" hits="2" branch="false"/>
                <line number="652" hits="1" branch="false"/>
                <line number="653" hits="1" branch="false"/>
                <line number="654" hits="1" branch="false"/>
                <line number="655" hits="1" branch="false"/>
                <line number="656" hits="1" branch="false"/>
                <line number="658" hits="1" branch="false"/>
                <line number="659" hits="1" branch="false"/>
                <line number="661" hits="0" branch="false"/>
                <line number="664" hits="360" branch="false"/>
              </lines>
            </method>
            <method name=".check_for_missing_combos_in_denom" signature="" line-rate="0.96551724137931" branch-rate="0" complexity="0">
              <lines>
                <line number="690" hits="102" branch="false"/>
                <line number="691" hits="102" branch="false"/>
                <line number="692" hits="102" branch="false"/>
                <line number="693" hits="102" branch="false"/>
                <line number="694" hits="102" branch="false"/>
                <line number="695" hits="0" branch="false"/>
                <line number="699" hits="102" branch="false"/>
                <line number="700" hits="102" branch="false"/>
                <line number="701" hits="102" branch="false"/>
                <line number="702" hits="102" branch="false"/>
                <line number="703" hits="102" branch="false"/>
                <line number="704" hits="102" branch="false"/>
                <line number="707" hits="102" branch="false"/>
                <line number="708" hits="2" branch="false"/>
                <line number="709" hits="2" branch="false"/>
                <line number="710" hits="2" branch="false"/>
                <line number="711" hits="2" branch="false"/>
                <line number="712" hits="2" branch="false"/>
                <line number="713" hits="2" branch="false"/>
                <line number="714" hits="2" branch="false"/>
                <line number="715" hits="2" branch="false"/>
                <line number="716" hits="2" branch="false"/>
                <line number="717" hits="2" branch="false"/>
                <line number="718" hits="2" branch="false"/>
                <line number="719" hits="2" branch="false"/>
                <line number="720" hits="2" branch="false"/>
                <line number="721" hits="2" branch="false"/>
                <line number="722" hits="2" branch="false"/>
                <line number="723" hits="2" branch="false"/>
              </lines>
            </method>
          </methods>
          <lines>
            <line number="105" hits="451" branch="false"/>
            <line number="106" hits="451" branch="false"/>
            <line number="121" hits="451" branch="false"/>
            <line number="122" hits="451" branch="false"/>
            <line number="125" hits="451" branch="false"/>
            <line number="126" hits="0" branch="false"/>
            <line number="127" hits="0" branch="false"/>
            <line number="128" hits="0" branch="false"/>
            <line number="129" hits="0" branch="false"/>
            <line number="130" hits="0" branch="false"/>
            <line number="131" hits="0" branch="false"/>
            <line number="135" hits="451" branch="false"/>
            <line number="136" hits="451" branch="false"/>
            <line number="139" hits="451" branch="false"/>
            <line number="140" hits="451" branch="false"/>
            <line number="141" hits="451" branch="false"/>
            <line number="142" hits="451" branch="false"/>
            <line number="143" hits="451" branch="false"/>
            <line number="144" hits="451" branch="false"/>
            <line number="145" hits="451" branch="false"/>
            <line number="146" hits="451" branch="false"/>
            <line number="148" hits="450" branch="false"/>
            <line number="149" hits="450" branch="false"/>
            <line number="150" hits="450" branch="false"/>
            <line number="151" hits="450" branch="false"/>
            <line number="152" hits="450" branch="false"/>
            <line number="153" hits="450" branch="false"/>
            <line number="154" hits="450" branch="false"/>
            <line number="155" hits="450" branch="false"/>
            <line number="156" hits="450" branch="false"/>
            <line number="157" hits="450" branch="false"/>
            <line number="158" hits="450" branch="false"/>
            <line number="159" hits="450" branch="false"/>
            <line number="160" hits="450" branch="false"/>
            <line number="161" hits="450" branch="false"/>
            <line number="162" hits="450" branch="false"/>
            <line number="165" hits="450" branch="false"/>
            <line number="166" hits="6" branch="false"/>
            <line number="170" hits="444" branch="false"/>
            <line number="171" hits="4" branch="false"/>
            <line number="172" hits="4" branch="false"/>
            <line number="173" hits="4" branch="false"/>
            <line number="174" hits="4" branch="false"/>
            <line number="179" hits="440" branch="false"/>
            <line number="180" hits="436" branch="false"/>
            <line number="184" hits="432" branch="false"/>
            <line number="185" hits="432" branch="false"/>
            <line number="186" hits="432" branch="false"/>
            <line number="187" hits="432" branch="false"/>
            <line number="188" hits="432" branch="false"/>
            <line number="189" hits="432" branch="false"/>
            <line number="190" hits="432" branch="false"/>
            <line number="191" hits="432" branch="false"/>
            <line number="192" hits="432" branch="false"/>
            <line number="196" hits="428" branch="false"/>
            <line number="197" hits="428" branch="false"/>
            <line number="198" hits="428" branch="false"/>
            <line number="199" hits="428" branch="false"/>
            <line number="200" hits="428" branch="false"/>
            <line number="201" hits="428" branch="false"/>
            <line number="202" hits="428" branch="false"/>
            <line number="205" hits="427" branch="false"/>
            <line number="206" hits="427" branch="false"/>
            <line number="207" hits="427" branch="false"/>
            <line number="208" hits="427" branch="false"/>
            <line number="209" hits="427" branch="false"/>
            <line number="210" hits="427" branch="false"/>
            <line number="211" hits="427" branch="false"/>
            <line number="212" hits="427" branch="false"/>
            <line number="213" hits="427" branch="false"/>
            <line number="214" hits="427" branch="false"/>
            <line number="215" hits="427" branch="false"/>
            <line number="216" hits="427" branch="false"/>
            <line number="217" hits="427" branch="false"/>
            <line number="218" hits="427" branch="false"/>
            <line number="221" hits="427" branch="false"/>
            <line number="222" hits="427" branch="false"/>
            <line number="223" hits="427" branch="false"/>
            <line number="224" hits="427" branch="false"/>
            <line number="225" hits="427" branch="false"/>
            <line number="255" hits="432" branch="false"/>
            <line number="256" hits="432" branch="false"/>
            <line number="258" hits="432" branch="false"/>
            <line number="259" hits="0" branch="false"/>
            <line number="263" hits="432" branch="false"/>
            <line number="264" hits="432" branch="false"/>
            <line number="265" hits="432" branch="false"/>
            <line number="266" hits="432" branch="false"/>
            <line number="267" hits="432" branch="false"/>
            <line number="268" hits="432" branch="false"/>
            <line number="269" hits="432" branch="false"/>
            <line number="270" hits="432" branch="false"/>
            <line number="271" hits="409" branch="false"/>
            <line number="272" hits="432" branch="false"/>
            <line number="273" hits="70" branch="false"/>
            <line number="274" hits="432" branch="false"/>
            <line number="275" hits="432" branch="false"/>
            <line number="276" hits="432" branch="false"/>
            <line number="277" hits="432" branch="false"/>
            <line number="278" hits="432" branch="false"/>
            <line number="279" hits="432" branch="false"/>
            <line number="280" hits="432" branch="false"/>
            <line number="281" hits="432" branch="false"/>
            <line number="282" hits="432" branch="false"/>
            <line number="285" hits="429" branch="false"/>
            <line number="286" hits="429" branch="false"/>
            <line number="287" hits="429" branch="false"/>
            <line number="288" hits="429" branch="false"/>
            <line number="289" hits="429" branch="false"/>
            <line number="290" hits="429" branch="false"/>
            <line number="291" hits="429" branch="false"/>
            <line number="292" hits="406" branch="false"/>
            <line number="293" hits="406" branch="false"/>
            <line number="294" hits="157" branch="false"/>
            <line number="295" hits="157" branch="false"/>
            <line number="296" hits="157" branch="false"/>
            <line number="297" hits="157" branch="false"/>
            <line number="298" hits="406" branch="false"/>
            <line number="299" hits="249" branch="false"/>
            <line number="300" hits="249" branch="false"/>
            <line number="301" hits="249" branch="false"/>
            <line number="302" hits="249" branch="false"/>
            <line number="303" hits="406" branch="false"/>
            <line number="304" hits="429" branch="false"/>
            <line number="305" hits="429" branch="false"/>
            <line number="306" hits="378" branch="false"/>
            <line number="307" hits="378" branch="false"/>
            <line number="308" hits="378" branch="false"/>
            <line number="309" hits="378" branch="false"/>
            <line number="310" hits="378" branch="false"/>
            <line number="311" hits="429" branch="false"/>
            <line number="313" hits="429" branch="false"/>
            <line number="314" hits="429" branch="false"/>
            <line number="315" hits="429" branch="false"/>
            <line number="316" hits="429" branch="false"/>
            <line number="317" hits="429" branch="false"/>
            <line number="318" hits="429" branch="false"/>
            <line number="319" hits="429" branch="false"/>
            <line number="320" hits="429" branch="false"/>
            <line number="321" hits="429" branch="false"/>
            <line number="323" hits="429" branch="false"/>
            <line number="324" hits="429" branch="false"/>
            <line number="325" hits="429" branch="false"/>
            <line number="326" hits="429" branch="false"/>
            <line number="327" hits="429" branch="false"/>
            <line number="328" hits="429" branch="false"/>
            <line number="329" hits="429" branch="false"/>
            <line number="330" hits="429" branch="false"/>
            <line number="331" hits="429" branch="false"/>
            <line number="332" hits="429" branch="false"/>
            <line number="333" hits="429" branch="false"/>
            <line number="334" hits="429" branch="false"/>
            <line number="335" hits="429" branch="false"/>
            <line number="336" hits="429" branch="false"/>
            <line number="337" hits="429" branch="false"/>
            <line number="338" hits="429" branch="false"/>
            <line number="339" hits="429" branch="false"/>
            <line number="340" hits="429" branch="false"/>
            <line number="341" hits="429" branch="false"/>
            <line number="342" hits="429" branch="false"/>
            <line number="344" hits="428" branch="false"/>
            <line number="345" hits="428" branch="false"/>
            <line number="346" hits="428" branch="false"/>
            <line number="347" hits="428" branch="false"/>
            <line number="348" hits="428" branch="false"/>
            <line number="352" hits="451" branch="false"/>
            <line number="353" hits="451" branch="false"/>
            <line number="354" hits="451" branch="false"/>
            <line number="355" hits="451" branch="false"/>
            <line number="356" hits="1" branch="false"/>
            <line number="357" hits="1" branch="false"/>
            <line number="358" hits="1" branch="false"/>
            <line number="359" hits="1" branch="false"/>
            <line number="360" hits="1" branch="false"/>
            <line number="361" hits="1" branch="false"/>
            <line number="362" hits="451" branch="false"/>
            <line number="363" hits="451" branch="false"/>
            <line number="364" hits="451" branch="false"/>
            <line number="371" hits="476" branch="false"/>
            <line number="372" hits="466" branch="false"/>
            <line number="376" hits="10" branch="false"/>
            <line number="377" hits="1" branch="false"/>
            <line number="378" hits="1" branch="false"/>
            <line number="379" hits="1" branch="false"/>
            <line number="380" hits="1" branch="false"/>
            <line number="381" hits="1" branch="false"/>
            <line number="382" hits="1" branch="false"/>
            <line number="386" hits="9" branch="false"/>
            <line number="387" hits="7" branch="false"/>
            <line number="388" hits="7" branch="false"/>
            <line number="389" hits="7" branch="false"/>
            <line number="390" hits="7" branch="false"/>
            <line number="391" hits="7" branch="false"/>
            <line number="392" hits="7" branch="false"/>
            <line number="393" hits="7" branch="false"/>
            <line number="394" hits="7" branch="false"/>
            <line number="395" hits="7" branch="false"/>
            <line number="396" hits="7" branch="false"/>
            <line number="397" hits="2" branch="false"/>
            <line number="398" hits="2" branch="false"/>
            <line number="399" hits="2" branch="false"/>
            <line number="400" hits="2" branch="false"/>
            <line number="401" hits="2" branch="false"/>
            <line number="402" hits="2" branch="false"/>
            <line number="403" hits="2" branch="false"/>
            <line number="404" hits="2" branch="false"/>
            <line number="405" hits="2" branch="false"/>
            <line number="406" hits="2" branch="false"/>
            <line number="407" hits="2" branch="false"/>
            <line number="410" hits="9" branch="false"/>
            <line number="439" hits="724" branch="false"/>
            <line number="441" hits="724" branch="false"/>
            <line number="442" hits="724" branch="false"/>
            <line number="443" hits="724" branch="false"/>
            <line number="444" hits="724" branch="false"/>
            <line number="445" hits="724" branch="false"/>
            <line number="446" hits="724" branch="false"/>
            <line number="449" hits="724" branch="false"/>
            <line number="450" hits="724" branch="false"/>
            <line number="451" hits="724" branch="false"/>
            <line number="452" hits="724" branch="false"/>
            <line number="453" hits="724" branch="false"/>
            <line number="454" hits="724" branch="false"/>
            <line number="455" hits="724" branch="false"/>
            <line number="456" hits="724" branch="false"/>
            <line number="459" hits="724" branch="false"/>
            <line number="460" hits="724" branch="false"/>
            <line number="461" hits="724" branch="false"/>
            <line number="462" hits="724" branch="false"/>
            <line number="463" hits="724" branch="false"/>
            <line number="464" hits="724" branch="false"/>
            <line number="465" hits="724" branch="false"/>
            <line number="466" hits="724" branch="false"/>
            <line number="467" hits="724" branch="false"/>
            <line number="468" hits="724" branch="false"/>
            <line number="472" hits="0" branch="false"/>
            <line number="473" hits="0" branch="false"/>
            <line number="474" hits="0" branch="false"/>
            <line number="475" hits="0" branch="false"/>
            <line number="476" hits="0" branch="false"/>
            <line number="480" hits="724" branch="false"/>
            <line number="482" hits="248" branch="false"/>
            <line number="483" hits="0" branch="false"/>
            <line number="484" hits="0" branch="false"/>
            <line number="486" hits="248" branch="false"/>
            <line number="489" hits="248" branch="false"/>
            <line number="490" hits="248" branch="false"/>
            <line number="491" hits="248" branch="false"/>
            <line number="492" hits="248" branch="false"/>
            <line number="493" hits="248" branch="false"/>
            <line number="494" hits="248" branch="false"/>
            <line number="495" hits="248" branch="false"/>
            <line number="498" hits="724" branch="false"/>
            <line number="503" hits="724" branch="false"/>
            <line number="521" hits="432" branch="false"/>
            <line number="522" hits="69" branch="false"/>
            <line number="525" hits="363" branch="false"/>
            <line number="526" hits="116" branch="false"/>
            <line number="527" hits="116" branch="false"/>
            <line number="528" hits="116" branch="false"/>
            <line number="529" hits="116" branch="false"/>
            <line number="530" hits="116" branch="false"/>
            <line number="531" hits="116" branch="false"/>
            <line number="534" hits="247" branch="false"/>
            <line number="535" hits="76" branch="false"/>
            <line number="536" hits="76" branch="false"/>
            <line number="537" hits="76" branch="false"/>
            <line number="538" hits="76" branch="false"/>
            <line number="539" hits="76" branch="false"/>
            <line number="540" hits="76" branch="false"/>
            <line number="541" hits="76" branch="false"/>
            <line number="542" hits="76" branch="false"/>
            <line number="543" hits="76" branch="false"/>
            <line number="544" hits="76" branch="false"/>
            <line number="545" hits="76" branch="false"/>
            <line number="546" hits="76" branch="false"/>
            <line number="547" hits="76" branch="false"/>
            <line number="548" hits="76" branch="false"/>
            <line number="549" hits="76" branch="false"/>
            <line number="550" hits="76" branch="false"/>
            <line number="551" hits="76" branch="false"/>
            <line number="552" hits="76" branch="false"/>
            <line number="553" hits="76" branch="false"/>
            <line number="554" hits="76" branch="false"/>
            <line number="557" hits="171" branch="false"/>
            <line number="558" hits="171" branch="false"/>
            <line number="559" hits="171" branch="false"/>
            <line number="560" hits="28" branch="false"/>
            <line number="561" hits="28" branch="false"/>
            <line number="562" hits="28" branch="false"/>
            <line number="563" hits="28" branch="false"/>
            <line number="564" hits="28" branch="false"/>
            <line number="567" hits="143" branch="false"/>
            <line number="568" hits="100" branch="false"/>
            <line number="569" hits="100" branch="false"/>
            <line number="570" hits="100" branch="false"/>
            <line number="571" hits="100" branch="false"/>
            <line number="573" hits="99" branch="false"/>
            <line number="574" hits="99" branch="false"/>
            <line number="575" hits="99" branch="false"/>
            <line number="576" hits="99" branch="false"/>
            <line number="577" hits="99" branch="false"/>
            <line number="578" hits="99" branch="false"/>
            <line number="579" hits="99" branch="false"/>
            <line number="580" hits="99" branch="false"/>
            <line number="581" hits="99" branch="false"/>
            <line number="582" hits="99" branch="false"/>
            <line number="583" hits="99" branch="false"/>
            <line number="584" hits="99" branch="false"/>
            <line number="585" hits="99" branch="false"/>
            <line number="586" hits="99" branch="false"/>
            <line number="589" hits="43" branch="false"/>
            <line number="590" hits="3" branch="false"/>
            <line number="591" hits="3" branch="false"/>
            <line number="592" hits="3" branch="false"/>
            <line number="593" hits="3" branch="false"/>
            <line number="594" hits="3" branch="false"/>
            <line number="595" hits="3" branch="false"/>
            <line number="596" hits="3" branch="false"/>
            <line number="597" hits="3" branch="false"/>
            <line number="598" hits="3" branch="false"/>
            <line number="599" hits="3" branch="false"/>
            <line number="600" hits="3" branch="false"/>
            <line number="603" hits="40" branch="false"/>
            <line number="604" hits="36" branch="false"/>
            <line number="605" hits="36" branch="false"/>
            <line number="606" hits="36" branch="false"/>
            <line number="607" hits="36" branch="false"/>
            <line number="608" hits="36" branch="false"/>
            <line number="609" hits="36" branch="false"/>
            <line number="610" hits="36" branch="false"/>
            <line number="611" hits="36" branch="false"/>
            <line number="612" hits="36" branch="false"/>
            <line number="613" hits="36" branch="false"/>
            <line number="614" hits="36" branch="false"/>
            <line number="615" hits="36" branch="false"/>
            <line number="616" hits="36" branch="false"/>
            <line number="617" hits="36" branch="false"/>
            <line number="618" hits="36" branch="false"/>
            <line number="619" hits="36" branch="false"/>
            <line number="620" hits="36" branch="false"/>
            <line number="621" hits="36" branch="false"/>
            <line number="622" hits="36" branch="false"/>
            <line number="623" hits="36" branch="false"/>
            <line number="626" hits="4" branch="false"/>
            <line number="627" hits="1" branch="false"/>
            <line number="628" hits="1" branch="false"/>
            <line number="629" hits="1" branch="false"/>
            <line number="630" hits="1" branch="false"/>
            <line number="631" hits="1" branch="false"/>
            <line number="634" hits="3" branch="false"/>
            <line number="637" hits="3" branch="false"/>
            <line number="638" hits="3" branch="false"/>
            <line number="640" hits="1" branch="false"/>
            <line number="641" hits="1" branch="false"/>
            <line number="642" hits="1" branch="false"/>
            <line number="643" hits="1" branch="false"/>
            <line number="644" hits="1" branch="false"/>
            <line number="646" hits="2" branch="false"/>
            <line number="647" hits="2" branch="false"/>
            <line number="648" hits="2" branch="false"/>
            <line number="649" hits="2" branch="false"/>
            <line number="652" hits="1" branch="false"/>
            <line number="653" hits="1" branch="false"/>
            <line number="654" hits="1" branch="false"/>
            <line number="655" hits="1" branch="false"/>
            <line number="656" hits="1" branch="false"/>
            <line number="658" hits="1" branch="false"/>
            <line number="659" hits="1" branch="false"/>
            <line number="661" hits="0" branch="false"/>
            <line number="664" hits="360" branch="false"/>
            <line number="690" hits="102" branch="false"/>
            <line number="691" hits="102" branch="false"/>
            <line number="692" hits="102" branch="false"/>
            <line number="693" hits="102" branch="false"/>
            <line number="694" hits="102" branch="false"/>
            <line number="695" hits="0" branch="false"/>
            <line number="699" hits="102" branch="false"/>
            <line number="700" hits="102" branch="false"/>
            <line number="701" hits="102" branch="false"/>
            <line number="702" hits="102" branch="false"/>
            <line number="703" hits="102" branch="false"/>
            <line number="704" hits="102" branch="false"/>
            <line number="707" hits="102" branch="false"/>
            <line number="708" hits="2" branch="false"/>
            <line number="709" hits="2" branch="false"/>
            <line number="710" hits="2" branch="false"/>
            <line number="711" hits="2" branch="false"/>
            <line number="712" hits="2" branch="false"/>
            <line number="713" hits="2" branch="false"/>
            <line number="714" hits="2" branch="false"/>
            <line number="715" hits="2" branch="false"/>
            <line number="716" hits="2" branch="false"/>
            <line number="717" hits="2" branch="false"/>
            <line number="718" hits="2" branch="false"/>
            <line number="719" hits="2" branch="false"/>
            <line number="720" hits="2" branch="false"/>
            <line number="721" hits="2" branch="false"/>
            <line number="722" hits="2" branch="false"/>
            <line number="723" hits="2" branch="false"/>
          </lines>
        </class>
        <class name="ard_complex.R" filename="R/ard_complex.R" line-rate="0.837209302325581" branch-rate="0" complexity="0">
          <methods>
            <method name="ard_complex" signature="" line-rate="1" branch-rate="0" complexity="0">
              <lines>
                <line number="56" hits="20" branch="false"/>
                <line number="57" hits="20" branch="false"/>
              </lines>
            </method>
            <method name="ard_complex.data.frame" signature="" line-rate="0.829268292682927" branch-rate="0" complexity="0">
              <lines>
                <line number="71" hits="20" branch="false"/>
                <line number="72" hits="20" branch="false"/>
                <line number="75" hits="20" branch="false"/>
                <line number="76" hits="0" branch="false"/>
                <line number="77" hits="0" branch="false"/>
                <line number="78" hits="0" branch="false"/>
                <line number="79" hits="0" branch="false"/>
                <line number="80" hits="0" branch="false"/>
                <line number="81" hits="0" branch="false"/>
                <line number="85" hits="20" branch="false"/>
                <line number="86" hits="20" branch="false"/>
                <line number="89" hits="20" branch="false"/>
                <line number="90" hits="20" branch="false"/>
                <line number="93" hits="20" branch="false"/>
                <line number="94" hits="0" branch="false"/>
                <line number="97" hits="20" branch="false"/>
                <line number="98" hits="20" branch="false"/>
[...]
            <line number="81" hits="558" branch="false"/>
            <line number="85" hits="787" branch="false"/>
          </lines>
        </class>
        <class name="tidy_as_ard.R" filename="R/tidy_as_ard.R" line-rate="1" branch-rate="0" complexity="0">
          <methods>
            <method name="tidy_as_ard" signature="" line-rate="1" branch-rate="0" complexity="0">
              <lines>
                <line number="67" hits="4" branch="false"/>
                <line number="70" hits="4" branch="false"/>
                <line number="71" hits="4" branch="false"/>
                <line number="72" hits="4" branch="false"/>
                <line number="73" hits="4" branch="false"/>
                <line number="76" hits="4" branch="false"/>
                <line number="77" hits="4" branch="false"/>
                <line number="78" hits="4" branch="false"/>
                <line number="79" hits="4" branch="false"/>
                <line number="80" hits="4" branch="false"/>
                <line number="81" hits="4" branch="false"/>
                <line number="84" hits="4" branch="false"/>
                <line number="86" hits="3" branch="false"/>
                <line number="87" hits="3" branch="false"/>
                <line number="92" hits="1" branch="false"/>
                <line number="93" hits="1" branch="false"/>
                <line number="94" hits="1" branch="false"/>
                <line number="95" hits="1" branch="false"/>
                <line number="96" hits="1" branch="false"/>
                <line number="97" hits="1" branch="false"/>
                <line number="98" hits="1" branch="false"/>
                <line number="99" hits="1" branch="false"/>
                <line number="100" hits="1" branch="false"/>
                <line number="101" hits="1" branch="false"/>
                <line number="102" hits="1" branch="false"/>
                <line number="106" hits="4" branch="false"/>
                <line number="107" hits="4" branch="false"/>
                <line number="108" hits="4" branch="false"/>
                <line number="109" hits="4" branch="false"/>
                <line number="110" hits="4" branch="false"/>
                <line number="111" hits="4" branch="false"/>
                <line number="112" hits="4" branch="false"/>
                <line number="113" hits="4" branch="false"/>
                <line number="114" hits="4" branch="false"/>
                <line number="115" hits="4" branch="false"/>
                <line number="116" hits="4" branch="false"/>
                <line number="117" hits="4" branch="false"/>
                <line number="118" hits="4" branch="false"/>
                <line number="119" hits="4" branch="false"/>
                <line number="120" hits="4" branch="false"/>
              </lines>
            </method>
          </methods>
          <lines>
            <line number="67" hits="4" branch="false"/>
            <line number="70" hits="4" branch="false"/>
            <line number="71" hits="4" branch="false"/>
            <line number="72" hits="4" branch="false"/>
            <line number="73" hits="4" branch="false"/>
            <line number="76" hits="4" branch="false"/>
            <line number="77" hits="4" branch="false"/>
            <line number="78" hits="4" branch="false"/>
            <line number="79" hits="4" branch="false"/>
            <line number="80" hits="4" branch="false"/>
            <line number="81" hits="4" branch="false"/>
            <line number="84" hits="4" branch="false"/>
            <line number="86" hits="3" branch="false"/>
            <line number="87" hits="3" branch="false"/>
            <line number="92" hits="1" branch="false"/>
            <line number="93" hits="1" branch="false"/>
            <line number="94" hits="1" branch="false"/>
            <line number="95" hits="1" branch="false"/>
            <line number="96" hits="1" branch="false"/>
            <line number="97" hits="1" branch="false"/>
            <line number="98" hits="1" branch="false"/>
            <line number="99" hits="1" branch="false"/>
            <line number="100" hits="1" branch="false"/>
            <line number="101" hits="1" branch="false"/>
            <line number="102" hits="1" branch="false"/>
            <line number="106" hits="4" branch="false"/>
            <line number="107" hits="4" branch="false"/>
            <line number="108" hits="4" branch="false"/>
            <line number="109" hits="4" branch="false"/>
            <line number="110" hits="4" branch="false"/>
            <line number="111" hits="4" branch="false"/>
            <line number="112" hits="4" branch="false"/>
            <line number="113" hits="4" branch="false"/>
            <line number="114" hits="4" branch="false"/>
            <line number="115" hits="4" branch="false"/>
            <line number="116" hits="4" branch="false"/>
            <line number="117" hits="4" branch="false"/>
            <line number="118" hits="4" branch="false"/>
            <line number="119" hits="4" branch="false"/>
            <line number="120" hits="4" branch="false"/>
          </lines>
        </class>
        <class name="unlist_ard_columns.R" filename="R/unlist_ard_columns.R" line-rate="1" branch-rate="0" complexity="0">
          <methods>
            <method name="unlist_ard_columns" signature="" line-rate="1" branch-rate="0" complexity="0">
              <lines>
                <line number="36" hits="28" branch="false"/>
                <line number="37" hits="28" branch="false"/>
                <line number="38" hits="28" branch="false"/>
                <line number="39" hits="28" branch="false"/>
                <line number="40" hits="28" branch="false"/>
                <line number="43" hits="28" branch="false"/>
                <line number="44" hits="27" branch="false"/>
                <line number="45" hits="27" branch="false"/>
                <line number="46" hits="27" branch="false"/>
                <line number="47" hits="27" branch="false"/>
                <line number="48" hits="27" branch="false"/>
                <line number="49" hits="27" branch="false"/>
                <line number="50" hits="27" branch="false"/>
                <line number="51" hits="27" branch="false"/>
                <line number="52" hits="27" branch="false"/>
                <line number="53" hits="27" branch="false"/>
                <line number="55" hits="1" branch="false"/>
                <line number="56" hits="1" branch="false"/>
                <line number="57" hits="1" branch="false"/>
                <line number="58" hits="1" branch="false"/>
                <line number="63" hits="28" branch="false"/>
                <line number="64" hits="99" branch="false"/>
                <line number="65" hits="99" branch="false"/>
                <line number="66" hits="1" branch="false"/>
                <line number="67" hits="1" branch="false"/>
                <line number="69" hits="98" branch="false"/>
                <line number="73" hits="28" branch="false"/>
              </lines>
            </method>
          </methods>
          <lines>
            <line number="36" hits="28" branch="false"/>
            <line number="37" hits="28" branch="false"/>
            <line number="38" hits="28" branch="false"/>
            <line number="39" hits="28" branch="false"/>
            <line number="40" hits="28" branch="false"/>
            <line number="43" hits="28" branch="false"/>
            <line number="44" hits="27" branch="false"/>
            <line number="45" hits="27" branch="false"/>
            <line number="46" hits="27" branch="false"/>
            <line number="47" hits="27" branch="false"/>
            <line number="48" hits="27" branch="false"/>
            <line number="49" hits="27" branch="false"/>
            <line number="50" hits="27" branch="false"/>
            <line number="51" hits="27" branch="false"/>
            <line number="52" hits="27" branch="false"/>
            <line number="53" hits="27" branch="false"/>
            <line number="55" hits="1" branch="false"/>
            <line number="56" hits="1" branch="false"/>
            <line number="57" hits="1" branch="false"/>
            <line number="58" hits="1" branch="false"/>
            <line number="63" hits="28" branch="false"/>
            <line number="64" hits="99" branch="false"/>
            <line number="65" hits="99" branch="false"/>
            <line number="66" hits="1" branch="false"/>
            <line number="67" hits="1" branch="false"/>
            <line number="69" hits="98" branch="false"/>
            <line number="73" hits="28" branch="false"/>
          </lines>
        </class>
        <class name="update_ard.R" filename="R/update_ard.R" line-rate="0.9" branch-rate="0" complexity="0">
          <methods>
            <method name="update_ard_fmt_fun" signature="" line-rate="0.823529411764706" branch-rate="0" complexity="0">
              <lines>
                <line number="50" hits="6" branch="false"/>
                <line number="53" hits="6" branch="false"/>
                <line number="54" hits="0" branch="false"/>
                <line number="55" hits="0" branch="false"/>
                <line number="56" hits="0" branch="false"/>
                <line number="57" hits="0" branch="false"/>
                <line number="58" hits="0" branch="false"/>
                <line number="59" hits="0" branch="false"/>
                <line number="63" hits="6" branch="false"/>
                <line number="64" hits="6" branch="false"/>
                <line number="65" hits="6" branch="false"/>
                <line number="66" hits="6" branch="false"/>
                <line number="70" hits="6" branch="false"/>
                <line number="71" hits="6" branch="false"/>
                <line number="74" hits="6" branch="false"/>
                <line number="75" hits="6" branch="false"/>
                <line number="76" hits="6" branch="false"/>
                <line number="77" hits="6" branch="false"/>
                <line number="78" hits="1" branch="false"/>
                <line number="79" hits="1" branch="false"/>
                <line number="80" hits="1" branch="false"/>
                <line number="81" hits="1" branch="false"/>
                <line number="82" hits="1" branch="false"/>
                <line number="83" hits="1" branch="false"/>
                <line number="84" hits="6" branch="false"/>
                <line number="85" hits="6" branch="false"/>
                <line number="86" hits="5" branch="false"/>
                <line number="87" hits="1" branch="false"/>
                <line number="88" hits="1" branch="false"/>
                <line number="89" hits="1" branch="false"/>
                <line number="90" hits="1" branch="false"/>
                <line number="91" hits="1" branch="false"/>
                <line number="95" hits="4" branch="false"/>
                <line number="98" hits="3" branch="false"/>
              </lines>
            </method>
            <method name="update_ard_stat_label" signature="" line-rate="1" branch-rate="0" complexity="0">
              <lines>
                <line number="105" hits="4" branch="false"/>
                <line number="106" hits="4" branch="false"/>
                <line number="107" hits="4" branch="false"/>
                <line number="108" hits="4" branch="false"/>
                <line number="112" hits="4" branch="false"/>
                <line number="113" hits="4" branch="false"/>
                <line number="116" hits="4" branch="false"/>
                <line number="117" hits="4" branch="false"/>
                <line number="118" hits="4" branch="false"/>
                <line number="119" hits="4" branch="false"/>
                <line number="120" hits="1" branch="false"/>
                <line number="121" hits="1" branch="false"/>
                <line number="122" hits="1" branch="false"/>
                <line number="123" hits="1" branch="false"/>
                <line number="124" hits="1" branch="false"/>
                <line number="125" hits="1" branch="false"/>
                <line number="126" hits="4" branch="false"/>
                <line number="127" hits="4" branch="false"/>
                <line number="128" hits="3" branch="false"/>
                <line number="129" hits="1" branch="false"/>
                <line number="130" hits="1" branch="false"/>
                <line number="131" hits="1" branch="false"/>
                <line number="132" hits="1" branch="false"/>
                <line number="133" hits="1" branch="false"/>
                <line number="137" hits="2" branch="false"/>
                <line number="140" hits="2" branch="false"/>
              </lines>
            </method>
          </methods>
          <lines>
            <line number="50" hits="6" branch="false"/>
            <line number="53" hits="6" branch="false"/>
            <line number="54" hits="0" branch="false"/>
            <line number="55" hits="0" branch="false"/>
            <line number="56" hits="0" branch="false"/>
            <line number="57" hits="0" branch="false"/>
            <line number="58" hits="0" branch="false"/>
            <line number="59" hits="0" branch="false"/>
            <line number="63" hits="6" branch="false"/>
            <line number="64" hits="6" branch="false"/>
            <line number="65" hits="6" branch="false"/>
            <line number="66" hits="6" branch="false"/>
            <line number="70" hits="6" branch="false"/>
            <line number="71" hits="6" branch="false"/>
            <line number="74" hits="6" branch="false"/>
            <line number="75" hits="6" branch="false"/>
            <line number="76" hits="6" branch="false"/>
            <line number="77" hits="6" branch="false"/>
            <line number="78" hits="1" branch="false"/>
            <line number="79" hits="1" branch="false"/>
            <line number="80" hits="1" branch="false"/>
            <line number="81" hits="1" branch="false"/>
            <line number="82" hits="1" branch="false"/>
            <line number="83" hits="1" branch="false"/>
            <line number="84" hits="6" branch="false"/>
            <line number="85" hits="6" branch="false"/>
            <line number="86" hits="5" branch="false"/>
            <line number="87" hits="1" branch="false"/>
            <line number="88" hits="1" branch="false"/>
            <line number="89" hits="1" branch="false"/>
            <line number="90" hits="1" branch="false"/>
            <line number="91" hits="1" branch="false"/>
            <line number="95" hits="4" branch="false"/>
            <line number="98" hits="3" branch="false"/>
            <line number="105" hits="4" branch="false"/>
            <line number="106" hits="4" branch="false"/>
            <line number="107" hits="4" branch="false"/>
            <line number="108" hits="4" branch="false"/>
            <line number="112" hits="4" branch="false"/>
            <line number="113" hits="4" branch="false"/>
            <line number="116" hits="4" branch="false"/>
            <line number="117" hits="4" branch="false"/>
            <line number="118" hits="4" branch="false"/>
            <line number="119" hits="4" branch="false"/>
            <line number="120" hits="1" branch="false"/>
            <line number="121" hits="1" branch="false"/>
            <line number="122" hits="1" branch="false"/>
            <line number="123" hits="1" branch="false"/>
            <line number="124" hits="1" branch="false"/>
            <line number="125" hits="1" branch="false"/>
            <line number="126" hits="4" branch="false"/>
            <line number="127" hits="4" branch="false"/>
            <line number="128" hits="3" branch="false"/>
            <line number="129" hits="1" branch="false"/>
            <line number="130" hits="1" branch="false"/>
            <line number="131" hits="1" branch="false"/>
            <line number="132" hits="1" branch="false"/>
            <line number="133" hits="1" branch="false"/>
            <line number="137" hits="2" branch="false"/>
            <line number="140" hits="2" branch="false"/>
          </lines>
        </class>
        <class name="utils.R" filename="R/utils.R" line-rate="1" branch-rate="0" complexity="0">
          <methods>
            <method name=".unique_and_sorted" signature="" line-rate="1" branch-rate="0" complexity="0">
              <lines>
                <line number="22" hits="1836" branch="false"/>
                <line number="24" hits="1836" branch="false"/>
                <line number="25" hits="48" branch="false"/>
                <line number="26" hits="48" branch="false"/>
                <line number="27" hits="48" branch="false"/>
                <line number="28" hits="48" branch="false"/>
                <line number="29" hits="48" branch="false"/>
                <line number="30" hits="48" branch="false"/>
                <line number="31" hits="48" branch="false"/>
                <line number="33" hits="1788" branch="false"/>
                <line number="34" hits="72" branch="false"/>
                <line number="35" hits="5" branch="false"/>
                <line number="39" hits="1234" branch="false"/>
                <line number="40" hits="477" branch="false"/>
              </lines>
            </method>
            <method name=".is_named_list" signature="" line-rate="1" branch-rate="0" complexity="0">
              <lines>
                <line number="58" hits="14448" branch="false"/>
                <line number="59" hits="4262" branch="false"/>
                <line number="61" hits="10186" branch="false"/>
                <line number="62" hits="10186" branch="false"/>
              </lines>
            </method>
            <method name=".purrr_list_flatten" signature="" line-rate="1" branch-rate="0" complexity="0">
              <lines>
                <line number="81" hits="2019" branch="false"/>
                <line number="83" hits="2019" branch="false"/>
                <line number="84" hits="1356" branch="false"/>
                <line number="85" hits="1354" branch="false"/>
                <line number="87" hits="2" branch="false"/>
                <line number="91" hits="2019" branch="false"/>
              </lines>
            </method>
          </methods>
          <lines>
            <line number="22" hits="1836" branch="false"/>
            <line number="24" hits="1836" branch="false"/>
            <line number="25" hits="48" branch="false"/>
            <line number="26" hits="48" branch="false"/>
            <line number="27" hits="48" branch="false"/>
            <line number="28" hits="48" branch="false"/>
            <line number="29" hits="48" branch="false"/>
            <line number="30" hits="48" branch="false"/>
            <line number="31" hits="48" branch="false"/>
            <line number="33" hits="1788" branch="false"/>
            <line number="34" hits="72" branch="false"/>
            <line number="35" hits="5" branch="false"/>
            <line number="39" hits="1234" branch="false"/>
            <line number="40" hits="477" branch="false"/>
            <line number="58" hits="14448" branch="false"/>
            <line number="59" hits="4262" branch="false"/>
            <line number="61" hits="10186" branch="false"/>
            <line number="62" hits="10186" branch="false"/>
            <line number="81" hits="2019" branch="false"/>
            <line number="83" hits="2019" branch="false"/>
            <line number="84" hits="1356" branch="false"/>
            <line number="85" hits="1354" branch="false"/>
            <line number="87" hits="2" branch="false"/>
            <line number="91" hits="2019" branch="false"/>
          </lines>
        </class>
      </classes>
    </package>
  </packages>
</coverage>
